[2026-01-20 00:00:19] [INFO] ================================================================================
[2026-01-20 00:00:19] [INFO] 🦖 JURASSIC WORLD ALIVE BOT - INICIADO
[2026-01-20 00:00:19] [INFO] ================================================================================
[2026-01-20 00:00:19] [INFO] 📁 Log guardado en: logs/bot_log_20260120_000019.log
[2026-01-20 00:00:19] [INFO] ================================================================================
[2026-01-20 00:00:19] [INFO] 🎮 INSTRUCCIONES DE CALIBRACIÓN
[2026-01-20 00:00:19] [INFO] ================================================================================
[2026-01-20 00:00:19] [INFO] 1️⃣  Abre BlueStacks con Jurassic World Alive en el MAPA
[2026-01-20 00:00:19] [INFO] 2️⃣  Presiona 'a' y haz click en ESQUINA SUPERIOR IZQUIERDA del juego
[2026-01-20 00:00:19] [INFO] 3️⃣  Presiona 'a' otra vez y haz click en ESQUINA INFERIOR DERECHA
[2026-01-20 00:00:19] [INFO] 4️⃣  El bot empezará a funcionar automáticamente
[2026-01-20 00:00:19] [INFO] ❌ Presiona 'q' para detener el bot en cualquier momento
[2026-01-20 00:00:19] [INFO] ================================================================================
[2026-01-20 00:00:19] [INFO] 🔧 Inicializando Bot...
[2026-01-20 00:00:19] [INFO] ⏱️  Tiempo límite configurado: 8 horas
[2026-01-20 00:00:27] [INFO] 🔘 Tecla 'a' presionada
[2026-01-20 00:00:27] [INFO] ✅ Primer punto capturado: (888, 76)
[2026-01-20 00:00:27] [INFO] 👉 Ahora presiona 'a' de nuevo y haz click en la esquina inferior derecha
[2026-01-20 00:00:29] [INFO] 🔘 Tecla 'a' presionada
[2026-01-20 00:00:29] [INFO] ✅ Segundo punto capturado: (1456, 1023)
[2026-01-20 00:00:29] [INFO] ================================================================================
[2026-01-20 00:00:29] [INFO] 📐 CONFIGURACIÓN DE VENTANA BLUESTACKS
[2026-01-20 00:00:29] [INFO] ================================================================================
[2026-01-20 00:00:29] [INFO] 📍 Posición X: 888px
[2026-01-20 00:00:29] [INFO] 📍 Posición Y: 76px
[2026-01-20 00:00:29] [INFO] 📏 Ancho (W): 568px
[2026-01-20 00:00:29] [INFO] 📏 Alto (H): 947px
[2026-01-20 00:00:29] [INFO] 🎯 Esquina superior izquierda: (888, 76)
[2026-01-20 00:00:29] [INFO] 🎯 Esquina inferior derecha: (1456, 1023)
[2026-01-20 00:00:29] [INFO] ================================================================================
[2026-01-20 00:00:29] [INFO] 🎯 Shooting zone: Y[262-721] X[11-484]
[2026-01-20 00:00:29] [INFO] 🚀 Launch button: Y[740-811] X[155-366]
[2026-01-20 00:00:29] [INFO] ⏱️  Cooldown text area: Y[512-660] X[155-366]
[2026-01-20 00:00:29] [INFO] 📝 Supply text area: Y[47-142] X[113-454]
[2026-01-20 00:00:29] [INFO] 📸 Capturando vista inicial del mapa para análisis...
[2026-01-20 00:00:30] [INFO] ✅ Captura inicial guardada: map_initial_20260120_000029.png
[2026-01-20 00:00:30] [INFO] 🚀 Calibración completa! El bot comenzará a operar...
[2026-01-20 00:00:31] [DEBUG] 🪙 Verificando monedas...
[2026-01-20 00:00:31] [DEBUG] 📦 Verificando supply drops...
[2026-01-20 00:00:31] [DEBUG] 🔍 Buscando supply drops...
[2026-01-20 00:00:31] [DEBUG]    📊 Supply color range: R[160-255] G[60-255] B[0-120]
[2026-01-20 00:00:31] [DEBUG]    📊 Event color range: R[0-180] G[120-255] B[0-180]
[2026-01-20 00:00:31] [DEBUG]    📐 Zona analizada: (459, 473, 3)
[2026-01-20 00:00:31] [DEBUG]    🎨 Píxeles detectados inicialmente: 5914
[2026-01-20 00:00:31] [DEBUG]    🔢 Componentes detectados: 176
[2026-01-20 00:00:31] [DEBUG]    ✅ Supply drop #1: 23 píxeles en posición (263, 16)
[2026-01-20 00:00:31] [DEBUG]    ✅ Supply drop #6: 30 píxeles en posición (265, 357)
[2026-01-20 00:00:31] [DEBUG]    ✅ Supply drop #12: 135 píxeles en posición (287, 368)
[2026-01-20 00:00:31] [DEBUG]    ✅ Supply drop #13: 30 píxeles en posición (271, 199)
[2026-01-20 00:00:31] [DEBUG]    ✅ Supply drop #14: 19 píxeles en posición (270, 404)
[2026-01-20 00:00:31] [DEBUG]    ✅ Supply drop #19: 84 píxeles en posición (287, 18)
[2026-01-20 00:00:31] [DEBUG]    ✅ Supply drop #20: 40 píxeles en posición (279, 267)
[2026-01-20 00:00:31] [DEBUG]    ✅ Supply drop #22: 77 píxeles en posición (285, 251)
[2026-01-20 00:00:31] [DEBUG]    ✅ Supply drop #23: 81 píxeles en posición (286, 306)
[2026-01-20 00:00:31] [DEBUG]    ✅ Supply drop #25: 73 píxeles en posición (293, 332)
[2026-01-20 00:00:31] [DEBUG]    ✅ Supply drop #35: 287 píxeles en posición (322, 388)
[2026-01-20 00:00:31] [DEBUG]    ✅ Supply drop #39: 112 píxeles en posición (310, 70)
[2026-01-20 00:00:31] [DEBUG]    ✅ Supply drop #45: 123 píxeles en posición (319, 418)
[2026-01-20 00:00:31] [DEBUG]    ✅ Supply drop #47: 356 píxeles en posición (340, 34)
[2026-01-20 00:00:31] [DEBUG]    ✅ Supply drop #49: 31 píxeles en posición (333, 475)
[2026-01-20 00:00:31] [DEBUG]    ✅ Supply drop #59: 65 píxeles en posición (419, 15)
[2026-01-20 00:00:31] [DEBUG]    ✅ Supply drop #60: 1408 píxeles en posición (465, 48)
[2026-01-20 00:00:31] [DEBUG]    ✅ Supply drop #63: 112 píxeles en posición (481, 23)
[2026-01-20 00:00:31] [DEBUG]    ✅ Supply drop #69: 41 píxeles en posición (502, 67)
[2026-01-20 00:00:31] [DEBUG]    ✅ Supply drop #73: 78 píxeles en posición (511, 18)
[2026-01-20 00:00:31] [DEBUG]    ✅ Supply drop #74: 20 píxeles en posición (526, 71)
[2026-01-20 00:00:31] [DEBUG]    ✅ Supply drop #86: 459 píxeles en posición (576, 139)
[2026-01-20 00:00:31] [DEBUG]    ✅ Supply drop #87: 72 píxeles en posición (569, 37)
[2026-01-20 00:00:31] [DEBUG]    ✅ Supply drop #97: 401 píxeles en posición (605, 67)
[2026-01-20 00:00:31] [DEBUG]    ✅ Supply drop #98: 324 píxeles en posición (606, 451)
[2026-01-20 00:00:31] [DEBUG]    ✅ Supply drop #99: 317 píxeles en posición (606, 29)
[2026-01-20 00:00:31] [DEBUG]    ✅ Supply drop #112: 935 píxeles en posición (637, 466)
[2026-01-20 00:00:31] [DEBUG]    ✅ Supply drop #118: 27 píxeles en posición (634, 244)
[2026-01-20 00:00:31] [DEBUG]    ✅ Supply drop #120: 288 píxeles en posición (651, 38)
[2026-01-20 00:00:31] [DEBUG]    ✅ Supply drop #123: 203 píxeles en posición (648, 265)
[2026-01-20 00:00:31] [DEBUG]    ✅ Supply drop #139: 316 píxeles en posición (691, 290)
[2026-01-20 00:00:31] [DEBUG]    ✅ Supply drop #143: 570 píxeles en posición (689, 475)
[2026-01-20 00:00:31] [DEBUG]    ✅ Supply drop #167: 58 píxeles en posición (685, 243)
[2026-01-20 00:00:31] [INFO] 🟠 [SUPPLY DROP] Detectados 33 supply drops: [[263, 16], [265, 357], [287, 368], [271, 199], [270, 404], [287, 18], [279, 267], [285, 251], [286, 306], [293, 332], [322, 388], [310, 70], [319, 418], [340, 34], [333, 475], [419, 15], [465, 48], [481, 23], [502, 67], [511, 18], [526, 71], [576, 139], [569, 37], [605, 67], [606, 451], [606, 29], [637, 466], [634, 244], [651, 38], [648, 265], [691, 290], [689, 475], [685, 243]]
[2026-01-20 00:00:39] [DEBUG] 🔍 Determinando estado del objeto...
[2026-01-20 00:00:39] [DEBUG]    📐 Área botón lanzar: (71, 211, 3)
[2026-01-20 00:00:39] [DEBUG]    📐 Área texto supply: (95, 341, 3)
[2026-01-20 00:00:39] [DEBUG]    📐 Área cooldown: (148, 211, 3)
[2026-01-20 00:00:40] [INFO] 📝 [OCR] Botón: ''
[2026-01-20 00:00:40] [INFO] 📝 [OCR] Texto: 'NIVEL30'
[2026-01-20 00:00:40] [INFO] 📝 [OCR] Combinado: ' NIVEL30'
[2026-01-20 00:00:40] [DEBUG] ⏱️  [OCR] Cooldown: 'RECOMPENSASEN'
[2026-01-20 00:00:40] [WARNING] ❌ [ESTADO DETECTADO] NO IDENTIFICADO - OCR puede haber fallado
[2026-01-20 00:00:40] [WARNING]    💡 Considera activar debug visual para ver qué captura el OCR
[2026-01-20 00:00:45] [DEBUG] 🔍 Determinando estado del objeto...
[2026-01-20 00:00:45] [DEBUG]    📐 Área botón lanzar: (71, 211, 3)
[2026-01-20 00:00:45] [DEBUG]    📐 Área texto supply: (95, 341, 3)
[2026-01-20 00:00:45] [DEBUG]    📐 Área cooldown: (148, 211, 3)
[2026-01-20 00:00:47] [INFO] 📝 [OCR] Botón: 'PAEESSSEESROW'
[2026-01-20 00:00:47] [INFO] 📝 [OCR] Texto: 'EVENTOESPECIALTERMINAEN:1D8H'
[2026-01-20 00:00:47] [INFO] 📝 [OCR] Combinado: 'PAEESSSEESROW EVENTOESPECIALTERMINAEN:1D8H'
[2026-01-20 00:00:47] [DEBUG]    📦 Palabras clave de SUPPLY detectadas
[2026-01-20 00:00:47] [INFO] ✅ [ESTADO DETECTADO] SUPPLY
[2026-01-20 00:01:03] [DEBUG] 🔍 Determinando estado del objeto...
[2026-01-20 00:01:03] [DEBUG]    📐 Área botón lanzar: (71, 211, 3)
[2026-01-20 00:01:03] [DEBUG]    📐 Área texto supply: (95, 341, 3)
[2026-01-20 00:01:03] [DEBUG]    📐 Área cooldown: (148, 211, 3)
[2026-01-20 00:01:04] [INFO] 📝 [OCR] Botón: 'LANZAR'
[2026-01-20 00:01:04] [INFO] 📝 [OCR] Texto: 'RARO'
[2026-01-20 00:01:04] [INFO] 📝 [OCR] Combinado: 'LANZAR RARO'
[2026-01-20 00:01:04] [DEBUG] ⏱️  [OCR] Cooldown: '—'
[2026-01-20 00:01:04] [DEBUG]    🦖 Palabras clave de DINO detectadas
[2026-01-20 00:01:04] [INFO] ✅ [ESTADO DETECTADO] DINO
[2026-01-20 00:01:07] [DEBUG] 🔍 Determinando estado del objeto...
[2026-01-20 00:01:07] [DEBUG]    📐 Área botón lanzar: (71, 211, 3)
[2026-01-20 00:01:07] [DEBUG]    📐 Área texto supply: (95, 341, 3)
[2026-01-20 00:01:07] [DEBUG]    📐 Área cooldown: (148, 211, 3)
[2026-01-20 00:01:09] [INFO] 📝 [OCR] Botón: 'LANZAR'
[2026-01-20 00:01:09] [INFO] 📝 [OCR] Texto: '——RARQ'
[2026-01-20 00:01:09] [INFO] 📝 [OCR] Combinado: 'LANZAR ——RARQ'
[2026-01-20 00:01:09] [DEBUG]    🦖 Palabras clave de DINO detectadas
[2026-01-20 00:01:09] [INFO] ✅ [ESTADO DETECTADO] DINO
[2026-01-20 00:01:13] [DEBUG] 🔍 Determinando estado del objeto...
[2026-01-20 00:01:13] [DEBUG]    📐 Área botón lanzar: (71, 211, 3)
[2026-01-20 00:01:13] [DEBUG]    📐 Área texto supply: (95, 341, 3)
[2026-01-20 00:01:13] [DEBUG]    📐 Área cooldown: (148, 211, 3)
[2026-01-20 00:01:14] [INFO] 📝 [OCR] Botón: 'EMARRNTAN'
[2026-01-20 00:01:14] [INFO] 📝 [OCR] Texto: ''
[2026-01-20 00:01:14] [INFO] 📝 [OCR] Combinado: 'EMARRNTAN '
[2026-01-20 00:01:14] [WARNING] ❌ [ESTADO DETECTADO] NO IDENTIFICADO - OCR puede haber fallado
[2026-01-20 00:01:14] [WARNING]    💡 Considera activar debug visual para ver qué captura el OCR
[2026-01-20 00:01:17] [DEBUG] 🔍 Determinando estado del objeto...
[2026-01-20 00:01:17] [DEBUG]    📐 Área botón lanzar: (71, 211, 3)
[2026-01-20 00:01:17] [DEBUG]    📐 Área texto supply: (95, 341, 3)
[2026-01-20 00:01:17] [DEBUG]    📐 Área cooldown: (148, 211, 3)
[2026-01-20 00:01:19] [INFO] 📝 [OCR] Botón: 'EMARRNTAN'
[2026-01-20 00:01:19] [INFO] 📝 [OCR] Texto: ''
[2026-01-20 00:01:19] [INFO] 📝 [OCR] Combinado: 'EMARRNTAN '
[2026-01-20 00:01:19] [DEBUG] ⏱️  [OCR] Cooldown: 'WI'
[2026-01-20 00:01:19] [WARNING] ❌ [ESTADO DETECTADO] NO IDENTIFICADO - OCR puede haber fallado
[2026-01-20 00:01:19] [WARNING]    💡 Considera activar debug visual para ver qué captura el OCR
[2026-01-20 00:01:22] [DEBUG] 🔍 Determinando estado del objeto...
[2026-01-20 00:01:22] [DEBUG]    📐 Área botón lanzar: (71, 211, 3)
[2026-01-20 00:01:22] [DEBUG]    📐 Área texto supply: (95, 341, 3)
[2026-01-20 00:01:22] [DEBUG]    📐 Área cooldown: (148, 211, 3)
[2026-01-20 00:01:23] [INFO] 📝 [OCR] Botón: '‘MIERANL'
[2026-01-20 00:01:23] [INFO] 📝 [OCR] Texto: '|DELMUTADON!'
[2026-01-20 00:01:23] [INFO] 📝 [OCR] Combinado: '‘MIERANL |DELMUTADON!'
[2026-01-20 00:01:23] [WARNING] ❌ [ESTADO DETECTADO] NO IDENTIFICADO - OCR puede haber fallado
[2026-01-20 00:01:23] [WARNING]    💡 Considera activar debug visual para ver qué captura el OCR
[2026-01-20 00:01:27] [DEBUG] 🔍 Determinando estado del objeto...
[2026-01-20 00:01:27] [DEBUG]    📐 Área botón lanzar: (71, 211, 3)
[2026-01-20 00:01:27] [DEBUG]    📐 Área texto supply: (95, 341, 3)
[2026-01-20 00:01:27] [DEBUG]    📐 Área cooldown: (148, 211, 3)
[2026-01-20 00:01:28] [INFO] 📝 [OCR] Botón: 'EMARRNTAN'
[2026-01-20 00:01:28] [INFO] 📝 [OCR] Texto: ''
[2026-01-20 00:01:28] [INFO] 📝 [OCR] Combinado: 'EMARRNTAN '
[2026-01-20 00:01:28] [DEBUG] ⏱️  [OCR] Cooldown: 'WI'
[2026-01-20 00:01:28] [WARNING] ❌ [ESTADO DETECTADO] NO IDENTIFICADO - OCR puede haber fallado
[2026-01-20 00:01:28] [WARNING]    💡 Considera activar debug visual para ver qué captura el OCR
[2026-01-20 00:01:32] [DEBUG] 🔍 Determinando estado del objeto...
[2026-01-20 00:01:32] [DEBUG]    📐 Área botón lanzar: (71, 211, 3)
[2026-01-20 00:01:32] [DEBUG]    📐 Área texto supply: (95, 341, 3)
[2026-01-20 00:01:32] [DEBUG]    📐 Área cooldown: (148, 211, 3)
[2026-01-20 00:01:33] [INFO] 📝 [OCR] Botón: '‘MIERANL'
[2026-01-20 00:01:33] [INFO] 📝 [OCR] Texto: '|DELMUTADON!'
[2026-01-20 00:01:33] [INFO] 📝 [OCR] Combinado: '‘MIERANL |DELMUTADON!'
[2026-01-20 00:01:33] [WARNING] ❌ [ESTADO DETECTADO] NO IDENTIFICADO - OCR puede haber fallado
[2026-01-20 00:01:33] [WARNING]    💡 Considera activar debug visual para ver qué captura el OCR
[2026-01-20 00:01:35] [DEBUG] 🦖 Verificando dinosaurios...
[2026-01-20 00:01:36] [DEBUG] 🔍 Determinando estado del objeto...
[2026-01-20 00:01:36] [DEBUG]    📐 Área botón lanzar: (71, 211, 3)
[2026-01-20 00:01:36] [DEBUG]    📐 Área texto supply: (95, 341, 3)
[2026-01-20 00:01:36] [DEBUG]    📐 Área cooldown: (148, 211, 3)
[2026-01-20 00:01:38] [INFO] 📝 [OCR] Botón: '—LANZAR'
[2026-01-20 00:01:38] [INFO] 📝 [OCR] Texto: ''
[2026-01-20 00:01:38] [INFO] 📝 [OCR] Combinado: '—LANZAR '
[2026-01-20 00:01:38] [DEBUG]    🦖 Palabras clave de DINO detectadas
[2026-01-20 00:01:38] [INFO] ✅ [ESTADO DETECTADO] DINO
[2026-01-20 00:01:57] [WARNING] ⚠️  Forzando disparo #1 (timeout 10s)
[2026-01-20 00:02:37] [DEBUG] 🔍 Determinando estado del objeto...
[2026-01-20 00:02:37] [DEBUG]    📐 Área botón lanzar: (71, 211, 3)
[2026-01-20 00:02:37] [DEBUG]    📐 Área texto supply: (95, 341, 3)
[2026-01-20 00:02:37] [DEBUG]    📐 Área cooldown: (148, 211, 3)
[2026-01-20 00:02:38] [INFO] 📝 [OCR] Botón: '~LANZAR'
[2026-01-20 00:02:38] [INFO] 📝 [OCR] Texto: ''
[2026-01-20 00:02:38] [INFO] 📝 [OCR] Combinado: '~LANZAR '
[2026-01-20 00:02:38] [DEBUG]    🦖 Palabras clave de DINO detectadas
[2026-01-20 00:02:38] [INFO] ✅ [ESTADO DETECTADO] DINO
[2026-01-20 00:02:57] [WARNING] ⚠️  Forzando disparo #1 (timeout 10s)
[2026-01-20 00:03:07] [WARNING] ⚠️  Forzando disparo #2 (timeout 10s)
[2026-01-20 00:03:56] [DEBUG] 📸 Captura guardada: map_view_000356.png
[2026-01-20 00:03:58] [DEBUG] 🪙 Verificando monedas...
[2026-01-20 00:03:58] [DEBUG] 📦 Verificando supply drops...
[2026-01-20 00:03:58] [DEBUG] 🔍 Buscando supply drops...
[2026-01-20 00:03:58] [DEBUG]    📊 Supply color range: R[160-255] G[60-255] B[0-120]
[2026-01-20 00:03:58] [DEBUG]    📊 Event color range: R[0-180] G[120-255] B[0-180]
[2026-01-20 00:03:58] [DEBUG]    📐 Zona analizada: (459, 473, 3)
[2026-01-20 00:03:58] [DEBUG]    🎨 Píxeles detectados inicialmente: 5525
[2026-01-20 00:03:58] [DEBUG]    🔢 Componentes detectados: 114
[2026-01-20 00:03:58] [DEBUG]    ✅ Supply drop #9: 544 píxeles en posición (303, 281)
[2026-01-20 00:03:58] [DEBUG]    ✅ Supply drop #11: 261 píxeles en posición (303, 220)
[2026-01-20 00:03:58] [DEBUG]    ✅ Supply drop #17: 16 píxeles en posición (307, 372)
[2026-01-20 00:03:58] [DEBUG]    ✅ Supply drop #18: 132 píxeles en posición (314, 323)
[2026-01-20 00:03:58] [DEBUG]    ✅ Supply drop #37: 24 píxeles en posición (358, 155)
[2026-01-20 00:03:58] [DEBUG]    ✅ Supply drop #42: 16 píxeles en posición (361, 209)
[2026-01-20 00:03:59] [DEBUG]    ✅ Supply drop #64: 107 píxeles en posición (639, 57)
[2026-01-20 00:03:59] [DEBUG]    ✅ Supply drop #67: 1976 píxeles en posición (602, 386)
[2026-01-20 00:03:59] [DEBUG]    ✅ Supply drop #69: 177 píxeles en posición (604, 95)
[2026-01-20 00:03:59] [DEBUG]    ✅ Supply drop #71: 20 píxeles en posición (596, 110)
[2026-01-20 00:03:59] [DEBUG]    ✅ Supply drop #75: 2978 píxeles en posición (631, 247)
[2026-01-20 00:03:59] [DEBUG]    ✅ Supply drop #88: 27 píxeles en posición (625, 396)
[2026-01-20 00:03:59] [DEBUG]    ✅ Supply drop #89: 120 píxeles en posición (631, 426)
[2026-01-20 00:03:59] [DEBUG]    ✅ Supply drop #93: 703 píxeles en posición (646, 101)
[2026-01-20 00:03:59] [DEBUG]    ✅ Supply drop #98: 16 píxeles en posición (653, 350)
[2026-01-20 00:03:59] [DEBUG]    ✅ Supply drop #102: 28 píxeles en posición (668, 382)
[2026-01-20 00:03:59] [DEBUG]    ✅ Supply drop #103: 274 píxeles en posición (674, 406)
[2026-01-20 00:03:59] [DEBUG]    ✅ Supply drop #106: 44 píxeles en posición (676, 374)
[2026-01-20 00:03:59] [INFO] 🟠 [SUPPLY DROP] Detectados 18 supply drops: [[303, 281], [303, 220], [307, 372], [314, 323], [358, 155], [361, 209], [639, 57], [602, 386], [604, 95], [596, 110], [631, 247], [625, 396], [631, 426], [646, 101], [653, 350], [668, 382], [674, 406], [676, 374]]
[2026-01-20 00:04:09] [DEBUG] 🦖 Verificando dinosaurios...
[2026-01-20 00:04:23] [DEBUG] 📸 Captura guardada: map_view_000423.png
[2026-01-20 00:04:25] [DEBUG] 🪙 Verificando monedas...
[2026-01-20 00:04:25] [DEBUG] 📦 Verificando supply drops...
[2026-01-20 00:04:25] [DEBUG] 🔍 Buscando supply drops...
[2026-01-20 00:04:25] [DEBUG]    📊 Supply color range: R[160-255] G[60-255] B[0-120]
[2026-01-20 00:04:25] [DEBUG]    📊 Event color range: R[0-180] G[120-255] B[0-180]
[2026-01-20 00:04:25] [DEBUG]    📐 Zona analizada: (459, 473, 3)
[2026-01-20 00:04:25] [DEBUG]    🎨 Píxeles detectados inicialmente: 5666
[2026-01-20 00:04:25] [DEBUG]    🔢 Componentes detectados: 91
[2026-01-20 00:04:25] [DEBUG]    ✅ Supply drop #3: 817 píxeles en posición (303, 276)
[2026-01-20 00:04:25] [DEBUG]    ✅ Supply drop #4: 87 píxeles en posición (304, 210)
[2026-01-20 00:04:25] [DEBUG]    ✅ Supply drop #5: 305 píxeles en posición (309, 341)
[2026-01-20 00:04:25] [DEBUG]    ✅ Supply drop #14: 24 píxeles en posición (358, 155)
[2026-01-20 00:04:25] [DEBUG]    ✅ Supply drop #20: 16 píxeles en posición (361, 209)
[2026-01-20 00:04:25] [DEBUG]    ✅ Supply drop #42: 107 píxeles en posición (639, 57)
[2026-01-20 00:04:25] [DEBUG]    ✅ Supply drop #45: 2000 píxeles en posición (603, 385)
[2026-01-20 00:04:25] [DEBUG]    ✅ Supply drop #47: 177 píxeles en posición (604, 95)
[2026-01-20 00:04:25] [DEBUG]    ✅ Supply drop #49: 20 píxeles en posición (596, 110)
[2026-01-20 00:04:25] [DEBUG]    ✅ Supply drop #53: 2978 píxeles en posición (631, 247)
[2026-01-20 00:04:25] [DEBUG]    ✅ Supply drop #66: 27 píxeles en posición (625, 396)
[2026-01-20 00:04:25] [DEBUG]    ✅ Supply drop #67: 120 píxeles en posición (631, 426)
[2026-01-20 00:04:25] [DEBUG]    ✅ Supply drop #71: 703 píxeles en posición (646, 101)
[2026-01-20 00:04:25] [DEBUG]    ✅ Supply drop #79: 28 píxeles en posición (668, 382)
[2026-01-20 00:04:25] [DEBUG]    ✅ Supply drop #80: 274 píxeles en posición (674, 406)
[2026-01-20 00:04:25] [DEBUG]    ✅ Supply drop #83: 44 píxeles en posición (676, 374)
[2026-01-20 00:04:25] [INFO] 🟠 [SUPPLY DROP] Detectados 16 supply drops: [[303, 276], [304, 210], [309, 341], [358, 155], [361, 209], [639, 57], [603, 385], [604, 95], [596, 110], [631, 247], [625, 396], [631, 426], [646, 101], [668, 382], [674, 406], [676, 374]]
[2026-01-20 00:04:33] [DEBUG] 🔍 Determinando estado del objeto...
[2026-01-20 00:04:33] [DEBUG]    📐 Área botón lanzar: (71, 211, 3)
[2026-01-20 00:04:33] [DEBUG]    📐 Área texto supply: (95, 341, 3)
[2026-01-20 00:04:33] [DEBUG]    📐 Área cooldown: (148, 211, 3)
[2026-01-20 00:04:35] [INFO] 📝 [OCR] Botón: ''
[2026-01-20 00:04:35] [INFO] 📝 [OCR] Texto: 'RARECVYV'
[2026-01-20 00:04:35] [INFO] 📝 [OCR] Combinado: ' RARECVYV'
[2026-01-20 00:04:35] [DEBUG] ⏱️  [OCR] Cooldown: 'TYRANNOMETRODON%1161>'
[2026-01-20 00:04:35] [WARNING] ❌ [ESTADO DETECTADO] NO IDENTIFICADO - OCR puede haber fallado
[2026-01-20 00:04:35] [WARNING]    💡 Considera activar debug visual para ver qué captura el OCR
[2026-01-20 00:04:38] [DEBUG] 🦖 Verificando dinosaurios...
[2026-01-20 00:04:52] [DEBUG] 📸 Captura guardada: map_view_000452.png
[2026-01-20 00:04:54] [DEBUG] 🪙 Verificando monedas...
[2026-01-20 00:04:54] [DEBUG] 📦 Verificando supply drops...
[2026-01-20 00:04:54] [DEBUG] 🔍 Buscando supply drops...
[2026-01-20 00:04:54] [DEBUG]    📊 Supply color range: R[160-255] G[60-255] B[0-120]
[2026-01-20 00:04:54] [DEBUG]    📊 Event color range: R[0-180] G[120-255] B[0-180]
[2026-01-20 00:04:54] [DEBUG]    📐 Zona analizada: (459, 473, 3)
[2026-01-20 00:04:54] [DEBUG]    🎨 Píxeles detectados inicialmente: 5673
[2026-01-20 00:04:54] [DEBUG]    🔢 Componentes detectados: 92
[2026-01-20 00:04:54] [DEBUG]    ✅ Supply drop #3: 838 píxeles en posición (303, 275)
[2026-01-20 00:04:54] [DEBUG]    ✅ Supply drop #4: 79 píxeles en posición (304, 209)
[2026-01-20 00:04:54] [DEBUG]    ✅ Supply drop #5: 307 píxeles en posición (309, 341)
[2026-01-20 00:04:54] [DEBUG]    ✅ Supply drop #15: 24 píxeles en posición (358, 155)
[2026-01-20 00:04:54] [DEBUG]    ✅ Supply drop #21: 16 píxeles en posición (361, 209)
[2026-01-20 00:04:54] [DEBUG]    ✅ Supply drop #42: 107 píxeles en posición (639, 57)
[2026-01-20 00:04:54] [DEBUG]    ✅ Supply drop #45: 1976 píxeles en posición (602, 386)
[2026-01-20 00:04:54] [DEBUG]    ✅ Supply drop #47: 177 píxeles en posición (604, 95)
[2026-01-20 00:04:54] [DEBUG]    ✅ Supply drop #49: 20 píxeles en posición (596, 110)
[2026-01-20 00:04:54] [DEBUG]    ✅ Supply drop #53: 2978 píxeles en posición (631, 247)
[2026-01-20 00:04:54] [DEBUG]    ✅ Supply drop #66: 27 píxeles en posición (625, 396)
[2026-01-20 00:04:54] [DEBUG]    ✅ Supply drop #67: 120 píxeles en posición (631, 426)
[2026-01-20 00:04:54] [DEBUG]    ✅ Supply drop #71: 703 píxeles en posición (646, 101)
[2026-01-20 00:04:54] [DEBUG]    ✅ Supply drop #73: 22 píxeles en posición (643, 350)
[2026-01-20 00:04:54] [DEBUG]    ✅ Supply drop #80: 28 píxeles en posición (668, 382)
[2026-01-20 00:04:54] [DEBUG]    ✅ Supply drop #81: 274 píxeles en posición (674, 406)
[2026-01-20 00:04:54] [DEBUG]    ✅ Supply drop #84: 44 píxeles en posición (676, 374)
[2026-01-20 00:04:54] [INFO] 🟠 [SUPPLY DROP] Detectados 17 supply drops: [[303, 275], [304, 209], [309, 341], [358, 155], [361, 209], [639, 57], [602, 386], [604, 95], [596, 110], [631, 247], [625, 396], [631, 426], [646, 101], [643, 350], [668, 382], [674, 406], [676, 374]]
[2026-01-20 00:05:04] [DEBUG] 🦖 Verificando dinosaurios...
[2026-01-20 00:05:18] [DEBUG] 📸 Captura guardada: map_view_000518.png
[2026-01-20 00:05:20] [DEBUG] 🪙 Verificando monedas...
[2026-01-20 00:05:20] [DEBUG] 📦 Verificando supply drops...
[2026-01-20 00:05:20] [DEBUG] 🔍 Buscando supply drops...
[2026-01-20 00:05:20] [DEBUG]    📊 Supply color range: R[160-255] G[60-255] B[0-120]
[2026-01-20 00:05:20] [DEBUG]    📊 Event color range: R[0-180] G[120-255] B[0-180]
[2026-01-20 00:05:20] [DEBUG]    📐 Zona analizada: (459, 473, 3)
[2026-01-20 00:05:20] [DEBUG]    🎨 Píxeles detectados inicialmente: 5672
[2026-01-20 00:05:20] [DEBUG]    🔢 Componentes detectados: 91
[2026-01-20 00:05:20] [DEBUG]    ✅ Supply drop #4: 820 píxeles en posición (303, 275)
[2026-01-20 00:05:20] [DEBUG]    ✅ Supply drop #5: 87 píxeles en posición (304, 210)
[2026-01-20 00:05:20] [DEBUG]    ✅ Supply drop #6: 304 píxeles en posición (309, 341)
[2026-01-20 00:05:20] [DEBUG]    ✅ Supply drop #14: 24 píxeles en posición (358, 155)
[2026-01-20 00:05:20] [DEBUG]    ✅ Supply drop #20: 16 píxeles en posición (361, 209)
[2026-01-20 00:05:20] [DEBUG]    ✅ Supply drop #41: 107 píxeles en posición (639, 57)
[2026-01-20 00:05:20] [DEBUG]    ✅ Supply drop #44: 1976 píxeles en posición (602, 386)
[2026-01-20 00:05:20] [DEBUG]    ✅ Supply drop #46: 177 píxeles en posición (604, 95)
[2026-01-20 00:05:20] [DEBUG]    ✅ Supply drop #48: 20 píxeles en posición (596, 110)
[2026-01-20 00:05:20] [DEBUG]    ✅ Supply drop #52: 2978 píxeles en posición (631, 247)
[2026-01-20 00:05:20] [DEBUG]    ✅ Supply drop #65: 27 píxeles en posición (625, 396)
[2026-01-20 00:05:20] [DEBUG]    ✅ Supply drop #66: 120 píxeles en posición (631, 426)
[2026-01-20 00:05:20] [DEBUG]    ✅ Supply drop #70: 703 píxeles en posición (646, 101)
[2026-01-20 00:05:20] [DEBUG]    ✅ Supply drop #72: 18 píxeles en posición (641, 350)
[2026-01-20 00:05:20] [DEBUG]    ✅ Supply drop #79: 28 píxeles en posición (668, 382)
[2026-01-20 00:05:20] [DEBUG]    ✅ Supply drop #80: 274 píxeles en posición (674, 406)
[2026-01-20 00:05:20] [DEBUG]    ✅ Supply drop #83: 44 píxeles en posición (676, 374)
[2026-01-20 00:05:20] [INFO] 🟠 [SUPPLY DROP] Detectados 17 supply drops: [[303, 275], [304, 210], [309, 341], [358, 155], [361, 209], [639, 57], [602, 386], [604, 95], [596, 110], [631, 247], [625, 396], [631, 426], [646, 101], [641, 350], [668, 382], [674, 406], [676, 374]]
[2026-01-20 00:05:30] [DEBUG] 🦖 Verificando dinosaurios...
[2026-01-20 00:05:44] [DEBUG] 🔍 Determinando estado del objeto...
[2026-01-20 00:05:44] [DEBUG]    📐 Área botón lanzar: (71, 211, 3)
[2026-01-20 00:05:44] [DEBUG]    📐 Área texto supply: (95, 341, 3)
[2026-01-20 00:05:44] [DEBUG]    📐 Área cooldown: (148, 211, 3)
[2026-01-20 00:05:45] [INFO] 📝 [OCR] Botón: ''
[2026-01-20 00:05:45] [INFO] 📝 [OCR] Texto: 'RARECVYV'
[2026-01-20 00:05:45] [INFO] 📝 [OCR] Combinado: ' RARECVYV'
[2026-01-20 00:05:45] [DEBUG] ⏱️  [OCR] Cooldown: 'TYRANNOMETRODON%1161>'
[2026-01-20 00:05:45] [WARNING] ❌ [ESTADO DETECTADO] NO IDENTIFICADO - OCR puede haber fallado
[2026-01-20 00:05:45] [WARNING]    💡 Considera activar debug visual para ver qué captura el OCR
[2026-01-20 00:05:47] [DEBUG] 📸 Captura guardada: map_view_000547.png
[2026-01-20 00:05:50] [DEBUG] 🪙 Verificando monedas...
[2026-01-20 00:05:50] [DEBUG] 📦 Verificando supply drops...
[2026-01-20 00:05:50] [DEBUG] 🔍 Buscando supply drops...
[2026-01-20 00:05:50] [DEBUG]    📊 Supply color range: R[160-255] G[60-255] B[0-120]
[2026-01-20 00:05:50] [DEBUG]    📊 Event color range: R[0-180] G[120-255] B[0-180]
[2026-01-20 00:05:50] [DEBUG]    📐 Zona analizada: (459, 473, 3)
[2026-01-20 00:05:50] [DEBUG]    🎨 Píxeles detectados inicialmente: 5858
[2026-01-20 00:05:50] [DEBUG]    🔢 Componentes detectados: 91
[2026-01-20 00:05:50] [DEBUG]    ✅ Supply drop #1: 35 píxeles en posición (266, 318)
[2026-01-20 00:05:50] [DEBUG]    ✅ Supply drop #3: 792 píxeles en posición (302, 268)
[2026-01-20 00:05:50] [DEBUG]    ✅ Supply drop #4: 91 píxeles en posición (305, 210)
[2026-01-20 00:05:50] [DEBUG]    ✅ Supply drop #5: 530 píxeles en posición (309, 333)
[2026-01-20 00:05:50] [DEBUG]    ✅ Supply drop #14: 24 píxeles en posición (358, 155)
[2026-01-20 00:05:50] [DEBUG]    ✅ Supply drop #19: 16 píxeles en posición (361, 209)
[2026-01-20 00:05:50] [DEBUG]    ✅ Supply drop #41: 107 píxeles en posición (639, 57)
[2026-01-20 00:05:50] [DEBUG]    ✅ Supply drop #44: 1976 píxeles en posición (602, 386)
[2026-01-20 00:05:50] [DEBUG]    ✅ Supply drop #46: 177 píxeles en posición (604, 95)
[2026-01-20 00:05:50] [DEBUG]    ✅ Supply drop #48: 20 píxeles en posición (596, 110)
[2026-01-20 00:05:50] [DEBUG]    ✅ Supply drop #52: 2978 píxeles en posición (631, 247)
[2026-01-20 00:05:50] [DEBUG]    ✅ Supply drop #65: 27 píxeles en posición (625, 396)
[2026-01-20 00:05:50] [DEBUG]    ✅ Supply drop #66: 120 píxeles en posición (631, 426)
[2026-01-20 00:05:50] [DEBUG]    ✅ Supply drop #70: 703 píxeles en posición (646, 101)
[2026-01-20 00:05:50] [DEBUG]    ✅ Supply drop #72: 19 píxeles en posición (646, 350)
[2026-01-20 00:05:50] [DEBUG]    ✅ Supply drop #79: 28 píxeles en posición (668, 382)
[2026-01-20 00:05:50] [DEBUG]    ✅ Supply drop #80: 274 píxeles en posición (674, 406)
[2026-01-20 00:05:50] [DEBUG]    ✅ Supply drop #83: 44 píxeles en posición (676, 374)
[2026-01-20 00:05:50] [INFO] 🟠 [SUPPLY DROP] Detectados 18 supply drops: [[266, 318], [302, 268], [305, 210], [309, 333], [358, 155], [361, 209], [639, 57], [602, 386], [604, 95], [596, 110], [631, 247], [625, 396], [631, 426], [646, 101], [646, 350], [668, 382], [674, 406], [676, 374]]
[2026-01-20 00:06:00] [DEBUG] 🦖 Verificando dinosaurios...
[2026-01-20 00:06:14] [DEBUG] 📸 Captura guardada: map_view_000614.png
[2026-01-20 00:06:16] [DEBUG] 🪙 Verificando monedas...
[2026-01-20 00:06:16] [DEBUG] 📦 Verificando supply drops...
[2026-01-20 00:06:16] [DEBUG] 🔍 Buscando supply drops...
[2026-01-20 00:06:16] [DEBUG]    📊 Supply color range: R[160-255] G[60-255] B[0-120]
[2026-01-20 00:06:16] [DEBUG]    📊 Event color range: R[0-180] G[120-255] B[0-180]
[2026-01-20 00:06:16] [DEBUG]    📐 Zona analizada: (459, 473, 3)
[2026-01-20 00:06:16] [DEBUG]    🎨 Píxeles detectados inicialmente: 5690
[2026-01-20 00:06:16] [DEBUG]    🔢 Componentes detectados: 92
[2026-01-20 00:06:16] [DEBUG]    ✅ Supply drop #3: 836 píxeles en posición (303, 274)
[2026-01-20 00:06:16] [DEBUG]    ✅ Supply drop #4: 92 píxeles en posición (304, 208)
[2026-01-20 00:06:16] [DEBUG]    ✅ Supply drop #5: 308 píxeles en posición (309, 341)
[2026-01-20 00:06:16] [DEBUG]    ✅ Supply drop #15: 24 píxeles en posición (358, 155)
[2026-01-20 00:06:16] [DEBUG]    ✅ Supply drop #21: 16 píxeles en posición (361, 209)
[2026-01-20 00:06:16] [DEBUG]    ✅ Supply drop #42: 107 píxeles en posición (639, 57)
[2026-01-20 00:06:16] [DEBUG]    ✅ Supply drop #45: 1976 píxeles en posición (602, 386)
[2026-01-20 00:06:16] [DEBUG]    ✅ Supply drop #47: 177 píxeles en posición (604, 95)
[2026-01-20 00:06:16] [DEBUG]    ✅ Supply drop #49: 20 píxeles en posición (596, 110)
[2026-01-20 00:06:16] [DEBUG]    ✅ Supply drop #53: 2978 píxeles en posición (631, 247)
[2026-01-20 00:06:16] [DEBUG]    ✅ Supply drop #66: 27 píxeles en posición (625, 396)
[2026-01-20 00:06:16] [DEBUG]    ✅ Supply drop #67: 120 píxeles en posición (631, 426)
[2026-01-20 00:06:16] [DEBUG]    ✅ Supply drop #71: 703 píxeles en posición (646, 101)
[2026-01-20 00:06:16] [DEBUG]    ✅ Supply drop #73: 27 píxeles en posición (642, 350)
[2026-01-20 00:06:16] [DEBUG]    ✅ Supply drop #80: 28 píxeles en posición (668, 382)
[2026-01-20 00:06:16] [DEBUG]    ✅ Supply drop #81: 274 píxeles en posición (674, 406)
[2026-01-20 00:06:16] [DEBUG]    ✅ Supply drop #84: 44 píxeles en posición (676, 374)
[2026-01-20 00:06:16] [INFO] 🟠 [SUPPLY DROP] Detectados 17 supply drops: [[303, 274], [304, 208], [309, 341], [358, 155], [361, 209], [639, 57], [602, 386], [604, 95], [596, 110], [631, 247], [625, 396], [631, 426], [646, 101], [642, 350], [668, 382], [674, 406], [676, 374]]
[2026-01-20 00:06:24] [DEBUG] 🔍 Determinando estado del objeto...
[2026-01-20 00:06:24] [DEBUG]    📐 Área botón lanzar: (71, 211, 3)
[2026-01-20 00:06:24] [DEBUG]    📐 Área texto supply: (95, 341, 3)
[2026-01-20 00:06:24] [DEBUG]    📐 Área cooldown: (148, 211, 3)
[2026-01-20 00:06:26] [INFO] 📝 [OCR] Botón: ''
[2026-01-20 00:06:26] [INFO] 📝 [OCR] Texto: 'RARECVYV'
[2026-01-20 00:06:26] [INFO] 📝 [OCR] Combinado: ' RARECVYV'
[2026-01-20 00:06:26] [DEBUG] ⏱️  [OCR] Cooldown: 'TYRANNOMETRODON%1161>'
[2026-01-20 00:06:26] [WARNING] ❌ [ESTADO DETECTADO] NO IDENTIFICADO - OCR puede haber fallado
[2026-01-20 00:06:26] [WARNING]    💡 Considera activar debug visual para ver qué captura el OCR
[2026-01-20 00:06:30] [DEBUG] 🦖 Verificando dinosaurios...
[2026-01-20 00:06:44] [DEBUG] 📸 Captura guardada: map_view_000643.png
[2026-01-20 00:06:46] [DEBUG] 🪙 Verificando monedas...
[2026-01-20 00:06:46] [DEBUG] 📦 Verificando supply drops...
[2026-01-20 00:06:46] [DEBUG] 🔍 Buscando supply drops...
[2026-01-20 00:06:46] [DEBUG]    📊 Supply color range: R[160-255] G[60-255] B[0-120]
[2026-01-20 00:06:46] [DEBUG]    📊 Event color range: R[0-180] G[120-255] B[0-180]
[2026-01-20 00:06:46] [DEBUG]    📐 Zona analizada: (459, 473, 3)
[2026-01-20 00:06:46] [DEBUG]    🎨 Píxeles detectados inicialmente: 5689
[2026-01-20 00:06:46] [DEBUG]    🔢 Componentes detectados: 92
[2026-01-20 00:06:46] [DEBUG]    ✅ Supply drop #2: 18 píxeles en posición (269, 201)
[2026-01-20 00:06:46] [DEBUG]    ✅ Supply drop #5: 819 píxeles en posición (303, 276)
[2026-01-20 00:06:46] [DEBUG]    ✅ Supply drop #6: 101 píxeles en posición (304, 210)
[2026-01-20 00:06:46] [DEBUG]    ✅ Supply drop #7: 297 píxeles en posición (309, 341)
[2026-01-20 00:06:46] [DEBUG]    ✅ Supply drop #16: 24 píxeles en posición (358, 155)
[2026-01-20 00:06:46] [DEBUG]    ✅ Supply drop #22: 16 píxeles en posición (361, 209)
[2026-01-20 00:06:46] [DEBUG]    ✅ Supply drop #43: 107 píxeles en posición (639, 57)
[2026-01-20 00:06:46] [DEBUG]    ✅ Supply drop #46: 2021 píxeles en posición (603, 385)
[2026-01-20 00:06:46] [DEBUG]    ✅ Supply drop #48: 177 píxeles en posición (604, 95)
[2026-01-20 00:06:46] [DEBUG]    ✅ Supply drop #50: 20 píxeles en posición (596, 110)
[2026-01-20 00:06:46] [DEBUG]    ✅ Supply drop #54: 2978 píxeles en posición (631, 247)
[2026-01-20 00:06:46] [DEBUG]    ✅ Supply drop #67: 27 píxeles en posición (625, 396)
[2026-01-20 00:06:46] [DEBUG]    ✅ Supply drop #68: 120 píxeles en posición (631, 426)
[2026-01-20 00:06:46] [DEBUG]    ✅ Supply drop #72: 703 píxeles en posición (646, 101)
[2026-01-20 00:06:46] [DEBUG]    ✅ Supply drop #80: 28 píxeles en posición (668, 382)
[2026-01-20 00:06:46] [DEBUG]    ✅ Supply drop #81: 274 píxeles en posición (674, 406)
[2026-01-20 00:06:46] [DEBUG]    ✅ Supply drop #84: 44 píxeles en posición (676, 374)
[2026-01-20 00:06:46] [INFO] 🟠 [SUPPLY DROP] Detectados 17 supply drops: [[269, 201], [303, 276], [304, 210], [309, 341], [358, 155], [361, 209], [639, 57], [603, 385], [604, 95], [596, 110], [631, 247], [625, 396], [631, 426], [646, 101], [668, 382], [674, 406], [676, 374]]
[2026-01-20 00:06:56] [DEBUG] 🦖 Verificando dinosaurios...
[2026-01-20 00:07:03] [INFO] ================================================================================
[2026-01-20 00:07:03] [INFO] ⛔ BOT DETENIDO POR USUARIO
[2026-01-20 00:07:03] [INFO] ================================================================================
[2026-01-20 00:07:03] [INFO] 📊 RESUMEN DE RECURSOS COLECTADOS:
[2026-01-20 00:07:03] [INFO] --------------------------------------------------------------------------------
[2026-01-20 00:07:03] [INFO] 📦 SUMINISTROS: Ninguno
[2026-01-20 00:07:03] [INFO] 🦖 DINOSAURIOS: Ninguno
[2026-01-20 00:07:03] [INFO] ================================================================================
[2026-01-20 00:07:03] [INFO] ✅ Sesión finalizada. Log guardado en carpeta 'logs/'
[2026-01-20 00:07:03] [INFO] ================================================================================
