[2026-01-31 16:09:51] [INFO] ================================================================================
[2026-01-31 16:09:51] [INFO] 🦖 JURASSIC WORLD ALIVE BOT - INICIADO
[2026-01-31 16:09:51] [INFO] ================================================================================
[2026-01-31 16:09:51] [INFO] 📁 Log guardado en: logs/bot_log_20260131_160951.log
[2026-01-31 16:09:51] [INFO] ================================================================================
[2026-01-31 16:09:51] [INFO] 🎮 INSTRUCCIONES DE CALIBRACIÓN
[2026-01-31 16:09:51] [INFO] ================================================================================
[2026-01-31 16:09:51] [INFO] 1️⃣  Abre BlueStacks con Jurassic World Alive en el MAPA
[2026-01-31 16:09:51] [INFO] 2️⃣  Presiona 'a' y haz click en ESQUINA SUPERIOR IZQUIERDA del juego
[2026-01-31 16:09:51] [INFO] 3️⃣  Presiona 'a' otra vez y haz click en ESQUINA INFERIOR DERECHA
[2026-01-31 16:09:51] [INFO] 4️⃣  El bot empezará a funcionar automáticamente
[2026-01-31 16:09:51] [INFO] ❌ Presiona 'q' para detener el bot en cualquier momento
[2026-01-31 16:09:51] [INFO] ================================================================================
[2026-01-31 16:09:51] [INFO] 🔧 Inicializando Bot...
[2026-01-31 16:09:51] [INFO] ⏱️  Tiempo límite configurado: 10 horas
[2026-01-31 16:09:53] [INFO] 🔘 Tecla 'a' presionada
[2026-01-31 16:09:53] [INFO] ✅ Primer punto capturado: (746, 35)
[2026-01-31 16:09:53] [INFO] 👉 Ahora presiona 'a' de nuevo y haz click en la esquina inferior derecha
[2026-01-31 16:09:56] [INFO] 🔘 Tecla 'a' presionada
[2026-01-31 16:09:56] [INFO] ✅ Segundo punto capturado: (1348, 1047)
[2026-01-31 16:09:56] [INFO] ================================================================================
[2026-01-31 16:09:56] [INFO] 📐 CONFIGURACIÓN DE VENTANA BLUESTACKS
[2026-01-31 16:09:56] [INFO] ================================================================================
[2026-01-31 16:09:56] [INFO] 📍 Posición X: 746px
[2026-01-31 16:09:56] [INFO] 📍 Posición Y: 35px
[2026-01-31 16:09:56] [INFO] 📏 Ancho (W): 602px
[2026-01-31 16:09:56] [INFO] 📏 Alto (H): 1012px
[2026-01-31 16:09:56] [INFO] 🎯 Esquina superior izquierda: (746, 35)
[2026-01-31 16:09:56] [INFO] 🎯 Esquina inferior derecha: (1348, 1047)
[2026-01-31 16:09:56] [INFO] ================================================================================
[2026-01-31 16:09:56] [INFO] 🎯 Shooting zone: Y[280-771] X[12-513]
[2026-01-31 16:09:56] [INFO] 🚀 Launch button: Y[791-867] X[165-387]
[2026-01-31 16:09:56] [INFO] ⏱️  Cooldown text area: Y[548-706] X[165-387]
[2026-01-31 16:09:56] [INFO] 📝 Supply text area: Y[50-151] X[120-481]
[2026-01-31 16:09:56] [INFO] 📸 Capturando vista inicial del mapa para análisis...
[2026-01-31 16:09:57] [INFO] ✅ Captura inicial guardada: map_initial_20260131_160957.png
[2026-01-31 16:09:57] [INFO] 🚀 Calibración completa! El bot comenzará a operar...
[2026-01-31 16:09:58] [DEBUG] 🪙 Verificando monedas...
[2026-01-31 16:09:58] [DEBUG] 📦 Verificando supply drops...
[2026-01-31 16:09:58] [DEBUG] 🔍 Buscando supply drops...
[2026-01-31 16:09:58] [DEBUG]    📊 Supply color range: R[160-255] G[60-255] B[0-120]
[2026-01-31 16:09:58] [DEBUG]    📊 Event color range: R[0-180] G[120-255] B[0-180]
[2026-01-31 16:09:58] [DEBUG]    📐 Zona analizada: (491, 501, 3)
[2026-01-31 16:09:58] [DEBUG]    🎨 Píxeles detectados inicialmente: 47518
[2026-01-31 16:09:58] [DEBUG]    🔢 Componentes detectados: 414
[2026-01-31 16:09:58] [DEBUG]    ✅ Supply drop #1: 36259 píxeles en posición (406, 301)
[2026-01-31 16:09:58] [DEBUG]    ✅ Supply drop #3: 109 píxeles en posición (290, 410)
[2026-01-31 16:09:58] [DEBUG]    ✅ Supply drop #6: 16 píxeles en posición (283, 508)
[2026-01-31 16:09:58] [DEBUG]    ✅ Supply drop #9: 127 píxeles en posición (291, 496)
[2026-01-31 16:09:58] [DEBUG]    ✅ Supply drop #11: 22 píxeles en posición (309, 425)
[2026-01-31 16:09:58] [DEBUG]    ✅ Supply drop #13: 39 píxeles en posición (323, 135)
[2026-01-31 16:09:58] [DEBUG]    ✅ Supply drop #14: 47 píxeles en posición (333, 15)
[2026-01-31 16:09:58] [DEBUG]    ✅ Supply drop #15: 23 píxeles en posición (332, 155)
[2026-01-31 16:09:58] [DEBUG]    ✅ Supply drop #18: 19 píxeles en posición (337, 380)
[2026-01-31 16:09:58] [DEBUG]    ✅ Supply drop #25: 101 píxeles en posición (355, 505)
[2026-01-31 16:09:58] [DEBUG]    ✅ Supply drop #26: 77 píxeles en posición (359, 274)
[2026-01-31 16:09:58] [DEBUG]    ✅ Supply drop #28: 112 píxeles en posición (359, 485)
[2026-01-31 16:09:58] [DEBUG]    ✅ Supply drop #31: 76 píxeles en posición (362, 466)
[2026-01-31 16:09:58] [DEBUG]    ✅ Supply drop #32: 31 píxeles en posición (363, 286)
[2026-01-31 16:09:58] [DEBUG]    ✅ Supply drop #37: 48 píxeles en posición (368, 297)
[2026-01-31 16:09:58] [DEBUG]    ✅ Supply drop #46: 64 píxeles en posición (375, 137)
[2026-01-31 16:09:58] [DEBUG]    ✅ Supply drop #59: 21 píxeles en posición (378, 309)
[2026-01-31 16:09:58] [DEBUG]    ✅ Supply drop #63: 45 píxeles en posición (382, 148)
[2026-01-31 16:09:58] [DEBUG]    ✅ Supply drop #65: 61 píxeles en posición (385, 323)
[2026-01-31 16:09:58] [DEBUG]    ✅ Supply drop #66: 54 píxeles en posición (383, 340)
[2026-01-31 16:09:58] [DEBUG]    ✅ Supply drop #67: 45 píxeles en posición (382, 371)
[2026-01-31 16:09:58] [DEBUG]    ✅ Supply drop #69: 102 píxeles en posición (390, 295)
[2026-01-31 16:09:58] [DEBUG]    ✅ Supply drop #77: 57 píxeles en posición (389, 392)
[2026-01-31 16:09:58] [DEBUG]    ✅ Supply drop #84: 124 píxeles en posición (396, 266)
[2026-01-31 16:09:58] [DEBUG]    ✅ Supply drop #86: 20 píxeles en posición (393, 156)
[2026-01-31 16:09:58] [DEBUG]    ✅ Supply drop #95: 138 píxeles en posición (399, 242)
[2026-01-31 16:09:58] [DEBUG]    ✅ Supply drop #100: 84 píxeles en posición (396, 186)
[2026-01-31 16:09:58] [DEBUG]    ✅ Supply drop #106: 182 píxeles en posición (414, 47)
[2026-01-31 16:09:58] [DEBUG]    ✅ Supply drop #107: 100 píxeles en posición (404, 218)
[2026-01-31 16:09:58] [DEBUG]    ✅ Supply drop #110: 17 píxeles en posición (400, 164)
[2026-01-31 16:09:58] [DEBUG]    ✅ Supply drop #119: 111 píxeles en posición (408, 190)
[2026-01-31 16:09:58] [DEBUG]    ✅ Supply drop #129: 582 píxeles en posición (427, 29)
[2026-01-31 16:09:58] [DEBUG]    ✅ Supply drop #130: 69 píxeles en posición (415, 163)
[2026-01-31 16:09:58] [DEBUG]    ✅ Supply drop #137: 247 píxeles en posición (425, 236)
[2026-01-31 16:09:58] [DEBUG]    ✅ Supply drop #143: 82 píxeles en posición (423, 98)
[2026-01-31 16:09:58] [DEBUG]    ✅ Supply drop #146: 105 píxeles en posición (427, 74)
[2026-01-31 16:09:58] [DEBUG]    ✅ Supply drop #150: 45 píxeles en posición (431, 454)
[2026-01-31 16:09:58] [DEBUG]    ✅ Supply drop #151: 96 píxeles en posición (438, 112)
[2026-01-31 16:09:58] [DEBUG]    ✅ Supply drop #155: 794 píxeles en posición (450, 231)
[2026-01-31 16:09:58] [DEBUG]    ✅ Supply drop #163: 62 píxeles en posición (451, 399)
[2026-01-31 16:09:58] [DEBUG]    ✅ Supply drop #167: 1949 píxeles en posición (495, 61)
[2026-01-31 16:09:58] [DEBUG]    ✅ Supply drop #188: 88 píxeles en posición (491, 73)
[2026-01-31 16:09:58] [DEBUG]    ✅ Supply drop #193: 1342 píxeles en posición (523, 179)
[2026-01-31 16:09:58] [DEBUG]    ✅ Supply drop #195: 50 píxeles en posición (498, 336)
[2026-01-31 16:09:58] [DEBUG]    ✅ Supply drop #196: 43 píxeles en posición (499, 389)
[2026-01-31 16:09:59] [DEBUG]    ✅ Supply drop #209: 40 píxeles en posición (515, 13)
[2026-01-31 16:09:59] [DEBUG]    ✅ Supply drop #216: 54 píxeles en posición (513, 415)
[2026-01-31 16:09:59] [DEBUG]    ✅ Supply drop #218: 298 píxeles en posición (521, 140)
[2026-01-31 16:09:59] [DEBUG]    ✅ Supply drop #252: 253 píxeles en posición (540, 285)
[2026-01-31 16:09:59] [DEBUG]    ✅ Supply drop #255: 201 píxeles en posición (537, 26)
[2026-01-31 16:09:59] [DEBUG]    ✅ Supply drop #261: 201 píxeles en posición (544, 496)
[2026-01-31 16:09:59] [DEBUG]    ✅ Supply drop #264: 1426 píxeles en posición (556, 109)
[2026-01-31 16:09:59] [DEBUG]    ✅ Supply drop #291: 35 píxeles en posición (559, 297)
[2026-01-31 16:09:59] [DEBUG]    ✅ Supply drop #300: 486 píxeles en posición (574, 26)
[2026-01-31 16:09:59] [DEBUG]    ✅ Supply drop #313: 1594 píxeles en posición (623, 198)
[2026-01-31 16:09:59] [DEBUG]    ✅ Supply drop #319: 93 píxeles en posición (582, 60)
[2026-01-31 16:09:59] [DEBUG]    ✅ Supply drop #326: 47 píxeles en posición (590, 36)
[2026-01-31 16:09:59] [DEBUG]    ✅ Supply drop #330: 58 píxeles en posición (594, 19)
[2026-01-31 16:09:59] [DEBUG]    ✅ Supply drop #346: 2903 píxeles en posición (669, 402)
[2026-01-31 16:09:59] [DEBUG]    ✅ Supply drop #347: 1128 píxeles en posición (645, 482)
[2026-01-31 16:09:59] [DEBUG]    ✅ Supply drop #348: 1207 píxeles en posición (655, 100)
[2026-01-31 16:09:59] [DEBUG]    ✅ Supply drop #349: 430 píxeles en posición (666, 165)
[2026-01-31 16:09:59] [DEBUG]    ✅ Supply drop #360: 64 píxeles en posición (703, 27)
[2026-01-31 16:09:59] [DEBUG]    ✅ Supply drop #361: 16 píxeles en posición (685, 62)
[2026-01-31 16:09:59] [DEBUG]    ✅ Supply drop #364: 54 píxeles en posición (694, 44)
[2026-01-31 16:09:59] [DEBUG]    ✅ Supply drop #368: 536 píxeles en posición (711, 86)
[2026-01-31 16:09:59] [DEBUG]    ✅ Supply drop #371: 185 píxeles en posición (705, 500)
[2026-01-31 16:09:59] [DEBUG]    ✅ Supply drop #374: 49 píxeles en posición (707, 41)
[2026-01-31 16:09:59] [DEBUG]    ✅ Supply drop #377: 48 píxeles en posición (719, 14)
[2026-01-31 16:09:59] [DEBUG]    ✅ Supply drop #385: 211 píxeles en posición (728, 459)
[2026-01-31 16:09:59] [DEBUG]    ✅ Supply drop #386: 193 píxeles en posición (737, 33)
[2026-01-31 16:09:59] [DEBUG]    ✅ Supply drop #387: 19 píxeles en posición (728, 59)
[2026-01-31 16:09:59] [DEBUG]    ✅ Supply drop #403: 1408 píxeles en posición (761, 57)
[2026-01-31 16:09:59] [DEBUG]    ✅ Supply drop #404: 151 píxeles en posición (762, 360)
[2026-01-31 16:09:59] [INFO] 🟠 [SUPPLY DROP] Detectados 74 supply drops: [[406, 301], [290, 410], [283, 508], [291, 496], [309, 425], [323, 135], [333, 15], [332, 155], [337, 380], [355, 505], [359, 274], [359, 485], [362, 466], [363, 286], [368, 297], [375, 137], [378, 309], [382, 148], [385, 323], [383, 340], [382, 371], [390, 295], [389, 392], [396, 266], [393, 156], [399, 242], [396, 186], [414, 47], [404, 218], [400, 164], [408, 190], [427, 29], [415, 163], [425, 236], [423, 98], [427, 74], [431, 454], [438, 112], [450, 231], [451, 399], [495, 61], [491, 73], [523, 179], [498, 336], [499, 389], [515, 13], [513, 415], [521, 140], [540, 285], [537, 26], [544, 496], [556, 109], [559, 297], [574, 26], [623, 198], [582, 60], [590, 36], [594, 19], [669, 402], [645, 482], [655, 100], [666, 165], [703, 27], [685, 62], [694, 44], [711, 86], [705, 500], [707, 41], [719, 14], [728, 459], [737, 33], [728, 59], [761, 57], [762, 360]]
[2026-01-31 16:09:59] [DEBUG] ⛔ [SUPPLY] Posición (333, 15) en zona excluida: Borde izquierdo
[2026-01-31 16:09:59] [DEBUG] ⛔ [SUPPLY] Posición (414, 47) en zona excluida: Borde izquierdo
[2026-01-31 16:09:59] [DEBUG] ⛔ [SUPPLY] Posición (427, 29) en zona excluida: Borde izquierdo
[2026-01-31 16:09:59] [DEBUG] ⛔ [SUPPLY] Posición (515, 13) en zona excluida: Borde izquierdo
[2026-01-31 16:09:59] [DEBUG] ⛔ [SUPPLY] Posición (537, 26) en zona excluida: Borde izquierdo
[2026-01-31 16:09:59] [DEBUG] ⛔ [SUPPLY] Posición (574, 26) en zona excluida: Borde izquierdo
[2026-01-31 16:09:59] [DEBUG] ⛔ [SUPPLY] Posición (590, 36) en zona excluida: Borde izquierdo
[2026-01-31 16:09:59] [DEBUG] ⛔ [SUPPLY] Posición (594, 19) en zona excluida: Borde izquierdo
[2026-01-31 16:09:59] [DEBUG] ⛔ [SUPPLY] Posición (669, 402) en zona excluida: Barra inferior completa
[2026-01-31 16:09:59] [DEBUG] ⛔ [SUPPLY] Posición (645, 482) en zona excluida: Barra inferior completa
[2026-01-31 16:09:59] [DEBUG] ⛔ [SUPPLY] Posición (655, 100) en zona excluida: Barra inferior completa
[2026-01-31 16:09:59] [DEBUG] ⛔ [SUPPLY] Posición (666, 165) en zona excluida: Barra inferior completa
[2026-01-31 16:09:59] [DEBUG] ⛔ [SUPPLY] Posición (703, 27) en zona excluida: Barra inferior completa
[2026-01-31 16:09:59] [DEBUG] ⛔ [SUPPLY] Posición (685, 62) en zona excluida: Barra inferior completa
[2026-01-31 16:09:59] [DEBUG] ⛔ [SUPPLY] Posición (694, 44) en zona excluida: Barra inferior completa
[2026-01-31 16:09:59] [DEBUG] ⛔ [SUPPLY] Posición (711, 86) en zona excluida: Barra inferior completa
[2026-01-31 16:09:59] [DEBUG] ⛔ [SUPPLY] Posición (705, 500) en zona excluida: Barra inferior completa
[2026-01-31 16:09:59] [DEBUG] ⛔ [SUPPLY] Posición (707, 41) en zona excluida: Barra inferior completa
[2026-01-31 16:09:59] [DEBUG] ⛔ [SUPPLY] Posición (719, 14) en zona excluida: Barra inferior completa
[2026-01-31 16:09:59] [DEBUG] ⛔ [SUPPLY] Posición (728, 459) en zona excluida: Barra inferior completa
[2026-01-31 16:09:59] [DEBUG] ⛔ [SUPPLY] Posición (737, 33) en zona excluida: Barra inferior completa
[2026-01-31 16:09:59] [DEBUG] ⛔ [SUPPLY] Posición (728, 59) en zona excluida: Barra inferior completa
[2026-01-31 16:09:59] [DEBUG] ⛔ [SUPPLY] Posición (761, 57) en zona excluida: Barra inferior completa
[2026-01-31 16:09:59] [DEBUG] ⛔ [SUPPLY] Posición (762, 360) en zona excluida: Barra inferior completa
[2026-01-31 16:09:59] [INFO] 📦 Recolectando 50 supply drops válidos...
[2026-01-31 16:10:00] [DEBUG] ⏭️  Click en (406, 301) no abrió nada - Saltando objeto
[2026-01-31 16:10:02] [DEBUG] 🔍 Determinando estado del objeto...
[2026-01-31 16:10:02] [DEBUG]    📐 Área botón lanzar: (76, 222, 3)
[2026-01-31 16:10:02] [DEBUG]    📐 Área texto supply: (101, 361, 3)
[2026-01-31 16:10:02] [DEBUG]    📐 Área cooldown: (158, 222, 3)
[2026-01-31 16:10:04] [INFO] 📝 [OCR] Botón: 'COMBATE'
[2026-01-31 16:10:04] [INFO] 📝 [OCR] Texto: '——=—EEEEEVENTODEASALTO'
[2026-01-31 16:10:04] [INFO] 📝 [OCR] Combinado: 'COMBATE ——=—EEEEEVENTODEASALTO'
[2026-01-31 16:10:04] [WARNING] ⛔ [EXCLUIDO] Incubadora o evento de combate detectado
[2026-01-31 16:10:04] [DEBUG] 🔍 Valor de state antes del if: 'out_of_range' (type: <class 'str'>)
[2026-01-31 16:10:04] [DEBUG] 🔍 Evaluando: state == 'supply' → False
[2026-01-31 16:10:04] [DEBUG] 🔍 Evaluando: state == 'event' → False
[2026-01-31 16:10:04] [WARNING] ⚠️  Objeto no identificado como supply drop - Saliendo...
[2026-01-31 16:10:07] [DEBUG] 🔍 Determinando estado del objeto...
[2026-01-31 16:10:07] [DEBUG]    📐 Área botón lanzar: (76, 222, 3)
[2026-01-31 16:10:07] [DEBUG]    📐 Área texto supply: (101, 361, 3)
[2026-01-31 16:10:07] [DEBUG]    📐 Área cooldown: (158, 222, 3)
[2026-01-31 16:10:09] [INFO] 📝 [OCR] Botón: 'TEMASENELMU'
[2026-01-31 16:10:09] [INFO] 📝 [OCR] Texto: '——=—EEEVENTODEASALTO'
[2026-01-31 16:10:09] [INFO] 📝 [OCR] Combinado: 'TEMASENELMU ——=—EEEVENTODEASALTO'
[2026-01-31 16:10:09] [WARNING] ⛔ [EXCLUIDO] Incubadora o evento de combate detectado
[2026-01-31 16:10:09] [DEBUG] 🔍 Valor de state antes del if: 'out_of_range' (type: <class 'str'>)
[2026-01-31 16:10:09] [DEBUG] 🔍 Evaluando: state == 'supply' → False
[2026-01-31 16:10:09] [DEBUG] 🔍 Evaluando: state == 'event' → False
[2026-01-31 16:10:09] [WARNING] ⚠️  Objeto no identificado como supply drop - Saliendo...
[2026-01-31 16:10:12] [DEBUG] 🔍 Determinando estado del objeto...
[2026-01-31 16:10:12] [DEBUG]    📐 Área botón lanzar: (76, 222, 3)
[2026-01-31 16:10:12] [DEBUG]    📐 Área texto supply: (101, 361, 3)
[2026-01-31 16:10:12] [DEBUG]    📐 Área cooldown: (158, 222, 3)
[2026-01-31 16:10:13] [INFO] 📝 [OCR] Botón: 'TEMASENELMU'
[2026-01-31 16:10:13] [INFO] 📝 [OCR] Texto: 'Z=EVENTODEASALTO'
[2026-01-31 16:10:13] [INFO] 📝 [OCR] Combinado: 'TEMASENELMU Z=EVENTODEASALTO'
[2026-01-31 16:10:13] [WARNING] ⛔ [EXCLUIDO] Incubadora o evento de combate detectado
[2026-01-31 16:10:14] [DEBUG] 🔍 Valor de state antes del if: 'out_of_range' (type: <class 'str'>)
[2026-01-31 16:10:14] [DEBUG] 🔍 Evaluando: state == 'supply' → False
[2026-01-31 16:10:14] [DEBUG] 🔍 Evaluando: state == 'event' → False
[2026-01-31 16:10:14] [WARNING] ⚠️  Objeto no identificado como supply drop - Saliendo...
[2026-01-31 16:10:17] [DEBUG] 🔍 Determinando estado del objeto...
[2026-01-31 16:10:17] [DEBUG]    📐 Área botón lanzar: (76, 222, 3)
[2026-01-31 16:10:17] [DEBUG]    📐 Área texto supply: (101, 361, 3)
[2026-01-31 16:10:17] [DEBUG]    📐 Área cooldown: (158, 222, 3)
[2026-01-31 16:10:18] [INFO] 📝 [OCR] Botón: 'COMBATE'
[2026-01-31 16:10:18] [INFO] 📝 [OCR] Texto: '—=—EEEEVENTODEASALTO'
[2026-01-31 16:10:18] [INFO] 📝 [OCR] Combinado: 'COMBATE —=—EEEEVENTODEASALTO'
[2026-01-31 16:10:18] [WARNING] ⛔ [EXCLUIDO] Incubadora o evento de combate detectado
[2026-01-31 16:10:19] [DEBUG] 🔍 Valor de state antes del if: 'out_of_range' (type: <class 'str'>)
[2026-01-31 16:10:19] [DEBUG] 🔍 Evaluando: state == 'supply' → False
[2026-01-31 16:10:19] [DEBUG] 🔍 Evaluando: state == 'event' → False
[2026-01-31 16:10:19] [WARNING] ⚠️  Objeto no identificado como supply drop - Saliendo...
[2026-01-31 16:10:21] [DEBUG] ⏭️  Click en (323, 135) no abrió nada - Saltando objeto
[2026-01-31 16:10:22] [DEBUG] ⏭️  Click en (332, 155) no abrió nada - Saltando objeto
[2026-01-31 16:10:23] [DEBUG] ⏭️  Click en (337, 380) no abrió nada - Saltando objeto
[2026-01-31 16:10:24] [DEBUG] ⏭️  Click en (355, 505) no abrió nada - Saltando objeto
[2026-01-31 16:10:25] [DEBUG] ⏭️  Click en (359, 274) no abrió nada - Saltando objeto
[2026-01-31 16:10:26] [DEBUG] ⏭️  Click en (359, 485) no abrió nada - Saltando objeto
[2026-01-31 16:10:27] [DEBUG] ⏭️  Click en (362, 466) no abrió nada - Saltando objeto
[2026-01-31 16:10:28] [DEBUG] ⏭️  Click en (363, 286) no abrió nada - Saltando objeto
[2026-01-31 16:10:29] [DEBUG] ⏭️  Click en (368, 297) no abrió nada - Saltando objeto
[2026-01-31 16:10:30] [DEBUG] ⏭️  Click en (375, 137) no abrió nada - Saltando objeto
[2026-01-31 16:10:31] [DEBUG] ⏭️  Click en (378, 309) no abrió nada - Saltando objeto
[2026-01-31 16:10:33] [DEBUG] ⏭️  Click en (382, 148) no abrió nada - Saltando objeto
[2026-01-31 16:10:34] [DEBUG] ⏭️  Click en (385, 323) no abrió nada - Saltando objeto
[2026-01-31 16:10:35] [DEBUG] ⏭️  Click en (383, 340) no abrió nada - Saltando objeto
[2026-01-31 16:10:36] [DEBUG] ⏭️  Click en (382, 371) no abrió nada - Saltando objeto
[2026-01-31 16:10:37] [DEBUG] ⏭️  Click en (390, 295) no abrió nada - Saltando objeto
[2026-01-31 16:10:38] [DEBUG] ⏭️  Click en (389, 392) no abrió nada - Saltando objeto
[2026-01-31 16:10:39] [DEBUG] ⏭️  Click en (396, 266) no abrió nada - Saltando objeto
[2026-01-31 16:10:40] [DEBUG] ⏭️  Click en (393, 156) no abrió nada - Saltando objeto
[2026-01-31 16:10:41] [DEBUG] ⏭️  Click en (399, 242) no abrió nada - Saltando objeto
[2026-01-31 16:10:42] [DEBUG] ⏭️  Click en (396, 186) no abrió nada - Saltando objeto
[2026-01-31 16:10:43] [DEBUG] ⏭️  Click en (404, 218) no abrió nada - Saltando objeto
[2026-01-31 16:10:44] [DEBUG] ⏭️  Click en (400, 164) no abrió nada - Saltando objeto
[2026-01-31 16:10:45] [DEBUG] ⏭️  Click en (408, 190) no abrió nada - Saltando objeto
[2026-01-31 16:10:46] [DEBUG] ⏭️  Click en (415, 163) no abrió nada - Saltando objeto
[2026-01-31 16:10:48] [DEBUG] ⏭️  Click en (425, 236) no abrió nada - Saltando objeto
[2026-01-31 16:10:49] [DEBUG] ⏭️  Click en (423, 98) no abrió nada - Saltando objeto
[2026-01-31 16:10:50] [DEBUG] ⏭️  Click en (427, 74) no abrió nada - Saltando objeto
[2026-01-31 16:10:51] [DEBUG] ⏭️  Click en (431, 454) no abrió nada - Saltando objeto
[2026-01-31 16:10:52] [DEBUG] ⏭️  Click en (438, 112) no abrió nada - Saltando objeto
[2026-01-31 16:10:53] [DEBUG] ⏭️  Click en (450, 231) no abrió nada - Saltando objeto
[2026-01-31 16:10:54] [DEBUG] ⏭️  Click en (451, 399) no abrió nada - Saltando objeto
[2026-01-31 16:10:55] [DEBUG] ⏭️  Click en (495, 61) no abrió nada - Saltando objeto
[2026-01-31 16:10:56] [DEBUG] ⏭️  Click en (491, 73) no abrió nada - Saltando objeto
[2026-01-31 16:10:57] [DEBUG] ⏭️  Click en (523, 179) no abrió nada - Saltando objeto
[2026-01-31 16:10:58] [DEBUG] ⏭️  Click en (498, 336) no abrió nada - Saltando objeto
[2026-01-31 16:10:59] [DEBUG] ⏭️  Click en (499, 389) no abrió nada - Saltando objeto
[2026-01-31 16:11:00] [DEBUG] ⏭️  Click en (513, 415) no abrió nada - Saltando objeto
[2026-01-31 16:11:02] [DEBUG] ⏭️  Click en (521, 140) no abrió nada - Saltando objeto
[2026-01-31 16:11:03] [DEBUG] ⏭️  Click en (540, 285) no abrió nada - Saltando objeto
[2026-01-31 16:11:04] [DEBUG] ⏭️  Click en (544, 496) no abrió nada - Saltando objeto
[2026-01-31 16:11:05] [DEBUG] ⏭️  Click en (556, 109) no abrió nada - Saltando objeto
[2026-01-31 16:11:06] [DEBUG] ⏭️  Click en (559, 297) no abrió nada - Saltando objeto
[2026-01-31 16:11:07] [DEBUG] ⏭️  Click en (623, 198) no abrió nada - Saltando objeto
[2026-01-31 16:11:08] [DEBUG] ⏭️  Click en (582, 60) no abrió nada - Saltando objeto
[2026-01-31 16:11:08] [DEBUG] 🦖 Verificando dinosaurios...
[2026-01-31 16:11:08] [DEBUG] ⛔ [DINO] Posición (288, 47) en zona excluida: Borde izquierdo
[2026-01-31 16:11:08] [DEBUG] ⛔ [DINO] Posición (289, 15) en zona excluida: Borde izquierdo
[2026-01-31 16:11:08] [DEBUG] ⛔ [DINO] Posición (300, 41) en zona excluida: Borde izquierdo
[2026-01-31 16:11:08] [DEBUG] ⛔ [DINO] Posición (306, 25) en zona excluida: Borde izquierdo
[2026-01-31 16:11:08] [DEBUG] ⛔ [DINO] Posición (309, 45) en zona excluida: Borde izquierdo
[2026-01-31 16:11:08] [DEBUG] ⛔ [DINO] Posición (315, 12) en zona excluida: Borde izquierdo
[2026-01-31 16:11:08] [DEBUG] ⛔ [DINO] Posición (314, 27) en zona excluida: Borde izquierdo
[2026-01-31 16:11:08] [DEBUG] ⛔ [DINO] Posición (337, 12) en zona excluida: Borde izquierdo
[2026-01-31 16:11:08] [DEBUG] ⛔ [DINO] Posición (335, 29) en zona excluida: Borde izquierdo
[2026-01-31 16:11:08] [DEBUG] ⛔ [DINO] Posición (371, 33) en zona excluida: Borde izquierdo
[2026-01-31 16:11:08] [DEBUG] ⛔ [DINO] Posición (425, 12) en zona excluida: Borde izquierdo
[2026-01-31 16:11:08] [DEBUG] ⛔ [DINO] Posición (428, 49) en zona excluida: Borde izquierdo
[2026-01-31 16:11:08] [DEBUG] ⛔ [DINO] Posición (493, 34) en zona excluida: Borde izquierdo
[2026-01-31 16:11:08] [DEBUG] ⛔ [DINO] Posición (637, 386) en zona excluida: Barra inferior completa
[2026-01-31 16:11:08] [DEBUG] ⛔ [DINO] Posición (643, 401) en zona excluida: Barra inferior completa
[2026-01-31 16:11:08] [DEBUG] ⛔ [DINO] Posición (686, 512) en zona excluida: Barra inferior completa
[2026-01-31 16:11:08] [DEBUG] ⛔ [DINO] Posición (689, 31) en zona excluida: Barra inferior completa
[2026-01-31 16:11:08] [DEBUG] ⛔ [DINO] Posición (699, 56) en zona excluida: Barra inferior completa
[2026-01-31 16:11:08] [DEBUG] ⛔ [DINO] Posición (700, 12) en zona excluida: Barra inferior completa
[2026-01-31 16:11:08] [DEBUG] ⛔ [DINO] Posición (710, 56) en zona excluida: Barra inferior completa
[2026-01-31 16:11:08] [DEBUG] ⛔ [DINO] Posición (722, 56) en zona excluida: Barra inferior completa
[2026-01-31 16:11:08] [DEBUG] ⛔ [DINO] Posición (760, 55) en zona excluida: Barra inferior completa
[2026-01-31 16:11:08] [DEBUG] ⛔ [DINO] Posición (770, 73) en zona excluida: Barra inferior completa
[2026-01-31 16:11:08] [DEBUG] ⛔ [DINO] Posición (764, 46) en zona excluida: Barra inferior completa
[2026-01-31 16:11:08] [DEBUG] ⛔ [DINO] Posición (766, 63) en zona excluida: Barra inferior completa
[2026-01-31 16:11:08] [INFO] 🦖 Disparando a 66 dinosaurios válidos...
[2026-01-31 16:11:10] [DEBUG] 🔍 Determinando estado del objeto...
[2026-01-31 16:11:10] [DEBUG]    📐 Área botón lanzar: (76, 222, 3)
[2026-01-31 16:11:10] [DEBUG]    📐 Área texto supply: (101, 361, 3)
[2026-01-31 16:11:10] [DEBUG]    📐 Área cooldown: (158, 222, 3)
[2026-01-31 16:11:11] [INFO] 📝 [OCR] Botón: '2MASENELMI'
[2026-01-31 16:11:11] [INFO] 📝 [OCR] Texto: ''
[2026-01-31 16:11:11] [INFO] 📝 [OCR] Combinado: '2MASENELMI '
[2026-01-31 16:11:11] [WARNING] ❌ [ESTADO DETECTADO] NO IDENTIFICADO - OCR puede haber fallado
[2026-01-31 16:11:11] [WARNING]    💡 Considera activar debug visual para ver qué captura el OCR
[2026-01-31 16:11:14] [DEBUG] 🔍 Determinando estado del objeto...
[2026-01-31 16:11:14] [DEBUG]    📐 Área botón lanzar: (76, 222, 3)
[2026-01-31 16:11:14] [DEBUG]    📐 Área texto supply: (101, 361, 3)
[2026-01-31 16:11:14] [DEBUG]    📐 Área cooldown: (158, 222, 3)
[2026-01-31 16:11:15] [INFO] 📝 [OCR] Botón: '2MASENELMI'
[2026-01-31 16:11:15] [INFO] 📝 [OCR] Texto: ''
[2026-01-31 16:11:15] [INFO] 📝 [OCR] Combinado: '2MASENELMI '
[2026-01-31 16:11:15] [WARNING] ❌ [ESTADO DETECTADO] NO IDENTIFICADO - OCR puede haber fallado
[2026-01-31 16:11:15] [WARNING]    💡 Considera activar debug visual para ver qué captura el OCR
[2026-01-31 16:11:17] [DEBUG] 🔍 Determinando estado del objeto...
[2026-01-31 16:11:17] [DEBUG]    📐 Área botón lanzar: (76, 222, 3)
[2026-01-31 16:11:17] [DEBUG]    📐 Área texto supply: (101, 361, 3)
[2026-01-31 16:11:17] [DEBUG]    📐 Área cooldown: (158, 222, 3)
[2026-01-31 16:11:18] [INFO] 📝 [OCR] Botón: '2MASENELMI'
[2026-01-31 16:11:18] [INFO] 📝 [OCR] Texto: ''
[2026-01-31 16:11:18] [INFO] 📝 [OCR] Combinado: '2MASENELMI '
[2026-01-31 16:11:18] [WARNING] ❌ [ESTADO DETECTADO] NO IDENTIFICADO - OCR puede haber fallado
[2026-01-31 16:11:18] [WARNING]    💡 Considera activar debug visual para ver qué captura el OCR
[2026-01-31 16:11:21] [DEBUG] 🔍 Determinando estado del objeto...
[2026-01-31 16:11:21] [DEBUG]    📐 Área botón lanzar: (76, 222, 3)
[2026-01-31 16:11:21] [DEBUG]    📐 Área texto supply: (101, 361, 3)
[2026-01-31 16:11:21] [DEBUG]    📐 Área cooldown: (158, 222, 3)
[2026-01-31 16:11:22] [INFO] 📝 [OCR] Botón: '2MASENELMI'
[2026-01-31 16:11:22] [INFO] 📝 [OCR] Texto: 'COMU2}'
[2026-01-31 16:11:22] [INFO] 📝 [OCR] Combinado: '2MASENELMI COMU2}'
[2026-01-31 16:11:22] [WARNING] ❌ [ESTADO DETECTADO] NO IDENTIFICADO - OCR puede haber fallado
[2026-01-31 16:11:22] [WARNING]    💡 Considera activar debug visual para ver qué captura el OCR
[2026-01-31 16:11:24] [DEBUG] 🔍 Determinando estado del objeto...
[2026-01-31 16:11:24] [DEBUG]    📐 Área botón lanzar: (76, 222, 3)
[2026-01-31 16:11:24] [DEBUG]    📐 Área texto supply: (101, 361, 3)
[2026-01-31 16:11:24] [DEBUG]    📐 Área cooldown: (158, 222, 3)
[2026-01-31 16:11:26] [INFO] 📝 [OCR] Botón: ''
[2026-01-31 16:11:26] [INFO] 📝 [OCR] Texto: 'ALIZACIONDESUMINISTRO'
[2026-01-31 16:11:26] [INFO] 📝 [OCR] Combinado: ' ALIZACIONDESUMINISTRO'
[2026-01-31 16:11:26] [DEBUG]    📦 Palabras clave de SUPPLY detectadas
[2026-01-31 16:11:26] [INFO] ✅ [ESTADO DETECTADO] SUPPLY
[2026-01-31 16:11:28] [DEBUG] 🔍 Determinando estado del objeto...
[2026-01-31 16:11:28] [DEBUG]    📐 Área botón lanzar: (76, 222, 3)
[2026-01-31 16:11:28] [DEBUG]    📐 Área texto supply: (101, 361, 3)
[2026-01-31 16:11:28] [DEBUG]    📐 Área cooldown: (158, 222, 3)
[2026-01-31 16:11:29] [INFO] 📝 [OCR] Botón: ''
[2026-01-31 16:11:29] [INFO] 📝 [OCR] Texto: '——AEEE=EEVENTODEASALTO'
[2026-01-31 16:11:29] [INFO] 📝 [OCR] Combinado: ' ——AEEE=EEVENTODEASALTO'
[2026-01-31 16:11:29] [WARNING] ⛔ [EXCLUIDO] Incubadora o evento de combate detectado
[2026-01-31 16:11:32] [DEBUG] 🔍 Determinando estado del objeto...
[2026-01-31 16:11:32] [DEBUG]    📐 Área botón lanzar: (76, 222, 3)
[2026-01-31 16:11:32] [DEBUG]    📐 Área texto supply: (101, 361, 3)
[2026-01-31 16:11:32] [DEBUG]    📐 Área cooldown: (158, 222, 3)
[2026-01-31 16:11:33] [INFO] 📝 [OCR] Botón: '2MASENELMI'
[2026-01-31 16:11:33] [INFO] 📝 [OCR] Texto: ''
[2026-01-31 16:11:33] [INFO] 📝 [OCR] Combinado: '2MASENELMI '
[2026-01-31 16:11:33] [WARNING] ❌ [ESTADO DETECTADO] NO IDENTIFICADO - OCR puede haber fallado
[2026-01-31 16:11:33] [WARNING]    💡 Considera activar debug visual para ver qué captura el OCR
[2026-01-31 16:11:35] [DEBUG] 🔍 Determinando estado del objeto...
[2026-01-31 16:11:35] [DEBUG]    📐 Área botón lanzar: (76, 222, 3)
[2026-01-31 16:11:35] [DEBUG]    📐 Área texto supply: (101, 361, 3)
[2026-01-31 16:11:35] [DEBUG]    📐 Área cooldown: (158, 222, 3)
[2026-01-31 16:11:36] [INFO] 📝 [OCR] Botón: '2MASENELMI'
[2026-01-31 16:11:36] [INFO] 📝 [OCR] Texto: ''
[2026-01-31 16:11:36] [INFO] 📝 [OCR] Combinado: '2MASENELMI '
[2026-01-31 16:11:36] [WARNING] ❌ [ESTADO DETECTADO] NO IDENTIFICADO - OCR puede haber fallado
[2026-01-31 16:11:36] [WARNING]    💡 Considera activar debug visual para ver qué captura el OCR
[2026-01-31 16:11:39] [DEBUG] 🔍 Determinando estado del objeto...
[2026-01-31 16:11:39] [DEBUG]    📐 Área botón lanzar: (76, 222, 3)
[2026-01-31 16:11:39] [DEBUG]    📐 Área texto supply: (101, 361, 3)
[2026-01-31 16:11:39] [DEBUG]    📐 Área cooldown: (158, 222, 3)
[2026-01-31 16:11:40] [INFO] 📝 [OCR] Botón: 'COMBATE'
[2026-01-31 16:11:40] [INFO] 📝 [OCR] Texto: '—G—EEEE>—EVENTODEASALTO'
[2026-01-31 16:11:40] [INFO] 📝 [OCR] Combinado: 'COMBATE —G—EEEE>—EVENTODEASALTO'
[2026-01-31 16:11:40] [WARNING] ⛔ [EXCLUIDO] Incubadora o evento de combate detectado
[2026-01-31 16:11:43] [DEBUG] 🔍 Determinando estado del objeto...
[2026-01-31 16:11:43] [DEBUG]    📐 Área botón lanzar: (76, 222, 3)
[2026-01-31 16:11:43] [DEBUG]    📐 Área texto supply: (101, 361, 3)
[2026-01-31 16:11:43] [DEBUG]    📐 Área cooldown: (158, 222, 3)
[2026-01-31 16:11:44] [INFO] 📝 [OCR] Botón: '2MASENELMI'
[2026-01-31 16:11:44] [INFO] 📝 [OCR] Texto: ''
[2026-01-31 16:11:44] [INFO] 📝 [OCR] Combinado: '2MASENELMI '
[2026-01-31 16:11:44] [WARNING] ❌ [ESTADO DETECTADO] NO IDENTIFICADO - OCR puede haber fallado
[2026-01-31 16:11:44] [WARNING]    💡 Considera activar debug visual para ver qué captura el OCR
[2026-01-31 16:11:46] [DEBUG] 🔍 Determinando estado del objeto...
[2026-01-31 16:11:46] [DEBUG]    📐 Área botón lanzar: (76, 222, 3)
[2026-01-31 16:11:46] [DEBUG]    📐 Área texto supply: (101, 361, 3)
[2026-01-31 16:11:46] [DEBUG]    📐 Área cooldown: (158, 222, 3)
[2026-01-31 16:11:48] [INFO] 📝 [OCR] Botón: ''
[2026-01-31 16:11:48] [INFO] 📝 [OCR] Texto: 'ALIZACIONDESUMINISTRO'
[2026-01-31 16:11:48] [INFO] 📝 [OCR] Combinado: ' ALIZACIONDESUMINISTRO'
[2026-01-31 16:11:48] [DEBUG]    📦 Palabras clave de SUPPLY detectadas
[2026-01-31 16:11:48] [INFO] ✅ [ESTADO DETECTADO] SUPPLY
[2026-01-31 16:11:50] [DEBUG] 🔍 Determinando estado del objeto...
[2026-01-31 16:11:50] [DEBUG]    📐 Área botón lanzar: (76, 222, 3)
[2026-01-31 16:11:50] [DEBUG]    📐 Área texto supply: (101, 361, 3)
[2026-01-31 16:11:50] [DEBUG]    📐 Área cooldown: (158, 222, 3)
[2026-01-31 16:11:51] [INFO] 📝 [OCR] Botón: ''
[2026-01-31 16:11:51] [INFO] 📝 [OCR] Texto: 'EEEEVENTODEASALTO'
[2026-01-31 16:11:51] [INFO] 📝 [OCR] Combinado: ' EEEEVENTODEASALTO'
[2026-01-31 16:11:51] [WARNING] ⛔ [EXCLUIDO] Incubadora o evento de combate detectado
[2026-01-31 16:11:53] [DEBUG] 🔍 Determinando estado del objeto...
[2026-01-31 16:11:53] [DEBUG]    📐 Área botón lanzar: (76, 222, 3)
[2026-01-31 16:11:53] [DEBUG]    📐 Área texto supply: (101, 361, 3)
[2026-01-31 16:11:53] [DEBUG]    📐 Área cooldown: (158, 222, 3)
[2026-01-31 16:11:55] [INFO] 📝 [OCR] Botón: ''
[2026-01-31 16:11:55] [INFO] 📝 [OCR] Texto: 'ALIZACIONDESUMINISTRO'
[2026-01-31 16:11:55] [INFO] 📝 [OCR] Combinado: ' ALIZACIONDESUMINISTRO'
[2026-01-31 16:11:55] [DEBUG]    📦 Palabras clave de SUPPLY detectadas
[2026-01-31 16:11:55] [INFO] ✅ [ESTADO DETECTADO] SUPPLY
[2026-01-31 16:11:57] [DEBUG] 🔍 Determinando estado del objeto...
[2026-01-31 16:11:57] [DEBUG]    📐 Área botón lanzar: (76, 222, 3)
[2026-01-31 16:11:57] [DEBUG]    📐 Área texto supply: (101, 361, 3)
[2026-01-31 16:11:57] [DEBUG]    📐 Área cooldown: (158, 222, 3)
[2026-01-31 16:11:59] [INFO] 📝 [OCR] Botón: ''
[2026-01-31 16:11:59] [INFO] 📝 [OCR] Texto: '——EEEXEVENTODEASALTO'
[2026-01-31 16:11:59] [INFO] 📝 [OCR] Combinado: ' ——EEEXEVENTODEASALTO'
[2026-01-31 16:11:59] [WARNING] ⛔ [EXCLUIDO] Incubadora o evento de combate detectado
[2026-01-31 16:12:01] [DEBUG] 🔍 Determinando estado del objeto...
[2026-01-31 16:12:01] [DEBUG]    📐 Área botón lanzar: (76, 222, 3)
[2026-01-31 16:12:01] [DEBUG]    📐 Área texto supply: (101, 361, 3)
[2026-01-31 16:12:01] [DEBUG]    📐 Área cooldown: (158, 222, 3)
[2026-01-31 16:12:02] [INFO] 📝 [OCR] Botón: 'COMBATE'
[2026-01-31 16:12:02] [INFO] 📝 [OCR] Texto: '—G—E—EEEE>—EVENTODEASALTO'
[2026-01-31 16:12:02] [INFO] 📝 [OCR] Combinado: 'COMBATE —G—E—EEEE>—EVENTODEASALTO'
[2026-01-31 16:12:02] [WARNING] ⛔ [EXCLUIDO] Incubadora o evento de combate detectado
[2026-01-31 16:12:06] [DEBUG] 🔍 Determinando estado del objeto...
[2026-01-31 16:12:06] [DEBUG]    📐 Área botón lanzar: (76, 222, 3)
[2026-01-31 16:12:06] [DEBUG]    📐 Área texto supply: (101, 361, 3)
[2026-01-31 16:12:06] [DEBUG]    📐 Área cooldown: (158, 222, 3)
[2026-01-31 16:12:07] [INFO] 📝 [OCR] Botón: ''
[2026-01-31 16:12:07] [INFO] 📝 [OCR] Texto: 'ALIZACIONDESUMINISTRO'
[2026-01-31 16:12:07] [INFO] 📝 [OCR] Combinado: ' ALIZACIONDESUMINISTRO'
[2026-01-31 16:12:07] [DEBUG]    📦 Palabras clave de SUPPLY detectadas
[2026-01-31 16:12:07] [INFO] ✅ [ESTADO DETECTADO] SUPPLY
[2026-01-31 16:12:10] [DEBUG] 🔍 Determinando estado del objeto...
[2026-01-31 16:12:10] [DEBUG]    📐 Área botón lanzar: (76, 222, 3)
[2026-01-31 16:12:10] [DEBUG]    📐 Área texto supply: (101, 361, 3)
[2026-01-31 16:12:10] [DEBUG]    📐 Área cooldown: (158, 222, 3)
[2026-01-31 16:12:11] [INFO] 📝 [OCR] Botón: ''
[2026-01-31 16:12:11] [INFO] 📝 [OCR] Texto: 'EEEEVENTODEASALTO'
[2026-01-31 16:12:11] [INFO] 📝 [OCR] Combinado: ' EEEEVENTODEASALTO'
[2026-01-31 16:12:11] [DEBUG] ⏱️  [OCR] Cooldown: '———_—VICTORIAS:0'
[2026-01-31 16:12:11] [WARNING] ⛔ [EXCLUIDO] Incubadora o evento de combate detectado
[2026-01-31 16:12:13] [DEBUG] 🔍 Determinando estado del objeto...
[2026-01-31 16:12:13] [DEBUG]    📐 Área botón lanzar: (76, 222, 3)
[2026-01-31 16:12:13] [DEBUG]    📐 Área texto supply: (101, 361, 3)
[2026-01-31 16:12:13] [DEBUG]    📐 Área cooldown: (158, 222, 3)
[2026-01-31 16:12:14] [INFO] 📝 [OCR] Botón: 'LANZAR'
[2026-01-31 16:12:14] [INFO] 📝 [OCR] Texto: ''
[2026-01-31 16:12:14] [INFO] 📝 [OCR] Combinado: 'LANZAR '
[2026-01-31 16:12:14] [DEBUG]    🦖 Palabras clave de DINO detectadas
[2026-01-31 16:12:14] [INFO] ✅ [ESTADO DETECTADO] DINO
[2026-01-31 16:12:24] [INFO] 🎯 [FASE 1] Intentando centrar dino (5s)...
[2026-01-31 16:12:30] [WARNING] ⚠️  [FASE 1] No se centró en 5s - Pasando a FASE 2...
[2026-01-31 16:12:30] [INFO] 🎯 [FASE 2] Disparos rápidos en patrón (garantiza dardos para alianza)
[2026-01-31 16:12:31] [DEBUG]    💉 Disparo rápido 1/4...
[2026-01-31 16:12:32] [DEBUG]    💉 Disparo rápido 2/4...
[2026-01-31 16:12:33] [DEBUG]    💉 Disparo rápido 3/4...
[2026-01-31 16:12:34] [DEBUG]    💉 Disparo rápido 4/4...
[2026-01-31 16:12:35] [INFO] ✅ [FASE 2] Disparos completados
[2026-01-31 16:13:11] [DEBUG] 📸 Captura guardada: map_view_161311.png
[2026-01-31 16:13:13] [DEBUG] 🪙 Verificando monedas...
[2026-01-31 16:13:13] [DEBUG] 📦 Verificando supply drops...
[2026-01-31 16:13:13] [DEBUG] 🔍 Buscando supply drops...
[2026-01-31 16:13:13] [DEBUG]    📊 Supply color range: R[160-255] G[60-255] B[0-120]
[2026-01-31 16:13:13] [DEBUG]    📊 Event color range: R[0-180] G[120-255] B[0-180]
[2026-01-31 16:13:13] [DEBUG]    📐 Zona analizada: (491, 501, 3)
[2026-01-31 16:13:13] [DEBUG]    🎨 Píxeles detectados inicialmente: 42560
[2026-01-31 16:13:13] [DEBUG]    🔢 Componentes detectados: 417
[2026-01-31 16:13:13] [DEBUG]    ✅ Supply drop #1: 32642 píxeles en posición (412, 321)
[2026-01-31 16:13:13] [DEBUG]    ✅ Supply drop #3: 19 píxeles en posición (280, 347)
[2026-01-31 16:13:13] [DEBUG]    ✅ Supply drop #4: 448 píxeles en posición (295, 380)
[2026-01-31 16:13:13] [DEBUG]    ✅ Supply drop #5: 62 píxeles en posición (299, 411)
[2026-01-31 16:13:13] [DEBUG]    ✅ Supply drop #11: 39 píxeles en posición (323, 135)
[2026-01-31 16:13:13] [DEBUG]    ✅ Supply drop #12: 46 píxeles en posición (333, 15)
[2026-01-31 16:13:13] [DEBUG]    ✅ Supply drop #13: 23 píxeles en posición (334, 30)
[2026-01-31 16:13:13] [DEBUG]    ✅ Supply drop #14: 23 píxeles en posición (332, 155)
[2026-01-31 16:13:13] [DEBUG]    ✅ Supply drop #17: 997 píxeles en posición (370, 30)
[2026-01-31 16:13:13] [DEBUG]    ✅ Supply drop #21: 100 píxeles en posición (355, 505)
[2026-01-31 16:13:13] [DEBUG]    ✅ Supply drop #22: 77 píxeles en posición (359, 274)
[2026-01-31 16:13:13] [DEBUG]    ✅ Supply drop #24: 108 píxeles en posición (360, 485)
[2026-01-31 16:13:13] [DEBUG]    ✅ Supply drop #26: 92 píxeles en posición (363, 465)
[2026-01-31 16:13:13] [DEBUG]    ✅ Supply drop #28: 31 píxeles en posición (363, 286)
[2026-01-31 16:13:13] [DEBUG]    ✅ Supply drop #32: 46 píxeles en posición (368, 297)
[2026-01-31 16:13:13] [DEBUG]    ✅ Supply drop #40: 64 píxeles en posición (375, 137)
[2026-01-31 16:13:14] [DEBUG]    ✅ Supply drop #54: 20 píxeles en posición (378, 309)
[2026-01-31 16:13:14] [DEBUG]    ✅ Supply drop #58: 46 píxeles en posición (382, 148)
[2026-01-31 16:13:14] [DEBUG]    ✅ Supply drop #60: 60 píxeles en posición (385, 323)
[2026-01-31 16:13:14] [DEBUG]    ✅ Supply drop #61: 54 píxeles en posición (383, 340)
[2026-01-31 16:13:14] [DEBUG]    ✅ Supply drop #65: 102 píxeles en posición (390, 295)
[2026-01-31 16:13:14] [DEBUG]    ✅ Supply drop #69: 24 píxeles en posición (384, 375)
[2026-01-31 16:13:14] [DEBUG]    ✅ Supply drop #74: 57 píxeles en posición (389, 392)
[2026-01-31 16:13:14] [DEBUG]    ✅ Supply drop #78: 396 píxeles en posición (392, 194)
[2026-01-31 16:13:14] [DEBUG]    ✅ Supply drop #82: 124 píxeles en posición (396, 266)
[2026-01-31 16:13:14] [DEBUG]    ✅ Supply drop #84: 20 píxeles en posición (393, 156)
[2026-01-31 16:13:14] [DEBUG]    ✅ Supply drop #91: 141 píxeles en posición (399, 242)
[2026-01-31 16:13:14] [DEBUG]    ✅ Supply drop #101: 52 píxeles en posición (404, 42)
[2026-01-31 16:13:14] [DEBUG]    ✅ Supply drop #102: 100 píxeles en posición (404, 218)
[2026-01-31 16:13:14] [DEBUG]    ✅ Supply drop #105: 17 píxeles en posición (400, 164)
[2026-01-31 16:13:14] [DEBUG]    ✅ Supply drop #114: 111 píxeles en posición (408, 190)
[2026-01-31 16:13:14] [DEBUG]    ✅ Supply drop #123: 452 píxeles en posición (423, 22)
[2026-01-31 16:13:14] [DEBUG]    ✅ Supply drop #124: 69 píxeles en posición (415, 163)
[2026-01-31 16:13:14] [DEBUG]    ✅ Supply drop #131: 247 píxeles en posición (425, 236)
[2026-01-31 16:13:14] [DEBUG]    ✅ Supply drop #137: 77 píxeles en posición (423, 99)
[2026-01-31 16:13:14] [DEBUG]    ✅ Supply drop #138: 85 píxeles en posición (430, 52)
[2026-01-31 16:13:14] [DEBUG]    ✅ Supply drop #141: 100 píxeles en posición (427, 74)
[2026-01-31 16:13:14] [DEBUG]    ✅ Supply drop #144: 45 píxeles en posición (431, 454)
[2026-01-31 16:13:14] [DEBUG]    ✅ Supply drop #145: 96 píxeles en posición (438, 112)
[2026-01-31 16:13:14] [DEBUG]    ✅ Supply drop #149: 798 píxeles en posición (450, 232)
[2026-01-31 16:13:14] [DEBUG]    ✅ Supply drop #158: 62 píxeles en posición (451, 399)
[2026-01-31 16:13:14] [DEBUG]    ✅ Supply drop #162: 1951 píxeles en posición (495, 61)
[2026-01-31 16:13:14] [DEBUG]    ✅ Supply drop #183: 89 píxeles en posición (491, 73)
[2026-01-31 16:13:14] [DEBUG]    ✅ Supply drop #188: 1335 píxeles en posición (523, 179)
[2026-01-31 16:13:14] [DEBUG]    ✅ Supply drop #190: 50 píxeles en posición (498, 336)
[2026-01-31 16:13:14] [DEBUG]    ✅ Supply drop #191: 43 píxeles en posición (499, 389)
[2026-01-31 16:13:14] [DEBUG]    ✅ Supply drop #204: 40 píxeles en posición (515, 13)
[2026-01-31 16:13:14] [DEBUG]    ✅ Supply drop #211: 54 píxeles en posición (513, 415)
[2026-01-31 16:13:14] [DEBUG]    ✅ Supply drop #213: 298 píxeles en posición (521, 140)
[2026-01-31 16:13:14] [DEBUG]    ✅ Supply drop #240: 71 píxeles en posición (532, 496)
[2026-01-31 16:13:14] [DEBUG]    ✅ Supply drop #248: 253 píxeles en posición (540, 285)
[2026-01-31 16:13:14] [DEBUG]    ✅ Supply drop #251: 201 píxeles en posición (537, 26)
[2026-01-31 16:13:14] [DEBUG]    ✅ Supply drop #257: 1426 píxeles en posición (556, 109)
[2026-01-31 16:13:14] [DEBUG]    ✅ Supply drop #262: 73 píxeles en posición (545, 487)
[2026-01-31 16:13:14] [DEBUG]    ✅ Supply drop #263: 22 píxeles en posición (543, 506)
[2026-01-31 16:13:14] [DEBUG]    ✅ Supply drop #294: 486 píxeles en posición (574, 26)
[2026-01-31 16:13:14] [DEBUG]    ✅ Supply drop #307: 1160 píxeles en posición (612, 183)
[2026-01-31 16:13:14] [DEBUG]    ✅ Supply drop #313: 93 píxeles en posición (582, 60)
[2026-01-31 16:13:14] [DEBUG]    ✅ Supply drop #323: 58 píxeles en posición (594, 19)
[2026-01-31 16:13:14] [DEBUG]    ✅ Supply drop #338: 341 píxeles en posición (633, 354)
[2026-01-31 16:13:14] [DEBUG]    ✅ Supply drop #339: 1128 píxeles en posición (645, 482)
[2026-01-31 16:13:14] [DEBUG]    ✅ Supply drop #340: 1207 píxeles en posición (655, 100)
[2026-01-31 16:13:14] [DEBUG]    ✅ Supply drop #341: 109 píxeles en posición (656, 152)
[2026-01-31 16:13:14] [DEBUG]    ✅ Supply drop #343: 353 píxeles en posición (680, 471)
[2026-01-31 16:13:14] [DEBUG]    ✅ Supply drop #354: 64 píxeles en posición (703, 27)
[2026-01-31 16:13:14] [DEBUG]    ✅ Supply drop #355: 16 píxeles en posición (685, 62)
[2026-01-31 16:13:14] [DEBUG]    ✅ Supply drop #358: 54 píxeles en posición (694, 44)
[2026-01-31 16:13:14] [DEBUG]    ✅ Supply drop #366: 185 píxeles en posición (705, 500)
[2026-01-31 16:13:14] [DEBUG]    ✅ Supply drop #371: 49 píxeles en posición (707, 41)
[2026-01-31 16:13:14] [DEBUG]    ✅ Supply drop #373: 48 píxeles en posición (719, 14)
[2026-01-31 16:13:14] [DEBUG]    ✅ Supply drop #379: 157 píxeles en posición (735, 32)
[2026-01-31 16:13:14] [DEBUG]    ✅ Supply drop #380: 19 píxeles en posición (728, 59)
[2026-01-31 16:13:14] [DEBUG]    ✅ Supply drop #398: 876 píxeles en posición (760, 72)
[2026-01-31 16:13:14] [DEBUG]    ✅ Supply drop #406: 36 píxeles en posición (763, 395)
[2026-01-31 16:13:14] [DEBUG]    ✅ Supply drop #412: 55 píxeles en posición (767, 15)
[2026-01-31 16:13:14] [INFO] 🟠 [SUPPLY DROP] Detectados 75 supply drops: [[412, 321], [280, 347], [295, 380], [299, 411], [323, 135], [333, 15], [334, 30], [332, 155], [370, 30], [355, 505], [359, 274], [360, 485], [363, 465], [363, 286], [368, 297], [375, 137], [378, 309], [382, 148], [385, 323], [383, 340], [390, 295], [384, 375], [389, 392], [392, 194], [396, 266], [393, 156], [399, 242], [404, 42], [404, 218], [400, 164], [408, 190], [423, 22], [415, 163], [425, 236], [423, 99], [430, 52], [427, 74], [431, 454], [438, 112], [450, 232], [451, 399], [495, 61], [491, 73], [523, 179], [498, 336], [499, 389], [515, 13], [513, 415], [521, 140], [532, 496], [540, 285], [537, 26], [556, 109], [545, 487], [543, 506], [574, 26], [612, 183], [582, 60], [594, 19], [633, 354], [645, 482], [655, 100], [656, 152], [680, 471], [703, 27], [685, 62], [694, 44], [705, 500], [707, 41], [719, 14], [735, 32], [728, 59], [760, 72], [763, 395], [767, 15]]
[2026-01-31 16:13:14] [DEBUG] ⛔ [SUPPLY] Posición (333, 15) en zona excluida: Borde izquierdo
[2026-01-31 16:13:14] [DEBUG] ⛔ [SUPPLY] Posición (334, 30) en zona excluida: Borde izquierdo
[2026-01-31 16:13:14] [DEBUG] ⛔ [SUPPLY] Posición (370, 30) en zona excluida: Borde izquierdo
[2026-01-31 16:13:14] [DEBUG] ⛔ [SUPPLY] Posición (404, 42) en zona excluida: Borde izquierdo
[2026-01-31 16:13:14] [DEBUG] ⛔ [SUPPLY] Posición (423, 22) en zona excluida: Borde izquierdo
[2026-01-31 16:13:14] [DEBUG] ⛔ [SUPPLY] Posición (515, 13) en zona excluida: Borde izquierdo
[2026-01-31 16:13:14] [DEBUG] ⛔ [SUPPLY] Posición (537, 26) en zona excluida: Borde izquierdo
[2026-01-31 16:13:14] [DEBUG] ⛔ [SUPPLY] Posición (574, 26) en zona excluida: Borde izquierdo
[2026-01-31 16:13:14] [DEBUG] ⛔ [SUPPLY] Posición (594, 19) en zona excluida: Borde izquierdo
[2026-01-31 16:13:14] [DEBUG] ⛔ [SUPPLY] Posición (633, 354) en zona excluida: Barra inferior completa
[2026-01-31 16:13:14] [DEBUG] ⛔ [SUPPLY] Posición (645, 482) en zona excluida: Barra inferior completa
[2026-01-31 16:13:14] [DEBUG] ⛔ [SUPPLY] Posición (655, 100) en zona excluida: Barra inferior completa
[2026-01-31 16:13:14] [DEBUG] ⛔ [SUPPLY] Posición (656, 152) en zona excluida: Barra inferior completa
[2026-01-31 16:13:14] [DEBUG] ⛔ [SUPPLY] Posición (680, 471) en zona excluida: Barra inferior completa
[2026-01-31 16:13:14] [DEBUG] ⛔ [SUPPLY] Posición (703, 27) en zona excluida: Barra inferior completa
[2026-01-31 16:13:14] [DEBUG] ⛔ [SUPPLY] Posición (685, 62) en zona excluida: Barra inferior completa
[2026-01-31 16:13:14] [DEBUG] ⛔ [SUPPLY] Posición (694, 44) en zona excluida: Barra inferior completa
[2026-01-31 16:13:14] [DEBUG] ⛔ [SUPPLY] Posición (705, 500) en zona excluida: Barra inferior completa
[2026-01-31 16:13:14] [DEBUG] ⛔ [SUPPLY] Posición (707, 41) en zona excluida: Barra inferior completa
[2026-01-31 16:13:14] [DEBUG] ⛔ [SUPPLY] Posición (719, 14) en zona excluida: Barra inferior completa
[2026-01-31 16:13:14] [DEBUG] ⛔ [SUPPLY] Posición (735, 32) en zona excluida: Barra inferior completa
[2026-01-31 16:13:14] [DEBUG] ⛔ [SUPPLY] Posición (728, 59) en zona excluida: Barra inferior completa
[2026-01-31 16:13:14] [DEBUG] ⛔ [SUPPLY] Posición (760, 72) en zona excluida: Barra inferior completa
[2026-01-31 16:13:14] [DEBUG] ⛔ [SUPPLY] Posición (763, 395) en zona excluida: Barra inferior completa
[2026-01-31 16:13:14] [DEBUG] ⛔ [SUPPLY] Posición (767, 15) en zona excluida: Barra inferior completa
[2026-01-31 16:13:14] [INFO] 📦 Recolectando 50 supply drops válidos...
[2026-01-31 16:13:15] [DEBUG] ⏭️  Click en (412, 321) no abrió nada - Saltando objeto
[2026-01-31 16:13:16] [DEBUG] ⏭️  Click en (280, 347) no abrió nada - Saltando objeto
[2026-01-31 16:13:17] [DEBUG] ⏭️  Click en (295, 380) no abrió nada - Saltando objeto
[2026-01-31 16:13:18] [DEBUG] ⏭️  Click en (299, 411) no abrió nada - Saltando objeto
[2026-01-31 16:13:20] [DEBUG] 🔍 Determinando estado del objeto...
[2026-01-31 16:13:20] [DEBUG]    📐 Área botón lanzar: (76, 222, 3)
[2026-01-31 16:13:20] [DEBUG]    📐 Área texto supply: (101, 361, 3)
[2026-01-31 16:13:20] [DEBUG]    📐 Área cooldown: (158, 222, 3)
[2026-01-31 16:13:22] [INFO] 📝 [OCR] Botón: ''
[2026-01-31 16:13:22] [INFO] 📝 [OCR] Texto: ''
[2026-01-31 16:13:22] [INFO] 📝 [OCR] Combinado: ' '
[2026-01-31 16:13:22] [DEBUG] ⏱️  [OCR] Cooldown: 'A15)G717/300088717/3000'
[2026-01-31 16:13:22] [WARNING] ❌ [ESTADO DETECTADO] NO IDENTIFICADO - OCR puede haber fallado
[2026-01-31 16:13:22] [WARNING]    💡 Considera activar debug visual para ver qué captura el OCR
[2026-01-31 16:13:22] [WARNING] ⚠️  OCR detectó '' pero viene de filtered_positions - FORZANDO como SUPPLY
[2026-01-31 16:13:22] [DEBUG] 🔍 Valor de state antes del if: 'supply' (type: <class 'str'>)
[2026-01-31 16:13:22] [DEBUG] 🔍 Evaluando: state == 'supply' → True
[2026-01-31 16:13:22] [DEBUG] 🔍 Evaluando: state == 'event' → False
[2026-01-31 16:13:22] [INFO] 🎁 Recolectando SUPPLY...
[2026-01-31 16:13:26] [DEBUG]    Click recolección 1/3
[2026-01-31 16:13:28] [DEBUG]    Click recolección 2/3
[2026-01-31 16:13:29] [DEBUG]    Click recolección 3/3
[2026-01-31 16:13:30] [DEBUG]    Supply aún abierto, buscando botón para cerrar...
[2026-01-31 16:13:31] [INFO] ✅ SUPPLY procesado
[2026-01-31 16:13:32] [DEBUG] ⏭️  Click en (332, 155) no abrió nada - Saltando objeto
[2026-01-31 16:13:33] [DEBUG] ⏭️  Click en (355, 505) no abrió nada - Saltando objeto
[2026-01-31 16:13:34] [DEBUG] ⏭️  Click en (359, 274) no abrió nada - Saltando objeto
[2026-01-31 16:13:35] [DEBUG] ⏭️  Click en (360, 485) no abrió nada - Saltando objeto
[2026-01-31 16:13:36] [DEBUG] ⏭️  Click en (363, 465) no abrió nada - Saltando objeto
[2026-01-31 16:13:37] [DEBUG] ⏭️  Click en (363, 286) no abrió nada - Saltando objeto
[2026-01-31 16:13:38] [DEBUG] ⏭️  Click en (368, 297) no abrió nada - Saltando objeto
[2026-01-31 16:13:39] [DEBUG] ⏭️  Click en (375, 137) no abrió nada - Saltando objeto
[2026-01-31 16:13:40] [DEBUG] ⏭️  Click en (378, 309) no abrió nada - Saltando objeto
[2026-01-31 16:13:41] [DEBUG] ⏭️  Click en (382, 148) no abrió nada - Saltando objeto
[2026-01-31 16:13:43] [DEBUG] ⏭️  Click en (385, 323) no abrió nada - Saltando objeto
[2026-01-31 16:13:44] [DEBUG] ⏭️  Click en (383, 340) no abrió nada - Saltando objeto
[2026-01-31 16:13:45] [DEBUG] ⏭️  Click en (390, 295) no abrió nada - Saltando objeto
[2026-01-31 16:13:46] [DEBUG] ⏭️  Click en (384, 375) no abrió nada - Saltando objeto
[2026-01-31 16:13:47] [DEBUG] ⏭️  Click en (389, 392) no abrió nada - Saltando objeto
[2026-01-31 16:13:48] [DEBUG] ⏭️  Click en (392, 194) no abrió nada - Saltando objeto
[2026-01-31 16:13:49] [DEBUG] ⏭️  Click en (396, 266) no abrió nada - Saltando objeto
[2026-01-31 16:13:50] [DEBUG] ⏭️  Click en (393, 156) no abrió nada - Saltando objeto
[2026-01-31 16:13:51] [DEBUG] ⏭️  Click en (399, 242) no abrió nada - Saltando objeto
[2026-01-31 16:13:52] [DEBUG] ⏭️  Click en (404, 218) no abrió nada - Saltando objeto
[2026-01-31 16:13:53] [DEBUG] ⏭️  Click en (400, 164) no abrió nada - Saltando objeto
[2026-01-31 16:13:54] [DEBUG] ⏭️  Click en (408, 190) no abrió nada - Saltando objeto
[2026-01-31 16:13:55] [DEBUG] ⏭️  Click en (415, 163) no abrió nada - Saltando objeto
[2026-01-31 16:13:57] [DEBUG] ⏭️  Click en (425, 236) no abrió nada - Saltando objeto
[2026-01-31 16:13:58] [DEBUG] ⏭️  Click en (423, 99) no abrió nada - Saltando objeto
[2026-01-31 16:13:59] [DEBUG] ⏭️  Click en (430, 52) no abrió nada - Saltando objeto
[2026-01-31 16:14:00] [DEBUG] ⏭️  Click en (427, 74) no abrió nada - Saltando objeto
[2026-01-31 16:14:01] [DEBUG] ⏭️  Click en (431, 454) no abrió nada - Saltando objeto
[2026-01-31 16:14:02] [DEBUG] ⏭️  Click en (438, 112) no abrió nada - Saltando objeto
[2026-01-31 16:14:03] [DEBUG] ⏭️  Click en (450, 232) no abrió nada - Saltando objeto
[2026-01-31 16:14:04] [DEBUG] ⏭️  Click en (451, 399) no abrió nada - Saltando objeto
[2026-01-31 16:14:05] [DEBUG] ⏭️  Click en (495, 61) no abrió nada - Saltando objeto
[2026-01-31 16:14:06] [DEBUG] ⏭️  Click en (491, 73) no abrió nada - Saltando objeto
[2026-01-31 16:14:07] [DEBUG] ⏭️  Click en (523, 179) no abrió nada - Saltando objeto
[2026-01-31 16:14:08] [DEBUG] ⏭️  Click en (498, 336) no abrió nada - Saltando objeto
[2026-01-31 16:14:10] [DEBUG] ⏭️  Click en (499, 389) no abrió nada - Saltando objeto
[2026-01-31 16:14:11] [DEBUG] ⏭️  Click en (513, 415) no abrió nada - Saltando objeto
[2026-01-31 16:14:12] [DEBUG] ⏭️  Click en (521, 140) no abrió nada - Saltando objeto
[2026-01-31 16:14:13] [DEBUG] ⏭️  Click en (532, 496) no abrió nada - Saltando objeto
[2026-01-31 16:14:14] [DEBUG] ⏭️  Click en (540, 285) no abrió nada - Saltando objeto
[2026-01-31 16:14:15] [DEBUG] ⏭️  Click en (556, 109) no abrió nada - Saltando objeto
[2026-01-31 16:14:16] [DEBUG] ⏭️  Click en (545, 487) no abrió nada - Saltando objeto
[2026-01-31 16:14:18] [DEBUG] 🔍 Determinando estado del objeto...
[2026-01-31 16:14:18] [DEBUG]    📐 Área botón lanzar: (76, 222, 3)
[2026-01-31 16:14:18] [DEBUG]    📐 Área texto supply: (101, 361, 3)
[2026-01-31 16:14:18] [DEBUG]    📐 Área cooldown: (158, 222, 3)
[2026-01-31 16:14:20] [INFO] 📝 [OCR] Botón: 'LANZAR'
[2026-01-31 16:14:20] [INFO] 📝 [OCR] Texto: ''
[2026-01-31 16:14:20] [INFO] 📝 [OCR] Combinado: 'LANZAR '
[2026-01-31 16:14:20] [DEBUG]    🦖 Palabras clave de DINO detectadas
[2026-01-31 16:14:20] [INFO] ✅ [ESTADO DETECTADO] DINO
[2026-01-31 16:14:20] [DEBUG] 🔍 Valor de state antes del if: 'dino' (type: <class 'str'>)
[2026-01-31 16:14:20] [DEBUG] 🔍 Evaluando: state == 'supply' → False
[2026-01-31 16:14:20] [DEBUG] 🔍 Evaluando: state == 'event' → False
[2026-01-31 16:14:20] [WARNING] ⚠️  Objeto no identificado como supply drop - Saliendo...
[2026-01-31 16:14:22] [DEBUG] ⏭️  Click en (612, 183) no abrió nada - Saltando objeto
[2026-01-31 16:14:23] [DEBUG] ⏭️  Click en (582, 60) no abrió nada - Saltando objeto
[2026-01-31 16:14:23] [DEBUG] 🦖 Verificando dinosaurios...
[2026-01-31 16:14:23] [DEBUG] ⛔ [DINO] Posición (287, 46) en zona excluida: Borde izquierdo
[2026-01-31 16:14:23] [DEBUG] ⛔ [DINO] Posición (299, 35) en zona excluida: Borde izquierdo
[2026-01-31 16:14:23] [DEBUG] ⛔ [DINO] Posición (304, 22) en zona excluida: Borde izquierdo
[2026-01-31 16:14:23] [DEBUG] ⛔ [DINO] Posición (315, 12) en zona excluida: Borde izquierdo
[2026-01-31 16:14:23] [DEBUG] ⛔ [DINO] Posición (311, 24) en zona excluida: Borde izquierdo
[2026-01-31 16:14:23] [DEBUG] ⛔ [DINO] Posición (314, 29) en zona excluida: Borde izquierdo
[2026-01-31 16:14:23] [DEBUG] ⛔ [DINO] Posición (314, 40) en zona excluida: Borde izquierdo
[2026-01-31 16:14:23] [DEBUG] ⛔ [DINO] Posición (336, 12) en zona excluida: Borde izquierdo
[2026-01-31 16:14:23] [DEBUG] ⛔ [DINO] Posición (333, 27) en zona excluida: Borde izquierdo
[2026-01-31 16:14:23] [DEBUG] ⛔ [DINO] Posición (371, 33) en zona excluida: Borde izquierdo
[2026-01-31 16:14:23] [DEBUG] ⛔ [DINO] Posición (423, 12) en zona excluida: Borde izquierdo
[2026-01-31 16:14:23] [DEBUG] ⛔ [DINO] Posición (435, 37) en zona excluida: Borde izquierdo
[2026-01-31 16:14:23] [DEBUG] ⛔ [DINO] Posición (591, 38) en zona excluida: Borde izquierdo
[2026-01-31 16:14:23] [DEBUG] ⛔ [DINO] Posición (493, 34) en zona excluida: Borde izquierdo
[2026-01-31 16:14:23] [DEBUG] ⛔ [DINO] Posición (678, 512) en zona excluida: Barra inferior completa
[2026-01-31 16:14:23] [DEBUG] ⛔ [DINO] Posición (689, 31) en zona excluida: Barra inferior completa
[2026-01-31 16:14:23] [DEBUG] ⛔ [DINO] Posición (699, 56) en zona excluida: Barra inferior completa
[2026-01-31 16:14:23] [DEBUG] ⛔ [DINO] Posición (700, 12) en zona excluida: Barra inferior completa
[2026-01-31 16:14:23] [DEBUG] ⛔ [DINO] Posición (710, 56) en zona excluida: Barra inferior completa
[2026-01-31 16:14:23] [DEBUG] ⛔ [DINO] Posición (722, 56) en zona excluida: Barra inferior completa
[2026-01-31 16:14:23] [DEBUG] ⛔ [DINO] Posición (756, 12) en zona excluida: Barra inferior completa
[2026-01-31 16:14:23] [DEBUG] ⛔ [DINO] Posición (762, 73) en zona excluida: Barra inferior completa
[2026-01-31 16:14:23] [INFO] 🦖 Disparando a 54 dinosaurios válidos...
[2026-01-31 16:14:25] [DEBUG] 🔍 Determinando estado del objeto...
[2026-01-31 16:14:25] [DEBUG]    📐 Área botón lanzar: (76, 222, 3)
[2026-01-31 16:14:25] [DEBUG]    📐 Área texto supply: (101, 361, 3)
[2026-01-31 16:14:25] [DEBUG]    📐 Área cooldown: (158, 222, 3)
[2026-01-31 16:14:27] [INFO] 📝 [OCR] Botón: '2MASENELMI'
[2026-01-31 16:14:27] [INFO] 📝 [OCR] Texto: ''
[2026-01-31 16:14:27] [INFO] 📝 [OCR] Combinado: '2MASENELMI '
[2026-01-31 16:14:27] [WARNING] ❌ [ESTADO DETECTADO] NO IDENTIFICADO - OCR puede haber fallado
[2026-01-31 16:14:27] [WARNING]    💡 Considera activar debug visual para ver qué captura el OCR
[2026-01-31 16:14:29] [DEBUG] 🔍 Determinando estado del objeto...
[2026-01-31 16:14:29] [DEBUG]    📐 Área botón lanzar: (76, 222, 3)
[2026-01-31 16:14:29] [DEBUG]    📐 Área texto supply: (101, 361, 3)
[2026-01-31 16:14:29] [DEBUG]    📐 Área cooldown: (158, 222, 3)
[2026-01-31 16:14:30] [INFO] 📝 [OCR] Botón: ''
[2026-01-31 16:14:30] [INFO] 📝 [OCR] Texto: 'EEEEVENTODEASALTO'
[2026-01-31 16:14:30] [INFO] 📝 [OCR] Combinado: ' EEEEVENTODEASALTO'
[2026-01-31 16:14:30] [WARNING] ⛔ [EXCLUIDO] Incubadora o evento de combate detectado
[2026-01-31 16:14:33] [DEBUG] 🔍 Determinando estado del objeto...
[2026-01-31 16:14:33] [DEBUG]    📐 Área botón lanzar: (76, 222, 3)
[2026-01-31 16:14:33] [DEBUG]    📐 Área texto supply: (101, 361, 3)
[2026-01-31 16:14:33] [DEBUG]    📐 Área cooldown: (158, 222, 3)
[2026-01-31 16:14:34] [INFO] 📝 [OCR] Botón: '2MASENELMI'
[2026-01-31 16:14:34] [INFO] 📝 [OCR] Texto: ''
[2026-01-31 16:14:34] [INFO] 📝 [OCR] Combinado: '2MASENELMI '
[2026-01-31 16:14:34] [WARNING] ❌ [ESTADO DETECTADO] NO IDENTIFICADO - OCR puede haber fallado
[2026-01-31 16:14:34] [WARNING]    💡 Considera activar debug visual para ver qué captura el OCR
[2026-01-31 16:14:36] [DEBUG] 🔍 Determinando estado del objeto...
[2026-01-31 16:14:36] [DEBUG]    📐 Área botón lanzar: (76, 222, 3)
[2026-01-31 16:14:36] [DEBUG]    📐 Área texto supply: (101, 361, 3)
[2026-01-31 16:14:36] [DEBUG]    📐 Área cooldown: (158, 222, 3)
[2026-01-31 16:14:38] [INFO] 📝 [OCR] Botón: '2MASENELMI'
[2026-01-31 16:14:38] [INFO] 📝 [OCR] Texto: ''
[2026-01-31 16:14:38] [INFO] 📝 [OCR] Combinado: '2MASENELMI '
[2026-01-31 16:14:38] [WARNING] ❌ [ESTADO DETECTADO] NO IDENTIFICADO - OCR puede haber fallado
[2026-01-31 16:14:38] [WARNING]    💡 Considera activar debug visual para ver qué captura el OCR
[2026-01-31 16:14:40] [DEBUG] 🔍 Determinando estado del objeto...
[2026-01-31 16:14:40] [DEBUG]    📐 Área botón lanzar: (76, 222, 3)
[2026-01-31 16:14:40] [DEBUG]    📐 Área texto supply: (101, 361, 3)
[2026-01-31 16:14:40] [DEBUG]    📐 Área cooldown: (158, 222, 3)
[2026-01-31 16:14:41] [INFO] 📝 [OCR] Botón: ''
[2026-01-31 16:14:41] [INFO] 📝 [OCR] Texto: 'EEEEVENTODEASALTO'
[2026-01-31 16:14:41] [INFO] 📝 [OCR] Combinado: ' EEEEVENTODEASALTO'
[2026-01-31 16:14:41] [DEBUG] ⏱️  [OCR] Cooldown: '_———_VICTORIAS:0'
[2026-01-31 16:14:41] [WARNING] ⛔ [EXCLUIDO] Incubadora o evento de combate detectado
[2026-01-31 16:14:44] [DEBUG] 🔍 Determinando estado del objeto...
[2026-01-31 16:14:44] [DEBUG]    📐 Área botón lanzar: (76, 222, 3)
[2026-01-31 16:14:44] [DEBUG]    📐 Área texto supply: (101, 361, 3)
[2026-01-31 16:14:44] [DEBUG]    📐 Área cooldown: (158, 222, 3)
[2026-01-31 16:14:45] [INFO] 📝 [OCR] Botón: ''
[2026-01-31 16:14:45] [INFO] 📝 [OCR] Texto: 'ALIZACIONDESUMINISTRO'
[2026-01-31 16:14:45] [INFO] 📝 [OCR] Combinado: ' ALIZACIONDESUMINISTRO'
[2026-01-31 16:14:45] [DEBUG]    📦 Palabras clave de SUPPLY detectadas
[2026-01-31 16:14:45] [INFO] ✅ [ESTADO DETECTADO] SUPPLY
[2026-01-31 16:14:47] [DEBUG] 🔍 Determinando estado del objeto...
[2026-01-31 16:14:47] [DEBUG]    📐 Área botón lanzar: (76, 222, 3)
[2026-01-31 16:14:47] [DEBUG]    📐 Área texto supply: (101, 361, 3)
[2026-01-31 16:14:47] [DEBUG]    📐 Área cooldown: (158, 222, 3)
[2026-01-31 16:14:49] [INFO] 📝 [OCR] Botón: ''
[2026-01-31 16:14:49] [INFO] 📝 [OCR] Texto: 'ALIZACIONDESUMINISTRO'
[2026-01-31 16:14:49] [INFO] 📝 [OCR] Combinado: ' ALIZACIONDESUMINISTRO'
[2026-01-31 16:14:49] [DEBUG]    📦 Palabras clave de SUPPLY detectadas
[2026-01-31 16:14:49] [INFO] ✅ [ESTADO DETECTADO] SUPPLY
[2026-01-31 16:14:50] [INFO] ================================================================================
[2026-01-31 16:14:50] [INFO] ⛔ BOT DETENIDO POR USUARIO (Ctrl+C o 'q')
[2026-01-31 16:14:50] [INFO] ================================================================================
[2026-01-31 16:14:50] [INFO] 📊 RESUMEN DE RECURSOS COLECTADOS:
[2026-01-31 16:14:50] [INFO] --------------------------------------------------------------------------------
[2026-01-31 16:14:50] [INFO] 📦 SUMINISTROS: Ninguno
[2026-01-31 16:14:50] [INFO] 🦖 DINOSAURIOS: Ninguno
[2026-01-31 16:14:50] [INFO] ================================================================================
[2026-01-31 16:14:50] [INFO] ✅ Sesión finalizada. Log guardado en carpeta 'logs/'
[2026-01-31 16:14:50] [INFO] ================================================================================
