[2026-01-22 19:01:26] [INFO] ================================================================================
[2026-01-22 19:01:26] [INFO] 🦖 JURASSIC WORLD ALIVE BOT - INICIADO
[2026-01-22 19:01:26] [INFO] ================================================================================
[2026-01-22 19:01:26] [INFO] 📁 Log guardado en: logs/bot_log_20260122_190126.log
[2026-01-22 19:01:26] [INFO] ================================================================================
[2026-01-22 19:01:26] [INFO] 🎮 INSTRUCCIONES DE CALIBRACIÓN
[2026-01-22 19:01:26] [INFO] ================================================================================
[2026-01-22 19:01:26] [INFO] 1️⃣  Abre BlueStacks con Jurassic World Alive en el MAPA
[2026-01-22 19:01:26] [INFO] 2️⃣  Presiona 'a' y haz click en ESQUINA SUPERIOR IZQUIERDA del juego
[2026-01-22 19:01:26] [INFO] 3️⃣  Presiona 'a' otra vez y haz click en ESQUINA INFERIOR DERECHA
[2026-01-22 19:01:26] [INFO] 4️⃣  El bot empezará a funcionar automáticamente
[2026-01-22 19:01:26] [INFO] ❌ Presiona 'q' para detener el bot en cualquier momento
[2026-01-22 19:01:26] [INFO] ================================================================================
[2026-01-22 19:01:26] [INFO] 🔧 Inicializando Bot...
[2026-01-22 19:01:26] [INFO] ⏱️  Tiempo límite configurado: 4 horas
[2026-01-22 19:01:51] [INFO] 🔘 Tecla 'a' presionada
[2026-01-22 19:01:51] [INFO] ✅ Primer punto capturado: (771, 50)
[2026-01-22 19:01:51] [INFO] 👉 Ahora presiona 'a' de nuevo y haz click en la esquina inferior derecha
[2026-01-22 19:01:55] [INFO] 🔘 Tecla 'a' presionada
[2026-01-22 19:01:55] [INFO] ✅ Segundo punto capturado: (1337, 1003)
[2026-01-22 19:01:55] [INFO] ================================================================================
[2026-01-22 19:01:55] [INFO] 📐 CONFIGURACIÓN DE VENTANA BLUESTACKS
[2026-01-22 19:01:55] [INFO] ================================================================================
[2026-01-22 19:01:55] [INFO] 📍 Posición X: 771px
[2026-01-22 19:01:55] [INFO] 📍 Posición Y: 50px
[2026-01-22 19:01:55] [INFO] 📏 Ancho (W): 566px
[2026-01-22 19:01:55] [INFO] 📏 Alto (H): 953px
[2026-01-22 19:01:55] [INFO] 🎯 Esquina superior izquierda: (771, 50)
[2026-01-22 19:01:55] [INFO] 🎯 Esquina inferior derecha: (1337, 1003)
[2026-01-22 19:01:55] [INFO] ================================================================================
[2026-01-22 19:01:55] [INFO] 🎯 Shooting zone: Y[263-726] X[11-482]
[2026-01-22 19:01:55] [INFO] 🚀 Launch button: Y[745-816] X[155-364]
[2026-01-22 19:01:55] [INFO] ⏱️  Cooldown text area: Y[516-665] X[155-364]
[2026-01-22 19:01:55] [INFO] 📝 Supply text area: Y[47-142] X[113-452]
[2026-01-22 19:01:55] [INFO] 📸 Capturando vista inicial del mapa para análisis...
[2026-01-22 19:01:55] [INFO] ✅ Captura inicial guardada: map_initial_20260122_190155.png
[2026-01-22 19:01:55] [INFO] 🚀 Calibración completa! El bot comenzará a operar...
[2026-01-22 19:01:56] [DEBUG] 🪙 Verificando monedas...
[2026-01-22 19:01:56] [DEBUG] 📦 Verificando supply drops...
[2026-01-22 19:01:57] [DEBUG] 🔍 Buscando supply drops...
[2026-01-22 19:01:57] [DEBUG]    📊 Supply color range: R[160-255] G[60-255] B[0-120]
[2026-01-22 19:01:57] [DEBUG]    📊 Event color range: R[0-180] G[120-255] B[0-180]
[2026-01-22 19:01:57] [DEBUG]    📐 Zona analizada: (463, 471, 3)
[2026-01-22 19:01:57] [DEBUG]    🎨 Píxeles detectados inicialmente: 100596
[2026-01-22 19:01:57] [DEBUG]    🔢 Componentes detectados: 164
[2026-01-22 19:01:57] [DEBUG]    ✅ Supply drop #1: 117321 píxeles en posición (445, 229)
[2026-01-22 19:01:57] [DEBUG]    ✅ Supply drop #6: 31 píxeles en posición (333, 403)
[2026-01-22 19:01:57] [DEBUG]    ✅ Supply drop #11: 19 píxeles en posición (376, 343)
[2026-01-22 19:01:57] [DEBUG]    ✅ Supply drop #14: 18 píxeles en posición (383, 353)
[2026-01-22 19:01:57] [DEBUG]    ✅ Supply drop #16: 22 píxeles en posición (398, 442)
[2026-01-22 19:01:57] [DEBUG]    ✅ Supply drop #21: 59 píxeles en posición (414, 437)
[2026-01-22 19:01:57] [DEBUG]    ✅ Supply drop #28: 28 píxeles en posición (433, 432)
[2026-01-22 19:01:57] [DEBUG]    ✅ Supply drop #29: 80 píxeles en posición (450, 80)
[2026-01-22 19:01:57] [DEBUG]    ✅ Supply drop #31: 30 píxeles en posición (446, 428)
[2026-01-22 19:01:57] [DEBUG]    ✅ Supply drop #32: 32 píxeles en posición (459, 424)
[2026-01-22 19:01:57] [DEBUG]    ✅ Supply drop #34: 108 píxeles en posición (468, 20)
[2026-01-22 19:01:57] [DEBUG]    ✅ Supply drop #36: 36 píxeles en posición (476, 419)
[2026-01-22 19:01:57] [DEBUG]    ✅ Supply drop #41: 42 píxeles en posición (491, 415)
[2026-01-22 19:01:57] [DEBUG]    ✅ Supply drop #46: 25 píxeles en posición (499, 361)
[2026-01-22 19:01:57] [DEBUG]    ✅ Supply drop #49: 27 píxeles en posición (504, 428)
[2026-01-22 19:01:57] [DEBUG]    ✅ Supply drop #53: 41 píxeles en posición (528, 404)
[2026-01-22 19:01:57] [DEBUG]    ✅ Supply drop #56: 58 píxeles en posición (568, 392)
[2026-01-22 19:01:57] [DEBUG]    ✅ Supply drop #59: 85 píxeles en posición (579, 430)
[2026-01-22 19:01:57] [DEBUG]    ✅ Supply drop #60: 21 píxeles en posición (578, 183)
[2026-01-22 19:01:57] [DEBUG]    ✅ Supply drop #67: 155 píxeles en posición (609, 384)
[2026-01-22 19:01:57] [DEBUG]    ✅ Supply drop #68: 4133 píxeles en posición (651, 292)
[2026-01-22 19:01:57] [DEBUG]    ✅ Supply drop #69: 20 píxeles en posición (608, 442)
[2026-01-22 19:01:57] [DEBUG]    ✅ Supply drop #76: 18 píxeles en posición (624, 386)
[2026-01-22 19:01:57] [DEBUG]    ✅ Supply drop #80: 35 píxeles en posición (636, 217)
[2026-01-22 19:01:57] [DEBUG]    ✅ Supply drop #82: 90 píxeles en posición (639, 372)
[2026-01-22 19:01:57] [DEBUG]    ✅ Supply drop #85: 53 píxeles en posición (638, 466)
[2026-01-22 19:01:57] [DEBUG]    ✅ Supply drop #95: 78 píxeles en posición (656, 212)
[2026-01-22 19:01:57] [DEBUG]    ✅ Supply drop #98: 42 píxeles en posición (654, 184)
[2026-01-22 19:01:57] [DEBUG]    ✅ Supply drop #101: 116 píxeles en posición (657, 96)
[2026-01-22 19:01:57] [DEBUG]    ✅ Supply drop #104: 873 píxeles en posición (689, 471)
[2026-01-22 19:01:57] [DEBUG]    ✅ Supply drop #108: 412 píxeles en posición (690, 197)
[2026-01-22 19:01:57] [DEBUG]    ✅ Supply drop #109: 106 píxeles en posición (674, 361)
[2026-01-22 19:01:57] [DEBUG]    ✅ Supply drop #111: 52 píxeles en posición (671, 182)
[2026-01-22 19:01:57] [DEBUG]    ✅ Supply drop #118: 40 píxeles en posición (681, 249)
[2026-01-22 19:01:57] [DEBUG]    ✅ Supply drop #123: 16 píxeles en posición (684, 165)
[2026-01-22 19:01:57] [DEBUG]    ✅ Supply drop #145: 128 píxeles en posición (707, 352)
[2026-01-22 19:01:57] [DEBUG]    ✅ Supply drop #154: 34 píxeles en posición (709, 446)
[2026-01-22 19:01:57] [DEBUG]    ✅ Supply drop #159: 147 píxeles en posición (717, 158)
[2026-01-22 19:01:57] [INFO] 🟠 [SUPPLY DROP] Detectados 38 supply drops: [[445, 229], [333, 403], [376, 343], [383, 353], [398, 442], [414, 437], [433, 432], [450, 80], [446, 428], [459, 424], [468, 20], [476, 419], [491, 415], [499, 361], [504, 428], [528, 404], [568, 392], [579, 430], [578, 183], [609, 384], [651, 292], [608, 442], [624, 386], [636, 217], [639, 372], [638, 466], [656, 212], [654, 184], [657, 96], [689, 471], [690, 197], [674, 361], [671, 182], [681, 249], [684, 165], [707, 352], [709, 446], [717, 158]]
[2026-01-22 19:01:57] [DEBUG] ⛔ [SUPPLY] Posición (608, 442) en zona excluida: Inferior derecha (Nuevo/Mochila)
[2026-01-22 19:01:57] [DEBUG] ⛔ [SUPPLY] Posición (624, 386) en zona excluida: Inferior derecha (Nuevo/Mochila)
[2026-01-22 19:01:57] [DEBUG] ⛔ [SUPPLY] Posición (638, 466) en zona excluida: Inferior derecha (Nuevo/Mochila)
[2026-01-22 19:01:57] [DEBUG] ⛔ [SUPPLY] Posición (657, 96) en zona excluida: Inferior izquierda (Especial/Extra)
[2026-01-22 19:01:57] [DEBUG] ⛔ [SUPPLY] Posición (689, 471) en zona excluida: Inferior derecha (Nuevo/Mochila)
[2026-01-22 19:01:57] [DEBUG] ⛔ [SUPPLY] Posición (684, 165) en zona excluida: Inferior izquierda (Especial/Extra)
[2026-01-22 19:01:57] [DEBUG] ⛔ [SUPPLY] Posición (709, 446) en zona excluida: Inferior derecha (Nuevo/Mochila)
[2026-01-22 19:01:57] [DEBUG] ⛔ [SUPPLY] Posición (717, 158) en zona excluida: Inferior izquierda (Especial/Extra)
[2026-01-22 19:01:57] [INFO] 📦 Recolectando 30 supply drops válidos...
[2026-01-22 19:02:06] [DEBUG] 🔍 Determinando estado del objeto...
[2026-01-22 19:02:06] [DEBUG]    📐 Área botón lanzar: (71, 209, 3)
[2026-01-22 19:02:06] [DEBUG]    📐 Área texto supply: (95, 339, 3)
[2026-01-22 19:02:06] [DEBUG]    📐 Área cooldown: (149, 209, 3)
[2026-01-22 19:02:10] [INFO] 📝 [OCR] Botón: '~LANZAR'
[2026-01-22 19:02:10] [INFO] 📝 [OCR] Texto: ''
[2026-01-22 19:02:10] [INFO] 📝 [OCR] Combinado: '~LANZAR '
[2026-01-22 19:02:10] [DEBUG]    🦖 Palabras clave de DINO detectadas
[2026-01-22 19:02:10] [INFO] ✅ [ESTADO DETECTADO] DINO
[2026-01-22 19:02:20] [DEBUG] 🦖 Verificando dinosaurios...
[2026-01-22 19:02:30] [DEBUG] ⛔ [DINO] Posición (667, 11) en zona excluida: Inferior izquierda (Especial/Extra)
[2026-01-22 19:02:30] [DEBUG] ⛔ [DINO] Posición (725, 407) en zona excluida: Inferior derecha (Nuevo/Mochila)
[2026-01-22 19:02:30] [DEBUG] ⛔ [DINO] Posición (725, 11) en zona excluida: Inferior izquierda (Especial/Extra)
[2026-01-22 19:02:30] [DEBUG] ⛔ [DINO] Posición (725, 126) en zona excluida: Inferior izquierda (Especial/Extra)
[2026-01-22 19:02:30] [INFO] 🦖 Disparando a 51 dinosaurios válidos...
[2026-01-22 19:02:30] [INFO] ================================================================================
[2026-01-22 19:02:30] [INFO] ⛔ BOT DETENIDO POR USUARIO (Ctrl+C o 'q')
[2026-01-22 19:02:30] [INFO] ================================================================================
[2026-01-22 19:02:30] [INFO] 📊 RESUMEN DE RECURSOS COLECTADOS:
[2026-01-22 19:02:30] [INFO] --------------------------------------------------------------------------------
[2026-01-22 19:02:30] [INFO] 📦 SUMINISTROS: Ninguno
[2026-01-22 19:02:30] [INFO] 🦖 DINOSAURIOS: Ninguno
[2026-01-22 19:02:30] [INFO] ================================================================================
[2026-01-22 19:02:30] [INFO] ✅ Sesión finalizada. Log guardado en carpeta 'logs/'
[2026-01-22 19:02:30] [INFO] ================================================================================
