[2026-01-23 19:04:42] [INFO] ================================================================================
[2026-01-23 19:04:42] [INFO] 🦖 JURASSIC WORLD ALIVE BOT - INICIADO
[2026-01-23 19:04:42] [INFO] ================================================================================
[2026-01-23 19:04:42] [INFO] 📁 Log guardado en: logs/bot_log_20260123_190442.log
[2026-01-23 19:04:42] [INFO] ================================================================================
[2026-01-23 19:04:42] [INFO] 🎮 INSTRUCCIONES DE CALIBRACIÓN
[2026-01-23 19:04:42] [INFO] ================================================================================
[2026-01-23 19:04:42] [INFO] 1️⃣  Abre BlueStacks con Jurassic World Alive en el MAPA
[2026-01-23 19:04:42] [INFO] 2️⃣  Presiona 'a' y haz click en ESQUINA SUPERIOR IZQUIERDA del juego
[2026-01-23 19:04:42] [INFO] 3️⃣  Presiona 'a' otra vez y haz click en ESQUINA INFERIOR DERECHA
[2026-01-23 19:04:42] [INFO] 4️⃣  El bot empezará a funcionar automáticamente
[2026-01-23 19:04:42] [INFO] ❌ Presiona 'q' para detener el bot en cualquier momento
[2026-01-23 19:04:42] [INFO] ================================================================================
[2026-01-23 19:04:42] [INFO] 🔧 Inicializando Bot...
[2026-01-23 19:04:42] [INFO] ⏱️  Tiempo límite configurado: 4 horas
[2026-01-23 19:04:42] [INFO] 📁 Carpeta 'debug_screenshots' creada
[2026-01-23 19:04:46] [INFO] 🔘 Tecla 'a' presionada
[2026-01-23 19:04:46] [INFO] ✅ Primer punto capturado: (769, 50)
[2026-01-23 19:04:46] [INFO] 👉 Ahora presiona 'a' de nuevo y haz click en la esquina inferior derecha
[2026-01-23 19:04:50] [INFO] 🔘 Tecla 'a' presionada
[2026-01-23 19:04:50] [INFO] ✅ Segundo punto capturado: (1336, 1000)
[2026-01-23 19:04:50] [INFO] ================================================================================
[2026-01-23 19:04:50] [INFO] 📐 CONFIGURACIÓN DE VENTANA BLUESTACKS
[2026-01-23 19:04:50] [INFO] ================================================================================
[2026-01-23 19:04:50] [INFO] 📍 Posición X: 769px
[2026-01-23 19:04:50] [INFO] 📍 Posición Y: 50px
[2026-01-23 19:04:50] [INFO] 📏 Ancho (W): 567px
[2026-01-23 19:04:50] [INFO] 📏 Alto (H): 950px
[2026-01-23 19:04:50] [INFO] 🎯 Esquina superior izquierda: (769, 50)
[2026-01-23 19:04:50] [INFO] 🎯 Esquina inferior derecha: (1336, 1000)
[2026-01-23 19:04:50] [INFO] ================================================================================
[2026-01-23 19:04:50] [INFO] 🎯 Shooting zone: Y[262-723] X[11-483]
[2026-01-23 19:04:50] [INFO] 🚀 Launch button: Y[743-813] X[155-365]
[2026-01-23 19:04:50] [INFO] ⏱️  Cooldown text area: Y[514-663] X[155-365]
[2026-01-23 19:04:50] [INFO] 📝 Supply text area: Y[47-142] X[113-453]
[2026-01-23 19:04:50] [INFO] 📸 Capturando vista inicial del mapa para análisis...
[2026-01-23 19:04:51] [INFO] ✅ Captura inicial guardada: map_initial_20260123_190450.png
[2026-01-23 19:04:51] [INFO] 🚀 Calibración completa! El bot comenzará a operar...
[2026-01-23 19:04:52] [DEBUG] 🪙 Verificando monedas...
[2026-01-23 19:04:52] [DEBUG] 📦 Verificando supply drops...
[2026-01-23 19:04:52] [DEBUG] 🔍 Buscando supply drops...
[2026-01-23 19:04:52] [DEBUG]    📊 Supply color range: R[160-255] G[60-255] B[0-120]
[2026-01-23 19:04:52] [DEBUG]    📊 Event color range: R[0-180] G[120-255] B[0-180]
[2026-01-23 19:04:52] [DEBUG]    📐 Zona analizada: (461, 472, 3)
[2026-01-23 19:04:52] [DEBUG]    🎨 Píxeles detectados inicialmente: 96108
[2026-01-23 19:04:52] [DEBUG]    🔢 Componentes detectados: 132
[2026-01-23 19:04:52] [DEBUG]    ✅ Supply drop #1: 79 píxeles en posición (270, 18)
[2026-01-23 19:04:52] [DEBUG]    ✅ Supply drop #2: 111668 píxeles en posición (446, 217)
[2026-01-23 19:04:52] [DEBUG]    ✅ Supply drop #6: 50 píxeles en posición (300, 15)
[2026-01-23 19:04:52] [DEBUG]    ✅ Supply drop #11: 38 píxeles en posición (388, 173)
[2026-01-23 19:04:52] [DEBUG]    ✅ Supply drop #19: 64 píxeles en posición (409, 476)
[2026-01-23 19:04:52] [DEBUG]    ✅ Supply drop #24: 27 píxeles en posición (426, 469)
[2026-01-23 19:04:52] [DEBUG]    ✅ Supply drop #25: 29 píxeles en posición (437, 120)
[2026-01-23 19:04:52] [DEBUG]    ✅ Supply drop #26: 30 píxeles en posición (440, 464)
[2026-01-23 19:04:52] [DEBUG]    ✅ Supply drop #28: 29 píxeles en posición (448, 104)
[2026-01-23 19:04:52] [DEBUG]    ✅ Supply drop #30: 30 píxeles en posición (449, 32)
[2026-01-23 19:04:52] [DEBUG]    ✅ Supply drop #31: 32 píxeles en posición (452, 459)
[2026-01-23 19:04:52] [DEBUG]    ✅ Supply drop #32: 3145 píxeles en posición (542, 461)
[2026-01-23 19:04:52] [DEBUG]    ✅ Supply drop #33: 35 píxeles en posición (465, 454)
[2026-01-23 19:04:52] [DEBUG]    ✅ Supply drop #37: 39 píxeles en posición (482, 448)
[2026-01-23 19:04:52] [DEBUG]    ✅ Supply drop #38: 43 píxeles en posición (497, 442)
[2026-01-23 19:04:52] [DEBUG]    ✅ Supply drop #42: 23 píxeles en posición (511, 452)
[2026-01-23 19:04:52] [DEBUG]    ✅ Supply drop #44: 43 píxeles en posición (514, 435)
[2026-01-23 19:04:52] [DEBUG]    ✅ Supply drop #48: 54 píxeles en posición (535, 427)
[2026-01-23 19:04:52] [DEBUG]    ✅ Supply drop #50: 59 píxeles en posición (554, 419)
[2026-01-23 19:04:52] [DEBUG]    ✅ Supply drop #53: 66 píxeles en posición (574, 411)
[2026-01-23 19:04:52] [DEBUG]    ✅ Supply drop #57: 23 píxeles en posición (582, 443)
[2026-01-23 19:04:52] [DEBUG]    ✅ Supply drop #59: 42 píxeles en posición (590, 451)
[2026-01-23 19:04:52] [DEBUG]    ✅ Supply drop #67: 221 píxeles en posición (616, 400)
[2026-01-23 19:04:52] [DEBUG]    ✅ Supply drop #68: 330 píxeles en posición (616, 430)
[2026-01-23 19:04:52] [DEBUG]    ✅ Supply drop #70: 47 píxeles en posición (618, 456)
[2026-01-23 19:04:52] [DEBUG]    ✅ Supply drop #74: 763 píxeles en posición (656, 452)
[2026-01-23 19:04:52] [DEBUG]    ✅ Supply drop #76: 95 píxeles en posición (642, 467)
[2026-01-23 19:04:52] [DEBUG]    ✅ Supply drop #85: 432 píxeles en posición (703, 69)
[2026-01-23 19:04:52] [DEBUG]    ✅ Supply drop #86: 66 píxeles en posición (682, 369)
[2026-01-23 19:04:52] [DEBUG]    ✅ Supply drop #103: 234 píxeles en posición (711, 475)
[2026-01-23 19:04:52] [DEBUG]    ✅ Supply drop #110: 132 píxeles en posición (712, 357)
[2026-01-23 19:04:52] [DEBUG]    ✅ Supply drop #111: 122 píxeles en posición (709, 163)
[2026-01-23 19:04:52] [DEBUG]    ✅ Supply drop #112: 302 píxeles en posición (714, 232)
[2026-01-23 19:04:52] [DEBUG]    ✅ Supply drop #126: 51 píxeles en posición (720, 311)
[2026-01-23 19:04:52] [INFO] 🟠 [SUPPLY DROP] Detectados 34 supply drops: [[270, 18], [446, 217], [300, 15], [388, 173], [409, 476], [426, 469], [437, 120], [440, 464], [448, 104], [449, 32], [452, 459], [542, 461], [465, 454], [482, 448], [497, 442], [511, 452], [514, 435], [535, 427], [554, 419], [574, 411], [582, 443], [590, 451], [616, 400], [616, 430], [618, 456], [656, 452], [642, 467], [703, 69], [682, 369], [711, 475], [712, 357], [709, 163], [714, 232], [720, 311]]
[2026-01-23 19:04:52] [DEBUG] ⛔ [SUPPLY] Posición (616, 400) en zona excluida: Inferior derecha (Nuevo/Mochila)
[2026-01-23 19:04:52] [DEBUG] ⛔ [SUPPLY] Posición (616, 430) en zona excluida: Inferior derecha (Nuevo/Mochila)
[2026-01-23 19:04:52] [DEBUG] ⛔ [SUPPLY] Posición (618, 456) en zona excluida: Inferior derecha (Nuevo/Mochila)
[2026-01-23 19:04:52] [DEBUG] ⛔ [SUPPLY] Posición (656, 452) en zona excluida: Inferior derecha (Nuevo/Mochila)
[2026-01-23 19:04:52] [DEBUG] ⛔ [SUPPLY] Posición (642, 467) en zona excluida: Inferior derecha (Nuevo/Mochila)
[2026-01-23 19:04:52] [DEBUG] ⛔ [SUPPLY] Posición (703, 69) en zona excluida: Inferior izquierda (Especial/Extra)
[2026-01-23 19:04:52] [DEBUG] ⛔ [SUPPLY] Posición (711, 475) en zona excluida: Inferior derecha (Nuevo/Mochila)
[2026-01-23 19:04:52] [DEBUG] ⛔ [SUPPLY] Posición (709, 163) en zona excluida: Inferior izquierda (Especial/Extra)
[2026-01-23 19:04:52] [INFO] 📦 Recolectando 26 supply drops válidos...
[2026-01-23 19:04:54] [DEBUG] 🔍 Determinando estado del objeto...
[2026-01-23 19:04:54] [DEBUG]    📐 Área botón lanzar: (70, 210, 3)
[2026-01-23 19:04:54] [DEBUG]    📐 Área texto supply: (95, 340, 3)
[2026-01-23 19:04:54] [DEBUG]    📐 Área cooldown: (149, 210, 3)
[2026-01-23 19:04:55] [INFO] 📝 [OCR] Botón: ''
[2026-01-23 19:04:55] [INFO] 📝 [OCR] Texto: 'NIVEL9'
[2026-01-23 19:04:55] [INFO] 📝 [OCR] Combinado: ' NIVEL9'
[2026-01-23 19:04:55] [DEBUG] ⏱️  [OCR] Cooldown: 'Q'
[2026-01-23 19:04:55] [WARNING] ⛔ [EXCLUIDO] Raid con jefe detectado
[2026-01-23 19:04:55] [WARNING] ⚠️  Objeto no identificado como supply drop - Saliendo...
[2026-01-23 19:05:10] [DEBUG] 🦖 Verificando dinosaurios...
[2026-01-23 19:05:11] [DEBUG] ⛔ [DINO] Posición (627, 41) en zona excluida: Inferior izquierda (Especial/Extra)
[2026-01-23 19:05:11] [DEBUG] ⛔ [DINO] Posición (647, 29) en zona excluida: Inferior izquierda (Especial/Extra)
[2026-01-23 19:05:11] [DEBUG] ⛔ [DINO] Posición (657, 53) en zona excluida: Inferior izquierda (Especial/Extra)
[2026-01-23 19:05:11] [DEBUG] ⛔ [DINO] Posición (658, 27) en zona excluida: Inferior izquierda (Especial/Extra)
[2026-01-23 19:05:11] [DEBUG] ⛔ [DINO] Posición (662, 481) en zona excluida: Inferior derecha (Nuevo/Mochila)
[2026-01-23 19:05:11] [DEBUG] ⛔ [DINO] Posición (667, 53) en zona excluida: Inferior izquierda (Especial/Extra)
[2026-01-23 19:05:11] [DEBUG] ⛔ [DINO] Posición (675, 466) en zona excluida: Inferior derecha (Nuevo/Mochila)
[2026-01-23 19:05:11] [DEBUG] ⛔ [DINO] Posición (668, 27) en zona excluida: Inferior izquierda (Especial/Extra)
[2026-01-23 19:05:11] [DEBUG] ⛔ [DINO] Posición (722, 11) en zona excluida: Inferior izquierda (Especial/Extra)
[2026-01-23 19:05:11] [DEBUG] ⛔ [DINO] Posición (673, 33) en zona excluida: Inferior izquierda (Especial/Extra)
[2026-01-23 19:05:11] [DEBUG] ⛔ [DINO] Posición (678, 52) en zona excluida: Inferior izquierda (Especial/Extra)
[2026-01-23 19:05:11] [DEBUG] ⛔ [DINO] Posición (679, 28) en zona excluida: Inferior izquierda (Especial/Extra)
[2026-01-23 19:05:11] [DEBUG] ⛔ [DINO] Posición (695, 482) en zona excluida: Inferior derecha (Nuevo/Mochila)
[2026-01-23 19:05:11] [DEBUG] ⛔ [DINO] Posición (703, 479) en zona excluida: Inferior derecha (Nuevo/Mochila)
[2026-01-23 19:05:11] [INFO] 🦖 Disparando a 36 dinosaurios válidos...
[2026-01-23 19:05:12] [DEBUG] 🔍 Determinando estado del objeto...
[2026-01-23 19:05:12] [DEBUG]    📐 Área botón lanzar: (70, 210, 3)
[2026-01-23 19:05:12] [DEBUG]    📐 Área texto supply: (95, 340, 3)
[2026-01-23 19:05:12] [DEBUG]    📐 Área cooldown: (149, 210, 3)
[2026-01-23 19:05:13] [INFO] 📝 [OCR] Botón: ''
[2026-01-23 19:05:13] [INFO] 📝 [OCR] Texto: 'NIVEL9'
[2026-01-23 19:05:13] [INFO] 📝 [OCR] Combinado: ' NIVEL9'
[2026-01-23 19:05:13] [WARNING] ⛔ [EXCLUIDO] Raid con jefe detectado
[2026-01-23 19:05:17] [DEBUG] 🔍 Determinando estado del objeto...
[2026-01-23 19:05:17] [DEBUG]    📐 Área botón lanzar: (70, 210, 3)
[2026-01-23 19:05:17] [DEBUG]    📐 Área texto supply: (95, 340, 3)
[2026-01-23 19:05:17] [DEBUG]    📐 Área cooldown: (149, 210, 3)
[2026-01-23 19:05:18] [INFO] 📝 [OCR] Botón: ''
[2026-01-23 19:05:18] [INFO] 📝 [OCR] Texto: '(ALIZACIONDESUMINISTRO:'
[2026-01-23 19:05:18] [INFO] 📝 [OCR] Combinado: ' (ALIZACIONDESUMINISTRO:'
[2026-01-23 19:05:18] [DEBUG]    📦 Palabras clave de SUPPLY detectadas
[2026-01-23 19:05:18] [INFO] ✅ [ESTADO DETECTADO] SUPPLY
[2026-01-23 19:05:21] [DEBUG] 🔍 Determinando estado del objeto...
[2026-01-23 19:05:21] [DEBUG]    📐 Área botón lanzar: (70, 210, 3)
[2026-01-23 19:05:21] [DEBUG]    📐 Área texto supply: (95, 340, 3)
[2026-01-23 19:05:21] [DEBUG]    📐 Área cooldown: (149, 210, 3)
[2026-01-23 19:05:22] [INFO] 📝 [OCR] Botón: 'IUNETEAHORA'
[2026-01-23 19:05:22] [INFO] 📝 [OCR] Texto: ''
[2026-01-23 19:05:22] [INFO] 📝 [OCR] Combinado: 'IUNETEAHORA '
[2026-01-23 19:05:22] [WARNING] ⛔ [EXCLUIDO] Dinosaurio fuera de rango (VIP requerido)
[2026-01-23 19:05:26] [DEBUG] 🔍 Determinando estado del objeto...
[2026-01-23 19:05:26] [DEBUG]    📐 Área botón lanzar: (70, 210, 3)
[2026-01-23 19:05:26] [DEBUG]    📐 Área texto supply: (95, 340, 3)
[2026-01-23 19:05:26] [DEBUG]    📐 Área cooldown: (149, 210, 3)
[2026-01-23 19:05:27] [INFO] 📝 [OCR] Botón: 'LANZAR'
[2026-01-23 19:05:27] [INFO] 📝 [OCR] Texto: 'SEAWVISSERFW'
[2026-01-23 19:05:27] [INFO] 📝 [OCR] Combinado: 'LANZAR SEAWVISSERFW'
[2026-01-23 19:05:27] [DEBUG]    🦖 Palabras clave de DINO detectadas
[2026-01-23 19:05:27] [INFO] ✅ [ESTADO DETECTADO] DINO
[2026-01-23 19:05:42] [WARNING] ⚠️  Forzando disparo #1 (timeout 6s)
[2026-01-23 19:05:48] [WARNING] ⚠️  Forzando disparo #2 (timeout 6s)
[2026-01-23 19:06:27] [DEBUG] 🔍 Determinando estado del objeto...
[2026-01-23 19:06:27] [DEBUG]    📐 Área botón lanzar: (70, 210, 3)
[2026-01-23 19:06:27] [DEBUG]    📐 Área texto supply: (95, 340, 3)
[2026-01-23 19:06:27] [DEBUG]    📐 Área cooldown: (149, 210, 3)
[2026-01-23 19:06:28] [INFO] 📝 [OCR] Botón: 'PALAGUYVOLDAUL'
[2026-01-23 19:06:28] [INFO] 📝 [OCR] Texto: '(ALIZACIONDESUMINISTRO:'
[2026-01-23 19:06:28] [INFO] 📝 [OCR] Combinado: 'PALAGUYVOLDAUL (ALIZACIONDESUMINISTRO:'
[2026-01-23 19:06:28] [DEBUG]    📦 Palabras clave de SUPPLY detectadas
[2026-01-23 19:06:28] [INFO] ✅ [ESTADO DETECTADO] SUPPLY
[2026-01-23 19:06:31] [INFO] ================================================================================
[2026-01-23 19:06:31] [INFO] ⛔ BOT DETENIDO POR USUARIO (Ctrl+C o 'q')
[2026-01-23 19:06:31] [INFO] ================================================================================
[2026-01-23 19:06:31] [INFO] 📊 RESUMEN DE RECURSOS COLECTADOS:
[2026-01-23 19:06:31] [INFO] --------------------------------------------------------------------------------
[2026-01-23 19:06:31] [INFO] 📦 SUMINISTROS: Ninguno
[2026-01-23 19:06:31] [INFO] 🦖 DINOSAURIOS: Ninguno
[2026-01-23 19:06:31] [INFO] ================================================================================
[2026-01-23 19:06:31] [INFO] ✅ Sesión finalizada. Log guardado en carpeta 'logs/'
[2026-01-23 19:06:31] [INFO] ================================================================================
