[2026-01-20 01:03:58] [INFO] ================================================================================
[2026-01-20 01:03:58] [INFO] 🦖 JURASSIC WORLD ALIVE BOT - INICIADO
[2026-01-20 01:03:58] [INFO] ================================================================================
[2026-01-20 01:03:58] [INFO] 📁 Log guardado en: logs/bot_log_20260120_010358.log
[2026-01-20 01:03:58] [INFO] ================================================================================
[2026-01-20 01:03:58] [INFO] 🎮 INSTRUCCIONES DE CALIBRACIÓN
[2026-01-20 01:03:58] [INFO] ================================================================================
[2026-01-20 01:03:58] [INFO] 1️⃣  Abre BlueStacks con Jurassic World Alive en el MAPA
[2026-01-20 01:03:58] [INFO] 2️⃣  Presiona 'a' y haz click en ESQUINA SUPERIOR IZQUIERDA del juego
[2026-01-20 01:03:58] [INFO] 3️⃣  Presiona 'a' otra vez y haz click en ESQUINA INFERIOR DERECHA
[2026-01-20 01:03:58] [INFO] 4️⃣  El bot empezará a funcionar automáticamente
[2026-01-20 01:03:58] [INFO] ❌ Presiona 'q' para detener el bot en cualquier momento
[2026-01-20 01:03:58] [INFO] ================================================================================
[2026-01-20 01:03:58] [INFO] 🔧 Inicializando Bot...
[2026-01-20 01:03:58] [INFO] ⏱️  Tiempo límite configurado: 4 horas
[2026-01-20 01:04:03] [INFO] 🔘 Tecla 'a' presionada
[2026-01-20 01:04:03] [INFO] ✅ Primer punto capturado: (888, 71)
[2026-01-20 01:04:03] [INFO] 👉 Ahora presiona 'a' de nuevo y haz click en la esquina inferior derecha
[2026-01-20 01:04:07] [INFO] 🔘 Tecla 'a' presionada
[2026-01-20 01:04:07] [INFO] ✅ Segundo punto capturado: (1455, 1026)
[2026-01-20 01:04:07] [INFO] ================================================================================
[2026-01-20 01:04:07] [INFO] 📐 CONFIGURACIÓN DE VENTANA BLUESTACKS
[2026-01-20 01:04:07] [INFO] ================================================================================
[2026-01-20 01:04:07] [INFO] 📍 Posición X: 888px
[2026-01-20 01:04:07] [INFO] 📍 Posición Y: 71px
[2026-01-20 01:04:07] [INFO] 📏 Ancho (W): 567px
[2026-01-20 01:04:07] [INFO] 📏 Alto (H): 955px
[2026-01-20 01:04:07] [INFO] 🎯 Esquina superior izquierda: (888, 71)
[2026-01-20 01:04:07] [INFO] 🎯 Esquina inferior derecha: (1455, 1026)
[2026-01-20 01:04:07] [INFO] ================================================================================
[2026-01-20 01:04:07] [INFO] 🎯 Shooting zone: Y[264-727] X[11-483]
[2026-01-20 01:04:07] [INFO] 🚀 Launch button: Y[746-818] X[155-365]
[2026-01-20 01:04:07] [INFO] ⏱️  Cooldown text area: Y[517-666] X[155-365]
[2026-01-20 01:04:07] [INFO] 📝 Supply text area: Y[47-143] X[113-453]
[2026-01-20 01:04:07] [INFO] 📸 Capturando vista inicial del mapa para análisis...
[2026-01-20 01:04:08] [INFO] ✅ Captura inicial guardada: map_initial_20260120_010407.png
[2026-01-20 01:04:08] [INFO] 🚀 Calibración completa! El bot comenzará a operar...
[2026-01-20 01:04:09] [DEBUG] 🪙 Verificando monedas...
[2026-01-20 01:04:09] [DEBUG] 📦 Verificando supply drops...
[2026-01-20 01:04:09] [DEBUG] 🔍 Buscando supply drops...
[2026-01-20 01:04:09] [DEBUG]    📊 Supply color range: R[160-255] G[60-255] B[0-120]
[2026-01-20 01:04:09] [DEBUG]    📊 Event color range: R[0-180] G[120-255] B[0-180]
[2026-01-20 01:04:09] [DEBUG]    📐 Zona analizada: (463, 472, 3)
[2026-01-20 01:04:09] [DEBUG]    🎨 Píxeles detectados inicialmente: 11958
[2026-01-20 01:04:09] [DEBUG]    🔢 Componentes detectados: 193
[2026-01-20 01:04:09] [DEBUG]    ✅ Supply drop #1: 1468 píxeles en posición (278, 96)
[2026-01-20 01:04:09] [DEBUG]    ✅ Supply drop #2: 92 píxeles en posición (274, 203)
[2026-01-20 01:04:09] [DEBUG]    ✅ Supply drop #3: 18 píxeles en posición (266, 223)
[2026-01-20 01:04:09] [DEBUG]    ✅ Supply drop #5: 330 píxeles en posición (295, 276)
[2026-01-20 01:04:09] [DEBUG]    ✅ Supply drop #6: 1790 píxeles en posición (399, 319)
[2026-01-20 01:04:09] [DEBUG]    ✅ Supply drop #8: 71 píxeles en posición (272, 355)
[2026-01-20 01:04:09] [DEBUG]    ✅ Supply drop #10: 55 píxeles en posición (267, 417)
[2026-01-20 01:04:09] [DEBUG]    ✅ Supply drop #16: 1637 píxeles en posición (310, 402)
[2026-01-20 01:04:09] [DEBUG]    ✅ Supply drop #18: 184 píxeles en posición (287, 469)
[2026-01-20 01:04:09] [DEBUG]    ✅ Supply drop #24: 225 píxeles en posición (299, 147)
[2026-01-20 01:04:09] [DEBUG]    ✅ Supply drop #25: 68 píxeles en posición (291, 18)
[2026-01-20 01:04:09] [DEBUG]    ✅ Supply drop #30: 59 píxeles en posición (297, 259)
[2026-01-20 01:04:09] [DEBUG]    ✅ Supply drop #34: 1101 píxeles en posición (337, 85)
[2026-01-20 01:04:09] [DEBUG]    ✅ Supply drop #45: 45 píxeles en posición (330, 476)
[2026-01-20 01:04:09] [DEBUG]    ✅ Supply drop #47: 53 píxeles en posición (324, 454)
[2026-01-20 01:04:09] [DEBUG]    ✅ Supply drop #52: 70 píxeles en posición (335, 248)
[2026-01-20 01:04:09] [DEBUG]    ✅ Supply drop #54: 523 píxeles en posición (395, 353)
[2026-01-20 01:04:09] [DEBUG]    ✅ Supply drop #60: 17 píxeles en posición (338, 436)
[2026-01-20 01:04:09] [DEBUG]    ✅ Supply drop #65: 183 píxeles en posición (368, 260)
[2026-01-20 01:04:09] [DEBUG]    ✅ Supply drop #69: 116 píxeles en posición (367, 26)
[2026-01-20 01:04:09] [DEBUG]    ✅ Supply drop #81: 629 píxeles en posición (425, 91)
[2026-01-20 01:04:09] [DEBUG]    ✅ Supply drop #83: 257 píxeles en posición (450, 38)
[2026-01-20 01:04:09] [DEBUG]    ✅ Supply drop #88: 207 píxeles en posición (464, 59)
[2026-01-20 01:04:09] [DEBUG]    ✅ Supply drop #96: 44 píxeles en posición (495, 24)
[2026-01-20 01:04:09] [DEBUG]    ✅ Supply drop #110: 362 píxeles en posición (590, 306)
[2026-01-20 01:04:09] [DEBUG]    ⛔ Supply drop #117 en zona excluida: Inferior izquierda (Especial/Extra) (612, 41)
[2026-01-20 01:04:09] [DEBUG]    ⛔ Supply drop #118 en zona excluida: Inferior izquierda (Especial/Extra) (612, 75)
[2026-01-20 01:04:09] [DEBUG]    ⛔ Supply drop #130 en zona excluida: Inferior izquierda (Especial/Extra) (635, 24)
[2026-01-20 01:04:09] [DEBUG]    ✅ Supply drop #131: 426 píxeles en posición (675, 339)
[2026-01-20 01:04:09] [DEBUG]    ⛔ Supply drop #132 en zona excluida: Inferior derecha (Nuevo/Mochila) (643, 465)
[2026-01-20 01:04:09] [DEBUG]    ⛔ Supply drop #133 en zona excluida: Inferior izquierda (Especial/Extra) (648, 60)
[2026-01-20 01:04:09] [DEBUG]    ⛔ Supply drop #136 en zona excluida: Inferior izquierda (Especial/Extra) (653, 13)
[2026-01-20 01:04:09] [DEBUG]    ⛔ Supply drop #139 en zona excluida: Inferior izquierda (Especial/Extra) (655, 173)
[2026-01-20 01:04:09] [DEBUG]    ⛔ Supply drop #152 en zona excluida: Inferior derecha (Nuevo/Mochila) (694, 474)
[2026-01-20 01:04:09] [DEBUG]    ✅ Supply drop #153: 70 píxeles en posición (671, 281)
[2026-01-20 01:04:09] [DEBUG]    ⛔ Supply drop #172 en zona excluida: Inferior izquierda (Especial/Extra) (681, 91)
[2026-01-20 01:04:09] [DEBUG]    ⛔ Supply drop #180 en zona excluida: Inferior izquierda (Especial/Extra) (686, 125)
[2026-01-20 01:04:09] [DEBUG]    ✅ Supply drop #190: 198 píxeles en posición (695, 188)
[2026-01-20 01:04:09] [DEBUG]    ⛔ Supply drop #193 en zona excluida: Inferior izquierda (Especial/Extra) (716, 50)
[2026-01-20 01:04:09] [INFO] 🟠 [SUPPLY DROP] Detectados 28 supply drops: [[278, 96], [274, 203], [266, 223], [295, 276], [399, 319], [272, 355], [267, 417], [310, 402], [287, 469], [299, 147], [291, 18], [297, 259], [337, 85], [330, 476], [324, 454], [335, 248], [395, 353], [338, 436], [368, 260], [367, 26], [425, 91], [450, 38], [464, 59], [495, 24], [590, 306], [675, 339], [671, 281], [695, 188]]
[2026-01-20 01:04:09] [DEBUG] 🔍 Buscando supply drops...
[2026-01-20 01:04:09] [DEBUG]    📊 Supply color range: R[160-255] G[60-255] B[0-120]
[2026-01-20 01:04:09] [DEBUG]    📊 Event color range: R[0-180] G[120-255] B[0-180]
[2026-01-20 01:04:09] [DEBUG]    📐 Zona analizada: (463, 472, 3)
[2026-01-20 01:04:09] [DEBUG]    🎨 Píxeles detectados inicialmente: 11380
[2026-01-20 01:04:09] [DEBUG]    🔢 Componentes detectados: 210
[2026-01-20 01:04:09] [DEBUG]    ✅ Supply drop #1: 1415 píxeles en posición (279, 98)
[2026-01-20 01:04:09] [DEBUG]    ✅ Supply drop #2: 90 píxeles en posición (274, 202)
[2026-01-20 01:04:09] [DEBUG]    ✅ Supply drop #3: 18 píxeles en posición (266, 223)
[2026-01-20 01:04:09] [DEBUG]    ✅ Supply drop #6: 295 píxeles en posición (296, 274)
[2026-01-20 01:04:09] [DEBUG]    ✅ Supply drop #7: 209 píxeles en posición (285, 331)
[2026-01-20 01:04:09] [DEBUG]    ✅ Supply drop #9: 70 píxeles en posición (271, 353)
[2026-01-20 01:04:09] [DEBUG]    ✅ Supply drop #11: 55 píxeles en posición (267, 417)
[2026-01-20 01:04:09] [DEBUG]    ✅ Supply drop #17: 1646 píxeles en posición (311, 402)
[2026-01-20 01:04:09] [DEBUG]    ✅ Supply drop #18: 23 píxeles en posición (278, 17)
[2026-01-20 01:04:09] [DEBUG]    ✅ Supply drop #21: 140 píxeles en posición (288, 467)
[2026-01-20 01:04:09] [DEBUG]    ✅ Supply drop #23: 20 píxeles en posición (282, 308)
[2026-01-20 01:04:09] [DEBUG]    ✅ Supply drop #24: 225 píxeles en posición (299, 148)
[2026-01-20 01:04:09] [DEBUG]    ✅ Supply drop #25: 21 píxeles en posición (290, 23)
[2026-01-20 01:04:09] [DEBUG]    ✅ Supply drop #29: 61 píxeles en posición (298, 259)
[2026-01-20 01:04:09] [DEBUG]    ✅ Supply drop #33: 17 píxeles en posición (296, 14)
[2026-01-20 01:04:09] [DEBUG]    ✅ Supply drop #34: 1098 píxeles en posición (336, 85)
[2026-01-20 01:04:09] [DEBUG]    ✅ Supply drop #48: 1624 píxeles en posición (414, 318)
[2026-01-20 01:04:09] [DEBUG]    ✅ Supply drop #54: 16 píxeles en posición (326, 451)
[2026-01-20 01:04:09] [DEBUG]    ✅ Supply drop #57: 71 píxeles en posición (335, 248)
[2026-01-20 01:04:09] [DEBUG]    ✅ Supply drop #61: 529 píxeles en posición (394, 353)
[2026-01-20 01:04:09] [DEBUG]    ✅ Supply drop #62: 22 píxeles en posición (332, 433)
[2026-01-20 01:04:09] [DEBUG]    ✅ Supply drop #71: 174 píxeles en posición (367, 260)
[2026-01-20 01:04:09] [DEBUG]    ✅ Supply drop #76: 117 píxeles en posición (368, 25)
[2026-01-20 01:04:09] [DEBUG]    ✅ Supply drop #90: 714 píxeles en posición (424, 92)
[2026-01-20 01:04:09] [DEBUG]    ✅ Supply drop #94: 267 píxeles en posición (450, 38)
[2026-01-20 01:04:09] [DEBUG]    ✅ Supply drop #100: 207 píxeles en posición (464, 59)
[2026-01-20 01:04:09] [DEBUG]    ✅ Supply drop #109: 44 píxeles en posición (495, 24)
[2026-01-20 01:04:09] [DEBUG]    ✅ Supply drop #126: 301 píxeles en posición (582, 307)
[2026-01-20 01:04:09] [DEBUG]    ⛔ Supply drop #133 en zona excluida: Inferior izquierda (Especial/Extra) (612, 41)
[2026-01-20 01:04:09] [DEBUG]    ⛔ Supply drop #134 en zona excluida: Inferior izquierda (Especial/Extra) (612, 75)
[2026-01-20 01:04:09] [DEBUG]    ✅ Supply drop #146: 50 píxeles en posición (641, 340)
[2026-01-20 01:04:09] [DEBUG]    ⛔ Supply drop #147 en zona excluida: Inferior izquierda (Especial/Extra) (635, 24)
[2026-01-20 01:04:09] [DEBUG]    ⛔ Supply drop #148 en zona excluida: Inferior derecha (Nuevo/Mochila) (643, 465)
[2026-01-20 01:04:09] [DEBUG]    ⛔ Supply drop #149 en zona excluida: Inferior izquierda (Especial/Extra) (648, 60)
[2026-01-20 01:04:09] [DEBUG]    ⛔ Supply drop #151 en zona excluida: Inferior izquierda (Especial/Extra) (653, 13)
[2026-01-20 01:04:09] [DEBUG]    ⛔ Supply drop #154 en zona excluida: Inferior izquierda (Especial/Extra) (654, 161)
[2026-01-20 01:04:09] [DEBUG]    ✅ Supply drop #161: 60 píxeles en posición (666, 245)
[2026-01-20 01:04:09] [DEBUG]    ✅ Supply drop #162: 153 píxeles en posición (671, 289)
[2026-01-20 01:04:09] [DEBUG]    ⛔ Supply drop #173 en zona excluida: Inferior derecha (Nuevo/Mochila) (694, 475)
[2026-01-20 01:04:09] [DEBUG]    ⛔ Supply drop #186 en zona excluida: Inferior izquierda (Especial/Extra) (681, 91)
[2026-01-20 01:04:09] [DEBUG]    ⛔ Supply drop #194 en zona excluida: Inferior izquierda (Especial/Extra) (686, 126)
[2026-01-20 01:04:09] [DEBUG]    ⛔ Supply drop #205 en zona excluida: Inferior izquierda (Especial/Extra) (694, 176)
[2026-01-20 01:04:09] [DEBUG]    ⛔ Supply drop #209 en zona excluida: Inferior izquierda (Especial/Extra) (716, 50)
[2026-01-20 01:04:09] [DEBUG]    ✅ Supply drop #210: 80 píxeles en posición (705, 261)
[2026-01-20 01:04:09] [INFO] 🟠 [SUPPLY DROP] Detectados 32 supply drops: [[279, 98], [274, 202], [266, 223], [296, 274], [285, 331], [271, 353], [267, 417], [311, 402], [278, 17], [288, 467], [282, 308], [299, 148], [290, 23], [298, 259], [296, 14], [336, 85], [414, 318], [326, 451], [335, 248], [394, 353], [332, 433], [367, 260], [368, 25], [424, 92], [450, 38], [464, 59], [495, 24], [582, 307], [641, 340], [666, 245], [671, 289], [705, 261]]
[2026-01-20 01:04:11] [DEBUG] 🔍 Determinando estado del objeto...
[2026-01-20 01:04:11] [DEBUG]    📐 Área botón lanzar: (72, 210, 3)
[2026-01-20 01:04:11] [DEBUG]    📐 Área texto supply: (96, 340, 3)
[2026-01-20 01:04:11] [DEBUG]    📐 Área cooldown: (149, 210, 3)
[2026-01-20 01:04:12] [INFO] 📝 [OCR] Botón: 'ENTRAR'
[2026-01-20 01:04:12] [INFO] 📝 [OCR] Texto: 'SANTUARIO'
[2026-01-20 01:04:12] [INFO] 📝 [OCR] Combinado: 'ENTRAR SANTUARIO'
[2026-01-20 01:04:12] [DEBUG] ⏱️  [OCR] Cooldown: '—4_—~MEJORESCRIATURAS:‘STESANTUARIOESTAVAC!'
[2026-01-20 01:04:12] [WARNING] ⛔ [EXCLUIDO] Santuario detectado (botón ENTRAR)
[2026-01-20 01:04:18] [DEBUG] 🔍 Determinando estado del objeto...
[2026-01-20 01:04:18] [DEBUG]    📐 Área botón lanzar: (72, 210, 3)
[2026-01-20 01:04:18] [DEBUG]    📐 Área texto supply: (96, 340, 3)
[2026-01-20 01:04:18] [DEBUG]    📐 Área cooldown: (149, 210, 3)
[2026-01-20 01:04:19] [INFO] 📝 [OCR] Botón: 'TEMASENELMUT'
[2026-01-20 01:04:19] [INFO] 📝 [OCR] Texto: 'EVENTODEASALTO'
[2026-01-20 01:04:19] [INFO] 📝 [OCR] Combinado: 'TEMASENELMUT EVENTODEASALTO'
[2026-01-20 01:04:19] [WARNING] ⛔ [EXCLUIDO] Incubadora o evento de combate detectado
[2026-01-20 01:04:22] [DEBUG] 🔍 Determinando estado del objeto...
[2026-01-20 01:04:22] [DEBUG]    📐 Área botón lanzar: (72, 210, 3)
[2026-01-20 01:04:22] [DEBUG]    📐 Área texto supply: (96, 340, 3)
[2026-01-20 01:04:22] [DEBUG]    📐 Área cooldown: (149, 210, 3)
[2026-01-20 01:04:24] [INFO] 📝 [OCR] Botón: '(™,\UNETEAHORA'
[2026-01-20 01:04:24] [INFO] 📝 [OCR] Texto: ''
[2026-01-20 01:04:24] [INFO] 📝 [OCR] Combinado: '(™,\UNETEAHORA '
[2026-01-20 01:04:24] [WARNING] ⛔ [EXCLUIDO] Dinosaurio fuera de rango (VIP requerido)
[2026-01-20 01:04:28] [DEBUG] 🔍 Determinando estado del objeto...
[2026-01-20 01:04:28] [DEBUG]    📐 Área botón lanzar: (72, 210, 3)
[2026-01-20 01:04:28] [DEBUG]    📐 Área texto supply: (96, 340, 3)
[2026-01-20 01:04:28] [DEBUG]    📐 Área cooldown: (149, 210, 3)
[2026-01-20 01:04:29] [INFO] 📝 [OCR] Botón: '(™,\UNETEAHORA'
[2026-01-20 01:04:29] [INFO] 📝 [OCR] Texto: ''
[2026-01-20 01:04:29] [INFO] 📝 [OCR] Combinado: '(™,\UNETEAHORA '
[2026-01-20 01:04:29] [WARNING] ⛔ [EXCLUIDO] Dinosaurio fuera de rango (VIP requerido)
[2026-01-20 01:04:33] [DEBUG] 🔍 Determinando estado del objeto...
[2026-01-20 01:04:33] [DEBUG]    📐 Área botón lanzar: (72, 210, 3)
[2026-01-20 01:04:33] [DEBUG]    📐 Área texto supply: (96, 340, 3)
[2026-01-20 01:04:33] [DEBUG]    📐 Área cooldown: (149, 210, 3)
[2026-01-20 01:04:34] [INFO] 📝 [OCR] Botón: '(™,\UNETEAHORA'
[2026-01-20 01:04:34] [INFO] 📝 [OCR] Texto: ''
[2026-01-20 01:04:34] [INFO] 📝 [OCR] Combinado: '(™,\UNETEAHORA '
[2026-01-20 01:04:34] [WARNING] ⛔ [EXCLUIDO] Dinosaurio fuera de rango (VIP requerido)
[2026-01-20 01:04:37] [DEBUG] 🔍 Determinando estado del objeto...
[2026-01-20 01:04:37] [DEBUG]    📐 Área botón lanzar: (72, 210, 3)
[2026-01-20 01:04:37] [DEBUG]    📐 Área texto supply: (96, 340, 3)
[2026-01-20 01:04:37] [DEBUG]    📐 Área cooldown: (149, 210, 3)
[2026-01-20 01:04:38] [INFO] 📝 [OCR] Botón: ''
[2026-01-20 01:04:38] [INFO] 📝 [OCR] Texto: 'EVENTOESPECIALATOERMINAEN:1D7H'
[2026-01-20 01:04:38] [INFO] 📝 [OCR] Combinado: ' EVENTOESPECIALATOERMINAEN:1D7H'
[2026-01-20 01:04:38] [DEBUG]    📦 Palabras clave de SUPPLY detectadas
[2026-01-20 01:04:38] [INFO] ✅ [ESTADO DETECTADO] SUPPLY
[2026-01-20 01:04:54] [DEBUG] 🔍 Determinando estado del objeto...
[2026-01-20 01:04:54] [DEBUG]    📐 Área botón lanzar: (72, 210, 3)
[2026-01-20 01:04:54] [DEBUG]    📐 Área texto supply: (96, 340, 3)
[2026-01-20 01:04:54] [DEBUG]    📐 Área cooldown: (149, 210, 3)
[2026-01-20 01:04:55] [INFO] 📝 [OCR] Botón: '—LANZAR'
[2026-01-20 01:04:55] [INFO] 📝 [OCR] Texto: 'IHSANIENTIALINTNIALLCOMUN'
[2026-01-20 01:04:55] [INFO] 📝 [OCR] Combinado: '—LANZAR IHSANIENTIALINTNIALLCOMUN'
[2026-01-20 01:04:55] [DEBUG]    🦖 Palabras clave de DINO detectadas
[2026-01-20 01:04:55] [INFO] ✅ [ESTADO DETECTADO] DINO
[2026-01-20 01:05:01] [DEBUG] 🔍 Determinando estado del objeto...
[2026-01-20 01:05:01] [DEBUG]    📐 Área botón lanzar: (72, 210, 3)
[2026-01-20 01:05:01] [DEBUG]    📐 Área texto supply: (96, 340, 3)
[2026-01-20 01:05:01] [DEBUG]    📐 Área cooldown: (149, 210, 3)
[2026-01-20 01:05:02] [INFO] 📝 [OCR] Botón: '_AE'
[2026-01-20 01:05:02] [INFO] 📝 [OCR] Texto: '(ALIZACIONDESUMINISTRO:'
[2026-01-20 01:05:02] [INFO] 📝 [OCR] Combinado: '_AE (ALIZACIONDESUMINISTRO:'
[2026-01-20 01:05:02] [DEBUG]    📦 Palabras clave de SUPPLY detectadas
[2026-01-20 01:05:02] [INFO] ✅ [ESTADO DETECTADO] SUPPLY
[2026-01-20 01:05:15] [DEBUG] 🦖 Verificando dinosaurios...
[2026-01-20 01:05:16] [DEBUG] 🔍 Determinando estado del objeto...
[2026-01-20 01:05:16] [DEBUG]    📐 Área botón lanzar: (72, 210, 3)
[2026-01-20 01:05:16] [DEBUG]    📐 Área texto supply: (96, 340, 3)
[2026-01-20 01:05:16] [DEBUG]    📐 Área cooldown: (149, 210, 3)
[2026-01-20 01:05:18] [INFO] 📝 [OCR] Botón: 'ENTRAR'
[2026-01-20 01:05:18] [INFO] 📝 [OCR] Texto: 'SANTUARIO'
[2026-01-20 01:05:18] [INFO] 📝 [OCR] Combinado: 'ENTRAR SANTUARIO'
[2026-01-20 01:05:18] [DEBUG] ⏱️  [OCR] Cooldown: '—4_—~MEJORESCRIATURAS:‘STESANTUARIOESTAVAC!'
[2026-01-20 01:05:18] [WARNING] ⛔ [EXCLUIDO] Santuario detectado (botón ENTRAR)
[2026-01-20 01:05:20] [DEBUG] 🔍 Determinando estado del objeto...
[2026-01-20 01:05:20] [DEBUG]    📐 Área botón lanzar: (72, 210, 3)
[2026-01-20 01:05:20] [DEBUG]    📐 Área texto supply: (96, 340, 3)
[2026-01-20 01:05:20] [DEBUG]    📐 Área cooldown: (149, 210, 3)
[2026-01-20 01:05:21] [INFO] 📝 [OCR] Botón: '(™,\UNETEAHORA'
[2026-01-20 01:05:21] [INFO] 📝 [OCR] Texto: 'REACOMUN'
[2026-01-20 01:05:21] [INFO] 📝 [OCR] Combinado: '(™,\UNETEAHORA REACOMUN'
[2026-01-20 01:05:21] [WARNING] ⛔ [EXCLUIDO] Dinosaurio fuera de rango (VIP requerido)
[2026-01-20 01:05:23] [DEBUG] 🔍 Determinando estado del objeto...
[2026-01-20 01:05:23] [DEBUG]    📐 Área botón lanzar: (72, 210, 3)
[2026-01-20 01:05:23] [DEBUG]    📐 Área texto supply: (96, 340, 3)
[2026-01-20 01:05:23] [DEBUG]    📐 Área cooldown: (149, 210, 3)
[2026-01-20 01:05:25] [INFO] 📝 [OCR] Botón: ''
[2026-01-20 01:05:25] [INFO] 📝 [OCR] Texto: 'EVENTODEASALTO'
[2026-01-20 01:05:25] [INFO] 📝 [OCR] Combinado: ' EVENTODEASALTO'
[2026-01-20 01:05:25] [WARNING] ⛔ [EXCLUIDO] Incubadora o evento de combate detectado
[2026-01-20 01:05:27] [DEBUG] 🔍 Determinando estado del objeto...
[2026-01-20 01:05:27] [DEBUG]    📐 Área botón lanzar: (72, 210, 3)
[2026-01-20 01:05:27] [DEBUG]    📐 Área texto supply: (96, 340, 3)
[2026-01-20 01:05:27] [DEBUG]    📐 Área cooldown: (149, 210, 3)
[2026-01-20 01:05:28] [INFO] 📝 [OCR] Botón: '(™,\UNETEAHORA'
[2026-01-20 01:05:28] [INFO] 📝 [OCR] Texto: ''
[2026-01-20 01:05:28] [INFO] 📝 [OCR] Combinado: '(™,\UNETEAHORA '
[2026-01-20 01:05:28] [WARNING] ⛔ [EXCLUIDO] Dinosaurio fuera de rango (VIP requerido)
[2026-01-20 01:05:30] [DEBUG] 🔍 Determinando estado del objeto...
[2026-01-20 01:05:30] [DEBUG]    📐 Área botón lanzar: (72, 210, 3)
[2026-01-20 01:05:30] [DEBUG]    📐 Área texto supply: (96, 340, 3)
[2026-01-20 01:05:30] [DEBUG]    📐 Área cooldown: (149, 210, 3)
[2026-01-20 01:05:31] [INFO] 📝 [OCR] Botón: '(™,\UNETEAHORA'
[2026-01-20 01:05:31] [INFO] 📝 [OCR] Texto: 'REACOMUN'
[2026-01-20 01:05:31] [INFO] 📝 [OCR] Combinado: '(™,\UNETEAHORA REACOMUN'
[2026-01-20 01:05:31] [WARNING] ⛔ [EXCLUIDO] Dinosaurio fuera de rango (VIP requerido)
[2026-01-20 01:05:34] [DEBUG] 🔍 Determinando estado del objeto...
[2026-01-20 01:05:34] [DEBUG]    📐 Área botón lanzar: (72, 210, 3)
[2026-01-20 01:05:34] [DEBUG]    📐 Área texto supply: (96, 340, 3)
[2026-01-20 01:05:34] [DEBUG]    📐 Área cooldown: (149, 210, 3)
[2026-01-20 01:05:35] [INFO] 📝 [OCR] Botón: '(™,\UNETEAHORA'
[2026-01-20 01:05:35] [INFO] 📝 [OCR] Texto: ''
[2026-01-20 01:05:35] [INFO] 📝 [OCR] Combinado: '(™,\UNETEAHORA '
[2026-01-20 01:05:35] [WARNING] ⛔ [EXCLUIDO] Dinosaurio fuera de rango (VIP requerido)
[2026-01-20 01:05:38] [DEBUG] 🔍 Determinando estado del objeto...
[2026-01-20 01:05:38] [DEBUG]    📐 Área botón lanzar: (72, 210, 3)
[2026-01-20 01:05:38] [DEBUG]    📐 Área texto supply: (96, 340, 3)
[2026-01-20 01:05:38] [DEBUG]    📐 Área cooldown: (149, 210, 3)
[2026-01-20 01:05:39] [INFO] 📝 [OCR] Botón: ''
[2026-01-20 01:05:39] [INFO] 📝 [OCR] Texto: 'EVENTODEASALTO'
[2026-01-20 01:05:39] [INFO] 📝 [OCR] Combinado: ' EVENTODEASALTO'
[2026-01-20 01:05:39] [WARNING] ⛔ [EXCLUIDO] Incubadora o evento de combate detectado
[2026-01-20 01:05:41] [DEBUG] 🔍 Determinando estado del objeto...
[2026-01-20 01:05:41] [DEBUG]    📐 Área botón lanzar: (72, 210, 3)
[2026-01-20 01:05:41] [DEBUG]    📐 Área texto supply: (96, 340, 3)
[2026-01-20 01:05:41] [DEBUG]    📐 Área cooldown: (149, 210, 3)
[2026-01-20 01:05:43] [INFO] 📝 [OCR] Botón: 'ENTRAR'
[2026-01-20 01:05:43] [INFO] 📝 [OCR] Texto: 'SANTUARIO'
[2026-01-20 01:05:43] [INFO] 📝 [OCR] Combinado: 'ENTRAR SANTUARIO'
[2026-01-20 01:05:43] [DEBUG] ⏱️  [OCR] Cooldown: '—4_—~MEJORESCRIATURAS:‘STESANTUARIOESTAVAC!'
[2026-01-20 01:05:43] [WARNING] ⛔ [EXCLUIDO] Santuario detectado (botón ENTRAR)
[2026-01-20 01:05:45] [DEBUG] 🔍 Determinando estado del objeto...
[2026-01-20 01:05:45] [DEBUG]    📐 Área botón lanzar: (72, 210, 3)
[2026-01-20 01:05:45] [DEBUG]    📐 Área texto supply: (96, 340, 3)
[2026-01-20 01:05:45] [DEBUG]    📐 Área cooldown: (149, 210, 3)
[2026-01-20 01:05:46] [INFO] 📝 [OCR] Botón: '—LANZAR'
[2026-01-20 01:05:46] [INFO] 📝 [OCR] Texto: ''
[2026-01-20 01:05:46] [INFO] 📝 [OCR] Combinado: '—LANZAR '
[2026-01-20 01:05:46] [DEBUG] ⏱️  [OCR] Cooldown: 'WS-'
[2026-01-20 01:05:46] [DEBUG]    🦖 Palabras clave de DINO detectadas
[2026-01-20 01:05:46] [INFO] ✅ [ESTADO DETECTADO] DINO
[2026-01-20 01:05:55] [INFO] 📸 Screenshot inicial de shooting guardado: debug_screenshots/shooting_start_20260120_010555.png
[2026-01-20 01:05:57] [INFO] 📸 Screenshot ANTES de disparar: debug_screenshots/shooting_before_shot_20260120_010557.png
[2026-01-20 01:05:58] [INFO] 📸 Screenshot DESPUÉS de disparar: debug_screenshots/shooting_after_shot_20260120_010557.png
[2026-01-20 01:06:02] [WARNING] ⚠️  Forzando disparo #1 (timeout 6s)
[2026-01-20 01:06:06] [DEBUG] 📸 Screenshot tracking (frame 30): debug_screenshots/shooting_tracking_20260120_010605_frame30.png
[2026-01-20 01:06:08] [WARNING] ⚠️  Forzando disparo #2 (timeout 6s)
[2026-01-20 01:06:09] [INFO] 📸 Screenshot ANTES de disparar: debug_screenshots/shooting_before_shot_20260120_010609.png
[2026-01-20 01:06:10] [INFO] 📸 Screenshot DESPUÉS de disparar: debug_screenshots/shooting_after_shot_20260120_010610.png
[2026-01-20 01:06:11] [INFO] 📸 Screenshot ANTES de disparar: debug_screenshots/shooting_before_shot_20260120_010610.png
[2026-01-20 01:06:11] [INFO] 📸 Screenshot DESPUÉS de disparar: debug_screenshots/shooting_after_shot_20260120_010611.png
[2026-01-20 01:06:12] [INFO] 📸 Screenshot ANTES de disparar: debug_screenshots/shooting_before_shot_20260120_010612.png
[2026-01-20 01:06:12] [INFO] 📸 Screenshot DESPUÉS de disparar: debug_screenshots/shooting_after_shot_20260120_010612.png
[2026-01-20 01:06:47] [DEBUG] 🔍 Determinando estado del objeto...
[2026-01-20 01:06:47] [DEBUG]    📐 Área botón lanzar: (72, 210, 3)
[2026-01-20 01:06:47] [DEBUG]    📐 Área texto supply: (96, 340, 3)
[2026-01-20 01:06:47] [DEBUG]    📐 Área cooldown: (149, 210, 3)
[2026-01-20 01:06:48] [INFO] 📝 [OCR] Botón: ''
[2026-01-20 01:06:48] [INFO] 📝 [OCR] Texto: ''
[2026-01-20 01:06:48] [INFO] 📝 [OCR] Combinado: ' '
[2026-01-20 01:06:48] [DEBUG] ⏱️  [OCR] Cooldown: '|.='
[2026-01-20 01:06:48] [WARNING] ❌ [ESTADO DETECTADO] NO IDENTIFICADO - OCR puede haber fallado
[2026-01-20 01:06:48] [WARNING]    💡 Considera activar debug visual para ver qué captura el OCR
[2026-01-20 01:06:51] [DEBUG] 🔍 Determinando estado del objeto...
[2026-01-20 01:06:51] [DEBUG]    📐 Área botón lanzar: (72, 210, 3)
[2026-01-20 01:06:51] [DEBUG]    📐 Área texto supply: (96, 340, 3)
[2026-01-20 01:06:51] [DEBUG]    📐 Área cooldown: (149, 210, 3)
[2026-01-20 01:06:52] [INFO] 📝 [OCR] Botón: ''
[2026-01-20 01:06:52] [INFO] 📝 [OCR] Texto: '(ALIZACIONDESUMINISTRO!'
[2026-01-20 01:06:52] [INFO] 📝 [OCR] Combinado: ' (ALIZACIONDESUMINISTRO!'
[2026-01-20 01:06:52] [DEBUG] ⏱️  [OCR] Cooldown: '\'
[2026-01-20 01:06:52] [DEBUG]    📦 Palabras clave de SUPPLY detectadas
[2026-01-20 01:06:52] [INFO] ✅ [ESTADO DETECTADO] SUPPLY
[2026-01-20 01:06:55] [DEBUG] 🔍 Determinando estado del objeto...
[2026-01-20 01:06:55] [DEBUG]    📐 Área botón lanzar: (72, 210, 3)
[2026-01-20 01:06:55] [DEBUG]    📐 Área texto supply: (96, 340, 3)
[2026-01-20 01:06:55] [DEBUG]    📐 Área cooldown: (149, 210, 3)
[2026-01-20 01:06:56] [INFO] 📝 [OCR] Botón: '~—LANZAR'
[2026-01-20 01:06:56] [INFO] 📝 [OCR] Texto: 'COMUN:>IE5ITINDADTEETA‘='
[2026-01-20 01:06:56] [INFO] 📝 [OCR] Combinado: '~—LANZAR COMUN:>IE5ITINDADTEETA‘='
[2026-01-20 01:06:56] [DEBUG]    🦖 Palabras clave de DINO detectadas
[2026-01-20 01:06:56] [INFO] ✅ [ESTADO DETECTADO] DINO
[2026-01-20 01:07:05] [INFO] 📸 Screenshot inicial de shooting guardado: debug_screenshots/shooting_start_20260120_010705.png
[2026-01-20 01:07:07] [INFO] 📸 Screenshot ANTES de disparar: debug_screenshots/shooting_before_shot_20260120_010706.png
[2026-01-20 01:07:07] [INFO] 📸 Screenshot DESPUÉS de disparar: debug_screenshots/shooting_after_shot_20260120_010707.png
[2026-01-20 01:07:09] [INFO] 📸 Screenshot ANTES de disparar: debug_screenshots/shooting_before_shot_20260120_010709.png
[2026-01-20 01:07:09] [INFO] 📸 Screenshot DESPUÉS de disparar: debug_screenshots/shooting_after_shot_20260120_010709.png
[2026-01-20 01:07:11] [WARNING] ⚠️  Forzando disparo #1 (timeout 6s)
[2026-01-20 01:07:12] [INFO] 📸 Screenshot ANTES de disparar: debug_screenshots/shooting_before_shot_20260120_010712.png
[2026-01-20 01:07:13] [INFO] 📸 Screenshot DESPUÉS de disparar: debug_screenshots/shooting_after_shot_20260120_010713.png
[2026-01-20 01:07:14] [INFO] 📸 Screenshot ANTES de disparar: debug_screenshots/shooting_before_shot_20260120_010714.png
[2026-01-20 01:07:15] [INFO] 📸 Screenshot DESPUÉS de disparar: debug_screenshots/shooting_after_shot_20260120_010714.png
[2026-01-20 01:07:15] [INFO] 📸 Screenshot ANTES de disparar: debug_screenshots/shooting_before_shot_20260120_010715.png
[2026-01-20 01:07:16] [INFO] 📸 Screenshot DESPUÉS de disparar: debug_screenshots/shooting_after_shot_20260120_010716.png
[2026-01-20 01:07:17] [WARNING] ⚠️  Forzando disparo #2 (timeout 6s)
[2026-01-20 01:07:19] [DEBUG] 📸 Screenshot tracking (frame 30): debug_screenshots/shooting_tracking_20260120_010719_frame30.png
[2026-01-20 01:07:21] [INFO] 📸 Screenshot ANTES de disparar: debug_screenshots/shooting_before_shot_20260120_010721.png
[2026-01-20 01:07:22] [INFO] 📸 Screenshot DESPUÉS de disparar: debug_screenshots/shooting_after_shot_20260120_010722.png
[2026-01-20 01:07:24] [WARNING] ⚠️  Forzando disparo #3 (timeout 6s)
[2026-01-20 01:08:03] [DEBUG] 🔍 Determinando estado del objeto...
[2026-01-20 01:08:03] [DEBUG]    📐 Área botón lanzar: (72, 210, 3)
[2026-01-20 01:08:03] [DEBUG]    📐 Área texto supply: (96, 340, 3)
[2026-01-20 01:08:03] [DEBUG]    📐 Área cooldown: (149, 210, 3)
[2026-01-20 01:08:04] [INFO] 📝 [OCR] Botón: ''
[2026-01-20 01:08:04] [INFO] 📝 [OCR] Texto: ''
[2026-01-20 01:08:04] [INFO] 📝 [OCR] Combinado: ' '
[2026-01-20 01:08:04] [WARNING] ❌ [ESTADO DETECTADO] NO IDENTIFICADO - OCR puede haber fallado
[2026-01-20 01:08:04] [WARNING]    💡 Considera activar debug visual para ver qué captura el OCR
[2026-01-20 01:08:08] [DEBUG] 📸 Captura guardada: map_view_010808.png
[2026-01-20 01:08:11] [DEBUG] 🪙 Verificando monedas...
[2026-01-20 01:08:11] [DEBUG] 📦 Verificando supply drops...
[2026-01-20 01:08:11] [DEBUG] 🔍 Buscando supply drops...
[2026-01-20 01:08:11] [DEBUG]    📊 Supply color range: R[160-255] G[60-255] B[0-120]
[2026-01-20 01:08:11] [DEBUG]    📊 Event color range: R[0-180] G[120-255] B[0-180]
[2026-01-20 01:08:11] [DEBUG]    📐 Zona analizada: (463, 472, 3)
[2026-01-20 01:08:11] [DEBUG]    🎨 Píxeles detectados inicialmente: 9877
[2026-01-20 01:08:11] [DEBUG]    🔢 Componentes detectados: 153
[2026-01-20 01:08:11] [DEBUG]    ✅ Supply drop #1: 1076 píxeles en posición (279, 105)
[2026-01-20 01:08:11] [DEBUG]    ✅ Supply drop #2: 90 píxeles en posición (274, 202)
[2026-01-20 01:08:11] [DEBUG]    ✅ Supply drop #3: 18 píxeles en posición (266, 223)
[2026-01-20 01:08:11] [DEBUG]    ✅ Supply drop #4: 215 píxeles en posición (285, 331)
[2026-01-20 01:08:11] [DEBUG]    ✅ Supply drop #6: 1766 píxeles en posición (309, 400)
[2026-01-20 01:08:11] [DEBUG]    ✅ Supply drop #10: 34 píxeles en posición (280, 63)
[2026-01-20 01:08:11] [DEBUG]    ✅ Supply drop #11: 64 píxeles en posición (280, 253)
[2026-01-20 01:08:11] [DEBUG]    ✅ Supply drop #13: 43 píxeles en posición (281, 461)
[2026-01-20 01:08:11] [DEBUG]    ✅ Supply drop #16: 224 píxeles en posición (299, 148)
[2026-01-20 01:08:11] [DEBUG]    ✅ Supply drop #20: 148 píxeles en posición (308, 278)
[2026-01-20 01:08:11] [DEBUG]    ✅ Supply drop #22: 58 píxeles en posición (297, 259)
[2026-01-20 01:08:11] [DEBUG]    ✅ Supply drop #25: 78 píxeles en posición (292, 469)
[2026-01-20 01:08:11] [DEBUG]    ✅ Supply drop #27: 17 píxeles en posición (296, 14)
[2026-01-20 01:08:11] [DEBUG]    ✅ Supply drop #29: 1076 píxeles en posición (336, 86)
[2026-01-20 01:08:11] [DEBUG]    ✅ Supply drop #38: 1298 píxeles en posición (475, 318)
[2026-01-20 01:08:11] [DEBUG]    ✅ Supply drop #42: 71 píxeles en posición (335, 248)
[2026-01-20 01:08:11] [DEBUG]    ✅ Supply drop #44: 528 píxeles en posición (394, 353)
[2026-01-20 01:08:11] [DEBUG]    ✅ Supply drop #51: 174 píxeles en posición (367, 260)
[2026-01-20 01:08:11] [DEBUG]    ✅ Supply drop #57: 118 píxeles en posición (368, 25)
[2026-01-20 01:08:11] [DEBUG]    ✅ Supply drop #70: 254 píxeles en posición (450, 38)
[2026-01-20 01:08:11] [DEBUG]    ✅ Supply drop #72: 19 píxeles en posición (434, 81)
[2026-01-20 01:08:11] [DEBUG]    ✅ Supply drop #73: 207 píxeles en posición (464, 59)
[2026-01-20 01:08:11] [DEBUG]    ✅ Supply drop #80: 44 píxeles en posición (495, 24)
[2026-01-20 01:08:11] [DEBUG]    ⛔ Supply drop #89 en zona excluida: Inferior izquierda (Especial/Extra) (615, 53)
[2026-01-20 01:08:11] [DEBUG]    ⛔ Supply drop #91 en zona excluida: Inferior izquierda (Especial/Extra) (616, 11)
[2026-01-20 01:08:11] [DEBUG]    ✅ Supply drop #98: 23 píxeles en posición (635, 340)
[2026-01-20 01:08:11] [DEBUG]    ⛔ Supply drop #99 en zona excluida: Inferior izquierda (Especial/Extra) (647, 52)
[2026-01-20 01:08:11] [DEBUG]    ⛔ Supply drop #100 en zona excluida: Inferior derecha (Nuevo/Mochila) (643, 465)
[2026-01-20 01:08:11] [DEBUG]    ⛔ Supply drop #102 en zona excluida: Inferior izquierda (Especial/Extra) (654, 159)
[2026-01-20 01:08:11] [DEBUG]    ⛔ Supply drop #105 en zona excluida: Inferior izquierda (Especial/Extra) (657, 20)
[2026-01-20 01:08:11] [DEBUG]    ✅ Supply drop #110: 185 píxeles en posición (670, 290)
[2026-01-20 01:08:11] [DEBUG]    ✅ Supply drop #113: 60 píxeles en posición (666, 245)
[2026-01-20 01:08:11] [DEBUG]    ⛔ Supply drop #114 en zona excluida: Inferior izquierda (Especial/Extra) (669, 13)
[2026-01-20 01:08:11] [DEBUG]    ⛔ Supply drop #128 en zona excluida: Inferior derecha (Nuevo/Mochila) (694, 476)
[2026-01-20 01:08:11] [DEBUG]    ⛔ Supply drop #132 en zona excluida: Inferior izquierda (Especial/Extra) (681, 91)
[2026-01-20 01:08:11] [DEBUG]    ⛔ Supply drop #135 en zona excluida: Inferior izquierda (Especial/Extra) (685, 34)
[2026-01-20 01:08:11] [DEBUG]    ⛔ Supply drop #138 en zona excluida: Inferior izquierda (Especial/Extra) (686, 126)
[2026-01-20 01:08:11] [DEBUG]    ⛔ Supply drop #146 en zona excluida: Inferior izquierda (Especial/Extra) (693, 174)
[2026-01-20 01:08:11] [DEBUG]    ⛔ Supply drop #151 en zona excluida: Inferior izquierda (Especial/Extra) (716, 50)
[2026-01-20 01:08:11] [DEBUG]    ✅ Supply drop #152: 102 píxeles en posición (706, 258)
[2026-01-20 01:08:11] [INFO] 🟠 [SUPPLY DROP] Detectados 27 supply drops: [[279, 105], [274, 202], [266, 223], [285, 331], [309, 400], [280, 63], [280, 253], [281, 461], [299, 148], [308, 278], [297, 259], [292, 469], [296, 14], [336, 86], [475, 318], [335, 248], [394, 353], [367, 260], [368, 25], [450, 38], [434, 81], [464, 59], [495, 24], [635, 340], [670, 290], [666, 245], [706, 258]]
[2026-01-20 01:08:11] [DEBUG] 🔍 Buscando supply drops...
[2026-01-20 01:08:11] [DEBUG]    📊 Supply color range: R[160-255] G[60-255] B[0-120]
[2026-01-20 01:08:11] [DEBUG]    📊 Event color range: R[0-180] G[120-255] B[0-180]
[2026-01-20 01:08:11] [DEBUG]    📐 Zona analizada: (463, 472, 3)
[2026-01-20 01:08:11] [DEBUG]    🎨 Píxeles detectados inicialmente: 9877
[2026-01-20 01:08:11] [DEBUG]    🔢 Componentes detectados: 153
[2026-01-20 01:08:11] [DEBUG]    ✅ Supply drop #1: 1076 píxeles en posición (279, 105)
[2026-01-20 01:08:11] [DEBUG]    ✅ Supply drop #2: 90 píxeles en posición (274, 202)
[2026-01-20 01:08:11] [DEBUG]    ✅ Supply drop #3: 18 píxeles en posición (266, 223)
[2026-01-20 01:08:11] [DEBUG]    ✅ Supply drop #4: 215 píxeles en posición (285, 331)
[2026-01-20 01:08:11] [DEBUG]    ✅ Supply drop #6: 1766 píxeles en posición (309, 400)
[2026-01-20 01:08:11] [DEBUG]    ✅ Supply drop #10: 34 píxeles en posición (280, 63)
[2026-01-20 01:08:11] [DEBUG]    ✅ Supply drop #11: 64 píxeles en posición (280, 253)
[2026-01-20 01:08:11] [DEBUG]    ✅ Supply drop #13: 43 píxeles en posición (281, 461)
[2026-01-20 01:08:11] [DEBUG]    ✅ Supply drop #16: 224 píxeles en posición (299, 148)
[2026-01-20 01:08:11] [DEBUG]    ✅ Supply drop #20: 148 píxeles en posición (308, 278)
[2026-01-20 01:08:11] [DEBUG]    ✅ Supply drop #22: 58 píxeles en posición (297, 259)
[2026-01-20 01:08:11] [DEBUG]    ✅ Supply drop #25: 78 píxeles en posición (292, 469)
[2026-01-20 01:08:11] [DEBUG]    ✅ Supply drop #27: 17 píxeles en posición (296, 14)
[2026-01-20 01:08:11] [DEBUG]    ✅ Supply drop #29: 1076 píxeles en posición (336, 86)
[2026-01-20 01:08:11] [DEBUG]    ✅ Supply drop #38: 1298 píxeles en posición (475, 318)
[2026-01-20 01:08:11] [DEBUG]    ✅ Supply drop #42: 71 píxeles en posición (335, 248)
[2026-01-20 01:08:11] [DEBUG]    ✅ Supply drop #44: 528 píxeles en posición (394, 353)
[2026-01-20 01:08:11] [DEBUG]    ✅ Supply drop #51: 174 píxeles en posición (367, 260)
[2026-01-20 01:08:11] [DEBUG]    ✅ Supply drop #57: 118 píxeles en posición (368, 25)
[2026-01-20 01:08:11] [DEBUG]    ✅ Supply drop #70: 254 píxeles en posición (450, 38)
[2026-01-20 01:08:11] [DEBUG]    ✅ Supply drop #72: 19 píxeles en posición (434, 81)
[2026-01-20 01:08:11] [DEBUG]    ✅ Supply drop #73: 207 píxeles en posición (464, 59)
[2026-01-20 01:08:11] [DEBUG]    ✅ Supply drop #80: 44 píxeles en posición (495, 24)
[2026-01-20 01:08:11] [DEBUG]    ⛔ Supply drop #89 en zona excluida: Inferior izquierda (Especial/Extra) (615, 53)
[2026-01-20 01:08:11] [DEBUG]    ⛔ Supply drop #91 en zona excluida: Inferior izquierda (Especial/Extra) (616, 11)
[2026-01-20 01:08:11] [DEBUG]    ✅ Supply drop #98: 23 píxeles en posición (635, 340)
[2026-01-20 01:08:11] [DEBUG]    ⛔ Supply drop #99 en zona excluida: Inferior izquierda (Especial/Extra) (647, 52)
[2026-01-20 01:08:11] [DEBUG]    ⛔ Supply drop #100 en zona excluida: Inferior derecha (Nuevo/Mochila) (643, 465)
[2026-01-20 01:08:11] [DEBUG]    ⛔ Supply drop #102 en zona excluida: Inferior izquierda (Especial/Extra) (654, 159)
[2026-01-20 01:08:11] [DEBUG]    ⛔ Supply drop #105 en zona excluida: Inferior izquierda (Especial/Extra) (657, 20)
[2026-01-20 01:08:11] [DEBUG]    ✅ Supply drop #110: 185 píxeles en posición (670, 290)
[2026-01-20 01:08:11] [DEBUG]    ✅ Supply drop #113: 60 píxeles en posición (666, 245)
[2026-01-20 01:08:11] [DEBUG]    ⛔ Supply drop #114 en zona excluida: Inferior izquierda (Especial/Extra) (669, 13)
[2026-01-20 01:08:11] [DEBUG]    ⛔ Supply drop #128 en zona excluida: Inferior derecha (Nuevo/Mochila) (694, 476)
[2026-01-20 01:08:11] [DEBUG]    ⛔ Supply drop #132 en zona excluida: Inferior izquierda (Especial/Extra) (681, 91)
[2026-01-20 01:08:11] [DEBUG]    ⛔ Supply drop #135 en zona excluida: Inferior izquierda (Especial/Extra) (685, 34)
[2026-01-20 01:08:11] [DEBUG]    ⛔ Supply drop #138 en zona excluida: Inferior izquierda (Especial/Extra) (686, 126)
[2026-01-20 01:08:11] [DEBUG]    ⛔ Supply drop #146 en zona excluida: Inferior izquierda (Especial/Extra) (693, 174)
[2026-01-20 01:08:11] [DEBUG]    ⛔ Supply drop #151 en zona excluida: Inferior izquierda (Especial/Extra) (716, 50)
[2026-01-20 01:08:11] [DEBUG]    ✅ Supply drop #152: 102 píxeles en posición (706, 258)
[2026-01-20 01:08:11] [INFO] 🟠 [SUPPLY DROP] Detectados 27 supply drops: [[279, 105], [274, 202], [266, 223], [285, 331], [309, 400], [280, 63], [280, 253], [281, 461], [299, 148], [308, 278], [297, 259], [292, 469], [296, 14], [336, 86], [475, 318], [335, 248], [394, 353], [367, 260], [368, 25], [450, 38], [434, 81], [464, 59], [495, 24], [635, 340], [670, 290], [666, 245], [706, 258]]
[2026-01-20 01:08:13] [DEBUG] 🔍 Determinando estado del objeto...
[2026-01-20 01:08:13] [DEBUG]    📐 Área botón lanzar: (72, 210, 3)
[2026-01-20 01:08:13] [DEBUG]    📐 Área texto supply: (96, 340, 3)
[2026-01-20 01:08:13] [DEBUG]    📐 Área cooldown: (149, 210, 3)
[2026-01-20 01:08:14] [INFO] 📝 [OCR] Botón: ''
[2026-01-20 01:08:14] [INFO] 📝 [OCR] Texto: '|DELMUTADON!TERMINA'
[2026-01-20 01:08:14] [INFO] 📝 [OCR] Combinado: ' |DELMUTADON!TERMINA'
[2026-01-20 01:08:14] [WARNING] ❌ [ESTADO DETECTADO] NO IDENTIFICADO - OCR puede haber fallado
[2026-01-20 01:08:14] [WARNING]    💡 Considera activar debug visual para ver qué captura el OCR
[2026-01-20 01:08:29] [DEBUG] 🦖 Verificando dinosaurios...
[2026-01-20 01:08:41] [DEBUG] 🔍 Determinando estado del objeto...
[2026-01-20 01:08:41] [DEBUG]    📐 Área botón lanzar: (72, 210, 3)
[2026-01-20 01:08:41] [DEBUG]    📐 Área texto supply: (96, 340, 3)
[2026-01-20 01:08:41] [DEBUG]    📐 Área cooldown: (149, 210, 3)
[2026-01-20 01:08:42] [INFO] 📝 [OCR] Botón: ''
[2026-01-20 01:08:42] [INFO] 📝 [OCR] Texto: ''
[2026-01-20 01:08:42] [INFO] 📝 [OCR] Combinado: ' '
[2026-01-20 01:08:42] [DEBUG] ⏱️  [OCR] Cooldown: 'WM'
[2026-01-20 01:08:42] [WARNING] ❌ [ESTADO DETECTADO] NO IDENTIFICADO - OCR puede haber fallado
[2026-01-20 01:08:42] [WARNING]    💡 Considera activar debug visual para ver qué captura el OCR
[2026-01-20 01:08:47] [DEBUG] 📸 Captura guardada: map_view_010847.png
[2026-01-20 01:08:50] [DEBUG] 🪙 Verificando monedas...
[2026-01-20 01:08:50] [DEBUG] 📦 Verificando supply drops...
[2026-01-20 01:08:50] [DEBUG] 🔍 Buscando supply drops...
[2026-01-20 01:08:50] [DEBUG]    📊 Supply color range: R[160-255] G[60-255] B[0-120]
[2026-01-20 01:08:50] [DEBUG]    📊 Event color range: R[0-180] G[120-255] B[0-180]
[2026-01-20 01:08:50] [DEBUG]    📐 Zona analizada: (463, 472, 3)
[2026-01-20 01:08:50] [DEBUG]    🎨 Píxeles detectados inicialmente: 6869
[2026-01-20 01:08:50] [DEBUG]    🔢 Componentes detectados: 101
[2026-01-20 01:08:50] [DEBUG]    ✅ Supply drop #1: 606 píxeles en posición (284, 189)
[2026-01-20 01:08:50] [DEBUG]    ✅ Supply drop #2: 603 píxeles en posición (275, 246)
[2026-01-20 01:08:50] [DEBUG]    ✅ Supply drop #3: 36 píxeles en posición (265, 296)
[2026-01-20 01:08:50] [DEBUG]    ✅ Supply drop #4: 337 píxeles en posición (277, 329)
[2026-01-20 01:08:50] [DEBUG]    ✅ Supply drop #9: 1032 píxeles en posición (306, 269)
[2026-01-20 01:08:50] [DEBUG]    ✅ Supply drop #11: 105 píxeles en posición (300, 318)
[2026-01-20 01:08:50] [DEBUG]    ✅ Supply drop #15: 103 píxeles en posición (310, 209)
[2026-01-20 01:08:50] [DEBUG]    ✅ Supply drop #16: 270 píxeles en posición (314, 342)
[2026-01-20 01:08:50] [DEBUG]    ✅ Supply drop #19: 189 píxeles en posición (341, 314)
[2026-01-20 01:08:50] [DEBUG]    ✅ Supply drop #21: 253 píxeles en posición (342, 227)
[2026-01-20 01:08:50] [DEBUG]    ✅ Supply drop #24: 67 píxeles en posición (352, 210)
[2026-01-20 01:08:50] [DEBUG]    ✅ Supply drop #25: 82 píxeles en posición (354, 333)
[2026-01-20 01:08:50] [DEBUG]    ✅ Supply drop #26: 24 píxeles en posición (363, 155)
[2026-01-20 01:08:50] [DEBUG]    ✅ Supply drop #31: 16 píxeles en posición (366, 209)
[2026-01-20 01:08:50] [DEBUG]    ⛔ Supply drop #52 en zona excluida: Inferior izquierda (Especial/Extra) (644, 57)
[2026-01-20 01:08:50] [DEBUG]    ⛔ Supply drop #55 en zona excluida: Inferior derecha (Nuevo/Mochila) (608, 385)
[2026-01-20 01:08:50] [DEBUG]    ⛔ Supply drop #57 en zona excluida: Inferior izquierda (Especial/Extra) (609, 95)
[2026-01-20 01:08:50] [DEBUG]    ⛔ Supply drop #59 en zona excluida: Inferior izquierda (Especial/Extra) (601, 110)
[2026-01-20 01:08:50] [DEBUG]    ✅ Supply drop #63: 2978 píxeles en posición (636, 247)
[2026-01-20 01:08:50] [DEBUG]    ⛔ Supply drop #76 en zona excluida: Inferior derecha (Nuevo/Mochila) (630, 396)
[2026-01-20 01:08:50] [DEBUG]    ⛔ Supply drop #77 en zona excluida: Inferior derecha (Nuevo/Mochila) (636, 426)
[2026-01-20 01:08:50] [DEBUG]    ⛔ Supply drop #81 en zona excluida: Inferior izquierda (Especial/Extra) (651, 101)
[2026-01-20 01:08:50] [DEBUG]    ✅ Supply drop #89: 28 píxeles en posición (673, 382)
[2026-01-20 01:08:50] [DEBUG]    ⛔ Supply drop #90 en zona excluida: Inferior derecha (Nuevo/Mochila) (679, 406)
[2026-01-20 01:08:50] [DEBUG]    ✅ Supply drop #93: 44 píxeles en posición (681, 374)
[2026-01-20 01:08:50] [INFO] 🟠 [SUPPLY DROP] Detectados 17 supply drops: [[284, 189], [275, 246], [265, 296], [277, 329], [306, 269], [300, 318], [310, 209], [314, 342], [341, 314], [342, 227], [352, 210], [354, 333], [363, 155], [366, 209], [636, 247], [673, 382], [681, 374]]
[2026-01-20 01:08:50] [DEBUG] 🔍 Buscando supply drops...
[2026-01-20 01:08:50] [DEBUG]    📊 Supply color range: R[160-255] G[60-255] B[0-120]
[2026-01-20 01:08:50] [DEBUG]    📊 Event color range: R[0-180] G[120-255] B[0-180]
[2026-01-20 01:08:50] [DEBUG]    📐 Zona analizada: (463, 472, 3)
[2026-01-20 01:08:50] [DEBUG]    🎨 Píxeles detectados inicialmente: 6861
[2026-01-20 01:08:50] [DEBUG]    🔢 Componentes detectados: 101
[2026-01-20 01:08:50] [DEBUG]    ✅ Supply drop #1: 531 píxeles en posición (284, 187)
[2026-01-20 01:08:50] [DEBUG]    ✅ Supply drop #2: 592 píxeles en posición (276, 246)
[2026-01-20 01:08:50] [DEBUG]    ✅ Supply drop #3: 48 píxeles en posición (266, 296)
[2026-01-20 01:08:50] [DEBUG]    ✅ Supply drop #4: 489 píxeles en posición (284, 325)
[2026-01-20 01:08:50] [DEBUG]    ✅ Supply drop #8: 1063 píxeles en posición (306, 268)
[2026-01-20 01:08:50] [DEBUG]    ✅ Supply drop #12: 123 píxeles en posición (310, 209)
[2026-01-20 01:08:50] [DEBUG]    ✅ Supply drop #13: 266 píxeles en posición (314, 342)
[2026-01-20 01:08:50] [DEBUG]    ✅ Supply drop #20: 158 píxeles en posición (343, 315)
[2026-01-20 01:08:50] [DEBUG]    ✅ Supply drop #21: 253 píxeles en posición (342, 228)
[2026-01-20 01:08:50] [DEBUG]    ✅ Supply drop #24: 67 píxeles en posición (352, 210)
[2026-01-20 01:08:50] [DEBUG]    ✅ Supply drop #25: 81 píxeles en posición (354, 332)
[2026-01-20 01:08:50] [DEBUG]    ✅ Supply drop #26: 24 píxeles en posición (363, 155)
[2026-01-20 01:08:50] [DEBUG]    ✅ Supply drop #31: 16 píxeles en posición (366, 209)
[2026-01-20 01:08:50] [DEBUG]    ⛔ Supply drop #52 en zona excluida: Inferior izquierda (Especial/Extra) (644, 57)
[2026-01-20 01:08:50] [DEBUG]    ⛔ Supply drop #55 en zona excluida: Inferior derecha (Nuevo/Mochila) (608, 385)
[2026-01-20 01:08:50] [DEBUG]    ⛔ Supply drop #57 en zona excluida: Inferior izquierda (Especial/Extra) (609, 95)
[2026-01-20 01:08:50] [DEBUG]    ⛔ Supply drop #59 en zona excluida: Inferior izquierda (Especial/Extra) (601, 110)
[2026-01-20 01:08:50] [DEBUG]    ✅ Supply drop #63: 2978 píxeles en posición (636, 247)
[2026-01-20 01:08:50] [DEBUG]    ⛔ Supply drop #76 en zona excluida: Inferior derecha (Nuevo/Mochila) (630, 396)
[2026-01-20 01:08:50] [DEBUG]    ⛔ Supply drop #77 en zona excluida: Inferior derecha (Nuevo/Mochila) (636, 426)
[2026-01-20 01:08:50] [DEBUG]    ⛔ Supply drop #81 en zona excluida: Inferior izquierda (Especial/Extra) (651, 101)
[2026-01-20 01:08:50] [DEBUG]    ✅ Supply drop #89: 28 píxeles en posición (673, 382)
[2026-01-20 01:08:50] [DEBUG]    ⛔ Supply drop #90 en zona excluida: Inferior derecha (Nuevo/Mochila) (679, 406)
[2026-01-20 01:08:50] [DEBUG]    ✅ Supply drop #93: 44 píxeles en posición (681, 374)
[2026-01-20 01:08:50] [INFO] 🟠 [SUPPLY DROP] Detectados 16 supply drops: [[284, 187], [276, 246], [266, 296], [284, 325], [306, 268], [310, 209], [314, 342], [343, 315], [342, 228], [352, 210], [354, 332], [363, 155], [366, 209], [636, 247], [673, 382], [681, 374]]
[2026-01-20 01:08:59] [DEBUG] 🦖 Verificando dinosaurios...
[2026-01-20 01:09:07] [INFO] ================================================================================
[2026-01-20 01:09:07] [INFO] ⛔ BOT DETENIDO POR USUARIO (Ctrl+C o 'q')
[2026-01-20 01:09:07] [INFO] ================================================================================
[2026-01-20 01:09:07] [INFO] 📊 RESUMEN DE RECURSOS COLECTADOS:
[2026-01-20 01:09:07] [INFO] --------------------------------------------------------------------------------
[2026-01-20 01:09:07] [INFO] 📦 SUMINISTROS: Ninguno
[2026-01-20 01:09:07] [INFO] 🦖 DINOSAURIOS: Ninguno
[2026-01-20 01:09:07] [INFO] ================================================================================
[2026-01-20 01:09:07] [INFO] ✅ Sesión finalizada. Log guardado en carpeta 'logs/'
[2026-01-20 01:09:07] [INFO] ================================================================================
