[2026-01-23 18:56:20] [INFO] ================================================================================
[2026-01-23 18:56:20] [INFO] 🦖 JURASSIC WORLD ALIVE BOT - INICIADO
[2026-01-23 18:56:20] [INFO] ================================================================================
[2026-01-23 18:56:20] [INFO] 📁 Log guardado en: logs/bot_log_20260123_185620.log
[2026-01-23 18:56:20] [INFO] ================================================================================
[2026-01-23 18:56:20] [INFO] 🎮 INSTRUCCIONES DE CALIBRACIÓN
[2026-01-23 18:56:20] [INFO] ================================================================================
[2026-01-23 18:56:20] [INFO] 1️⃣  Abre BlueStacks con Jurassic World Alive en el MAPA
[2026-01-23 18:56:20] [INFO] 2️⃣  Presiona 'a' y haz click en ESQUINA SUPERIOR IZQUIERDA del juego
[2026-01-23 18:56:20] [INFO] 3️⃣  Presiona 'a' otra vez y haz click en ESQUINA INFERIOR DERECHA
[2026-01-23 18:56:20] [INFO] 4️⃣  El bot empezará a funcionar automáticamente
[2026-01-23 18:56:20] [INFO] ❌ Presiona 'q' para detener el bot en cualquier momento
[2026-01-23 18:56:20] [INFO] ================================================================================
[2026-01-23 18:56:20] [INFO] 🔧 Inicializando Bot...
[2026-01-23 18:56:20] [INFO] ⏱️  Tiempo límite configurado: 4 horas
[2026-01-23 18:56:24] [INFO] ================================================================================
[2026-01-23 18:56:24] [INFO] ⛔ BOT DETENIDO POR USUARIO (Ctrl+C o 'q')
[2026-01-23 18:56:24] [INFO] ================================================================================
[2026-01-23 18:56:24] [INFO] 📊 RESUMEN DE RECURSOS COLECTADOS:
[2026-01-23 18:56:24] [INFO] --------------------------------------------------------------------------------
[2026-01-23 18:56:24] [INFO] 📦 SUMINISTROS: Ninguno
[2026-01-23 18:56:24] [INFO] 🦖 DINOSAURIOS: Ninguno
[2026-01-23 18:56:24] [INFO] ================================================================================
[2026-01-23 18:56:24] [INFO] ✅ Sesión finalizada. Log guardado en carpeta 'logs/'
[2026-01-23 18:56:24] [INFO] ================================================================================
