[2026-01-31 20:56:13] [INFO] ================================================================================
[2026-01-31 20:56:13] [INFO] 🦖 JURASSIC WORLD ALIVE BOT - INICIADO
[2026-01-31 20:56:13] [INFO] ================================================================================
[2026-01-31 20:56:13] [INFO] 📁 Log guardado en: logs/bot_log_20260131_205613.log
[2026-01-31 20:56:13] [INFO] ================================================================================
[2026-01-31 20:56:13] [INFO] 🎮 INSTRUCCIONES DE CALIBRACIÓN
[2026-01-31 20:56:13] [INFO] ================================================================================
[2026-01-31 20:56:13] [INFO] 1️⃣  Abre BlueStacks con Jurassic World Alive en el MAPA
[2026-01-31 20:56:13] [INFO] 2️⃣  Presiona 'a' y haz click en ESQUINA SUPERIOR IZQUIERDA del juego
[2026-01-31 20:56:13] [INFO] 3️⃣  Presiona 'a' otra vez y haz click en ESQUINA INFERIOR DERECHA
[2026-01-31 20:56:13] [INFO] 4️⃣  El bot empezará a funcionar automáticamente
[2026-01-31 20:56:13] [INFO] ❌ Presiona 'q' para detener el bot en cualquier momento
[2026-01-31 20:56:13] [INFO] ================================================================================
[2026-01-31 20:56:13] [INFO] 🔧 Inicializando Bot...
[2026-01-31 20:56:13] [INFO] ⏱️  Tiempo límite configurado: 10 horas
[2026-01-31 20:56:20] [INFO] 🔘 Tecla 'a' presionada
[2026-01-31 20:56:20] [INFO] ✅ Primer punto capturado: (681, 40)
[2026-01-31 20:56:20] [INFO] 👉 Ahora presiona 'a' de nuevo y haz click en la esquina inferior derecha
[2026-01-31 20:56:27] [INFO] 🔘 Tecla 'a' presionada
[2026-01-31 20:56:27] [INFO] ✅ Segundo punto capturado: (1284, 1049)
[2026-01-31 20:56:27] [INFO] ================================================================================
[2026-01-31 20:56:27] [INFO] 📐 CONFIGURACIÓN DE VENTANA BLUESTACKS
[2026-01-31 20:56:27] [INFO] ================================================================================
[2026-01-31 20:56:27] [INFO] 📍 Posición X: 681px
[2026-01-31 20:56:27] [INFO] 📍 Posición Y: 40px
[2026-01-31 20:56:27] [INFO] 📏 Ancho (W): 603px
[2026-01-31 20:56:27] [INFO] 📏 Alto (H): 1009px
[2026-01-31 20:56:27] [INFO] 🎯 Esquina superior izquierda: (681, 40)
[2026-01-31 20:56:27] [INFO] 🎯 Esquina inferior derecha: (1284, 1049)
[2026-01-31 20:56:27] [INFO] ================================================================================
[2026-01-31 20:56:27] [INFO] 🎯 Shooting zone: Y[279-768] X[12-513]
[2026-01-31 20:56:27] [INFO] 🚀 Launch button: Y[789-864] X[165-388]
[2026-01-31 20:56:27] [INFO] ⏱️  Cooldown text area: Y[546-704] X[165-388]
[2026-01-31 20:56:27] [INFO] 📝 Supply text area: Y[50-151] X[120-482]
[2026-01-31 20:56:27] [INFO] 📸 Capturando vista inicial del mapa para análisis...
[2026-01-31 20:56:28] [INFO] ✅ Captura inicial guardada: map_initial_20260131_205627.png
[2026-01-31 20:56:28] [INFO] 🚀 Calibración completa! El bot comenzará a operar...
[2026-01-31 20:56:29] [DEBUG] 🔍 Verificando si está atorado en pantalla de dardeo...
[2026-01-31 20:56:29] [DEBUG] 🔵 Ícono de salida del dardeo detectado en (957, 68), píxeles azules: 3073
[2026-01-31 20:56:29] [WARNING] ⚠️  Ícono de salida de dardeo detectado - Saliendo
[2026-01-31 20:56:30] [DEBUG] ✅ Verificación de salida completada
[2026-01-31 20:56:30] [INFO] ================================================================================
[2026-01-31 20:56:30] [INFO] 🔍 ESCANEANDO MAPA - Ciclo de detección
[2026-01-31 20:56:30] [INFO] ================================================================================
[2026-01-31 20:56:30] [DEBUG] 🪙 Coins: Deshabilitadas temporalmente
[2026-01-31 20:56:30] [DEBUG] ------------------------------------------------------------
[2026-01-31 20:56:30] [DEBUG] 🔍 Buscando supply drops...
[2026-01-31 20:56:30] [DEBUG]    📊 Supply color range: R[220-255] G[100-180] B[0-40]
[2026-01-31 20:56:30] [DEBUG]    📊 Event color range: R[5-50] G[190-245] B[0-40]
[2026-01-31 20:56:30] [DEBUG]    📐 Zona analizada: (489, 501, 3)
[2026-01-31 20:56:30] [DEBUG]    🎨 Píxeles detectados inicialmente: 1526
[2026-01-31 20:56:30] [DEBUG]    🌈 Filtro saturación (min=50): 185055 píxeles con color
[2026-01-31 20:56:30] [DEBUG]    🔢 Componentes detectados: 16
[2026-01-31 20:56:30] [DEBUG]    ✅ Supply drop #1: 181 píxeles en posición (286, 396)
[2026-01-31 20:56:30] [DEBUG]    ✅ Supply drop #13: 2134 píxeles en posición (393, 281)
[2026-01-31 20:56:30] [DEBUG] 🎯 [SUPPLY DROP] About to save screenshot: len(pos)=2, counter=0
[2026-01-31 20:56:30] [DEBUG] 📸 [DEBUG SCREENSHOT] Iniciando guardado: type=supply, n=2, counter=0
[2026-01-31 20:56:30] [DEBUG] ✅ [DEBUG SCREENSHOT] Guardado exitoso: debug_screenshots/supplies/supply_20260131_205630_000_n2.png
[2026-01-31 20:56:30] [INFO] 🟠 [SUPPLY DROP] Detectados 2 supply drops: [[286, 396], [393, 281]]
[2026-01-31 20:56:30] [DEBUG] 📦 Supplies detectados (raw): 2 posiciones [[286, 396], [393, 281]]
[2026-01-31 20:56:30] [DEBUG] ------------------------------------------------------------
[2026-01-31 20:56:31] [DEBUG] 📸 [DEBUG SCREENSHOT] Iniciando guardado: type=dino, n=21, counter=0
[2026-01-31 20:56:31] [DEBUG] ✅ [DEBUG SCREENSHOT] Guardado exitoso: debug_screenshots/dinos/dino_20260131_205631_000_n21.png
[2026-01-31 20:56:31] [DEBUG] 🦖 Dinos detectados (raw): 21 posiciones
[2026-01-31 20:56:31] [DEBUG] ------------------------------------------------------------
[2026-01-31 20:56:31] [DEBUG] 🚧 FILTRANDO POR ZONAS EXCLUIDAS...
[2026-01-31 20:56:31] [DEBUG]    📦 Supplies válidos después de filtro: 2/2
[2026-01-31 20:56:31] [DEBUG] ⛔ [DINO] Posición (688, 257) en zona excluida: Barra inferior completa
[2026-01-31 20:56:31] [DEBUG] ⛔ [DINO] Posición (682, 305) en zona excluida: Barra inferior completa
[2026-01-31 20:56:31] [DEBUG] ⛔ [DINO] Posición (687, 442) en zona excluida: Barra inferior completa
[2026-01-31 20:56:31] [DEBUG] ⛔ [DINO] Posición (756, 455) en zona excluida: Barra inferior completa
[2026-01-31 20:56:31] [DEBUG] ⛔ [DINO] Posición (767, 242) en zona excluida: Barra inferior completa
[2026-01-31 20:56:31] [DEBUG]    🦖 Dinos válidos después de filtro: 16/21
[2026-01-31 20:56:31] [DEBUG] ------------------------------------------------------------
[2026-01-31 20:56:31] [INFO] 📊 RESULTADO FINAL: 0🪙 2📦 16🦖 (Total: 18)
[2026-01-31 20:56:31] [DEBUG] ================================================================================
[2026-01-31 20:56:31] [INFO] 📦 ➡️  Iniciando recolección de 2 supply drops...
[2026-01-31 20:56:31] [DEBUG] ============================================================
[2026-01-31 20:56:31] [DEBUG] 📦 [COLLECT SUPPLY] INICIANDO RECOLECCIÓN
[2026-01-31 20:56:31] [DEBUG]    Posiciones recibidas: 2
[2026-01-31 20:56:31] [DEBUG]    Posiciones: [[286, 396], [393, 281]]
[2026-01-31 20:56:31] [DEBUG]    Supply counter actual: 0
[2026-01-31 20:56:31] [DEBUG]    Supply counter incrementado a: 1
[2026-01-31 20:56:31] [DEBUG] ------------------------------------------------------------
[2026-01-31 20:56:31] [DEBUG] 📦 Procesando supply #1/2: posición (286, 396)
[2026-01-31 20:56:31] [DEBUG]    🖱️  Clickeando en x=1077, y=326
[2026-01-31 20:56:32] [DEBUG]    ✅ Pantalla cambió - algo se abrió
[2026-01-31 20:56:33] [DEBUG]    📸 Guardando regiones OCR para debug...
[2026-01-31 20:56:33] [DEBUG]    🔍 Determinando estado con OCR...
[2026-01-31 20:56:33] [DEBUG] 🔍 Determinando estado del objeto...
[2026-01-31 20:56:33] [DEBUG]    📐 Área botón lanzar: (75, 223, 3)
[2026-01-31 20:56:33] [DEBUG]    📐 Área texto supply: (101, 362, 3)
[2026-01-31 20:56:33] [DEBUG]    📐 Área cooldown: (158, 223, 3)
[2026-01-31 20:56:34] [INFO] 📝 [OCR] Botón: 'COMPRAR$2,699.00'
[2026-01-31 20:56:34] [INFO] 📝 [OCR] Texto: 'DETORMENTAINVERNALALFA!TERMINAE'
[2026-01-31 20:56:34] [INFO] 📝 [OCR] Combinado: 'COMPRAR$2,699.00 DETORMENTAINVERNALALFA!TERMINAE'
[2026-01-31 20:56:34] [WARNING] ⛔ [EXCLUIDO] Página de compra/oferta detectada
[2026-01-31 20:56:34] [DEBUG]    📝 Estado determinado: 'out_of_range'
[2026-01-31 20:56:34] [DEBUG] 🔍 Evaluando force-supply: filtered_positions=True, state='out_of_range'
[2026-01-31 20:56:34] [DEBUG] 🔍 Valor de state antes del if: 'out_of_range' (type: <class 'str'>)
[2026-01-31 20:56:34] [DEBUG] 🔍 Evaluando: state == 'supply' → False
[2026-01-31 20:56:34] [DEBUG] 🔍 Evaluando: state == 'event' → False
[2026-01-31 20:56:34] [WARNING] ⚠️  Objeto no identificado como supply drop - Saliendo...
[2026-01-31 20:56:35] [DEBUG] ------------------------------------------------------------
[2026-01-31 20:56:35] [DEBUG] 📦 Procesando supply #2/2: posición (393, 281)
[2026-01-31 20:56:35] [INFO] ================================================================================
[2026-01-31 20:56:35] [INFO] ⛔ BOT DETENIDO POR USUARIO (Ctrl+C o 'q')
[2026-01-31 20:56:35] [INFO] ================================================================================
[2026-01-31 20:56:35] [INFO] 📊 RESUMEN DE RECURSOS COLECTADOS:
[2026-01-31 20:56:35] [INFO] --------------------------------------------------------------------------------
[2026-01-31 20:56:35] [INFO] 📦 SUMINISTROS: Ninguno
[2026-01-31 20:56:35] [INFO] 🦖 DINOSAURIOS: Ninguno
[2026-01-31 20:56:35] [INFO] ================================================================================
[2026-01-31 20:56:35] [INFO] ✅ Sesión finalizada. Log guardado en carpeta 'logs/'
[2026-01-31 20:56:35] [INFO] ================================================================================
