[2026-01-31 19:13:17] [INFO] ================================================================================
[2026-01-31 19:13:17] [INFO] 🦖 JURASSIC WORLD ALIVE BOT - INICIADO
[2026-01-31 19:13:17] [INFO] ================================================================================
[2026-01-31 19:13:17] [INFO] 📁 Log guardado en: logs/bot_log_20260131_191317.log
[2026-01-31 19:13:17] [INFO] ================================================================================
[2026-01-31 19:13:17] [INFO] 🎮 INSTRUCCIONES DE CALIBRACIÓN
[2026-01-31 19:13:17] [INFO] ================================================================================
[2026-01-31 19:13:17] [INFO] 1️⃣  Abre BlueStacks con Jurassic World Alive en el MAPA
[2026-01-31 19:13:17] [INFO] 2️⃣  Presiona 'a' y haz click en ESQUINA SUPERIOR IZQUIERDA del juego
[2026-01-31 19:13:17] [INFO] 3️⃣  Presiona 'a' otra vez y haz click en ESQUINA INFERIOR DERECHA
[2026-01-31 19:13:17] [INFO] 4️⃣  El bot empezará a funcionar automáticamente
[2026-01-31 19:13:17] [INFO] ❌ Presiona 'q' para detener el bot en cualquier momento
[2026-01-31 19:13:17] [INFO] ================================================================================
[2026-01-31 19:13:17] [INFO] 🔧 Inicializando Bot...
[2026-01-31 19:13:17] [INFO] ⏱️  Tiempo límite configurado: 10 horas
[2026-01-31 19:13:24] [INFO] 🔘 Tecla 'a' presionada
[2026-01-31 19:13:24] [INFO] ✅ Primer punto capturado: (681, 37)
[2026-01-31 19:13:24] [INFO] 👉 Ahora presiona 'a' de nuevo y haz click en la esquina inferior derecha
[2026-01-31 19:13:26] [INFO] 🔘 Tecla 'a' presionada
[2026-01-31 19:13:26] [INFO] ✅ Segundo punto capturado: (1282, 1049)
[2026-01-31 19:13:26] [INFO] ================================================================================
[2026-01-31 19:13:26] [INFO] 📐 CONFIGURACIÓN DE VENTANA BLUESTACKS
[2026-01-31 19:13:26] [INFO] ================================================================================
[2026-01-31 19:13:26] [INFO] 📍 Posición X: 681px
[2026-01-31 19:13:26] [INFO] 📍 Posición Y: 37px
[2026-01-31 19:13:26] [INFO] 📏 Ancho (W): 601px
[2026-01-31 19:13:26] [INFO] 📏 Alto (H): 1012px
[2026-01-31 19:13:26] [INFO] 🎯 Esquina superior izquierda: (681, 37)
[2026-01-31 19:13:26] [INFO] 🎯 Esquina inferior derecha: (1282, 1049)
[2026-01-31 19:13:26] [INFO] ================================================================================
[2026-01-31 19:13:26] [INFO] 🎯 Shooting zone: Y[280-771] X[12-512]
[2026-01-31 19:13:26] [INFO] 🚀 Launch button: Y[791-867] X[164-387]
[2026-01-31 19:13:26] [INFO] ⏱️  Cooldown text area: Y[548-706] X[164-387]
[2026-01-31 19:13:26] [INFO] 📝 Supply text area: Y[50-151] X[120-480]
[2026-01-31 19:13:26] [INFO] 📸 Capturando vista inicial del mapa para análisis...
[2026-01-31 19:13:27] [INFO] ✅ Captura inicial guardada: map_initial_20260131_191327.png
[2026-01-31 19:13:27] [INFO] 🚀 Calibración completa! El bot comenzará a operar...
[2026-01-31 19:13:28] [INFO] ================================================================================
[2026-01-31 19:13:28] [INFO] 🔍 ESCANEANDO MAPA - Ciclo de detección
[2026-01-31 19:13:28] [INFO] ================================================================================
[2026-01-31 19:13:28] [DEBUG] 🪙 Coins: Deshabilitadas temporalmente
[2026-01-31 19:13:28] [DEBUG] ------------------------------------------------------------
[2026-01-31 19:13:28] [DEBUG] 🔍 Buscando supply drops...
[2026-01-31 19:13:28] [DEBUG]    📊 Supply color range: R[220-255] G[100-180] B[0-40]
[2026-01-31 19:13:28] [DEBUG]    📊 Event color range: R[5-50] G[190-245] B[0-40]
[2026-01-31 19:13:28] [DEBUG]    📐 Zona analizada: (491, 500, 3)
[2026-01-31 19:13:28] [DEBUG]    🎨 Píxeles detectados inicialmente: 372
[2026-01-31 19:13:28] [DEBUG]    🔢 Componentes detectados: 19
[2026-01-31 19:13:28] [DEBUG]    ✅ Supply drop #19: 229 píxeles en posición (485, 55)
[2026-01-31 19:13:28] [DEBUG] 🎯 [SUPPLY DROP] About to save screenshot: len(pos)=1, counter=0
[2026-01-31 19:13:28] [DEBUG] 📸 [DEBUG SCREENSHOT] Iniciando guardado: type=supply, n=1, counter=0
[2026-01-31 19:13:28] [WARNING] ⚠️  [DEBUG SCREENSHOT] cv2.imwrite retornó False: debug_screenshots/supplys/supply_20260131_191328_000_n1.png
[2026-01-31 19:13:28] [INFO] 🟠 [SUPPLY DROP] Detectados 1 supply drops: [[485, 55]]
[2026-01-31 19:13:28] [DEBUG] 📦 Supplies detectados (raw): 1 posiciones [[485, 55]]
[2026-01-31 19:13:28] [DEBUG] ------------------------------------------------------------
[2026-01-31 19:13:28] [DEBUG] 📸 [DEBUG SCREENSHOT] Iniciando guardado: type=dino, n=10, counter=0
[2026-01-31 19:13:29] [DEBUG] ✅ [DEBUG SCREENSHOT] Guardado exitoso: debug_screenshots/dinos/dino_20260131_191328_000_n10.png
[2026-01-31 19:13:29] [DEBUG] 🦖 Dinos detectados (raw): 10 posiciones
[2026-01-31 19:13:29] [DEBUG] ------------------------------------------------------------
[2026-01-31 19:13:29] [DEBUG] 🚧 FILTRANDO POR ZONAS EXCLUIDAS...
[2026-01-31 19:13:29] [DEBUG]    📦 Supplies válidos después de filtro: 1/1
[2026-01-31 19:13:29] [DEBUG] ⛔ [DINO] Posición (425, 12) en zona excluida: Borde izquierdo
[2026-01-31 19:13:29] [DEBUG] ⛔ [DINO] Posición (521, 12) en zona excluida: Borde izquierdo
[2026-01-31 19:13:29] [DEBUG] ⛔ [DINO] Posición (670, 424) en zona excluida: Barra inferior completa
[2026-01-31 19:13:29] [DEBUG] ⛔ [DINO] Posición (708, 245) en zona excluida: Barra inferior completa
[2026-01-31 19:13:29] [DEBUG] ⛔ [DINO] Posición (746, 12) en zona excluida: Barra inferior completa
[2026-01-31 19:13:29] [DEBUG]    🦖 Dinos válidos después de filtro: 5/10
[2026-01-31 19:13:29] [DEBUG] ------------------------------------------------------------
[2026-01-31 19:13:29] [INFO] 📊 RESULTADO FINAL: 0🪙 1📦 5🦖 (Total: 6)
[2026-01-31 19:13:29] [DEBUG] ================================================================================
[2026-01-31 19:13:29] [INFO] 📦 ➡️  Iniciando recolección de 1 supply drops...
[2026-01-31 19:13:29] [DEBUG] ============================================================
[2026-01-31 19:13:29] [DEBUG] 📦 [COLLECT SUPPLY] INICIANDO RECOLECCIÓN
[2026-01-31 19:13:29] [DEBUG]    Posiciones recibidas: 1
[2026-01-31 19:13:29] [DEBUG]    Posiciones: [[485, 55]]
[2026-01-31 19:13:29] [DEBUG]    Supply counter actual: 0
[2026-01-31 19:13:29] [DEBUG]    Supply counter incrementado a: 1
[2026-01-31 19:13:29] [DEBUG] ------------------------------------------------------------
[2026-01-31 19:13:29] [DEBUG] 📦 Procesando supply #1/1: posición (485, 55)
[2026-01-31 19:13:29] [DEBUG]    🖱️  Clickeando en x=736, y=522
[2026-01-31 19:13:30] [WARNING] ⏭️  Click en (485, 55) no abrió nada - Saltando objeto
[2026-01-31 19:13:30] [INFO] 🦖 ➡️  Iniciando disparo a 5 dinosaurios...
[2026-01-31 19:13:31] [DEBUG] 🔍 Determinando estado del objeto...
[2026-01-31 19:13:31] [DEBUG]    📐 Área botón lanzar: (76, 223, 3)
[2026-01-31 19:13:31] [DEBUG]    📐 Área texto supply: (101, 360, 3)
[2026-01-31 19:13:31] [DEBUG]    📐 Área cooldown: (158, 223, 3)
[2026-01-31 19:13:33] [INFO] 📝 [OCR] Botón: 'IUNETEAHORE'
[2026-01-31 19:13:33] [INFO] 📝 [OCR] Texto: 'J)D32EBYBRAMEPWREEEE'
[2026-01-31 19:13:33] [INFO] 📝 [OCR] Combinado: 'IUNETEAHORE J)D32EBYBRAMEPWREEEE'
[2026-01-31 19:13:33] [WARNING] ⛔ [EXCLUIDO] Dinosaurio fuera de rango (VIP requerido)
[2026-01-31 19:13:34] [INFO] 🔄 ➡️  Revisando misma zona de nuevo para detectar objetos restantes...
[2026-01-31 19:13:35] [INFO] ================================================================================
[2026-01-31 19:13:35] [INFO] 🔍 ESCANEANDO MAPA - Ciclo de detección
[2026-01-31 19:13:35] [INFO] ================================================================================
[2026-01-31 19:13:35] [DEBUG] 🪙 Coins: Deshabilitadas temporalmente
[2026-01-31 19:13:35] [DEBUG] ------------------------------------------------------------
[2026-01-31 19:13:35] [DEBUG] 🔍 Buscando supply drops...
[2026-01-31 19:13:35] [DEBUG]    📊 Supply color range: R[220-255] G[100-180] B[0-40]
[2026-01-31 19:13:35] [DEBUG]    📊 Event color range: R[5-50] G[190-245] B[0-40]
[2026-01-31 19:13:35] [DEBUG]    📐 Zona analizada: (491, 500, 3)
[2026-01-31 19:13:35] [DEBUG]    🎨 Píxeles detectados inicialmente: 366
[2026-01-31 19:13:35] [DEBUG]    🔢 Componentes detectados: 16
[2026-01-31 19:13:35] [DEBUG]    ✅ Supply drop #2: 78 píxeles en posición (312, 312)
[2026-01-31 19:13:35] [DEBUG]    ✅ Supply drop #16: 218 píxeles en posición (484, 54)
[2026-01-31 19:13:35] [DEBUG] 🎯 [SUPPLY DROP] About to save screenshot: len(pos)=2, counter=1
[2026-01-31 19:13:35] [DEBUG] 📸 [DEBUG SCREENSHOT] Iniciando guardado: type=supply, n=2, counter=1
[2026-01-31 19:13:35] [WARNING] ⚠️  [DEBUG SCREENSHOT] cv2.imwrite retornó False: debug_screenshots/supplys/supply_20260131_191335_001_n2.png
[2026-01-31 19:13:35] [INFO] 🟠 [SUPPLY DROP] Detectados 2 supply drops: [[312, 312], [484, 54]]
[2026-01-31 19:13:35] [DEBUG] 📦 Supplies detectados (raw): 2 posiciones [[312, 312], [484, 54]]
[2026-01-31 19:13:35] [DEBUG] ------------------------------------------------------------
[2026-01-31 19:13:35] [DEBUG] 📸 [DEBUG SCREENSHOT] Iniciando guardado: type=dino, n=13, counter=1
[2026-01-31 19:13:35] [DEBUG] ✅ [DEBUG SCREENSHOT] Guardado exitoso: debug_screenshots/dinos/dino_20260131_191335_001_n13.png
[2026-01-31 19:13:35] [DEBUG] 🦖 Dinos detectados (raw): 13 posiciones
[2026-01-31 19:13:35] [DEBUG] ------------------------------------------------------------
[2026-01-31 19:13:35] [DEBUG] 🚧 FILTRANDO POR ZONAS EXCLUIDAS...
[2026-01-31 19:13:35] [DEBUG]    📦 Supplies válidos después de filtro: 2/2
[2026-01-31 19:13:35] [DEBUG] ⛔ [DINO] Posición (307, 19) en zona excluida: Borde izquierdo
[2026-01-31 19:13:35] [DEBUG] ⛔ [DINO] Posición (359, 12) en zona excluida: Borde izquierdo
[2026-01-31 19:13:35] [DEBUG] ⛔ [DINO] Posición (424, 12) en zona excluida: Borde izquierdo
[2026-01-31 19:13:35] [DEBUG] ⛔ [DINO] Posición (746, 12) en zona excluida: Barra inferior completa
[2026-01-31 19:13:35] [DEBUG]    🦖 Dinos válidos después de filtro: 9/13
[2026-01-31 19:13:35] [DEBUG] ------------------------------------------------------------
[2026-01-31 19:13:35] [INFO] 📊 RESULTADO FINAL: 0🪙 2📦 9🦖 (Total: 11)
[2026-01-31 19:13:35] [DEBUG] ================================================================================
[2026-01-31 19:13:35] [INFO] 📦 ➡️  Iniciando recolección de 2 supply drops...
[2026-01-31 19:13:35] [DEBUG] ============================================================
[2026-01-31 19:13:35] [DEBUG] 📦 [COLLECT SUPPLY] INICIANDO RECOLECCIÓN
[2026-01-31 19:13:35] [DEBUG]    Posiciones recibidas: 2
[2026-01-31 19:13:35] [DEBUG]    Posiciones: [[312, 312], [484, 54]]
[2026-01-31 19:13:35] [DEBUG]    Supply counter actual: 1
[2026-01-31 19:13:35] [DEBUG]    Supply counter incrementado a: 2
[2026-01-31 19:13:35] [DEBUG] ------------------------------------------------------------
[2026-01-31 19:13:35] [DEBUG] 📦 Procesando supply #1/2: posición (312, 312)
[2026-01-31 19:13:35] [DEBUG]    🖱️  Clickeando en x=993, y=349
[2026-01-31 19:13:36] [WARNING] ⏭️  Click en (312, 312) no abrió nada - Saltando objeto
[2026-01-31 19:13:36] [DEBUG] ------------------------------------------------------------
[2026-01-31 19:13:36] [DEBUG] 📦 Procesando supply #2/2: posición (484, 54)
[2026-01-31 19:13:36] [DEBUG]    🖱️  Clickeando en x=735, y=521
[2026-01-31 19:13:37] [WARNING] ⏭️  Click en (484, 54) no abrió nada - Saltando objeto
[2026-01-31 19:13:37] [INFO] 🦖 ➡️  Iniciando disparo a 9 dinosaurios...
[2026-01-31 19:13:39] [DEBUG] 🔍 Determinando estado del objeto...
[2026-01-31 19:13:39] [DEBUG]    📐 Área botón lanzar: (76, 223, 3)
[2026-01-31 19:13:39] [DEBUG]    📐 Área texto supply: (101, 360, 3)
[2026-01-31 19:13:39] [DEBUG]    📐 Área cooldown: (158, 223, 3)
[2026-01-31 19:13:40] [INFO] 📝 [OCR] Botón: 'IUNETEAHORE'
[2026-01-31 19:13:40] [INFO] 📝 [OCR] Texto: ''
[2026-01-31 19:13:40] [INFO] 📝 [OCR] Combinado: 'IUNETEAHORE '
[2026-01-31 19:13:40] [WARNING] ⛔ [EXCLUIDO] Dinosaurio fuera de rango (VIP requerido)
[2026-01-31 19:13:42] [DEBUG] 🔍 Determinando estado del objeto...
[2026-01-31 19:13:42] [DEBUG]    📐 Área botón lanzar: (76, 223, 3)
[2026-01-31 19:13:42] [DEBUG]    📐 Área texto supply: (101, 360, 3)
[2026-01-31 19:13:42] [DEBUG]    📐 Área cooldown: (158, 223, 3)
[2026-01-31 19:13:44] [INFO] 📝 [OCR] Botón: ''
[2026-01-31 19:13:44] [INFO] 📝 [OCR] Texto: '.SALTODEESTADISTICA'
[2026-01-31 19:13:44] [INFO] 📝 [OCR] Combinado: ' .SALTODEESTADISTICA'
[2026-01-31 19:13:44] [DEBUG] ⏱️  [OCR] Cooldown: 'AEVICTORIAS:0'
[2026-01-31 19:13:44] [WARNING] ❌ [ESTADO DETECTADO] NO IDENTIFICADO - OCR puede haber fallado
[2026-01-31 19:13:44] [WARNING]    💡 Considera activar debug visual para ver qué captura el OCR
[2026-01-31 19:13:46] [INFO] 🔄 ➡️  Revisando misma zona de nuevo para detectar objetos restantes...
[2026-01-31 19:13:46] [INFO] ================================================================================
[2026-01-31 19:13:46] [INFO] 🔍 ESCANEANDO MAPA - Ciclo de detección
[2026-01-31 19:13:46] [INFO] ================================================================================
[2026-01-31 19:13:46] [DEBUG] 🪙 Coins: Deshabilitadas temporalmente
[2026-01-31 19:13:46] [DEBUG] ------------------------------------------------------------
[2026-01-31 19:13:46] [DEBUG] 🔍 Buscando supply drops...
[2026-01-31 19:13:46] [DEBUG]    📊 Supply color range: R[220-255] G[100-180] B[0-40]
[2026-01-31 19:13:46] [DEBUG]    📊 Event color range: R[5-50] G[190-245] B[0-40]
[2026-01-31 19:13:46] [DEBUG]    📐 Zona analizada: (491, 500, 3)
[2026-01-31 19:13:46] [DEBUG]    🎨 Píxeles detectados inicialmente: 392
[2026-01-31 19:13:46] [DEBUG]    🔢 Componentes detectados: 16
[2026-01-31 19:13:46] [DEBUG]    ✅ Supply drop #2: 79 píxeles en posición (312, 312)
[2026-01-31 19:13:47] [DEBUG]    ✅ Supply drop #16: 223 píxeles en posición (484, 54)
[2026-01-31 19:13:47] [DEBUG] 🎯 [SUPPLY DROP] About to save screenshot: len(pos)=2, counter=2
[2026-01-31 19:13:47] [DEBUG] 📸 [DEBUG SCREENSHOT] Iniciando guardado: type=supply, n=2, counter=2
[2026-01-31 19:13:47] [WARNING] ⚠️  [DEBUG SCREENSHOT] cv2.imwrite retornó False: debug_screenshots/supplys/supply_20260131_191347_002_n2.png
[2026-01-31 19:13:47] [INFO] 🟠 [SUPPLY DROP] Detectados 2 supply drops: [[312, 312], [484, 54]]
[2026-01-31 19:13:47] [DEBUG] 📦 Supplies detectados (raw): 2 posiciones [[312, 312], [484, 54]]
[2026-01-31 19:13:47] [DEBUG] ------------------------------------------------------------
[2026-01-31 19:13:47] [DEBUG] 📸 [DEBUG SCREENSHOT] Iniciando guardado: type=dino, n=16, counter=2
[2026-01-31 19:13:47] [DEBUG] ✅ [DEBUG SCREENSHOT] Guardado exitoso: debug_screenshots/dinos/dino_20260131_191347_002_n16.png
[2026-01-31 19:13:47] [DEBUG] 🦖 Dinos detectados (raw): 16 posiciones
[2026-01-31 19:13:47] [DEBUG] ------------------------------------------------------------
[2026-01-31 19:13:47] [DEBUG] 🚧 FILTRANDO POR ZONAS EXCLUIDAS...
[2026-01-31 19:13:47] [DEBUG]    📦 Supplies válidos después de filtro: 2/2
[2026-01-31 19:13:47] [DEBUG] ⛔ [DINO] Posición (361, 12) en zona excluida: Borde izquierdo
[2026-01-31 19:13:47] [DEBUG] ⛔ [DINO] Posición (425, 12) en zona excluida: Borde izquierdo
[2026-01-31 19:13:47] [DEBUG] ⛔ [DINO] Posición (521, 12) en zona excluida: Borde izquierdo
[2026-01-31 19:13:47] [DEBUG] ⛔ [DINO] Posición (653, 217) en zona excluida: Barra inferior completa
[2026-01-31 19:13:47] [DEBUG] ⛔ [DINO] Posición (685, 292) en zona excluida: Barra inferior completa
[2026-01-31 19:13:47] [DEBUG] ⛔ [DINO] Posición (701, 195) en zona excluida: Barra inferior completa
[2026-01-31 19:13:47] [DEBUG] ⛔ [DINO] Posición (744, 461) en zona excluida: Barra inferior completa
[2026-01-31 19:13:47] [DEBUG] ⛔ [DINO] Posición (746, 12) en zona excluida: Barra inferior completa
[2026-01-31 19:13:47] [DEBUG] ⛔ [DINO] Posición (768, 427) en zona excluida: Barra inferior completa
[2026-01-31 19:13:47] [DEBUG]    🦖 Dinos válidos después de filtro: 7/16
[2026-01-31 19:13:47] [DEBUG] ------------------------------------------------------------
[2026-01-31 19:13:47] [INFO] 📊 RESULTADO FINAL: 0🪙 2📦 7🦖 (Total: 9)
[2026-01-31 19:13:47] [DEBUG] ================================================================================
[2026-01-31 19:13:47] [INFO] 📦 ➡️  Iniciando recolección de 2 supply drops...
[2026-01-31 19:13:47] [DEBUG] ============================================================
[2026-01-31 19:13:47] [DEBUG] 📦 [COLLECT SUPPLY] INICIANDO RECOLECCIÓN
[2026-01-31 19:13:47] [DEBUG]    Posiciones recibidas: 2
[2026-01-31 19:13:47] [DEBUG]    Posiciones: [[312, 312], [484, 54]]
[2026-01-31 19:13:47] [DEBUG]    Supply counter actual: 2
[2026-01-31 19:13:47] [DEBUG]    Supply counter incrementado a: 3
[2026-01-31 19:13:47] [DEBUG] ------------------------------------------------------------
[2026-01-31 19:13:47] [DEBUG] 📦 Procesando supply #1/2: posición (312, 312)
[2026-01-31 19:13:47] [DEBUG]    🖱️  Clickeando en x=993, y=349
[2026-01-31 19:13:48] [WARNING] ⏭️  Click en (312, 312) no abrió nada - Saltando objeto
[2026-01-31 19:13:48] [DEBUG] ------------------------------------------------------------
[2026-01-31 19:13:48] [DEBUG] 📦 Procesando supply #2/2: posición (484, 54)
[2026-01-31 19:13:48] [DEBUG]    🖱️  Clickeando en x=735, y=521
[2026-01-31 19:13:49] [WARNING] ⏭️  Click en (484, 54) no abrió nada - Saltando objeto
[2026-01-31 19:13:49] [INFO] 🦖 ➡️  Iniciando disparo a 7 dinosaurios...
[2026-01-31 19:13:50] [DEBUG] 🔍 Determinando estado del objeto...
[2026-01-31 19:13:50] [DEBUG]    📐 Área botón lanzar: (76, 223, 3)
[2026-01-31 19:13:50] [DEBUG]    📐 Área texto supply: (101, 360, 3)
[2026-01-31 19:13:50] [DEBUG]    📐 Área cooldown: (158, 223, 3)
[2026-01-31 19:13:52] [INFO] 📝 [OCR] Botón: 'IUNETEAHORE'
[2026-01-31 19:13:52] [INFO] 📝 [OCR] Texto: 'WEENEESEPICO2ES'
[2026-01-31 19:13:52] [INFO] 📝 [OCR] Combinado: 'IUNETEAHORE WEENEESEPICO2ES'
[2026-01-31 19:13:52] [WARNING] ⛔ [EXCLUIDO] Dinosaurio fuera de rango (VIP requerido)
[2026-01-31 19:13:55] [INFO] 🔄 ➡️  Revisando misma zona de nuevo para detectar objetos restantes...
[2026-01-31 19:13:55] [INFO] ================================================================================
[2026-01-31 19:13:55] [INFO] 🔍 ESCANEANDO MAPA - Ciclo de detección
[2026-01-31 19:13:55] [INFO] ================================================================================
[2026-01-31 19:13:55] [DEBUG] 🪙 Coins: Deshabilitadas temporalmente
[2026-01-31 19:13:55] [DEBUG] ------------------------------------------------------------
[2026-01-31 19:13:55] [DEBUG] 🔍 Buscando supply drops...
[2026-01-31 19:13:55] [DEBUG]    📊 Supply color range: R[220-255] G[100-180] B[0-40]
[2026-01-31 19:13:55] [DEBUG]    📊 Event color range: R[5-50] G[190-245] B[0-40]
[2026-01-31 19:13:55] [DEBUG]    📐 Zona analizada: (491, 500, 3)
[2026-01-31 19:13:55] [DEBUG]    🎨 Píxeles detectados inicialmente: 372
[2026-01-31 19:13:55] [DEBUG]    🔢 Componentes detectados: 19
[2026-01-31 19:13:55] [DEBUG]    ✅ Supply drop #19: 238 píxeles en posición (483, 55)
[2026-01-31 19:13:55] [DEBUG] 🎯 [SUPPLY DROP] About to save screenshot: len(pos)=1, counter=3
[2026-01-31 19:13:55] [DEBUG] 📸 [DEBUG SCREENSHOT] Iniciando guardado: type=supply, n=1, counter=3
[2026-01-31 19:13:55] [WARNING] ⚠️  [DEBUG SCREENSHOT] cv2.imwrite retornó False: debug_screenshots/supplys/supply_20260131_191355_003_n1.png
[2026-01-31 19:13:55] [INFO] 🟠 [SUPPLY DROP] Detectados 1 supply drops: [[483, 55]]
[2026-01-31 19:13:55] [DEBUG] 📦 Supplies detectados (raw): 1 posiciones [[483, 55]]
[2026-01-31 19:13:55] [DEBUG] ------------------------------------------------------------
[2026-01-31 19:13:55] [DEBUG] 📸 [DEBUG SCREENSHOT] Iniciando guardado: type=dino, n=11, counter=3
[2026-01-31 19:13:55] [DEBUG] ✅ [DEBUG SCREENSHOT] Guardado exitoso: debug_screenshots/dinos/dino_20260131_191355_003_n11.png
[2026-01-31 19:13:55] [DEBUG] 🦖 Dinos detectados (raw): 11 posiciones
[2026-01-31 19:13:55] [DEBUG] ------------------------------------------------------------
[2026-01-31 19:13:55] [DEBUG] 🚧 FILTRANDO POR ZONAS EXCLUIDAS...
[2026-01-31 19:13:55] [DEBUG]    📦 Supplies válidos después de filtro: 1/1
[2026-01-31 19:13:55] [DEBUG] ⛔ [DINO] Posición (521, 12) en zona excluida: Borde izquierdo
[2026-01-31 19:13:55] [DEBUG] ⛔ [DINO] Posición (746, 12) en zona excluida: Barra inferior completa
[2026-01-31 19:13:55] [DEBUG]    🦖 Dinos válidos después de filtro: 9/11
[2026-01-31 19:13:55] [DEBUG] ------------------------------------------------------------
[2026-01-31 19:13:55] [INFO] 📊 RESULTADO FINAL: 0🪙 1📦 9🦖 (Total: 10)
[2026-01-31 19:13:55] [DEBUG] ================================================================================
[2026-01-31 19:13:55] [INFO] 📦 ➡️  Iniciando recolección de 1 supply drops...
[2026-01-31 19:13:55] [DEBUG] ============================================================
[2026-01-31 19:13:55] [DEBUG] 📦 [COLLECT SUPPLY] INICIANDO RECOLECCIÓN
[2026-01-31 19:13:55] [DEBUG]    Posiciones recibidas: 1
[2026-01-31 19:13:55] [DEBUG]    Posiciones: [[483, 55]]
[2026-01-31 19:13:55] [DEBUG]    Supply counter actual: 3
[2026-01-31 19:13:55] [DEBUG]    Supply counter incrementado a: 4
[2026-01-31 19:13:55] [DEBUG] ------------------------------------------------------------
[2026-01-31 19:13:55] [DEBUG] 📦 Procesando supply #1/1: posición (483, 55)
[2026-01-31 19:13:55] [DEBUG]    🖱️  Clickeando en x=736, y=520
[2026-01-31 19:13:56] [WARNING] ⏭️  Click en (483, 55) no abrió nada - Saltando objeto
[2026-01-31 19:13:56] [INFO] 🦖 ➡️  Iniciando disparo a 9 dinosaurios...
[2026-01-31 19:13:58] [DEBUG] 🔍 Determinando estado del objeto...
[2026-01-31 19:13:58] [DEBUG]    📐 Área botón lanzar: (76, 223, 3)
[2026-01-31 19:13:58] [DEBUG]    📐 Área texto supply: (101, 360, 3)
[2026-01-31 19:13:58] [DEBUG]    📐 Área cooldown: (158, 223, 3)
[2026-01-31 19:13:59] [INFO] 📝 [OCR] Botón: 'IUNETEAHORE'
[2026-01-31 19:13:59] [INFO] 📝 [OCR] Texto: 'WWESSEEEPICO'
[2026-01-31 19:13:59] [INFO] 📝 [OCR] Combinado: 'IUNETEAHORE WWESSEEEPICO'
[2026-01-31 19:13:59] [WARNING] ⛔ [EXCLUIDO] Dinosaurio fuera de rango (VIP requerido)
[2026-01-31 19:14:03] [DEBUG] 🔍 Determinando estado del objeto...
[2026-01-31 19:14:03] [DEBUG]    📐 Área botón lanzar: (76, 223, 3)
[2026-01-31 19:14:03] [DEBUG]    📐 Área texto supply: (101, 360, 3)
[2026-01-31 19:14:03] [DEBUG]    📐 Área cooldown: (158, 223, 3)
[2026-01-31 19:14:04] [INFO] 📝 [OCR] Botón: 'IUNETEAHORE'
[2026-01-31 19:14:04] [INFO] 📝 [OCR] Texto: '0ESEESTIEPICO2)'
[2026-01-31 19:14:04] [INFO] 📝 [OCR] Combinado: 'IUNETEAHORE 0ESEESTIEPICO2)'
[2026-01-31 19:14:04] [WARNING] ⛔ [EXCLUIDO] Dinosaurio fuera de rango (VIP requerido)
[2026-01-31 19:14:05] [INFO] 🔄 ➡️  Revisando misma zona de nuevo para detectar objetos restantes...
[2026-01-31 19:14:05] [INFO] ================================================================================
[2026-01-31 19:14:05] [INFO] 🔍 ESCANEANDO MAPA - Ciclo de detección
[2026-01-31 19:14:05] [INFO] ================================================================================
[2026-01-31 19:14:05] [DEBUG] 🪙 Coins: Deshabilitadas temporalmente
[2026-01-31 19:14:05] [DEBUG] ------------------------------------------------------------
[2026-01-31 19:14:05] [DEBUG] 🔍 Buscando supply drops...
[2026-01-31 19:14:05] [DEBUG]    📊 Supply color range: R[220-255] G[100-180] B[0-40]
[2026-01-31 19:14:05] [DEBUG]    📊 Event color range: R[5-50] G[190-245] B[0-40]
[2026-01-31 19:14:05] [DEBUG]    📐 Zona analizada: (491, 500, 3)
[2026-01-31 19:14:05] [DEBUG]    🎨 Píxeles detectados inicialmente: 0
[2026-01-31 19:14:05] [DEBUG]    🔢 Componentes detectados: 0
[2026-01-31 19:14:05] [DEBUG]    ❌ No se detectaron supply drops
[2026-01-31 19:14:05] [DEBUG] 📦 Supplies detectados (raw): 0 posiciones []
[2026-01-31 19:14:05] [DEBUG] ------------------------------------------------------------
[2026-01-31 19:14:05] [DEBUG] 📸 [DEBUG SCREENSHOT] Iniciando guardado: type=dino, n=1, counter=4
[2026-01-31 19:14:05] [DEBUG] ✅ [DEBUG SCREENSHOT] Guardado exitoso: debug_screenshots/dinos/dino_20260131_191405_004_n1.png
[2026-01-31 19:14:05] [DEBUG] 🦖 Dinos detectados (raw): 1 posiciones
[2026-01-31 19:14:05] [DEBUG] ------------------------------------------------------------
[2026-01-31 19:14:05] [DEBUG] 🚧 FILTRANDO POR ZONAS EXCLUIDAS...
[2026-01-31 19:14:05] [DEBUG]    📦 Supplies válidos después de filtro: 0/0
[2026-01-31 19:14:05] [DEBUG] ⛔ [DINO] Posición (770, 121) en zona excluida: Barra inferior completa
[2026-01-31 19:14:05] [DEBUG]    🦖 Dinos válidos después de filtro: 0/1
[2026-01-31 19:14:05] [DEBUG] ------------------------------------------------------------
[2026-01-31 19:14:05] [INFO] 📊 RESULTADO FINAL: 0🪙 0📦 0🦖 (Total: 0)
[2026-01-31 19:14:05] [DEBUG] ================================================================================
[2026-01-31 19:14:05] [INFO] ⚠️  Objetos en zonas prohibidas ignorados: 0🪙 0📦 1🦖
[2026-01-31 19:14:05] [INFO] ✅ ➡️  Zona limpia - cambiando vista del mapa...
[2026-01-31 19:14:05] [DEBUG] 
[2026-01-31 19:14:05] [DEBUG] 📸 Captura guardada: map_view_191405.png
[2026-01-31 19:14:08] [INFO] ================================================================================
[2026-01-31 19:14:08] [INFO] 🔍 ESCANEANDO MAPA - Ciclo de detección
[2026-01-31 19:14:08] [INFO] ================================================================================
[2026-01-31 19:14:08] [DEBUG] 🪙 Coins: Deshabilitadas temporalmente
[2026-01-31 19:14:08] [DEBUG] ------------------------------------------------------------
[2026-01-31 19:14:08] [DEBUG] 🔍 Buscando supply drops...
[2026-01-31 19:14:08] [DEBUG]    📊 Supply color range: R[220-255] G[100-180] B[0-40]
[2026-01-31 19:14:08] [DEBUG]    📊 Event color range: R[5-50] G[190-245] B[0-40]
[2026-01-31 19:14:08] [DEBUG]    📐 Zona analizada: (491, 500, 3)
[2026-01-31 19:14:08] [DEBUG]    🎨 Píxeles detectados inicialmente: 0
[2026-01-31 19:14:08] [DEBUG]    🔢 Componentes detectados: 0
[2026-01-31 19:14:08] [DEBUG]    ❌ No se detectaron supply drops
[2026-01-31 19:14:08] [DEBUG] 📦 Supplies detectados (raw): 0 posiciones []
[2026-01-31 19:14:08] [DEBUG] ------------------------------------------------------------
[2026-01-31 19:14:08] [DEBUG] 📸 [DEBUG SCREENSHOT] Iniciando guardado: type=dino, n=1, counter=4
[2026-01-31 19:14:08] [DEBUG] ✅ [DEBUG SCREENSHOT] Guardado exitoso: debug_screenshots/dinos/dino_20260131_191408_004_n1.png
[2026-01-31 19:14:08] [DEBUG] 🦖 Dinos detectados (raw): 1 posiciones
[2026-01-31 19:14:08] [DEBUG] ------------------------------------------------------------
[2026-01-31 19:14:08] [DEBUG] 🚧 FILTRANDO POR ZONAS EXCLUIDAS...
[2026-01-31 19:14:08] [DEBUG]    📦 Supplies válidos después de filtro: 0/0
[2026-01-31 19:14:08] [DEBUG] ⛔ [DINO] Posición (767, 397) en zona excluida: Barra inferior completa
[2026-01-31 19:14:08] [DEBUG]    🦖 Dinos válidos después de filtro: 0/1
[2026-01-31 19:14:08] [DEBUG] ------------------------------------------------------------
[2026-01-31 19:14:08] [INFO] 📊 RESULTADO FINAL: 0🪙 0📦 0🦖 (Total: 0)
[2026-01-31 19:14:08] [DEBUG] ================================================================================
[2026-01-31 19:14:08] [INFO] ⚠️  Objetos en zonas prohibidas ignorados: 0🪙 0📦 1🦖
[2026-01-31 19:14:08] [INFO] ✅ ➡️  Zona limpia - cambiando vista del mapa...
[2026-01-31 19:14:08] [DEBUG] 
[2026-01-31 19:14:08] [DEBUG] 📸 Captura guardada: map_view_191408.png
[2026-01-31 19:14:11] [INFO] ================================================================================
[2026-01-31 19:14:11] [INFO] 🔍 ESCANEANDO MAPA - Ciclo de detección
[2026-01-31 19:14:11] [INFO] ================================================================================
[2026-01-31 19:14:11] [DEBUG] 🪙 Coins: Deshabilitadas temporalmente
[2026-01-31 19:14:11] [DEBUG] ------------------------------------------------------------
[2026-01-31 19:14:11] [DEBUG] 🔍 Buscando supply drops...
[2026-01-31 19:14:11] [DEBUG]    📊 Supply color range: R[220-255] G[100-180] B[0-40]
[2026-01-31 19:14:11] [DEBUG]    📊 Event color range: R[5-50] G[190-245] B[0-40]
[2026-01-31 19:14:11] [DEBUG]    📐 Zona analizada: (491, 500, 3)
[2026-01-31 19:14:11] [DEBUG]    🎨 Píxeles detectados inicialmente: 0
[2026-01-31 19:14:11] [DEBUG]    🔢 Componentes detectados: 0
[2026-01-31 19:14:11] [DEBUG]    ❌ No se detectaron supply drops
[2026-01-31 19:14:11] [DEBUG] 📦 Supplies detectados (raw): 0 posiciones []
[2026-01-31 19:14:11] [DEBUG] ------------------------------------------------------------
[2026-01-31 19:14:11] [DEBUG] 📸 [DEBUG SCREENSHOT] Iniciando guardado: type=dino, n=1, counter=4
[2026-01-31 19:14:11] [DEBUG] ✅ [DEBUG SCREENSHOT] Guardado exitoso: debug_screenshots/dinos/dino_20260131_191411_004_n1.png
[2026-01-31 19:14:11] [DEBUG] 🦖 Dinos detectados (raw): 1 posiciones
[2026-01-31 19:14:11] [DEBUG] ------------------------------------------------------------
[2026-01-31 19:14:11] [DEBUG] 🚧 FILTRANDO POR ZONAS EXCLUIDAS...
[2026-01-31 19:14:11] [DEBUG]    📦 Supplies válidos después de filtro: 0/0
[2026-01-31 19:14:11] [DEBUG] ⛔ [DINO] Posición (767, 397) en zona excluida: Barra inferior completa
[2026-01-31 19:14:11] [DEBUG]    🦖 Dinos válidos después de filtro: 0/1
[2026-01-31 19:14:11] [DEBUG] ------------------------------------------------------------
[2026-01-31 19:14:11] [INFO] 📊 RESULTADO FINAL: 0🪙 0📦 0🦖 (Total: 0)
[2026-01-31 19:14:11] [DEBUG] ================================================================================
[2026-01-31 19:14:11] [INFO] ⚠️  Objetos en zonas prohibidas ignorados: 0🪙 0📦 1🦖
[2026-01-31 19:14:11] [INFO] ✅ ➡️  Zona limpia - cambiando vista del mapa...
[2026-01-31 19:14:11] [DEBUG] 
[2026-01-31 19:14:11] [DEBUG] 📸 Captura guardada: map_view_191411.png
[2026-01-31 19:14:14] [INFO] ================================================================================
[2026-01-31 19:14:14] [INFO] 🔍 ESCANEANDO MAPA - Ciclo de detección
[2026-01-31 19:14:14] [INFO] ================================================================================
[2026-01-31 19:14:14] [DEBUG] 🪙 Coins: Deshabilitadas temporalmente
[2026-01-31 19:14:14] [DEBUG] ------------------------------------------------------------
[2026-01-31 19:14:14] [DEBUG] 🔍 Buscando supply drops...
[2026-01-31 19:14:14] [DEBUG]    📊 Supply color range: R[220-255] G[100-180] B[0-40]
[2026-01-31 19:14:14] [DEBUG]    📊 Event color range: R[5-50] G[190-245] B[0-40]
[2026-01-31 19:14:14] [DEBUG]    📐 Zona analizada: (491, 500, 3)
[2026-01-31 19:14:14] [DEBUG]    🎨 Píxeles detectados inicialmente: 0
[2026-01-31 19:14:14] [DEBUG]    🔢 Componentes detectados: 0
[2026-01-31 19:14:14] [DEBUG]    ❌ No se detectaron supply drops
[2026-01-31 19:14:14] [DEBUG] 📦 Supplies detectados (raw): 0 posiciones []
[2026-01-31 19:14:14] [DEBUG] ------------------------------------------------------------
[2026-01-31 19:14:14] [DEBUG] 📸 [DEBUG SCREENSHOT] Iniciando guardado: type=dino, n=3, counter=4
[2026-01-31 19:14:14] [DEBUG] ✅ [DEBUG SCREENSHOT] Guardado exitoso: debug_screenshots/dinos/dino_20260131_191414_004_n3.png
[2026-01-31 19:14:14] [DEBUG] 🦖 Dinos detectados (raw): 3 posiciones
[2026-01-31 19:14:14] [DEBUG] ------------------------------------------------------------
[2026-01-31 19:14:14] [DEBUG] 🚧 FILTRANDO POR ZONAS EXCLUIDAS...
[2026-01-31 19:14:14] [DEBUG]    📦 Supplies válidos después de filtro: 0/0
[2026-01-31 19:14:14] [DEBUG]    🦖 Dinos válidos después de filtro: 3/3
[2026-01-31 19:14:14] [DEBUG] ------------------------------------------------------------
[2026-01-31 19:14:14] [INFO] 📊 RESULTADO FINAL: 0🪙 0📦 3🦖 (Total: 3)
[2026-01-31 19:14:14] [DEBUG] ================================================================================
[2026-01-31 19:14:14] [INFO] 🦖 ➡️  Iniciando disparo a 3 dinosaurios...
[2026-01-31 19:14:15] [INFO] 🔄 ➡️  Revisando misma zona de nuevo para detectar objetos restantes...
[2026-01-31 19:14:15] [INFO] ================================================================================
[2026-01-31 19:14:15] [INFO] 🔍 ESCANEANDO MAPA - Ciclo de detección
[2026-01-31 19:14:15] [INFO] ================================================================================
[2026-01-31 19:14:15] [DEBUG] 🪙 Coins: Deshabilitadas temporalmente
[2026-01-31 19:14:15] [DEBUG] ------------------------------------------------------------
[2026-01-31 19:14:15] [DEBUG] 🔍 Buscando supply drops...
[2026-01-31 19:14:15] [DEBUG]    📊 Supply color range: R[220-255] G[100-180] B[0-40]
[2026-01-31 19:14:15] [DEBUG]    📊 Event color range: R[5-50] G[190-245] B[0-40]
[2026-01-31 19:14:15] [DEBUG]    📐 Zona analizada: (491, 500, 3)
[2026-01-31 19:14:15] [DEBUG]    🎨 Píxeles detectados inicialmente: 0
[2026-01-31 19:14:15] [DEBUG]    🔢 Componentes detectados: 0
[2026-01-31 19:14:15] [DEBUG]    ❌ No se detectaron supply drops
[2026-01-31 19:14:15] [DEBUG] 📦 Supplies detectados (raw): 0 posiciones []
[2026-01-31 19:14:15] [DEBUG] ------------------------------------------------------------
[2026-01-31 19:14:15] [DEBUG] 📸 [DEBUG SCREENSHOT] Iniciando guardado: type=dino, n=4, counter=5
[2026-01-31 19:14:15] [DEBUG] ✅ [DEBUG SCREENSHOT] Guardado exitoso: debug_screenshots/dinos/dino_20260131_191415_005_n4.png
[2026-01-31 19:14:15] [DEBUG] 🦖 Dinos detectados (raw): 4 posiciones
[2026-01-31 19:14:15] [DEBUG] ------------------------------------------------------------
[2026-01-31 19:14:15] [DEBUG] 🚧 FILTRANDO POR ZONAS EXCLUIDAS...
[2026-01-31 19:14:15] [DEBUG]    📦 Supplies válidos después de filtro: 0/0
[2026-01-31 19:14:15] [DEBUG] ⛔ [DINO] Posición (770, 73) en zona excluida: Barra inferior completa
[2026-01-31 19:14:15] [DEBUG]    🦖 Dinos válidos después de filtro: 3/4
[2026-01-31 19:14:15] [DEBUG] ------------------------------------------------------------
[2026-01-31 19:14:15] [INFO] 📊 RESULTADO FINAL: 0🪙 0📦 3🦖 (Total: 3)
[2026-01-31 19:14:15] [DEBUG] ================================================================================
[2026-01-31 19:14:15] [INFO] 🦖 ➡️  Iniciando disparo a 3 dinosaurios...
[2026-01-31 19:14:16] [INFO] 🔄 ➡️  Revisando misma zona de nuevo para detectar objetos restantes...
[2026-01-31 19:14:16] [INFO] ================================================================================
[2026-01-31 19:14:16] [INFO] 🔍 ESCANEANDO MAPA - Ciclo de detección
[2026-01-31 19:14:16] [INFO] ================================================================================
[2026-01-31 19:14:16] [DEBUG] 🪙 Coins: Deshabilitadas temporalmente
[2026-01-31 19:14:16] [DEBUG] ------------------------------------------------------------
[2026-01-31 19:14:16] [DEBUG] 🔍 Buscando supply drops...
[2026-01-31 19:14:16] [DEBUG]    📊 Supply color range: R[220-255] G[100-180] B[0-40]
[2026-01-31 19:14:16] [DEBUG]    📊 Event color range: R[5-50] G[190-245] B[0-40]
[2026-01-31 19:14:16] [DEBUG]    📐 Zona analizada: (491, 500, 3)
[2026-01-31 19:14:16] [DEBUG]    🎨 Píxeles detectados inicialmente: 0
[2026-01-31 19:14:16] [DEBUG]    🔢 Componentes detectados: 0
[2026-01-31 19:14:16] [DEBUG]    ❌ No se detectaron supply drops
[2026-01-31 19:14:16] [DEBUG] 📦 Supplies detectados (raw): 0 posiciones []
[2026-01-31 19:14:16] [DEBUG] ------------------------------------------------------------
[2026-01-31 19:14:16] [DEBUG] 📸 [DEBUG SCREENSHOT] Iniciando guardado: type=dino, n=4, counter=6
[2026-01-31 19:14:16] [DEBUG] ✅ [DEBUG SCREENSHOT] Guardado exitoso: debug_screenshots/dinos/dino_20260131_191416_006_n4.png
[2026-01-31 19:14:16] [DEBUG] 🦖 Dinos detectados (raw): 4 posiciones
[2026-01-31 19:14:16] [DEBUG] ------------------------------------------------------------
[2026-01-31 19:14:16] [DEBUG] 🚧 FILTRANDO POR ZONAS EXCLUIDAS...
[2026-01-31 19:14:16] [DEBUG]    📦 Supplies válidos después de filtro: 0/0
[2026-01-31 19:14:16] [DEBUG] ⛔ [DINO] Posición (770, 73) en zona excluida: Barra inferior completa
[2026-01-31 19:14:16] [DEBUG]    🦖 Dinos válidos después de filtro: 3/4
[2026-01-31 19:14:16] [DEBUG] ------------------------------------------------------------
[2026-01-31 19:14:16] [INFO] 📊 RESULTADO FINAL: 0🪙 0📦 3🦖 (Total: 3)
[2026-01-31 19:14:16] [DEBUG] ================================================================================
[2026-01-31 19:14:16] [INFO] 🦖 ➡️  Iniciando disparo a 3 dinosaurios...
[2026-01-31 19:14:17] [INFO] 🔄 ➡️  Revisando misma zona de nuevo para detectar objetos restantes...
[2026-01-31 19:14:17] [INFO] ================================================================================
[2026-01-31 19:14:17] [INFO] 🔍 ESCANEANDO MAPA - Ciclo de detección
[2026-01-31 19:14:17] [INFO] ================================================================================
[2026-01-31 19:14:17] [DEBUG] 🪙 Coins: Deshabilitadas temporalmente
[2026-01-31 19:14:17] [DEBUG] ------------------------------------------------------------
[2026-01-31 19:14:17] [DEBUG] 🔍 Buscando supply drops...
[2026-01-31 19:14:17] [DEBUG]    📊 Supply color range: R[220-255] G[100-180] B[0-40]
[2026-01-31 19:14:17] [DEBUG]    📊 Event color range: R[5-50] G[190-245] B[0-40]
[2026-01-31 19:14:17] [DEBUG]    📐 Zona analizada: (491, 500, 3)
[2026-01-31 19:14:17] [DEBUG]    🎨 Píxeles detectados inicialmente: 0
[2026-01-31 19:14:17] [DEBUG]    🔢 Componentes detectados: 0
[2026-01-31 19:14:17] [DEBUG]    ❌ No se detectaron supply drops
[2026-01-31 19:14:17] [DEBUG] 📦 Supplies detectados (raw): 0 posiciones []
[2026-01-31 19:14:17] [DEBUG] ------------------------------------------------------------
[2026-01-31 19:14:17] [DEBUG] 📸 [DEBUG SCREENSHOT] Iniciando guardado: type=dino, n=6, counter=7
[2026-01-31 19:14:17] [DEBUG] ✅ [DEBUG SCREENSHOT] Guardado exitoso: debug_screenshots/dinos/dino_20260131_191417_007_n6.png
[2026-01-31 19:14:17] [DEBUG] 🦖 Dinos detectados (raw): 6 posiciones
[2026-01-31 19:14:17] [DEBUG] ------------------------------------------------------------
[2026-01-31 19:14:17] [DEBUG] 🚧 FILTRANDO POR ZONAS EXCLUIDAS...
[2026-01-31 19:14:17] [DEBUG]    📦 Supplies válidos después de filtro: 0/0
[2026-01-31 19:14:17] [DEBUG]    🦖 Dinos válidos después de filtro: 6/6
[2026-01-31 19:14:17] [DEBUG] ------------------------------------------------------------
[2026-01-31 19:14:17] [INFO] 📊 RESULTADO FINAL: 0🪙 0📦 6🦖 (Total: 6)
[2026-01-31 19:14:17] [DEBUG] ================================================================================
[2026-01-31 19:14:17] [INFO] 🦖 ➡️  Iniciando disparo a 6 dinosaurios...
[2026-01-31 19:14:19] [DEBUG] 🔍 Determinando estado del objeto...
[2026-01-31 19:14:19] [DEBUG]    📐 Área botón lanzar: (76, 223, 3)
[2026-01-31 19:14:19] [DEBUG]    📐 Área texto supply: (101, 360, 3)
[2026-01-31 19:14:19] [DEBUG]    📐 Área cooldown: (158, 223, 3)
[2026-01-31 19:14:20] [INFO] 📝 [OCR] Botón: ''
[2026-01-31 19:14:20] [INFO] 📝 [OCR] Texto: '—EVENTODEASALTO'
[2026-01-31 19:14:20] [INFO] 📝 [OCR] Combinado: ' —EVENTODEASALTO'
[2026-01-31 19:14:20] [WARNING] ⛔ [EXCLUIDO] Incubadora o evento de combate detectado
[2026-01-31 19:14:22] [DEBUG] 🔍 Determinando estado del objeto...
[2026-01-31 19:14:22] [DEBUG]    📐 Área botón lanzar: (76, 223, 3)
[2026-01-31 19:14:22] [DEBUG]    📐 Área texto supply: (101, 360, 3)
[2026-01-31 19:14:22] [DEBUG]    📐 Área cooldown: (158, 223, 3)
[2026-01-31 19:14:23] [INFO] 📝 [OCR] Botón: 'I'
[2026-01-31 19:14:23] [INFO] 📝 [OCR] Texto: ''
[2026-01-31 19:14:23] [INFO] 📝 [OCR] Combinado: 'I '
[2026-01-31 19:14:23] [WARNING] ❌ [ESTADO DETECTADO] NO IDENTIFICADO - OCR puede haber fallado
[2026-01-31 19:14:23] [WARNING]    💡 Considera activar debug visual para ver qué captura el OCR
[2026-01-31 19:14:25] [INFO] 🔄 ➡️  Revisando misma zona de nuevo para detectar objetos restantes...
[2026-01-31 19:14:25] [INFO] ================================================================================
[2026-01-31 19:14:25] [INFO] 🔍 ESCANEANDO MAPA - Ciclo de detección
[2026-01-31 19:14:25] [INFO] ================================================================================
[2026-01-31 19:14:25] [DEBUG] 🪙 Coins: Deshabilitadas temporalmente
[2026-01-31 19:14:25] [DEBUG] ------------------------------------------------------------
[2026-01-31 19:14:25] [DEBUG] 🔍 Buscando supply drops...
[2026-01-31 19:14:25] [DEBUG]    📊 Supply color range: R[220-255] G[100-180] B[0-40]
[2026-01-31 19:14:25] [DEBUG]    📊 Event color range: R[5-50] G[190-245] B[0-40]
[2026-01-31 19:14:25] [DEBUG]    📐 Zona analizada: (491, 500, 3)
[2026-01-31 19:14:25] [DEBUG]    🎨 Píxeles detectados inicialmente: 352
[2026-01-31 19:14:25] [DEBUG]    🔢 Componentes detectados: 18
[2026-01-31 19:14:25] [DEBUG]    ✅ Supply drop #18: 220 píxeles en posición (484, 55)
[2026-01-31 19:14:25] [DEBUG] 🎯 [SUPPLY DROP] About to save screenshot: len(pos)=1, counter=4
[2026-01-31 19:14:25] [DEBUG] 📸 [DEBUG SCREENSHOT] Iniciando guardado: type=supply, n=1, counter=4
[2026-01-31 19:14:25] [WARNING] ⚠️  [DEBUG SCREENSHOT] cv2.imwrite retornó False: debug_screenshots/supplys/supply_20260131_191425_004_n1.png
[2026-01-31 19:14:25] [INFO] 🟠 [SUPPLY DROP] Detectados 1 supply drops: [[484, 55]]
[2026-01-31 19:14:25] [DEBUG] 📦 Supplies detectados (raw): 1 posiciones [[484, 55]]
[2026-01-31 19:14:25] [DEBUG] ------------------------------------------------------------
[2026-01-31 19:14:25] [DEBUG] 📸 [DEBUG SCREENSHOT] Iniciando guardado: type=dino, n=8, counter=8
[2026-01-31 19:14:25] [DEBUG] ✅ [DEBUG SCREENSHOT] Guardado exitoso: debug_screenshots/dinos/dino_20260131_191425_008_n8.png
[2026-01-31 19:14:25] [DEBUG] 🦖 Dinos detectados (raw): 8 posiciones
[2026-01-31 19:14:25] [DEBUG] ------------------------------------------------------------
[2026-01-31 19:14:25] [DEBUG] 🚧 FILTRANDO POR ZONAS EXCLUIDAS...
[2026-01-31 19:14:25] [DEBUG]    📦 Supplies válidos después de filtro: 1/1
[2026-01-31 19:14:25] [DEBUG] ⛔ [DINO] Posición (725, 341) en zona excluida: Barra inferior completa
[2026-01-31 19:14:25] [DEBUG]    🦖 Dinos válidos después de filtro: 7/8
[2026-01-31 19:14:25] [DEBUG] ------------------------------------------------------------
[2026-01-31 19:14:25] [INFO] 📊 RESULTADO FINAL: 0🪙 1📦 7🦖 (Total: 8)
[2026-01-31 19:14:25] [DEBUG] ================================================================================
[2026-01-31 19:14:25] [INFO] 📦 ➡️  Iniciando recolección de 1 supply drops...
[2026-01-31 19:14:25] [DEBUG] ============================================================
[2026-01-31 19:14:25] [DEBUG] 📦 [COLLECT SUPPLY] INICIANDO RECOLECCIÓN
[2026-01-31 19:14:25] [DEBUG]    Posiciones recibidas: 1
[2026-01-31 19:14:25] [DEBUG]    Posiciones: [[484, 55]]
[2026-01-31 19:14:25] [DEBUG]    Supply counter actual: 4
[2026-01-31 19:14:25] [DEBUG]    Supply counter incrementado a: 5
[2026-01-31 19:14:25] [DEBUG] ------------------------------------------------------------
[2026-01-31 19:14:25] [DEBUG] 📦 Procesando supply #1/1: posición (484, 55)
[2026-01-31 19:14:25] [DEBUG]    🖱️  Clickeando en x=736, y=521
[2026-01-31 19:14:26] [WARNING] ⏭️  Click en (484, 55) no abrió nada - Saltando objeto
[2026-01-31 19:14:26] [INFO] 🦖 ➡️  Iniciando disparo a 7 dinosaurios...
[2026-01-31 19:14:28] [DEBUG] 🔍 Determinando estado del objeto...
[2026-01-31 19:14:28] [DEBUG]    📐 Área botón lanzar: (76, 223, 3)
[2026-01-31 19:14:28] [DEBUG]    📐 Área texto supply: (101, 360, 3)
[2026-01-31 19:14:28] [DEBUG]    📐 Área cooldown: (158, 223, 3)
[2026-01-31 19:14:29] [INFO] 📝 [OCR] Botón: ''
[2026-01-31 19:14:29] [INFO] 📝 [OCR] Texto: '{ALIZACIONDESUMINISTRO'
[2026-01-31 19:14:29] [INFO] 📝 [OCR] Combinado: ' {ALIZACIONDESUMINISTRO'
[2026-01-31 19:14:29] [DEBUG]    📦 Palabras clave de SUPPLY detectadas (prioridad alta)
[2026-01-31 19:14:29] [INFO] 🎁 Detectado SUPPLY en loop de dinos - Recolectando como supply...
[2026-01-31 19:14:37] [INFO] ✅ SUPPLY recolectado desde loop de dinos
[2026-01-31 19:14:39] [DEBUG] 🔍 Determinando estado del objeto...
[2026-01-31 19:14:39] [DEBUG]    📐 Área botón lanzar: (76, 223, 3)
[2026-01-31 19:14:39] [DEBUG]    📐 Área texto supply: (101, 360, 3)
[2026-01-31 19:14:39] [DEBUG]    📐 Área cooldown: (158, 223, 3)
[2026-01-31 19:14:40] [INFO] 📝 [OCR] Botón: ''
[2026-01-31 19:14:40] [INFO] 📝 [OCR] Texto: 'EVENTODEASALTO'
[2026-01-31 19:14:40] [INFO] 📝 [OCR] Combinado: ' EVENTODEASALTO'
[2026-01-31 19:14:40] [WARNING] ⛔ [EXCLUIDO] Incubadora o evento de combate detectado
[2026-01-31 19:14:43] [DEBUG] 🔍 Determinando estado del objeto...
[2026-01-31 19:14:43] [DEBUG]    📐 Área botón lanzar: (76, 223, 3)
[2026-01-31 19:14:43] [DEBUG]    📐 Área texto supply: (101, 360, 3)
[2026-01-31 19:14:43] [DEBUG]    📐 Área cooldown: (158, 223, 3)
[2026-01-31 19:14:44] [INFO] 📝 [OCR] Botón: ''
[2026-01-31 19:14:44] [INFO] 📝 [OCR] Texto: 'CALIZACIONDESUMINISTRO:'
[2026-01-31 19:14:44] [INFO] 📝 [OCR] Combinado: ' CALIZACIONDESUMINISTRO:'
[2026-01-31 19:14:44] [DEBUG]    📦 Palabras clave de SUPPLY detectadas (prioridad alta)
[2026-01-31 19:14:44] [INFO] 🎁 Detectado SUPPLY en loop de dinos - Recolectando como supply...
[2026-01-31 19:14:53] [INFO] ✅ SUPPLY recolectado desde loop de dinos
[2026-01-31 19:14:53] [INFO] 🔄 ➡️  Revisando misma zona de nuevo para detectar objetos restantes...
[2026-01-31 19:14:53] [INFO] ================================================================================
[2026-01-31 19:14:53] [INFO] 🔍 ESCANEANDO MAPA - Ciclo de detección
[2026-01-31 19:14:53] [INFO] ================================================================================
[2026-01-31 19:14:53] [DEBUG] 🪙 Coins: Deshabilitadas temporalmente
[2026-01-31 19:14:53] [DEBUG] ------------------------------------------------------------
[2026-01-31 19:14:53] [DEBUG] 🔍 Buscando supply drops...
[2026-01-31 19:14:53] [DEBUG]    📊 Supply color range: R[220-255] G[100-180] B[0-40]
[2026-01-31 19:14:53] [DEBUG]    📊 Event color range: R[5-50] G[190-245] B[0-40]
[2026-01-31 19:14:53] [DEBUG]    📐 Zona analizada: (491, 500, 3)
[2026-01-31 19:14:53] [DEBUG]    🎨 Píxeles detectados inicialmente: 397
[2026-01-31 19:14:53] [DEBUG]    🔢 Componentes detectados: 17
[2026-01-31 19:14:53] [DEBUG]    ✅ Supply drop #2: 73 píxeles en posición (305, 312)
[2026-01-31 19:14:53] [DEBUG]    ✅ Supply drop #17: 240 píxeles en posición (484, 55)
[2026-01-31 19:14:53] [DEBUG] 🎯 [SUPPLY DROP] About to save screenshot: len(pos)=2, counter=5
[2026-01-31 19:14:53] [DEBUG] 📸 [DEBUG SCREENSHOT] Iniciando guardado: type=supply, n=2, counter=5
[2026-01-31 19:14:53] [WARNING] ⚠️  [DEBUG SCREENSHOT] cv2.imwrite retornó False: debug_screenshots/supplys/supply_20260131_191453_005_n2.png
[2026-01-31 19:14:53] [INFO] 🟠 [SUPPLY DROP] Detectados 2 supply drops: [[305, 312], [484, 55]]
[2026-01-31 19:14:53] [DEBUG] 📦 Supplies detectados (raw): 2 posiciones [[305, 312], [484, 55]]
[2026-01-31 19:14:53] [DEBUG] ------------------------------------------------------------
[2026-01-31 19:14:53] [DEBUG] 📸 [DEBUG SCREENSHOT] Iniciando guardado: type=dino, n=8, counter=9
[2026-01-31 19:14:53] [DEBUG] ✅ [DEBUG SCREENSHOT] Guardado exitoso: debug_screenshots/dinos/dino_20260131_191453_009_n8.png
[2026-01-31 19:14:53] [DEBUG] 🦖 Dinos detectados (raw): 8 posiciones
[2026-01-31 19:14:53] [DEBUG] ------------------------------------------------------------
[2026-01-31 19:14:53] [DEBUG] 🚧 FILTRANDO POR ZONAS EXCLUIDAS...
[2026-01-31 19:14:53] [DEBUG]    📦 Supplies válidos después de filtro: 2/2
[2026-01-31 19:14:53] [DEBUG] ⛔ [DINO] Posición (761, 300) en zona excluida: Barra inferior completa
[2026-01-31 19:14:53] [DEBUG]    🦖 Dinos válidos después de filtro: 7/8
[2026-01-31 19:14:53] [DEBUG] ------------------------------------------------------------
[2026-01-31 19:14:53] [INFO] 📊 RESULTADO FINAL: 0🪙 2📦 7🦖 (Total: 9)
[2026-01-31 19:14:53] [DEBUG] ================================================================================
[2026-01-31 19:14:53] [INFO] 📦 ➡️  Iniciando recolección de 2 supply drops...
[2026-01-31 19:14:53] [DEBUG] ============================================================
[2026-01-31 19:14:53] [DEBUG] 📦 [COLLECT SUPPLY] INICIANDO RECOLECCIÓN
[2026-01-31 19:14:53] [DEBUG]    Posiciones recibidas: 2
[2026-01-31 19:14:53] [DEBUG]    Posiciones: [[305, 312], [484, 55]]
[2026-01-31 19:14:53] [DEBUG]    Supply counter actual: 5
[2026-01-31 19:14:53] [DEBUG]    Supply counter incrementado a: 6
[2026-01-31 19:14:53] [DEBUG] ------------------------------------------------------------
[2026-01-31 19:14:53] [DEBUG] 📦 Procesando supply #1/2: posición (305, 312)
[2026-01-31 19:14:53] [DEBUG]    🖱️  Clickeando en x=993, y=342
[2026-01-31 19:14:54] [WARNING] ⏭️  Click en (305, 312) no abrió nada - Saltando objeto
[2026-01-31 19:14:54] [DEBUG] ------------------------------------------------------------
[2026-01-31 19:14:54] [DEBUG] 📦 Procesando supply #2/2: posición (484, 55)
[2026-01-31 19:14:54] [DEBUG]    🖱️  Clickeando en x=736, y=521
[2026-01-31 19:14:55] [WARNING] ⏭️  Click en (484, 55) no abrió nada - Saltando objeto
[2026-01-31 19:14:55] [INFO] 🦖 ➡️  Iniciando disparo a 7 dinosaurios...
[2026-01-31 19:14:57] [DEBUG] 🔍 Determinando estado del objeto...
[2026-01-31 19:14:57] [DEBUG]    📐 Área botón lanzar: (76, 223, 3)
[2026-01-31 19:14:57] [DEBUG]    📐 Área texto supply: (101, 360, 3)
[2026-01-31 19:14:57] [DEBUG]    📐 Área cooldown: (158, 223, 3)
[2026-01-31 19:14:58] [INFO] 📝 [OCR] Botón: ''
[2026-01-31 19:14:58] [INFO] 📝 [OCR] Texto: '{ALIZACIONDESUMINISTRO'
[2026-01-31 19:14:58] [INFO] 📝 [OCR] Combinado: ' {ALIZACIONDESUMINISTRO'
[2026-01-31 19:14:58] [DEBUG]    📦 Palabras clave de SUPPLY detectadas (prioridad alta)
[2026-01-31 19:14:58] [INFO] 🎁 Detectado SUPPLY en loop de dinos - Recolectando como supply...
[2026-01-31 19:15:07] [INFO] ✅ SUPPLY recolectado desde loop de dinos
[2026-01-31 19:15:08] [DEBUG] 🔍 Determinando estado del objeto...
[2026-01-31 19:15:08] [DEBUG]    📐 Área botón lanzar: (76, 223, 3)
[2026-01-31 19:15:08] [DEBUG]    📐 Área texto supply: (101, 360, 3)
[2026-01-31 19:15:08] [DEBUG]    📐 Área cooldown: (158, 223, 3)
[2026-01-31 19:15:09] [INFO] 📝 [OCR] Botón: 'ENTRAR'
[2026-01-31 19:15:09] [INFO] 📝 [OCR] Texto: 'SANTUARIO'
[2026-01-31 19:15:09] [INFO] 📝 [OCR] Combinado: 'ENTRAR SANTUARIO'
[2026-01-31 19:15:09] [DEBUG] ⏱️  [OCR] Cooldown: '—A___MEJORESCRIATURAS:FCTECANTUARIOESTAVAR'
[2026-01-31 19:15:09] [WARNING] ⛔ [EXCLUIDO] Santuario detectado
[2026-01-31 19:15:12] [INFO] 🔄 ➡️  Revisando misma zona de nuevo para detectar objetos restantes...
[2026-01-31 19:15:12] [INFO] ================================================================================
[2026-01-31 19:15:12] [INFO] 🔍 ESCANEANDO MAPA - Ciclo de detección
[2026-01-31 19:15:12] [INFO] ================================================================================
[2026-01-31 19:15:12] [DEBUG] 🪙 Coins: Deshabilitadas temporalmente
[2026-01-31 19:15:12] [DEBUG] ------------------------------------------------------------
[2026-01-31 19:15:12] [DEBUG] 🔍 Buscando supply drops...
[2026-01-31 19:15:12] [DEBUG]    📊 Supply color range: R[220-255] G[100-180] B[0-40]
[2026-01-31 19:15:12] [DEBUG]    📊 Event color range: R[5-50] G[190-245] B[0-40]
[2026-01-31 19:15:12] [DEBUG]    📐 Zona analizada: (491, 500, 3)
[2026-01-31 19:15:12] [DEBUG]    🎨 Píxeles detectados inicialmente: 351
[2026-01-31 19:15:12] [DEBUG]    🔢 Componentes detectados: 19
[2026-01-31 19:15:12] [DEBUG]    ✅ Supply drop #19: 239 píxeles en posición (484, 55)
[2026-01-31 19:15:12] [DEBUG] 🎯 [SUPPLY DROP] About to save screenshot: len(pos)=1, counter=6
[2026-01-31 19:15:12] [DEBUG] 📸 [DEBUG SCREENSHOT] Iniciando guardado: type=supply, n=1, counter=6
[2026-01-31 19:15:12] [WARNING] ⚠️  [DEBUG SCREENSHOT] cv2.imwrite retornó False: debug_screenshots/supplys/supply_20260131_191512_006_n1.png
[2026-01-31 19:15:12] [INFO] 🟠 [SUPPLY DROP] Detectados 1 supply drops: [[484, 55]]
[2026-01-31 19:15:12] [DEBUG] 📦 Supplies detectados (raw): 1 posiciones [[484, 55]]
[2026-01-31 19:15:12] [DEBUG] ------------------------------------------------------------
[2026-01-31 19:15:12] [DEBUG] 📸 [DEBUG SCREENSHOT] Iniciando guardado: type=dino, n=8, counter=10
[2026-01-31 19:15:12] [DEBUG] ✅ [DEBUG SCREENSHOT] Guardado exitoso: debug_screenshots/dinos/dino_20260131_191512_010_n8.png
[2026-01-31 19:15:12] [DEBUG] 🦖 Dinos detectados (raw): 8 posiciones
[2026-01-31 19:15:12] [DEBUG] ------------------------------------------------------------
[2026-01-31 19:15:12] [DEBUG] 🚧 FILTRANDO POR ZONAS EXCLUIDAS...
[2026-01-31 19:15:12] [DEBUG]    📦 Supplies válidos después de filtro: 1/1
[2026-01-31 19:15:12] [DEBUG]    🦖 Dinos válidos después de filtro: 8/8
[2026-01-31 19:15:12] [DEBUG] ------------------------------------------------------------
[2026-01-31 19:15:12] [INFO] 📊 RESULTADO FINAL: 0🪙 1📦 8🦖 (Total: 9)
[2026-01-31 19:15:12] [DEBUG] ================================================================================
[2026-01-31 19:15:12] [INFO] 📦 ➡️  Iniciando recolección de 1 supply drops...
[2026-01-31 19:15:12] [DEBUG] ============================================================
[2026-01-31 19:15:12] [DEBUG] 📦 [COLLECT SUPPLY] INICIANDO RECOLECCIÓN
[2026-01-31 19:15:12] [DEBUG]    Posiciones recibidas: 1
[2026-01-31 19:15:12] [DEBUG]    Posiciones: [[484, 55]]
[2026-01-31 19:15:12] [DEBUG]    Supply counter actual: 6
[2026-01-31 19:15:12] [DEBUG]    Supply counter incrementado a: 7
[2026-01-31 19:15:12] [DEBUG] ------------------------------------------------------------
[2026-01-31 19:15:12] [DEBUG] 📦 Procesando supply #1/1: posición (484, 55)
[2026-01-31 19:15:12] [DEBUG]    🖱️  Clickeando en x=736, y=521
[2026-01-31 19:15:13] [DEBUG]    ✅ Pantalla cambió - algo se abrió
[2026-01-31 19:15:14] [DEBUG]    📸 Guardando regiones OCR para debug...
[2026-01-31 19:15:15] [DEBUG]    🔍 Determinando estado con OCR...
[2026-01-31 19:15:15] [DEBUG] 🔍 Determinando estado del objeto...
[2026-01-31 19:15:15] [DEBUG]    📐 Área botón lanzar: (76, 223, 3)
[2026-01-31 19:15:15] [DEBUG]    📐 Área texto supply: (101, 360, 3)
[2026-01-31 19:15:15] [DEBUG]    📐 Área cooldown: (158, 223, 3)
[2026-01-31 19:15:16] [INFO] 📝 [OCR] Botón: ''
[2026-01-31 19:15:16] [INFO] 📝 [OCR] Texto: '(ALIZACIONDESUMINISTRO'
[2026-01-31 19:15:16] [INFO] 📝 [OCR] Combinado: ' (ALIZACIONDESUMINISTRO'
[2026-01-31 19:15:16] [DEBUG]    📦 Palabras clave de SUPPLY detectadas (prioridad alta)
[2026-01-31 19:15:16] [DEBUG]    📝 Estado determinado: 'supply'
[2026-01-31 19:15:16] [DEBUG] 🔍 Evaluando force-supply: filtered_positions=True, state='supply'
[2026-01-31 19:15:16] [DEBUG] 🔍 Valor de state antes del if: 'supply' (type: <class 'str'>)
[2026-01-31 19:15:16] [DEBUG] 🔍 Evaluando: state == 'supply' → True
[2026-01-31 19:15:16] [DEBUG] 🔍 Evaluando: state == 'event' → False
[2026-01-31 19:15:16] [INFO] 🎁 Recolectando SUPPLY...
[2026-01-31 19:15:20] [DEBUG]    Click recolección 1/3
[2026-01-31 19:15:22] [DEBUG]    Click recolección 2/3
[2026-01-31 19:15:23] [DEBUG]    Click recolección 3/3
[2026-01-31 19:15:24] [INFO] ✅ SUPPLY procesado
[2026-01-31 19:15:24] [INFO] 🦖 ➡️  Iniciando disparo a 8 dinosaurios...
[2026-01-31 19:15:26] [INFO] 🔄 ➡️  Revisando misma zona de nuevo para detectar objetos restantes...
[2026-01-31 19:15:26] [INFO] ================================================================================
[2026-01-31 19:15:26] [INFO] 🔍 ESCANEANDO MAPA - Ciclo de detección
[2026-01-31 19:15:26] [INFO] ================================================================================
[2026-01-31 19:15:26] [DEBUG] 🪙 Coins: Deshabilitadas temporalmente
[2026-01-31 19:15:26] [DEBUG] ------------------------------------------------------------
[2026-01-31 19:15:26] [DEBUG] 🔍 Buscando supply drops...
[2026-01-31 19:15:26] [DEBUG]    📊 Supply color range: R[220-255] G[100-180] B[0-40]
[2026-01-31 19:15:26] [DEBUG]    📊 Event color range: R[5-50] G[190-245] B[0-40]
[2026-01-31 19:15:26] [DEBUG]    📐 Zona analizada: (491, 500, 3)
[2026-01-31 19:15:26] [DEBUG]    🎨 Píxeles detectados inicialmente: 0
[2026-01-31 19:15:26] [DEBUG]    🔢 Componentes detectados: 0
[2026-01-31 19:15:26] [DEBUG]    ❌ No se detectaron supply drops
[2026-01-31 19:15:26] [DEBUG] 📦 Supplies detectados (raw): 0 posiciones []
[2026-01-31 19:15:26] [DEBUG] ------------------------------------------------------------
[2026-01-31 19:15:26] [DEBUG] 📸 [DEBUG SCREENSHOT] Iniciando guardado: type=dino, n=6, counter=11
[2026-01-31 19:15:26] [DEBUG] ✅ [DEBUG SCREENSHOT] Guardado exitoso: debug_screenshots/dinos/dino_20260131_191526_011_n6.png
[2026-01-31 19:15:26] [DEBUG] 🦖 Dinos detectados (raw): 6 posiciones
[2026-01-31 19:15:26] [DEBUG] ------------------------------------------------------------
[2026-01-31 19:15:26] [DEBUG] 🚧 FILTRANDO POR ZONAS EXCLUIDAS...
[2026-01-31 19:15:26] [DEBUG]    📦 Supplies válidos después de filtro: 0/0
[2026-01-31 19:15:26] [DEBUG] ⛔ [DINO] Posición (699, 307) en zona excluida: Barra inferior completa
[2026-01-31 19:15:26] [DEBUG] ⛔ [DINO] Posición (686, 235) en zona excluida: Barra inferior completa
[2026-01-31 19:15:26] [DEBUG] ⛔ [DINO] Posición (714, 322) en zona excluida: Barra inferior completa
[2026-01-31 19:15:26] [DEBUG] ⛔ [DINO] Posición (695, 344) en zona excluida: Barra inferior completa
[2026-01-31 19:15:26] [DEBUG]    🦖 Dinos válidos después de filtro: 2/6
[2026-01-31 19:15:26] [DEBUG] ------------------------------------------------------------
[2026-01-31 19:15:26] [INFO] 📊 RESULTADO FINAL: 0🪙 0📦 2🦖 (Total: 2)
[2026-01-31 19:15:26] [DEBUG] ================================================================================
[2026-01-31 19:15:26] [INFO] 🦖 ➡️  Iniciando disparo a 2 dinosaurios...
[2026-01-31 19:15:27] [INFO] 🔄 ➡️  Revisando misma zona de nuevo para detectar objetos restantes...
[2026-01-31 19:15:27] [INFO] ================================================================================
[2026-01-31 19:15:27] [INFO] 🔍 ESCANEANDO MAPA - Ciclo de detección
[2026-01-31 19:15:27] [INFO] ================================================================================
[2026-01-31 19:15:27] [DEBUG] 🪙 Coins: Deshabilitadas temporalmente
[2026-01-31 19:15:27] [DEBUG] ------------------------------------------------------------
[2026-01-31 19:15:27] [DEBUG] 🔍 Buscando supply drops...
[2026-01-31 19:15:27] [DEBUG]    📊 Supply color range: R[220-255] G[100-180] B[0-40]
[2026-01-31 19:15:27] [DEBUG]    📊 Event color range: R[5-50] G[190-245] B[0-40]
[2026-01-31 19:15:27] [DEBUG]    📐 Zona analizada: (491, 500, 3)
[2026-01-31 19:15:27] [DEBUG]    🎨 Píxeles detectados inicialmente: 0
[2026-01-31 19:15:27] [DEBUG]    🔢 Componentes detectados: 0
[2026-01-31 19:15:27] [DEBUG]    ❌ No se detectaron supply drops
[2026-01-31 19:15:27] [DEBUG] 📦 Supplies detectados (raw): 0 posiciones []
[2026-01-31 19:15:27] [DEBUG] ------------------------------------------------------------
[2026-01-31 19:15:27] [DEBUG] 📸 [DEBUG SCREENSHOT] Iniciando guardado: type=dino, n=5, counter=12
[2026-01-31 19:15:27] [DEBUG] ✅ [DEBUG SCREENSHOT] Guardado exitoso: debug_screenshots/dinos/dino_20260131_191527_012_n5.png
[2026-01-31 19:15:27] [DEBUG] 🦖 Dinos detectados (raw): 5 posiciones
[2026-01-31 19:15:27] [DEBUG] ------------------------------------------------------------
[2026-01-31 19:15:27] [DEBUG] 🚧 FILTRANDO POR ZONAS EXCLUIDAS...
[2026-01-31 19:15:27] [DEBUG]    📦 Supplies válidos después de filtro: 0/0
[2026-01-31 19:15:27] [DEBUG] ⛔ [DINO] Posición (685, 239) en zona excluida: Barra inferior completa
[2026-01-31 19:15:27] [DEBUG] ⛔ [DINO] Posición (699, 309) en zona excluida: Barra inferior completa
[2026-01-31 19:15:27] [DEBUG] ⛔ [DINO] Posición (698, 339) en zona excluida: Barra inferior completa
[2026-01-31 19:15:27] [DEBUG]    🦖 Dinos válidos después de filtro: 2/5
[2026-01-31 19:15:27] [DEBUG] ------------------------------------------------------------
[2026-01-31 19:15:27] [INFO] 📊 RESULTADO FINAL: 0🪙 0📦 2🦖 (Total: 2)
[2026-01-31 19:15:27] [DEBUG] ================================================================================
[2026-01-31 19:15:27] [INFO] 🦖 ➡️  Iniciando disparo a 2 dinosaurios...
[2026-01-31 19:15:28] [INFO] 🔄 ➡️  Revisando misma zona de nuevo para detectar objetos restantes...
[2026-01-31 19:15:28] [INFO] ================================================================================
[2026-01-31 19:15:28] [INFO] 🔍 ESCANEANDO MAPA - Ciclo de detección
[2026-01-31 19:15:28] [INFO] ================================================================================
[2026-01-31 19:15:28] [DEBUG] 🪙 Coins: Deshabilitadas temporalmente
[2026-01-31 19:15:28] [DEBUG] ------------------------------------------------------------
[2026-01-31 19:15:28] [DEBUG] 🔍 Buscando supply drops...
[2026-01-31 19:15:28] [DEBUG]    📊 Supply color range: R[220-255] G[100-180] B[0-40]
[2026-01-31 19:15:28] [DEBUG]    📊 Event color range: R[5-50] G[190-245] B[0-40]
[2026-01-31 19:15:28] [DEBUG]    📐 Zona analizada: (491, 500, 3)
[2026-01-31 19:15:28] [DEBUG]    🎨 Píxeles detectados inicialmente: 0
[2026-01-31 19:15:28] [DEBUG]    🔢 Componentes detectados: 0
[2026-01-31 19:15:28] [DEBUG]    ❌ No se detectaron supply drops
[2026-01-31 19:15:28] [DEBUG] 📦 Supplies detectados (raw): 0 posiciones []
[2026-01-31 19:15:28] [DEBUG] ------------------------------------------------------------
[2026-01-31 19:15:28] [DEBUG] 📸 [DEBUG SCREENSHOT] Iniciando guardado: type=dino, n=6, counter=13
[2026-01-31 19:15:28] [DEBUG] ✅ [DEBUG SCREENSHOT] Guardado exitoso: debug_screenshots/dinos/dino_20260131_191528_013_n6.png
[2026-01-31 19:15:28] [DEBUG] 🦖 Dinos detectados (raw): 6 posiciones
[2026-01-31 19:15:28] [DEBUG] ------------------------------------------------------------
[2026-01-31 19:15:28] [DEBUG] 🚧 FILTRANDO POR ZONAS EXCLUIDAS...
[2026-01-31 19:15:28] [DEBUG]    📦 Supplies válidos después de filtro: 0/0
[2026-01-31 19:15:28] [DEBUG] ⛔ [DINO] Posición (685, 236) en zona excluida: Barra inferior completa
[2026-01-31 19:15:28] [DEBUG] ⛔ [DINO] Posición (699, 306) en zona excluida: Barra inferior completa
[2026-01-31 19:15:28] [DEBUG] ⛔ [DINO] Posición (685, 323) en zona excluida: Barra inferior completa
[2026-01-31 19:15:28] [DEBUG] ⛔ [DINO] Posición (695, 345) en zona excluida: Barra inferior completa
[2026-01-31 19:15:28] [DEBUG]    🦖 Dinos válidos después de filtro: 2/6
[2026-01-31 19:15:28] [DEBUG] ------------------------------------------------------------
[2026-01-31 19:15:28] [INFO] 📊 RESULTADO FINAL: 0🪙 0📦 2🦖 (Total: 2)
[2026-01-31 19:15:28] [DEBUG] ================================================================================
[2026-01-31 19:15:28] [INFO] 🦖 ➡️  Iniciando disparo a 2 dinosaurios...
[2026-01-31 19:15:29] [INFO] 🔄 ➡️  Revisando misma zona de nuevo para detectar objetos restantes...
[2026-01-31 19:15:29] [INFO] ================================================================================
[2026-01-31 19:15:29] [INFO] 🔍 ESCANEANDO MAPA - Ciclo de detección
[2026-01-31 19:15:29] [INFO] ================================================================================
[2026-01-31 19:15:29] [DEBUG] 🪙 Coins: Deshabilitadas temporalmente
[2026-01-31 19:15:29] [DEBUG] ------------------------------------------------------------
[2026-01-31 19:15:29] [DEBUG] 🔍 Buscando supply drops...
[2026-01-31 19:15:29] [DEBUG]    📊 Supply color range: R[220-255] G[100-180] B[0-40]
[2026-01-31 19:15:29] [DEBUG]    📊 Event color range: R[5-50] G[190-245] B[0-40]
[2026-01-31 19:15:29] [DEBUG]    📐 Zona analizada: (491, 500, 3)
[2026-01-31 19:15:29] [DEBUG]    🎨 Píxeles detectados inicialmente: 0
[2026-01-31 19:15:29] [DEBUG]    🔢 Componentes detectados: 0
[2026-01-31 19:15:29] [DEBUG]    ❌ No se detectaron supply drops
[2026-01-31 19:15:29] [DEBUG] 📦 Supplies detectados (raw): 0 posiciones []
[2026-01-31 19:15:29] [DEBUG] ------------------------------------------------------------
[2026-01-31 19:15:29] [DEBUG] 📸 [DEBUG SCREENSHOT] Iniciando guardado: type=dino, n=6, counter=14
[2026-01-31 19:15:29] [DEBUG] ✅ [DEBUG SCREENSHOT] Guardado exitoso: debug_screenshots/dinos/dino_20260131_191529_014_n6.png
[2026-01-31 19:15:29] [DEBUG] 🦖 Dinos detectados (raw): 6 posiciones
[2026-01-31 19:15:29] [DEBUG] ------------------------------------------------------------
[2026-01-31 19:15:29] [DEBUG] 🚧 FILTRANDO POR ZONAS EXCLUIDAS...
[2026-01-31 19:15:29] [DEBUG]    📦 Supplies válidos después de filtro: 0/0
[2026-01-31 19:15:29] [DEBUG] ⛔ [DINO] Posición (685, 236) en zona excluida: Barra inferior completa
[2026-01-31 19:15:29] [DEBUG] ⛔ [DINO] Posición (701, 331) en zona excluida: Barra inferior completa
[2026-01-31 19:15:29] [DEBUG] ⛔ [DINO] Posición (714, 299) en zona excluida: Barra inferior completa
[2026-01-31 19:15:29] [DEBUG] ⛔ [DINO] Posición (697, 342) en zona excluida: Barra inferior completa
[2026-01-31 19:15:29] [DEBUG]    🦖 Dinos válidos después de filtro: 2/6
[2026-01-31 19:15:29] [DEBUG] ------------------------------------------------------------
[2026-01-31 19:15:29] [INFO] 📊 RESULTADO FINAL: 0🪙 0📦 2🦖 (Total: 2)
[2026-01-31 19:15:29] [DEBUG] ================================================================================
[2026-01-31 19:15:29] [INFO] 🦖 ➡️  Iniciando disparo a 2 dinosaurios...
[2026-01-31 19:15:30] [INFO] 🔄 ➡️  Revisando misma zona de nuevo para detectar objetos restantes...
[2026-01-31 19:15:30] [INFO] ================================================================================
[2026-01-31 19:15:30] [INFO] 🔍 ESCANEANDO MAPA - Ciclo de detección
[2026-01-31 19:15:30] [INFO] ================================================================================
[2026-01-31 19:15:30] [DEBUG] 🪙 Coins: Deshabilitadas temporalmente
[2026-01-31 19:15:30] [DEBUG] ------------------------------------------------------------
[2026-01-31 19:15:30] [DEBUG] 🔍 Buscando supply drops...
[2026-01-31 19:15:30] [DEBUG]    📊 Supply color range: R[220-255] G[100-180] B[0-40]
[2026-01-31 19:15:30] [DEBUG]    📊 Event color range: R[5-50] G[190-245] B[0-40]
[2026-01-31 19:15:30] [DEBUG]    📐 Zona analizada: (491, 500, 3)
[2026-01-31 19:15:30] [DEBUG]    🎨 Píxeles detectados inicialmente: 0
[2026-01-31 19:15:30] [DEBUG]    🔢 Componentes detectados: 0
[2026-01-31 19:15:30] [DEBUG]    ❌ No se detectaron supply drops
[2026-01-31 19:15:30] [DEBUG] 📦 Supplies detectados (raw): 0 posiciones []
[2026-01-31 19:15:30] [DEBUG] ------------------------------------------------------------
[2026-01-31 19:15:30] [DEBUG] 📸 [DEBUG SCREENSHOT] Iniciando guardado: type=dino, n=6, counter=15
[2026-01-31 19:15:30] [DEBUG] ✅ [DEBUG SCREENSHOT] Guardado exitoso: debug_screenshots/dinos/dino_20260131_191530_015_n6.png
[2026-01-31 19:15:30] [DEBUG] 🦖 Dinos detectados (raw): 6 posiciones
[2026-01-31 19:15:30] [DEBUG] ------------------------------------------------------------
[2026-01-31 19:15:30] [DEBUG] 🚧 FILTRANDO POR ZONAS EXCLUIDAS...
[2026-01-31 19:15:30] [DEBUG]    📦 Supplies válidos después de filtro: 0/0
[2026-01-31 19:15:30] [DEBUG] ⛔ [DINO] Posición (699, 323) en zona excluida: Barra inferior completa
[2026-01-31 19:15:30] [DEBUG] ⛔ [DINO] Posición (714, 235) en zona excluida: Barra inferior completa
[2026-01-31 19:15:30] [DEBUG] ⛔ [DINO] Posición (714, 300) en zona excluida: Barra inferior completa
[2026-01-31 19:15:30] [DEBUG] ⛔ [DINO] Posición (697, 342) en zona excluida: Barra inferior completa
[2026-01-31 19:15:30] [DEBUG]    🦖 Dinos válidos después de filtro: 2/6
[2026-01-31 19:15:30] [DEBUG] ------------------------------------------------------------
[2026-01-31 19:15:30] [INFO] 📊 RESULTADO FINAL: 0🪙 0📦 2🦖 (Total: 2)
[2026-01-31 19:15:30] [DEBUG] ================================================================================
[2026-01-31 19:15:30] [INFO] 🦖 ➡️  Iniciando disparo a 2 dinosaurios...
[2026-01-31 19:15:31] [INFO] 🔄 ➡️  Revisando misma zona de nuevo para detectar objetos restantes...
[2026-01-31 19:15:31] [INFO] ================================================================================
[2026-01-31 19:15:31] [INFO] 🔍 ESCANEANDO MAPA - Ciclo de detección
[2026-01-31 19:15:31] [INFO] ================================================================================
[2026-01-31 19:15:31] [DEBUG] 🪙 Coins: Deshabilitadas temporalmente
[2026-01-31 19:15:31] [DEBUG] ------------------------------------------------------------
[2026-01-31 19:15:31] [DEBUG] 🔍 Buscando supply drops...
[2026-01-31 19:15:31] [DEBUG]    📊 Supply color range: R[220-255] G[100-180] B[0-40]
[2026-01-31 19:15:31] [DEBUG]    📊 Event color range: R[5-50] G[190-245] B[0-40]
[2026-01-31 19:15:31] [DEBUG]    📐 Zona analizada: (491, 500, 3)
[2026-01-31 19:15:31] [DEBUG]    🎨 Píxeles detectados inicialmente: 0
[2026-01-31 19:15:31] [DEBUG]    🔢 Componentes detectados: 0
[2026-01-31 19:15:31] [DEBUG]    ❌ No se detectaron supply drops
[2026-01-31 19:15:31] [DEBUG] 📦 Supplies detectados (raw): 0 posiciones []
[2026-01-31 19:15:31] [DEBUG] ------------------------------------------------------------
[2026-01-31 19:15:31] [DEBUG] 📸 [DEBUG SCREENSHOT] Iniciando guardado: type=dino, n=6, counter=16
[2026-01-31 19:15:31] [DEBUG] ✅ [DEBUG SCREENSHOT] Guardado exitoso: debug_screenshots/dinos/dino_20260131_191531_016_n6.png
[2026-01-31 19:15:31] [DEBUG] 🦖 Dinos detectados (raw): 6 posiciones
[2026-01-31 19:15:31] [DEBUG] ------------------------------------------------------------
[2026-01-31 19:15:31] [DEBUG] 🚧 FILTRANDO POR ZONAS EXCLUIDAS...
[2026-01-31 19:15:31] [DEBUG]    📦 Supplies válidos después de filtro: 0/0
[2026-01-31 19:15:31] [DEBUG] ⛔ [DINO] Posición (685, 329) en zona excluida: Barra inferior completa
[2026-01-31 19:15:31] [DEBUG] ⛔ [DINO] Posición (687, 236) en zona excluida: Barra inferior completa
[2026-01-31 19:15:31] [DEBUG] ⛔ [DINO] Posición (714, 302) en zona excluida: Barra inferior completa
[2026-01-31 19:15:31] [DEBUG] ⛔ [DINO] Posición (695, 342) en zona excluida: Barra inferior completa
[2026-01-31 19:15:31] [DEBUG]    🦖 Dinos válidos después de filtro: 2/6
[2026-01-31 19:15:31] [DEBUG] ------------------------------------------------------------
[2026-01-31 19:15:31] [INFO] 📊 RESULTADO FINAL: 0🪙 0📦 2🦖 (Total: 2)
[2026-01-31 19:15:31] [DEBUG] ================================================================================
[2026-01-31 19:15:31] [INFO] 🦖 ➡️  Iniciando disparo a 2 dinosaurios...
[2026-01-31 19:15:32] [INFO] 🔄 ➡️  Revisando misma zona de nuevo para detectar objetos restantes...
[2026-01-31 19:15:32] [INFO] ================================================================================
[2026-01-31 19:15:32] [INFO] 🔍 ESCANEANDO MAPA - Ciclo de detección
[2026-01-31 19:15:32] [INFO] ================================================================================
[2026-01-31 19:15:32] [DEBUG] 🪙 Coins: Deshabilitadas temporalmente
[2026-01-31 19:15:32] [DEBUG] ------------------------------------------------------------
[2026-01-31 19:15:32] [DEBUG] 🔍 Buscando supply drops...
[2026-01-31 19:15:32] [DEBUG]    📊 Supply color range: R[220-255] G[100-180] B[0-40]
[2026-01-31 19:15:32] [DEBUG]    📊 Event color range: R[5-50] G[190-245] B[0-40]
[2026-01-31 19:15:32] [DEBUG]    📐 Zona analizada: (491, 500, 3)
[2026-01-31 19:15:32] [DEBUG]    🎨 Píxeles detectados inicialmente: 0
[2026-01-31 19:15:32] [DEBUG]    🔢 Componentes detectados: 0
[2026-01-31 19:15:32] [DEBUG]    ❌ No se detectaron supply drops
[2026-01-31 19:15:32] [DEBUG] 📦 Supplies detectados (raw): 0 posiciones []
[2026-01-31 19:15:32] [DEBUG] ------------------------------------------------------------
[2026-01-31 19:15:32] [DEBUG] 📸 [DEBUG SCREENSHOT] Iniciando guardado: type=dino, n=6, counter=17
[2026-01-31 19:15:32] [DEBUG] ✅ [DEBUG SCREENSHOT] Guardado exitoso: debug_screenshots/dinos/dino_20260131_191532_017_n6.png
[2026-01-31 19:15:32] [DEBUG] 🦖 Dinos detectados (raw): 6 posiciones
[2026-01-31 19:15:32] [DEBUG] ------------------------------------------------------------
[2026-01-31 19:15:32] [DEBUG] 🚧 FILTRANDO POR ZONAS EXCLUIDAS...
[2026-01-31 19:15:32] [DEBUG]    📦 Supplies válidos después de filtro: 0/0
[2026-01-31 19:15:32] [DEBUG] ⛔ [DINO] Posición (685, 236) en zona excluida: Barra inferior completa
[2026-01-31 19:15:32] [DEBUG] ⛔ [DINO] Posición (699, 320) en zona excluida: Barra inferior completa
[2026-01-31 19:15:32] [DEBUG] ⛔ [DINO] Posición (714, 299) en zona excluida: Barra inferior completa
[2026-01-31 19:15:32] [DEBUG] ⛔ [DINO] Posición (697, 342) en zona excluida: Barra inferior completa
[2026-01-31 19:15:32] [DEBUG]    🦖 Dinos válidos después de filtro: 2/6
[2026-01-31 19:15:32] [DEBUG] ------------------------------------------------------------
[2026-01-31 19:15:32] [INFO] 📊 RESULTADO FINAL: 0🪙 0📦 2🦖 (Total: 2)
[2026-01-31 19:15:32] [DEBUG] ================================================================================
[2026-01-31 19:15:32] [INFO] 🦖 ➡️  Iniciando disparo a 2 dinosaurios...
[2026-01-31 19:15:33] [INFO] 🔄 ➡️  Revisando misma zona de nuevo para detectar objetos restantes...
[2026-01-31 19:15:33] [INFO] ================================================================================
[2026-01-31 19:15:33] [INFO] 🔍 ESCANEANDO MAPA - Ciclo de detección
[2026-01-31 19:15:33] [INFO] ================================================================================
[2026-01-31 19:15:33] [DEBUG] 🪙 Coins: Deshabilitadas temporalmente
[2026-01-31 19:15:33] [DEBUG] ------------------------------------------------------------
[2026-01-31 19:15:33] [DEBUG] 🔍 Buscando supply drops...
[2026-01-31 19:15:33] [DEBUG]    📊 Supply color range: R[220-255] G[100-180] B[0-40]
[2026-01-31 19:15:33] [DEBUG]    📊 Event color range: R[5-50] G[190-245] B[0-40]
[2026-01-31 19:15:33] [DEBUG]    📐 Zona analizada: (491, 500, 3)
[2026-01-31 19:15:33] [DEBUG]    🎨 Píxeles detectados inicialmente: 0
[2026-01-31 19:15:33] [DEBUG]    🔢 Componentes detectados: 0
[2026-01-31 19:15:33] [DEBUG]    ❌ No se detectaron supply drops
[2026-01-31 19:15:33] [DEBUG] 📦 Supplies detectados (raw): 0 posiciones []
[2026-01-31 19:15:33] [DEBUG] ------------------------------------------------------------
[2026-01-31 19:15:33] [DEBUG] 📸 [DEBUG SCREENSHOT] Iniciando guardado: type=dino, n=6, counter=18
[2026-01-31 19:15:33] [DEBUG] ✅ [DEBUG SCREENSHOT] Guardado exitoso: debug_screenshots/dinos/dino_20260131_191533_018_n6.png
[2026-01-31 19:15:33] [DEBUG] 🦖 Dinos detectados (raw): 6 posiciones
[2026-01-31 19:15:33] [DEBUG] ------------------------------------------------------------
[2026-01-31 19:15:33] [DEBUG] 🚧 FILTRANDO POR ZONAS EXCLUIDAS...
[2026-01-31 19:15:33] [DEBUG]    📦 Supplies válidos después de filtro: 0/0
[2026-01-31 19:15:33] [DEBUG] ⛔ [DINO] Posición (684, 322) en zona excluida: Barra inferior completa
[2026-01-31 19:15:33] [DEBUG] ⛔ [DINO] Posición (685, 237) en zona excluida: Barra inferior completa
[2026-01-31 19:15:33] [DEBUG] ⛔ [DINO] Posición (714, 300) en zona excluida: Barra inferior completa
[2026-01-31 19:15:33] [DEBUG] ⛔ [DINO] Posición (695, 344) en zona excluida: Barra inferior completa
[2026-01-31 19:15:33] [DEBUG]    🦖 Dinos válidos después de filtro: 2/6
[2026-01-31 19:15:33] [DEBUG] ------------------------------------------------------------
[2026-01-31 19:15:33] [INFO] 📊 RESULTADO FINAL: 0🪙 0📦 2🦖 (Total: 2)
[2026-01-31 19:15:33] [DEBUG] ================================================================================
[2026-01-31 19:15:33] [INFO] 🦖 ➡️  Iniciando disparo a 2 dinosaurios...
[2026-01-31 19:15:33] [INFO] ================================================================================
[2026-01-31 19:15:33] [INFO] ⛔ BOT DETENIDO POR USUARIO (Ctrl+C o 'q')
[2026-01-31 19:15:33] [INFO] ================================================================================
[2026-01-31 19:15:33] [INFO] 📊 RESUMEN DE RECURSOS COLECTADOS:
[2026-01-31 19:15:33] [INFO] --------------------------------------------------------------------------------
[2026-01-31 19:15:33] [INFO] 📦 SUMINISTROS: Ninguno
[2026-01-31 19:15:33] [INFO] 🦖 DINOSAURIOS: Ninguno
[2026-01-31 19:15:33] [INFO] ================================================================================
[2026-01-31 19:15:33] [INFO] ✅ Sesión finalizada. Log guardado en carpeta 'logs/'
[2026-01-31 19:15:33] [INFO] ================================================================================
