[2026-01-22 19:17:09] [INFO] ================================================================================
[2026-01-22 19:17:09] [INFO] 🦖 JURASSIC WORLD ALIVE BOT - INICIADO
[2026-01-22 19:17:09] [INFO] ================================================================================
[2026-01-22 19:17:09] [INFO] 📁 Log guardado en: logs/bot_log_20260122_191709.log
[2026-01-22 19:17:09] [INFO] ================================================================================
[2026-01-22 19:17:09] [INFO] 🎮 INSTRUCCIONES DE CALIBRACIÓN
[2026-01-22 19:17:09] [INFO] ================================================================================
[2026-01-22 19:17:09] [INFO] 1️⃣  Abre BlueStacks con Jurassic World Alive en el MAPA
[2026-01-22 19:17:09] [INFO] 2️⃣  Presiona 'a' y haz click en ESQUINA SUPERIOR IZQUIERDA del juego
[2026-01-22 19:17:09] [INFO] 3️⃣  Presiona 'a' otra vez y haz click en ESQUINA INFERIOR DERECHA
[2026-01-22 19:17:09] [INFO] 4️⃣  El bot empezará a funcionar automáticamente
[2026-01-22 19:17:09] [INFO] ❌ Presiona 'q' para detener el bot en cualquier momento
[2026-01-22 19:17:09] [INFO] ================================================================================
[2026-01-22 19:17:09] [INFO] 🔧 Inicializando Bot...
[2026-01-22 19:17:09] [INFO] ⏱️  Tiempo límite configurado: 4 horas
[2026-01-22 19:17:09] [INFO] 📁 Carpeta 'debug_screenshots' creada
[2026-01-22 19:17:13] [INFO] 🔘 Tecla 'a' presionada
[2026-01-22 19:17:13] [INFO] ✅ Primer punto capturado: (769, 51)
[2026-01-22 19:17:13] [INFO] 👉 Ahora presiona 'a' de nuevo y haz click en la esquina inferior derecha
[2026-01-22 19:17:17] [INFO] 🔘 Tecla 'a' presionada
[2026-01-22 19:17:17] [INFO] ✅ Segundo punto capturado: (1335, 1000)
[2026-01-22 19:17:17] [INFO] ================================================================================
[2026-01-22 19:17:17] [INFO] 📐 CONFIGURACIÓN DE VENTANA BLUESTACKS
[2026-01-22 19:17:17] [INFO] ================================================================================
[2026-01-22 19:17:17] [INFO] 📍 Posición X: 769px
[2026-01-22 19:17:17] [INFO] 📍 Posición Y: 51px
[2026-01-22 19:17:17] [INFO] 📏 Ancho (W): 566px
[2026-01-22 19:17:17] [INFO] 📏 Alto (H): 949px
[2026-01-22 19:17:17] [INFO] 🎯 Esquina superior izquierda: (769, 51)
[2026-01-22 19:17:17] [INFO] 🎯 Esquina inferior derecha: (1335, 1000)
[2026-01-22 19:17:17] [INFO] ================================================================================
[2026-01-22 19:17:17] [INFO] 🎯 Shooting zone: Y[262-723] X[11-482]
[2026-01-22 19:17:17] [INFO] 🚀 Launch button: Y[742-813] X[155-364]
[2026-01-22 19:17:17] [INFO] ⏱️  Cooldown text area: Y[513-662] X[155-364]
[2026-01-22 19:17:17] [INFO] 📝 Supply text area: Y[47-142] X[113-452]
[2026-01-22 19:17:17] [INFO] 📸 Capturando vista inicial del mapa para análisis...
[2026-01-22 19:17:18] [INFO] ✅ Captura inicial guardada: map_initial_20260122_191717.png
[2026-01-22 19:17:18] [INFO] 🚀 Calibración completa! El bot comenzará a operar...
[2026-01-22 19:17:19] [DEBUG] 🪙 Verificando monedas...
[2026-01-22 19:17:19] [DEBUG] 📦 Verificando supply drops...
[2026-01-22 19:17:19] [DEBUG] 🔍 Buscando supply drops...
[2026-01-22 19:17:19] [DEBUG]    📊 Supply color range: R[160-255] G[60-255] B[0-120]
[2026-01-22 19:17:19] [DEBUG]    📊 Event color range: R[0-180] G[120-255] B[0-180]
[2026-01-22 19:17:19] [DEBUG]    📐 Zona analizada: (461, 471, 3)
[2026-01-22 19:17:19] [DEBUG]    🎨 Píxeles detectados inicialmente: 12378
[2026-01-22 19:17:19] [DEBUG]    🔢 Componentes detectados: 184
[2026-01-22 19:17:19] [DEBUG]    ✅ Supply drop #2: 91 píxeles en posición (287, 63)
[2026-01-22 19:17:19] [DEBUG]    ✅ Supply drop #3: 1484 píxeles en posición (289, 112)
[2026-01-22 19:17:19] [DEBUG]    ✅ Supply drop #5: 131 píxeles en posición (268, 252)
[2026-01-22 19:17:19] [DEBUG]    ✅ Supply drop #6: 469 píxeles en posición (308, 293)
[2026-01-22 19:17:19] [DEBUG]    ✅ Supply drop #7: 225 píxeles en posición (297, 371)
[2026-01-22 19:17:19] [DEBUG]    ✅ Supply drop #8: 208 píxeles en posición (277, 390)
[2026-01-22 19:17:19] [DEBUG]    ✅ Supply drop #11: 39 píxeles en posición (267, 120)
[2026-01-22 19:17:19] [DEBUG]    ✅ Supply drop #18: 85 píxeles en posición (291, 228)
[2026-01-22 19:17:19] [DEBUG]    ✅ Supply drop #19: 19 píxeles en posición (280, 254)
[2026-01-22 19:17:19] [DEBUG]    ✅ Supply drop #20: 24 píxeles en posición (284, 408)
[2026-01-22 19:17:19] [DEBUG]    ✅ Supply drop #25: 193 píxeles en posición (302, 449)
[2026-01-22 19:17:19] [DEBUG]    ✅ Supply drop #29: 64 píxeles en posición (300, 45)
[2026-01-22 19:17:19] [DEBUG]    ✅ Supply drop #33: 288 píxeles en posición (326, 149)
[2026-01-22 19:17:19] [DEBUG]    ✅ Supply drop #34: 17 píxeles en posición (302, 329)
[2026-01-22 19:17:19] [DEBUG]    ✅ Supply drop #37: 194 píxeles en posición (315, 410)
[2026-01-22 19:17:19] [DEBUG]    ✅ Supply drop #40: 27 píxeles en posición (305, 475)
[2026-01-22 19:17:19] [DEBUG]    ✅ Supply drop #52: 124 píxeles en posición (332, 113)
[2026-01-22 19:17:19] [DEBUG]    ✅ Supply drop #54: 2261 píxeles en posición (393, 348)
[2026-01-22 19:17:19] [DEBUG]    ✅ Supply drop #63: 362 píxeles en posición (372, 462)
[2026-01-22 19:17:19] [DEBUG]    ✅ Supply drop #66: 354 píxeles en posición (372, 434)
[2026-01-22 19:17:19] [DEBUG]    ✅ Supply drop #74: 72 píxeles en posición (351, 272)
[2026-01-22 19:17:19] [DEBUG]    ✅ Supply drop #78: 612 píxeles en posición (414, 391)
[2026-01-22 19:17:19] [DEBUG]    ✅ Supply drop #83: 35 píxeles en posición (356, 72)
[2026-01-22 19:17:19] [DEBUG]    ✅ Supply drop #86: 157 píxeles en posición (380, 285)
[2026-01-22 19:17:19] [DEBUG]    ✅ Supply drop #90: 112 píxeles en posición (377, 45)
[2026-01-22 19:17:19] [DEBUG]    ✅ Supply drop #91: 80 píxeles en posición (371, 24)
[2026-01-22 19:17:19] [DEBUG]    ✅ Supply drop #93: 17 píxeles en posición (367, 101)
[2026-01-22 19:17:19] [DEBUG]    ✅ Supply drop #102: 1194 píxeles en posición (410, 68)
[2026-01-22 19:17:19] [DEBUG]    ✅ Supply drop #112: 166 píxeles en posición (443, 29)
[2026-01-22 19:17:19] [DEBUG]    ✅ Supply drop #116: 17 píxeles en posición (447, 334)
[2026-01-22 19:17:19] [DEBUG]    ✅ Supply drop #120: 227 píxeles en posición (472, 34)
[2026-01-22 19:17:19] [DEBUG]    ✅ Supply drop #139: 20 píxeles en posición (505, 324)
[2026-01-22 19:17:19] [DEBUG]    ✅ Supply drop #141: 336 píxeles en posición (521, 337)
[2026-01-22 19:17:19] [DEBUG]    ✅ Supply drop #144: 86 píxeles en posición (535, 313)
[2026-01-22 19:17:19] [DEBUG]    ✅ Supply drop #146: 68 píxeles en posición (540, 359)
[2026-01-22 19:17:19] [DEBUG]    ✅ Supply drop #154: 72 píxeles en posición (562, 329)
[2026-01-22 19:17:19] [DEBUG]    ✅ Supply drop #155: 21 píxeles en posición (569, 346)
[2026-01-22 19:17:19] [DEBUG]    ✅ Supply drop #158: 214 píxeles en posición (594, 332)
[2026-01-22 19:17:19] [DEBUG]    ✅ Supply drop #162: 2328 píxeles en posición (610, 57)
[2026-01-22 19:17:19] [DEBUG]    ✅ Supply drop #165: 2335 píxeles en posición (664, 39)
[2026-01-22 19:17:19] [DEBUG]    ✅ Supply drop #166: 31 píxeles en posición (651, 453)
[2026-01-22 19:17:19] [DEBUG]    ✅ Supply drop #168: 184 píxeles en posición (696, 477)
[2026-01-22 19:17:19] [DEBUG]    ✅ Supply drop #171: 303 píxeles en posición (705, 316)
[2026-01-22 19:17:19] [DEBUG]    ✅ Supply drop #179: 16 píxeles en posición (704, 21)
[2026-01-22 19:17:19] [DEBUG]    ✅ Supply drop #182: 76 píxeles en posición (719, 237)
[2026-01-22 19:17:19] [INFO] 🟠 [SUPPLY DROP] Detectados 45 supply drops: [[287, 63], [289, 112], [268, 252], [308, 293], [297, 371], [277, 390], [267, 120], [291, 228], [280, 254], [284, 408], [302, 449], [300, 45], [326, 149], [302, 329], [315, 410], [305, 475], [332, 113], [393, 348], [372, 462], [372, 434], [351, 272], [414, 391], [356, 72], [380, 285], [377, 45], [371, 24], [367, 101], [410, 68], [443, 29], [447, 334], [472, 34], [505, 324], [521, 337], [535, 313], [540, 359], [562, 329], [569, 346], [594, 332], [610, 57], [664, 39], [651, 453], [696, 477], [705, 316], [704, 21], [719, 237]]
[2026-01-22 19:17:19] [DEBUG] ⛔ [SUPPLY] Posición (610, 57) en zona excluida: Inferior izquierda (Especial/Extra)
[2026-01-22 19:17:19] [DEBUG] ⛔ [SUPPLY] Posición (664, 39) en zona excluida: Inferior izquierda (Especial/Extra)
[2026-01-22 19:17:19] [DEBUG] ⛔ [SUPPLY] Posición (651, 453) en zona excluida: Inferior derecha (Nuevo/Mochila)
[2026-01-22 19:17:19] [DEBUG] ⛔ [SUPPLY] Posición (696, 477) en zona excluida: Inferior derecha (Nuevo/Mochila)
[2026-01-22 19:17:19] [DEBUG] ⛔ [SUPPLY] Posición (704, 21) en zona excluida: Inferior izquierda (Especial/Extra)
[2026-01-22 19:17:19] [INFO] 📦 Recolectando 40 supply drops válidos...
[2026-01-22 19:17:21] [DEBUG] 🔍 Determinando estado del objeto...
[2026-01-22 19:17:21] [DEBUG]    📐 Área botón lanzar: (71, 209, 3)
[2026-01-22 19:17:21] [DEBUG]    📐 Área texto supply: (95, 339, 3)
[2026-01-22 19:17:21] [DEBUG]    📐 Área cooldown: (149, 209, 3)
[2026-01-22 19:17:23] [INFO] 📝 [OCR] Botón: 'FNTRAR'
[2026-01-22 19:17:23] [INFO] 📝 [OCR] Texto: 'SANTUARIO'
[2026-01-22 19:17:23] [INFO] 📝 [OCR] Combinado: 'FNTRAR SANTUARIO'
[2026-01-22 19:17:23] [DEBUG] ⏱️  [OCR] Cooldown: '—ÉA___—MEJORESCRIATURAS:FETECANTIARIGESTAVAC'
[2026-01-22 19:17:23] [WARNING] ❌ [ESTADO DETECTADO] NO IDENTIFICADO - OCR puede haber fallado
[2026-01-22 19:17:23] [WARNING]    💡 Considera activar debug visual para ver qué captura el OCR
[2026-01-22 19:17:23] [WARNING] ⚠️  OCR detectó '' pero viene de filtered_positions - FORZANDO como SUPPLY
[2026-01-22 19:17:41] [INFO] ================================================================================
[2026-01-22 19:17:41] [INFO] ⛔ BOT DETENIDO POR USUARIO (Ctrl+C o 'q')
[2026-01-22 19:17:41] [INFO] ================================================================================
[2026-01-22 19:17:41] [INFO] 📊 RESUMEN DE RECURSOS COLECTADOS:
[2026-01-22 19:17:41] [INFO] --------------------------------------------------------------------------------
[2026-01-22 19:17:41] [INFO] 📦 SUMINISTROS: Ninguno
[2026-01-22 19:17:41] [INFO] 🦖 DINOSAURIOS: Ninguno
[2026-01-22 19:17:41] [INFO] ================================================================================
[2026-01-22 19:17:41] [INFO] ✅ Sesión finalizada. Log guardado en carpeta 'logs/'
[2026-01-22 19:17:41] [INFO] ================================================================================
