[2026-01-23 19:15:31] [INFO] ================================================================================
[2026-01-23 19:15:31] [INFO] 🦖 JURASSIC WORLD ALIVE BOT - INICIADO
[2026-01-23 19:15:31] [INFO] ================================================================================
[2026-01-23 19:15:31] [INFO] 📁 Log guardado en: logs/bot_log_20260123_191531.log
[2026-01-23 19:15:31] [INFO] ================================================================================
[2026-01-23 19:15:31] [INFO] 🎮 INSTRUCCIONES DE CALIBRACIÓN
[2026-01-23 19:15:31] [INFO] ================================================================================
[2026-01-23 19:15:31] [INFO] 1️⃣  Abre BlueStacks con Jurassic World Alive en el MAPA
[2026-01-23 19:15:31] [INFO] 2️⃣  Presiona 'a' y haz click en ESQUINA SUPERIOR IZQUIERDA del juego
[2026-01-23 19:15:31] [INFO] 3️⃣  Presiona 'a' otra vez y haz click en ESQUINA INFERIOR DERECHA
[2026-01-23 19:15:31] [INFO] 4️⃣  El bot empezará a funcionar automáticamente
[2026-01-23 19:15:31] [INFO] ❌ Presiona 'q' para detener el bot en cualquier momento
[2026-01-23 19:15:31] [INFO] ================================================================================
[2026-01-23 19:15:31] [INFO] 🔧 Inicializando Bot...
[2026-01-23 19:15:31] [INFO] ⏱️  Tiempo límite configurado: 4 horas
[2026-01-23 19:15:34] [INFO] 🔘 Tecla 'a' presionada
[2026-01-23 19:15:34] [INFO] ✅ Primer punto capturado: (769, 50)
[2026-01-23 19:15:34] [INFO] 👉 Ahora presiona 'a' de nuevo y haz click en la esquina inferior derecha
[2026-01-23 19:15:40] [INFO] 🔘 Tecla 'a' presionada
[2026-01-23 19:15:40] [INFO] ✅ Segundo punto capturado: (1337, 1001)
[2026-01-23 19:15:40] [INFO] ================================================================================
[2026-01-23 19:15:40] [INFO] 📐 CONFIGURACIÓN DE VENTANA BLUESTACKS
[2026-01-23 19:15:40] [INFO] ================================================================================
[2026-01-23 19:15:40] [INFO] 📍 Posición X: 769px
[2026-01-23 19:15:40] [INFO] 📍 Posición Y: 50px
[2026-01-23 19:15:40] [INFO] 📏 Ancho (W): 568px
[2026-01-23 19:15:40] [INFO] 📏 Alto (H): 951px
[2026-01-23 19:15:40] [INFO] 🎯 Esquina superior izquierda: (769, 50)
[2026-01-23 19:15:40] [INFO] 🎯 Esquina inferior derecha: (1337, 1001)
[2026-01-23 19:15:40] [INFO] ================================================================================
[2026-01-23 19:15:40] [INFO] 🎯 Shooting zone: Y[263-724] X[11-484]
[2026-01-23 19:15:40] [INFO] 🚀 Launch button: Y[743-814] X[155-366]
[2026-01-23 19:15:40] [INFO] ⏱️  Cooldown text area: Y[514-663] X[155-366]
[2026-01-23 19:15:40] [INFO] 📝 Supply text area: Y[47-142] X[113-454]
[2026-01-23 19:15:40] [INFO] 📸 Capturando vista inicial del mapa para análisis...
[2026-01-23 19:15:41] [INFO] ✅ Captura inicial guardada: map_initial_20260123_191541.png
[2026-01-23 19:15:41] [INFO] 🚀 Calibración completa! El bot comenzará a operar...
[2026-01-23 19:15:42] [DEBUG] 🪙 Verificando monedas...
[2026-01-23 19:15:42] [DEBUG] 📦 Verificando supply drops...
[2026-01-23 19:15:42] [DEBUG] 🔍 Buscando supply drops...
[2026-01-23 19:15:42] [DEBUG]    📊 Supply color range: R[160-255] G[60-255] B[0-120]
[2026-01-23 19:15:42] [DEBUG]    📊 Event color range: R[0-180] G[120-255] B[0-180]
[2026-01-23 19:15:42] [DEBUG]    📐 Zona analizada: (461, 473, 3)
[2026-01-23 19:15:42] [DEBUG]    🎨 Píxeles detectados inicialmente: 10205
[2026-01-23 19:15:42] [DEBUG]    🔢 Componentes detectados: 223
[2026-01-23 19:15:42] [DEBUG]    ✅ Supply drop #1: 38 píxeles en posición (268, 101)
[2026-01-23 19:15:42] [DEBUG]    ✅ Supply drop #2: 181 píxeles en posición (273, 134)
[2026-01-23 19:15:42] [DEBUG]    ✅ Supply drop #3: 2327 píxeles en posición (282, 217)
[2026-01-23 19:15:42] [DEBUG]    ✅ Supply drop #4: 488 píxeles en posición (279, 335)
[2026-01-23 19:15:42] [DEBUG]    ✅ Supply drop #5: 118 píxeles en posición (272, 380)
[2026-01-23 19:15:42] [DEBUG]    ✅ Supply drop #7: 455 píxeles en posición (308, 429)
[2026-01-23 19:15:42] [DEBUG]    ✅ Supply drop #10: 17 píxeles en posición (269, 467)
[2026-01-23 19:15:42] [DEBUG]    ✅ Supply drop #11: 718 píxeles en posición (291, 32)
[2026-01-23 19:15:42] [DEBUG]    ✅ Supply drop #13: 16 píxeles en posición (270, 454)
[2026-01-23 19:15:42] [DEBUG]    ✅ Supply drop #19: 162 píxeles en posición (285, 77)
[2026-01-23 19:15:42] [DEBUG]    ✅ Supply drop #24: 99 píxeles en posición (295, 141)
[2026-01-23 19:15:42] [DEBUG]    ✅ Supply drop #28: 20 píxeles en posición (293, 131)
[2026-01-23 19:15:42] [DEBUG]    ✅ Supply drop #29: 56 píxeles en posición (294, 352)
[2026-01-23 19:15:42] [DEBUG]    ✅ Supply drop #31: 52 píxeles en posición (296, 113)
[2026-01-23 19:15:42] [DEBUG]    ✅ Supply drop #36: 16 píxeles en posición (301, 339)
[2026-01-23 19:15:42] [DEBUG]    ✅ Supply drop #44: 176 píxeles en posición (326, 253)
[2026-01-23 19:15:42] [DEBUG]    ✅ Supply drop #48: 22 píxeles en posición (306, 304)
[2026-01-23 19:15:42] [DEBUG]    ✅ Supply drop #56: 27 píxeles en posición (311, 65)
[2026-01-23 19:15:42] [DEBUG]    ✅ Supply drop #58: 153 píxeles en posición (330, 222)
[2026-01-23 19:15:42] [DEBUG]    ✅ Supply drop #59: 21 píxeles en posición (311, 209)
[2026-01-23 19:15:42] [DEBUG]    ✅ Supply drop #62: 74 píxeles en posición (315, 80)
[2026-01-23 19:15:42] [DEBUG]    ✅ Supply drop #67: 31 píxeles en posición (313, 466)
[2026-01-23 19:15:42] [DEBUG]    ✅ Supply drop #74: 47 píxeles en posición (322, 404)
[2026-01-23 19:15:42] [DEBUG]    ✅ Supply drop #79: 82 píxeles en posición (324, 388)
[2026-01-23 19:15:42] [DEBUG]    ✅ Supply drop #86: 21 píxeles en posición (338, 391)
[2026-01-23 19:15:42] [DEBUG]    ✅ Supply drop #88: 20 píxeles en posición (339, 173)
[2026-01-23 19:15:42] [DEBUG]    ✅ Supply drop #89: 26 píxeles en posición (344, 185)
[2026-01-23 19:15:42] [DEBUG]    ✅ Supply drop #93: 1935 píxeles en posición (397, 130)
[2026-01-23 19:15:42] [DEBUG]    ✅ Supply drop #94: 73 píxeles en posición (357, 379)
[2026-01-23 19:15:42] [DEBUG]    ✅ Supply drop #96: 2982 píxeles en posición (472, 416)
[2026-01-23 19:15:42] [DEBUG]    ✅ Supply drop #98: 71 píxeles en posición (361, 45)
[2026-01-23 19:15:42] [DEBUG]    ✅ Supply drop #99: 128 píxeles en posición (388, 382)
[2026-01-23 19:15:42] [DEBUG]    ✅ Supply drop #100: 191 píxeles en posición (379, 52)
[2026-01-23 19:15:42] [DEBUG]    ✅ Supply drop #113: 314 píxeles en posición (470, 474)
[2026-01-23 19:15:42] [DEBUG]    ✅ Supply drop #116: 110 píxeles en posición (456, 112)
[2026-01-23 19:15:42] [DEBUG]    ✅ Supply drop #122: 57 píxeles en posición (461, 35)
[2026-01-23 19:15:42] [DEBUG]    ✅ Supply drop #130: 27 píxeles en posición (471, 73)
[2026-01-23 19:15:42] [DEBUG]    ✅ Supply drop #132: 32 píxeles en posición (472, 333)
[2026-01-23 19:15:42] [DEBUG]    ✅ Supply drop #171: 1088 píxeles en posición (644, 49)
[2026-01-23 19:15:42] [DEBUG]    ✅ Supply drop #174: 25 píxeles en posición (636, 480)
[2026-01-23 19:15:42] [DEBUG]    ✅ Supply drop #179: 33 píxeles en posición (638, 469)
[2026-01-23 19:15:42] [DEBUG]    ✅ Supply drop #189: 26 píxeles en posición (655, 12)
[2026-01-23 19:15:42] [DEBUG]    ✅ Supply drop #195: 68 píxeles en posición (664, 121)
[2026-01-23 19:15:42] [DEBUG]    ✅ Supply drop #196: 17 píxeles en posición (670, 12)
[2026-01-23 19:15:42] [DEBUG]    ✅ Supply drop #202: 31 píxeles en posición (681, 479)
[2026-01-23 19:15:42] [DEBUG]    ✅ Supply drop #218: 131 píxeles en posición (706, 477)
[2026-01-23 19:15:42] [DEBUG]    ✅ Supply drop #219: 116 píxeles en posición (703, 88)
[2026-01-23 19:15:42] [DEBUG]    ✅ Supply drop #220: 159 píxeles en posición (714, 326)
[2026-01-23 19:15:42] [DEBUG]    ✅ Supply drop #221: 100 píxeles en posición (716, 246)
[2026-01-23 19:15:42] [INFO] 🟠 [SUPPLY DROP] Detectados 49 supply drops: [[268, 101], [273, 134], [282, 217], [279, 335], [272, 380], [308, 429], [269, 467], [291, 32], [270, 454], [285, 77], [295, 141], [293, 131], [294, 352], [296, 113], [301, 339], [326, 253], [306, 304], [311, 65], [330, 222], [311, 209], [315, 80], [313, 466], [322, 404], [324, 388], [338, 391], [339, 173], [344, 185], [397, 130], [357, 379], [472, 416], [361, 45], [388, 382], [379, 52], [470, 474], [456, 112], [461, 35], [471, 73], [472, 333], [644, 49], [636, 480], [638, 469], [655, 12], [664, 121], [670, 12], [681, 479], [706, 477], [703, 88], [714, 326], [716, 246]]
[2026-01-23 19:15:42] [DEBUG] ⛔ [SUPPLY] Posición (644, 49) en zona excluida: Inferior izquierda (Especial/Extra)
[2026-01-23 19:15:42] [DEBUG] ⛔ [SUPPLY] Posición (636, 480) en zona excluida: Inferior derecha (Nuevo/Mochila)
[2026-01-23 19:15:42] [DEBUG] ⛔ [SUPPLY] Posición (638, 469) en zona excluida: Inferior derecha (Nuevo/Mochila)
[2026-01-23 19:15:42] [DEBUG] ⛔ [SUPPLY] Posición (655, 12) en zona excluida: Inferior izquierda (Especial/Extra)
[2026-01-23 19:15:42] [DEBUG] ⛔ [SUPPLY] Posición (664, 121) en zona excluida: Inferior izquierda (Especial/Extra)
[2026-01-23 19:15:42] [DEBUG] ⛔ [SUPPLY] Posición (670, 12) en zona excluida: Inferior izquierda (Especial/Extra)
[2026-01-23 19:15:42] [DEBUG] ⛔ [SUPPLY] Posición (681, 479) en zona excluida: Inferior derecha (Nuevo/Mochila)
[2026-01-23 19:15:42] [DEBUG] ⛔ [SUPPLY] Posición (706, 477) en zona excluida: Inferior derecha (Nuevo/Mochila)
[2026-01-23 19:15:42] [DEBUG] ⛔ [SUPPLY] Posición (703, 88) en zona excluida: Inferior izquierda (Especial/Extra)
[2026-01-23 19:15:42] [INFO] 📦 Recolectando 40 supply drops válidos...
[2026-01-23 19:15:45] [DEBUG] 🔍 Determinando estado del objeto...
[2026-01-23 19:15:45] [DEBUG]    📐 Área botón lanzar: (71, 211, 3)
[2026-01-23 19:15:45] [DEBUG]    📐 Área texto supply: (95, 341, 3)
[2026-01-23 19:15:45] [DEBUG]    📐 Área cooldown: (149, 211, 3)
[2026-01-23 19:15:46] [INFO] 📝 [OCR] Botón: ''
[2026-01-23 19:15:46] [INFO] 📝 [OCR] Texto: 'NIVEL9'
[2026-01-23 19:15:46] [INFO] 📝 [OCR] Combinado: ' NIVEL9'
[2026-01-23 19:15:46] [DEBUG] ⏱️  [OCR] Cooldown: 'ARECOMPENSASWILSE'
[2026-01-23 19:15:46] [WARNING] ⛔ [EXCLUIDO] Raid con jefe detectado
[2026-01-23 19:15:46] [WARNING] ⚠️  Objeto no identificado como supply drop - Saliendo...
[2026-01-23 19:15:49] [DEBUG] 🔍 Determinando estado del objeto...
[2026-01-23 19:15:49] [DEBUG]    📐 Área botón lanzar: (71, 211, 3)
[2026-01-23 19:15:49] [DEBUG]    📐 Área texto supply: (95, 341, 3)
[2026-01-23 19:15:49] [DEBUG]    📐 Área cooldown: (149, 211, 3)
[2026-01-23 19:15:51] [INFO] 📝 [OCR] Botón: '(1UNETEAHORA'
[2026-01-23 19:15:51] [INFO] 📝 [OCR] Texto: ''
[2026-01-23 19:15:51] [INFO] 📝 [OCR] Combinado: '(1UNETEAHORA '
[2026-01-23 19:15:51] [WARNING] ⛔ [EXCLUIDO] Dinosaurio fuera de rango (VIP requerido)
[2026-01-23 19:15:51] [WARNING] ⚠️  Objeto no identificado como supply drop - Saliendo...
[2026-01-23 19:15:54] [DEBUG] 🔍 Determinando estado del objeto...
[2026-01-23 19:15:54] [DEBUG]    📐 Área botón lanzar: (71, 211, 3)
[2026-01-23 19:15:54] [DEBUG]    📐 Área texto supply: (95, 341, 3)
[2026-01-23 19:15:54] [DEBUG]    📐 Área cooldown: (149, 211, 3)
[2026-01-23 19:15:55] [INFO] 📝 [OCR] Botón: 'ENTRAR'
[2026-01-23 19:15:55] [INFO] 📝 [OCR] Texto: 'SANTUARIO'
[2026-01-23 19:15:55] [INFO] 📝 [OCR] Combinado: 'ENTRAR SANTUARIO'
[2026-01-23 19:15:55] [DEBUG] ⏱️  [OCR] Cooldown: 'MEJORESCRIATURAS:FETESANTUARIOESTAVAC'
[2026-01-23 19:15:55] [WARNING] ⛔ [EXCLUIDO] Santuario detectado
[2026-01-23 19:15:56] [WARNING] ⚠️  Objeto no identificado como supply drop - Saliendo...
[2026-01-23 19:15:59] [DEBUG] 🔍 Determinando estado del objeto...
[2026-01-23 19:15:59] [DEBUG]    📐 Área botón lanzar: (71, 211, 3)
[2026-01-23 19:15:59] [DEBUG]    📐 Área texto supply: (95, 341, 3)
[2026-01-23 19:15:59] [DEBUG]    📐 Área cooldown: (149, 211, 3)
[2026-01-23 19:16:00] [INFO] 📝 [OCR] Botón: '(1UNETEAHORA'
[2026-01-23 19:16:00] [INFO] 📝 [OCR] Texto: 'BEATENLENTEERTEINHAIOERAROS'
[2026-01-23 19:16:00] [INFO] 📝 [OCR] Combinado: '(1UNETEAHORA BEATENLENTEERTEINHAIOERAROS'
[2026-01-23 19:16:00] [WARNING] ⛔ [EXCLUIDO] Dinosaurio fuera de rango (VIP requerido)
[2026-01-23 19:16:00] [WARNING] ⚠️  Objeto no identificado como supply drop - Saliendo...
[2026-01-23 19:16:04] [DEBUG] 🔍 Determinando estado del objeto...
[2026-01-23 19:16:04] [DEBUG]    📐 Área botón lanzar: (71, 211, 3)
[2026-01-23 19:16:04] [DEBUG]    📐 Área texto supply: (95, 341, 3)
[2026-01-23 19:16:04] [DEBUG]    📐 Área cooldown: (149, 211, 3)
[2026-01-23 19:16:05] [INFO] 📝 [OCR] Botón: ''
[2026-01-23 19:16:05] [INFO] 📝 [OCR] Texto: ''
[2026-01-23 19:16:05] [INFO] 📝 [OCR] Combinado: ' '
[2026-01-23 19:16:05] [WARNING] ❌ [ESTADO DETECTADO] NO IDENTIFICADO - OCR puede haber fallado
[2026-01-23 19:16:05] [WARNING]    💡 Considera activar debug visual para ver qué captura el OCR
[2026-01-23 19:16:05] [WARNING] ⚠️  OCR detectó '' pero viene de filtered_positions - FORZANDO como SUPPLY
[2026-01-23 19:16:10] [DEBUG] 🔍 Determinando estado del objeto...
[2026-01-23 19:16:10] [DEBUG]    📐 Área botón lanzar: (71, 211, 3)
[2026-01-23 19:16:10] [DEBUG]    📐 Área texto supply: (95, 341, 3)
[2026-01-23 19:16:10] [DEBUG]    📐 Área cooldown: (149, 211, 3)
[2026-01-23 19:16:12] [INFO] 📝 [OCR] Botón: ''
[2026-01-23 19:16:12] [INFO] 📝 [OCR] Texto: ''
[2026-01-23 19:16:12] [INFO] 📝 [OCR] Combinado: ' '
[2026-01-23 19:16:12] [WARNING] ❌ [ESTADO DETECTADO] NO IDENTIFICADO - OCR puede haber fallado
[2026-01-23 19:16:12] [WARNING]    💡 Considera activar debug visual para ver qué captura el OCR
[2026-01-23 19:16:12] [WARNING] ⚠️  OCR detectó '' pero viene de filtered_positions - FORZANDO como SUPPLY
[2026-01-23 19:16:17] [DEBUG] 🔍 Determinando estado del objeto...
[2026-01-23 19:16:17] [DEBUG]    📐 Área botón lanzar: (71, 211, 3)
[2026-01-23 19:16:17] [DEBUG]    📐 Área texto supply: (95, 341, 3)
[2026-01-23 19:16:17] [DEBUG]    📐 Área cooldown: (149, 211, 3)
[2026-01-23 19:16:18] [INFO] 📝 [OCR] Botón: ''
[2026-01-23 19:16:18] [INFO] 📝 [OCR] Texto: ''
[2026-01-23 19:16:18] [INFO] 📝 [OCR] Combinado: ' '
[2026-01-23 19:16:18] [WARNING] ❌ [ESTADO DETECTADO] NO IDENTIFICADO - OCR puede haber fallado
[2026-01-23 19:16:18] [WARNING]    💡 Considera activar debug visual para ver qué captura el OCR
[2026-01-23 19:16:19] [WARNING] ⚠️  OCR detectó '' pero viene de filtered_positions - FORZANDO como SUPPLY
[2026-01-23 19:16:24] [DEBUG] 🔍 Determinando estado del objeto...
[2026-01-23 19:16:24] [DEBUG]    📐 Área botón lanzar: (71, 211, 3)
[2026-01-23 19:16:24] [DEBUG]    📐 Área texto supply: (95, 341, 3)
[2026-01-23 19:16:24] [DEBUG]    📐 Área cooldown: (149, 211, 3)
[2026-01-23 19:16:25] [INFO] 📝 [OCR] Botón: ''
[2026-01-23 19:16:25] [INFO] 📝 [OCR] Texto: 'NIVEL9'
[2026-01-23 19:16:25] [INFO] 📝 [OCR] Combinado: ' NIVEL9'
[2026-01-23 19:16:25] [DEBUG] ⏱️  [OCR] Cooldown: '———RECOMPENSAS—'
[2026-01-23 19:16:25] [WARNING] ⛔ [EXCLUIDO] Raid con jefe detectado
[2026-01-23 19:16:25] [WARNING] ⚠️  Objeto no identificado como supply drop - Saliendo...
[2026-01-23 19:16:28] [DEBUG] 🔍 Determinando estado del objeto...
[2026-01-23 19:16:28] [DEBUG]    📐 Área botón lanzar: (71, 211, 3)
[2026-01-23 19:16:28] [DEBUG]    📐 Área texto supply: (95, 341, 3)
[2026-01-23 19:16:28] [DEBUG]    📐 Área cooldown: (149, 211, 3)
[2026-01-23 19:16:30] [INFO] 📝 [OCR] Botón: ''
[2026-01-23 19:16:30] [INFO] 📝 [OCR] Texto: ''
[2026-01-23 19:16:30] [INFO] 📝 [OCR] Combinado: ' '
[2026-01-23 19:16:30] [WARNING] ❌ [ESTADO DETECTADO] NO IDENTIFICADO - OCR puede haber fallado
[2026-01-23 19:16:30] [WARNING]    💡 Considera activar debug visual para ver qué captura el OCR
[2026-01-23 19:16:30] [WARNING] ⚠️  OCR detectó '' pero viene de filtered_positions - FORZANDO como SUPPLY
[2026-01-23 19:16:35] [DEBUG] 🔍 Determinando estado del objeto...
[2026-01-23 19:16:35] [DEBUG]    📐 Área botón lanzar: (71, 211, 3)
[2026-01-23 19:16:35] [DEBUG]    📐 Área texto supply: (95, 341, 3)
[2026-01-23 19:16:35] [DEBUG]    📐 Área cooldown: (149, 211, 3)
[2026-01-23 19:16:36] [INFO] 📝 [OCR] Botón: ''
[2026-01-23 19:16:36] [INFO] 📝 [OCR] Texto: ''
[2026-01-23 19:16:36] [INFO] 📝 [OCR] Combinado: ' '
[2026-01-23 19:16:36] [DEBUG] ⏱️  [OCR] Cooldown: '—£EE'
[2026-01-23 19:16:36] [WARNING] ❌ [ESTADO DETECTADO] NO IDENTIFICADO - OCR puede haber fallado
[2026-01-23 19:16:36] [WARNING]    💡 Considera activar debug visual para ver qué captura el OCR
[2026-01-23 19:16:37] [WARNING] ⚠️  OCR detectó '' pero viene de filtered_positions - FORZANDO como SUPPLY
[2026-01-23 19:16:42] [DEBUG] 🔍 Determinando estado del objeto...
[2026-01-23 19:16:42] [DEBUG]    📐 Área botón lanzar: (71, 211, 3)
[2026-01-23 19:16:42] [DEBUG]    📐 Área texto supply: (95, 341, 3)
[2026-01-23 19:16:42] [DEBUG]    📐 Área cooldown: (149, 211, 3)
[2026-01-23 19:16:43] [INFO] 📝 [OCR] Botón: ''
[2026-01-23 19:16:43] [INFO] 📝 [OCR] Texto: 'NIVEL30'
[2026-01-23 19:16:43] [INFO] 📝 [OCR] Combinado: ' NIVEL30'
[2026-01-23 19:16:43] [DEBUG] ⏱️  [OCR] Cooldown: 'RECOMPENSAS'
[2026-01-23 19:16:43] [WARNING] ⛔ [EXCLUIDO] Raid con jefe detectado
[2026-01-23 19:16:43] [WARNING] ⚠️  Objeto no identificado como supply drop - Saliendo...
[2026-01-23 19:16:47] [DEBUG] 🔍 Determinando estado del objeto...
[2026-01-23 19:16:47] [DEBUG]    📐 Área botón lanzar: (71, 211, 3)
[2026-01-23 19:16:47] [DEBUG]    📐 Área texto supply: (95, 341, 3)
[2026-01-23 19:16:47] [DEBUG]    📐 Área cooldown: (149, 211, 3)
[2026-01-23 19:16:48] [INFO] 📝 [OCR] Botón: ''
[2026-01-23 19:16:48] [INFO] 📝 [OCR] Texto: ''
[2026-01-23 19:16:48] [INFO] 📝 [OCR] Combinado: ' '
[2026-01-23 19:16:48] [WARNING] ❌ [ESTADO DETECTADO] NO IDENTIFICADO - OCR puede haber fallado
[2026-01-23 19:16:48] [WARNING]    💡 Considera activar debug visual para ver qué captura el OCR
[2026-01-23 19:16:48] [WARNING] ⚠️  OCR detectó '' pero viene de filtered_positions - FORZANDO como SUPPLY
[2026-01-23 19:16:53] [DEBUG] 🔍 Determinando estado del objeto...
[2026-01-23 19:16:53] [DEBUG]    📐 Área botón lanzar: (71, 211, 3)
[2026-01-23 19:16:53] [DEBUG]    📐 Área texto supply: (95, 341, 3)
[2026-01-23 19:16:53] [DEBUG]    📐 Área cooldown: (149, 211, 3)
[2026-01-23 19:16:55] [INFO] 📝 [OCR] Botón: ''
[2026-01-23 19:16:55] [INFO] 📝 [OCR] Texto: ''
[2026-01-23 19:16:55] [INFO] 📝 [OCR] Combinado: ' '
[2026-01-23 19:16:55] [WARNING] ❌ [ESTADO DETECTADO] NO IDENTIFICADO - OCR puede haber fallado
[2026-01-23 19:16:55] [WARNING]    💡 Considera activar debug visual para ver qué captura el OCR
[2026-01-23 19:16:55] [WARNING] ⚠️  OCR detectó '' pero viene de filtered_positions - FORZANDO como SUPPLY
[2026-01-23 19:17:00] [DEBUG] 🔍 Determinando estado del objeto...
[2026-01-23 19:17:00] [DEBUG]    📐 Área botón lanzar: (71, 211, 3)
[2026-01-23 19:17:00] [DEBUG]    📐 Área texto supply: (95, 341, 3)
[2026-01-23 19:17:00] [DEBUG]    📐 Área cooldown: (149, 211, 3)
[2026-01-23 19:17:01] [INFO] 📝 [OCR] Botón: ''
[2026-01-23 19:17:01] [INFO] 📝 [OCR] Texto: ''
[2026-01-23 19:17:01] [INFO] 📝 [OCR] Combinado: ' '
[2026-01-23 19:17:01] [WARNING] ❌ [ESTADO DETECTADO] NO IDENTIFICADO - OCR puede haber fallado
[2026-01-23 19:17:01] [WARNING]    💡 Considera activar debug visual para ver qué captura el OCR
[2026-01-23 19:17:01] [WARNING] ⚠️  OCR detectó '' pero viene de filtered_positions - FORZANDO como SUPPLY
[2026-01-23 19:17:06] [DEBUG] 🔍 Determinando estado del objeto...
[2026-01-23 19:17:06] [DEBUG]    📐 Área botón lanzar: (71, 211, 3)
[2026-01-23 19:17:06] [DEBUG]    📐 Área texto supply: (95, 341, 3)
[2026-01-23 19:17:06] [DEBUG]    📐 Área cooldown: (149, 211, 3)
[2026-01-23 19:17:08] [INFO] 📝 [OCR] Botón: ''
[2026-01-23 19:17:08] [INFO] 📝 [OCR] Texto: ''
[2026-01-23 19:17:08] [INFO] 📝 [OCR] Combinado: ' '
[2026-01-23 19:17:08] [WARNING] ❌ [ESTADO DETECTADO] NO IDENTIFICADO - OCR puede haber fallado
[2026-01-23 19:17:08] [WARNING]    💡 Considera activar debug visual para ver qué captura el OCR
[2026-01-23 19:17:08] [WARNING] ⚠️  OCR detectó '' pero viene de filtered_positions - FORZANDO como SUPPLY
[2026-01-23 19:17:13] [DEBUG] 🔍 Determinando estado del objeto...
[2026-01-23 19:17:13] [DEBUG]    📐 Área botón lanzar: (71, 211, 3)
[2026-01-23 19:17:13] [DEBUG]    📐 Área texto supply: (95, 341, 3)
[2026-01-23 19:17:13] [DEBUG]    📐 Área cooldown: (149, 211, 3)
[2026-01-23 19:17:14] [INFO] 📝 [OCR] Botón: ''
[2026-01-23 19:17:14] [INFO] 📝 [OCR] Texto: ''
[2026-01-23 19:17:14] [INFO] 📝 [OCR] Combinado: ' '
[2026-01-23 19:17:14] [WARNING] ❌ [ESTADO DETECTADO] NO IDENTIFICADO - OCR puede haber fallado
[2026-01-23 19:17:14] [WARNING]    💡 Considera activar debug visual para ver qué captura el OCR
[2026-01-23 19:17:15] [WARNING] ⚠️  OCR detectó '' pero viene de filtered_positions - FORZANDO como SUPPLY
[2026-01-23 19:17:20] [DEBUG] 🔍 Determinando estado del objeto...
[2026-01-23 19:17:20] [DEBUG]    📐 Área botón lanzar: (71, 211, 3)
[2026-01-23 19:17:20] [DEBUG]    📐 Área texto supply: (95, 341, 3)
[2026-01-23 19:17:20] [DEBUG]    📐 Área cooldown: (149, 211, 3)
[2026-01-23 19:17:21] [INFO] 📝 [OCR] Botón: ''
[2026-01-23 19:17:21] [INFO] 📝 [OCR] Texto: ''
[2026-01-23 19:17:21] [INFO] 📝 [OCR] Combinado: ' '
[2026-01-23 19:17:21] [WARNING] ❌ [ESTADO DETECTADO] NO IDENTIFICADO - OCR puede haber fallado
[2026-01-23 19:17:21] [WARNING]    💡 Considera activar debug visual para ver qué captura el OCR
[2026-01-23 19:17:21] [WARNING] ⚠️  OCR detectó '' pero viene de filtered_positions - FORZANDO como SUPPLY
[2026-01-23 19:17:24] [INFO] ================================================================================
[2026-01-23 19:17:24] [INFO] ⛔ BOT DETENIDO POR USUARIO (Ctrl+C o 'q')
[2026-01-23 19:17:24] [INFO] ================================================================================
[2026-01-23 19:17:24] [INFO] 📊 RESUMEN DE RECURSOS COLECTADOS:
[2026-01-23 19:17:24] [INFO] --------------------------------------------------------------------------------
[2026-01-23 19:17:24] [INFO] 📦 SUMINISTROS: Ninguno
[2026-01-23 19:17:24] [INFO] 🦖 DINOSAURIOS: Ninguno
[2026-01-23 19:17:24] [INFO] ================================================================================
[2026-01-23 19:17:24] [INFO] ✅ Sesión finalizada. Log guardado en carpeta 'logs/'
[2026-01-23 19:17:24] [INFO] ================================================================================
