[2026-01-23 19:10:23] [INFO] ================================================================================
[2026-01-23 19:10:23] [INFO] 🦖 JURASSIC WORLD ALIVE BOT - INICIADO
[2026-01-23 19:10:23] [INFO] ================================================================================
[2026-01-23 19:10:23] [INFO] 📁 Log guardado en: logs/bot_log_20260123_191023.log
[2026-01-23 19:10:23] [INFO] ================================================================================
[2026-01-23 19:10:23] [INFO] 🎮 INSTRUCCIONES DE CALIBRACIÓN
[2026-01-23 19:10:23] [INFO] ================================================================================
[2026-01-23 19:10:23] [INFO] 1️⃣  Abre BlueStacks con Jurassic World Alive en el MAPA
[2026-01-23 19:10:23] [INFO] 2️⃣  Presiona 'a' y haz click en ESQUINA SUPERIOR IZQUIERDA del juego
[2026-01-23 19:10:23] [INFO] 3️⃣  Presiona 'a' otra vez y haz click en ESQUINA INFERIOR DERECHA
[2026-01-23 19:10:23] [INFO] 4️⃣  El bot empezará a funcionar automáticamente
[2026-01-23 19:10:23] [INFO] ❌ Presiona 'q' para detener el bot en cualquier momento
[2026-01-23 19:10:23] [INFO] ================================================================================
[2026-01-23 19:10:23] [INFO] 🔧 Inicializando Bot...
[2026-01-23 19:10:23] [INFO] ⏱️  Tiempo límite configurado: 4 horas
[2026-01-23 19:10:23] [INFO] 📁 Carpeta 'debug_screenshots' creada
[2026-01-23 19:10:27] [INFO] 🔘 Tecla 'a' presionada
[2026-01-23 19:10:27] [INFO] ✅ Primer punto capturado: (769, 49)
[2026-01-23 19:10:27] [INFO] 👉 Ahora presiona 'a' de nuevo y haz click en la esquina inferior derecha
[2026-01-23 19:10:30] [INFO] 🔘 Tecla 'a' presionada
[2026-01-23 19:10:30] [INFO] ✅ Segundo punto capturado: (1337, 1003)
[2026-01-23 19:10:30] [INFO] ================================================================================
[2026-01-23 19:10:30] [INFO] 📐 CONFIGURACIÓN DE VENTANA BLUESTACKS
[2026-01-23 19:10:30] [INFO] ================================================================================
[2026-01-23 19:10:30] [INFO] 📍 Posición X: 769px
[2026-01-23 19:10:30] [INFO] 📍 Posición Y: 49px
[2026-01-23 19:10:30] [INFO] 📏 Ancho (W): 568px
[2026-01-23 19:10:30] [INFO] 📏 Alto (H): 954px
[2026-01-23 19:10:30] [INFO] 🎯 Esquina superior izquierda: (769, 49)
[2026-01-23 19:10:30] [INFO] 🎯 Esquina inferior derecha: (1337, 1003)
[2026-01-23 19:10:30] [INFO] ================================================================================
[2026-01-23 19:10:30] [INFO] 🎯 Shooting zone: Y[264-727] X[11-484]
[2026-01-23 19:10:30] [INFO] 🚀 Launch button: Y[746-817] X[155-366]
[2026-01-23 19:10:30] [INFO] ⏱️  Cooldown text area: Y[516-665] X[155-366]
[2026-01-23 19:10:30] [INFO] 📝 Supply text area: Y[47-143] X[113-454]
[2026-01-23 19:10:30] [INFO] 📸 Capturando vista inicial del mapa para análisis...
[2026-01-23 19:10:31] [INFO] ✅ Captura inicial guardada: map_initial_20260123_191031.png
[2026-01-23 19:10:31] [INFO] 🚀 Calibración completa! El bot comenzará a operar...
[2026-01-23 19:10:32] [DEBUG] 🪙 Verificando monedas...
[2026-01-23 19:10:32] [DEBUG] 📦 Verificando supply drops...
[2026-01-23 19:10:32] [DEBUG] 🔍 Buscando supply drops...
[2026-01-23 19:10:32] [DEBUG]    📊 Supply color range: R[160-255] G[60-255] B[0-120]
[2026-01-23 19:10:32] [DEBUG]    📊 Event color range: R[0-180] G[120-255] B[0-180]
[2026-01-23 19:10:32] [DEBUG]    📐 Zona analizada: (463, 473, 3)
[2026-01-23 19:10:32] [DEBUG]    🎨 Píxeles detectados inicialmente: 13959
[2026-01-23 19:10:32] [DEBUG]    🔢 Componentes detectados: 194
[2026-01-23 19:10:32] [DEBUG]    ✅ Supply drop #1: 2846 píxeles en posición (285, 89)
[2026-01-23 19:10:32] [DEBUG]    ✅ Supply drop #5: 446 píxeles en posición (281, 212)
[2026-01-23 19:10:32] [DEBUG]    ✅ Supply drop #6: 45 píxeles en posición (272, 243)
[2026-01-23 19:10:32] [DEBUG]    ✅ Supply drop #7: 51 píxeles en posición (273, 259)
[2026-01-23 19:10:32] [DEBUG]    ✅ Supply drop #8: 248 píxeles en posición (312, 309)
[2026-01-23 19:10:32] [DEBUG]    ✅ Supply drop #10: 112 píxeles en posición (283, 370)
[2026-01-23 19:10:32] [DEBUG]    ✅ Supply drop #11: 135 píxeles en posición (286, 392)
[2026-01-23 19:10:32] [DEBUG]    ✅ Supply drop #13: 50 píxeles en posición (268, 120)
[2026-01-23 19:10:32] [DEBUG]    ✅ Supply drop #22: 48 píxeles en posición (297, 225)
[2026-01-23 19:10:32] [DEBUG]    ✅ Supply drop #29: 631 píxeles en posición (311, 40)
[2026-01-23 19:10:32] [DEBUG]    ✅ Supply drop #30: 17 píxeles en posición (302, 170)
[2026-01-23 19:10:32] [DEBUG]    ✅ Supply drop #31: 29 píxeles en posición (304, 340)
[2026-01-23 19:10:32] [DEBUG]    ✅ Supply drop #36: 27 píxeles en posición (305, 422)
[2026-01-23 19:10:32] [DEBUG]    ✅ Supply drop #37: 26 píxeles en posición (311, 386)
[2026-01-23 19:10:32] [DEBUG]    ✅ Supply drop #46: 68 píxeles en posición (324, 396)
[2026-01-23 19:10:32] [DEBUG]    ✅ Supply drop #50: 128 píxeles en posición (326, 88)
[2026-01-23 19:10:32] [DEBUG]    ✅ Supply drop #51: 123 píxeles en posición (321, 280)
[2026-01-23 19:10:32] [DEBUG]    ✅ Supply drop #54: 23 píxeles en posición (318, 259)
[2026-01-23 19:10:32] [DEBUG]    ✅ Supply drop #55: 2727 píxeles en posición (450, 346)
[2026-01-23 19:10:32] [DEBUG]    ✅ Supply drop #56: 338 píxeles en posición (344, 117)
[2026-01-23 19:10:32] [DEBUG]    ✅ Supply drop #57: 20 píxeles en posición (329, 444)
[2026-01-23 19:10:32] [DEBUG]    ✅ Supply drop #61: 374 píxeles en posición (370, 433)
[2026-01-23 19:10:32] [DEBUG]    ✅ Supply drop #63: 378 píxeles en posición (373, 461)
[2026-01-23 19:10:32] [DEBUG]    ✅ Supply drop #69: 65 píxeles en posición (339, 32)
[2026-01-23 19:10:32] [DEBUG]    ✅ Supply drop #76: 68 píxeles en posición (352, 273)
[2026-01-23 19:10:32] [DEBUG]    ✅ Supply drop #79: 66 píxeles en posición (352, 50)
[2026-01-23 19:10:32] [DEBUG]    ✅ Supply drop #82: 617 píxeles en posición (415, 391)
[2026-01-23 19:10:32] [DEBUG]    ✅ Supply drop #86: 30 píxeles en posición (357, 72)
[2026-01-23 19:10:32] [DEBUG]    ✅ Supply drop #88: 128 píxeles en posición (379, 290)
[2026-01-23 19:10:32] [DEBUG]    ✅ Supply drop #93: 84 píxeles en posición (373, 24)
[2026-01-23 19:10:32] [DEBUG]    ✅ Supply drop #108: 1131 píxeles en posición (412, 68)
[2026-01-23 19:10:32] [DEBUG]    ✅ Supply drop #114: 18 píxeles en posición (391, 29)
[2026-01-23 19:10:32] [DEBUG]    ✅ Supply drop #117: 24 píxeles en posición (394, 260)
[2026-01-23 19:10:32] [DEBUG]    ✅ Supply drop #123: 164 píxeles en posición (446, 28)
[2026-01-23 19:10:32] [DEBUG]    ✅ Supply drop #125: 226 píxeles en posición (472, 36)
[2026-01-23 19:10:32] [DEBUG]    ✅ Supply drop #131: 17 píxeles en posición (475, 263)
[2026-01-23 19:10:32] [DEBUG]    ✅ Supply drop #134: 32 píxeles en posición (486, 264)
[2026-01-23 19:10:32] [DEBUG]    ✅ Supply drop #150: 24 píxeles en posición (524, 27)
[2026-01-23 19:10:32] [DEBUG]    ✅ Supply drop #151: 168 píxeles en posición (537, 52)
[2026-01-23 19:10:32] [DEBUG]    ✅ Supply drop #152: 47 píxeles en posición (533, 259)
[2026-01-23 19:10:32] [DEBUG]    ✅ Supply drop #154: 18 píxeles en posición (532, 87)
[2026-01-23 19:10:32] [DEBUG]    ✅ Supply drop #156: 40 píxeles en posición (538, 108)
[2026-01-23 19:10:32] [DEBUG]    ✅ Supply drop #165: 2309 píxeles en posición (612, 57)
[2026-01-23 19:10:32] [DEBUG]    ✅ Supply drop #167: 17 píxeles en posición (635, 455)
[2026-01-23 19:10:32] [DEBUG]    ✅ Supply drop #168: 2200 píxeles en posición (665, 39)
[2026-01-23 19:10:32] [DEBUG]    ✅ Supply drop #169: 74 píxeles en posición (647, 471)
[2026-01-23 19:10:32] [DEBUG]    ✅ Supply drop #176: 31 píxeles en posición (682, 479)
[2026-01-23 19:10:32] [DEBUG]    ✅ Supply drop #177: 356 píxeles en posición (706, 316)
[2026-01-23 19:10:32] [DEBUG]    ✅ Supply drop #184: 131 píxeles en posición (707, 477)
[2026-01-23 19:10:32] [DEBUG]    ✅ Supply drop #193: 125 píxeles en posición (722, 239)
[2026-01-23 19:10:32] [INFO] 🟠 [SUPPLY DROP] Detectados 50 supply drops: [[285, 89], [281, 212], [272, 243], [273, 259], [312, 309], [283, 370], [286, 392], [268, 120], [297, 225], [311, 40], [302, 170], [304, 340], [305, 422], [311, 386], [324, 396], [326, 88], [321, 280], [318, 259], [450, 346], [344, 117], [329, 444], [370, 433], [373, 461], [339, 32], [352, 273], [352, 50], [415, 391], [357, 72], [379, 290], [373, 24], [412, 68], [391, 29], [394, 260], [446, 28], [472, 36], [475, 263], [486, 264], [524, 27], [537, 52], [533, 259], [532, 87], [538, 108], [612, 57], [635, 455], [665, 39], [647, 471], [682, 479], [706, 316], [707, 477], [722, 239]]
[2026-01-23 19:10:32] [DEBUG] ⛔ [SUPPLY] Posición (612, 57) en zona excluida: Inferior izquierda (Especial/Extra)
[2026-01-23 19:10:32] [DEBUG] ⛔ [SUPPLY] Posición (635, 455) en zona excluida: Inferior derecha (Nuevo/Mochila)
[2026-01-23 19:10:32] [DEBUG] ⛔ [SUPPLY] Posición (665, 39) en zona excluida: Inferior izquierda (Especial/Extra)
[2026-01-23 19:10:32] [DEBUG] ⛔ [SUPPLY] Posición (647, 471) en zona excluida: Inferior derecha (Nuevo/Mochila)
[2026-01-23 19:10:32] [DEBUG] ⛔ [SUPPLY] Posición (682, 479) en zona excluida: Inferior derecha (Nuevo/Mochila)
[2026-01-23 19:10:32] [DEBUG] ⛔ [SUPPLY] Posición (707, 477) en zona excluida: Inferior derecha (Nuevo/Mochila)
[2026-01-23 19:10:32] [INFO] 📦 Recolectando 44 supply drops válidos...
[2026-01-23 19:10:35] [DEBUG] 🔍 Determinando estado del objeto...
[2026-01-23 19:10:35] [DEBUG]    📐 Área botón lanzar: (71, 211, 3)
[2026-01-23 19:10:35] [DEBUG]    📐 Área texto supply: (96, 341, 3)
[2026-01-23 19:10:35] [DEBUG]    📐 Área cooldown: (149, 211, 3)
[2026-01-23 19:10:36] [INFO] 📝 [OCR] Botón: ''
[2026-01-23 19:10:36] [INFO] 📝 [OCR] Texto: 'EVENTOESPECIALTERMINAEN:12H49M'
[2026-01-23 19:10:36] [INFO] 📝 [OCR] Combinado: ' EVENTOESPECIALTERMINAEN:12H49M'
[2026-01-23 19:10:36] [DEBUG]    📦 Palabras clave de SUPPLY detectadas
[2026-01-23 19:10:36] [INFO] ✅ [ESTADO DETECTADO] SUPPLY
[2026-01-23 19:10:49] [DEBUG] 🔍 Determinando estado del objeto...
[2026-01-23 19:10:49] [DEBUG]    📐 Área botón lanzar: (71, 211, 3)
[2026-01-23 19:10:49] [DEBUG]    📐 Área texto supply: (96, 341, 3)
[2026-01-23 19:10:49] [DEBUG]    📐 Área cooldown: (149, 211, 3)
[2026-01-23 19:10:50] [INFO] 📝 [OCR] Botón: '(1UNETEAHORA'
[2026-01-23 19:10:50] [INFO] 📝 [OCR] Texto: 'EEERARO'
[2026-01-23 19:10:50] [INFO] 📝 [OCR] Combinado: '(1UNETEAHORA EEERARO'
[2026-01-23 19:10:50] [WARNING] ⛔ [EXCLUIDO] Dinosaurio fuera de rango (VIP requerido)
[2026-01-23 19:10:50] [WARNING] ⚠️  Objeto no identificado como supply drop - Saliendo...
[2026-01-23 19:10:54] [DEBUG] 🔍 Determinando estado del objeto...
[2026-01-23 19:10:54] [DEBUG]    📐 Área botón lanzar: (71, 211, 3)
[2026-01-23 19:10:54] [DEBUG]    📐 Área texto supply: (96, 341, 3)
[2026-01-23 19:10:54] [DEBUG]    📐 Área cooldown: (149, 211, 3)
[2026-01-23 19:10:55] [INFO] 📝 [OCR] Botón: ''
[2026-01-23 19:10:55] [INFO] 📝 [OCR] Texto: ''
[2026-01-23 19:10:55] [INFO] 📝 [OCR] Combinado: ' '
[2026-01-23 19:10:55] [WARNING] ❌ [ESTADO DETECTADO] NO IDENTIFICADO - OCR puede haber fallado
[2026-01-23 19:10:55] [WARNING]    💡 Considera activar debug visual para ver qué captura el OCR
[2026-01-23 19:10:55] [WARNING] ⚠️  OCR detectó '' pero viene de filtered_positions - FORZANDO como SUPPLY
[2026-01-23 19:11:00] [DEBUG] 🔍 Determinando estado del objeto...
[2026-01-23 19:11:00] [DEBUG]    📐 Área botón lanzar: (71, 211, 3)
[2026-01-23 19:11:00] [DEBUG]    📐 Área texto supply: (96, 341, 3)
[2026-01-23 19:11:00] [DEBUG]    📐 Área cooldown: (149, 211, 3)
[2026-01-23 19:11:02] [INFO] 📝 [OCR] Botón: ''
[2026-01-23 19:11:02] [INFO] 📝 [OCR] Texto: ''
[2026-01-23 19:11:02] [INFO] 📝 [OCR] Combinado: ' '
[2026-01-23 19:11:02] [WARNING] ❌ [ESTADO DETECTADO] NO IDENTIFICADO - OCR puede haber fallado
[2026-01-23 19:11:02] [WARNING]    💡 Considera activar debug visual para ver qué captura el OCR
[2026-01-23 19:11:02] [WARNING] ⚠️  OCR detectó '' pero viene de filtered_positions - FORZANDO como SUPPLY
[2026-01-23 19:11:07] [DEBUG] 🔍 Determinando estado del objeto...
[2026-01-23 19:11:07] [DEBUG]    📐 Área botón lanzar: (71, 211, 3)
[2026-01-23 19:11:07] [DEBUG]    📐 Área texto supply: (96, 341, 3)
[2026-01-23 19:11:07] [DEBUG]    📐 Área cooldown: (149, 211, 3)
[2026-01-23 19:11:08] [INFO] 📝 [OCR] Botón: ''
[2026-01-23 19:11:08] [INFO] 📝 [OCR] Texto: ''
[2026-01-23 19:11:08] [INFO] 📝 [OCR] Combinado: ' '
[2026-01-23 19:11:08] [WARNING] ❌ [ESTADO DETECTADO] NO IDENTIFICADO - OCR puede haber fallado
[2026-01-23 19:11:08] [WARNING]    💡 Considera activar debug visual para ver qué captura el OCR
[2026-01-23 19:11:09] [WARNING] ⚠️  OCR detectó '' pero viene de filtered_positions - FORZANDO como SUPPLY
[2026-01-23 19:11:14] [DEBUG] 🔍 Determinando estado del objeto...
[2026-01-23 19:11:14] [DEBUG]    📐 Área botón lanzar: (71, 211, 3)
[2026-01-23 19:11:14] [DEBUG]    📐 Área texto supply: (96, 341, 3)
[2026-01-23 19:11:14] [DEBUG]    📐 Área cooldown: (149, 211, 3)
[2026-01-23 19:11:15] [INFO] 📝 [OCR] Botón: ''
[2026-01-23 19:11:15] [INFO] 📝 [OCR] Texto: ''
[2026-01-23 19:11:15] [INFO] 📝 [OCR] Combinado: ' '
[2026-01-23 19:11:15] [WARNING] ❌ [ESTADO DETECTADO] NO IDENTIFICADO - OCR puede haber fallado
[2026-01-23 19:11:15] [WARNING]    💡 Considera activar debug visual para ver qué captura el OCR
[2026-01-23 19:11:15] [WARNING] ⚠️  OCR detectó '' pero viene de filtered_positions - FORZANDO como SUPPLY
[2026-01-23 19:11:20] [DEBUG] 🔍 Determinando estado del objeto...
[2026-01-23 19:11:20] [DEBUG]    📐 Área botón lanzar: (71, 211, 3)
[2026-01-23 19:11:20] [DEBUG]    📐 Área texto supply: (96, 341, 3)
[2026-01-23 19:11:20] [DEBUG]    📐 Área cooldown: (149, 211, 3)
[2026-01-23 19:11:22] [INFO] 📝 [OCR] Botón: ''
[2026-01-23 19:11:22] [INFO] 📝 [OCR] Texto: ''
[2026-01-23 19:11:22] [INFO] 📝 [OCR] Combinado: ' '
[2026-01-23 19:11:22] [WARNING] ❌ [ESTADO DETECTADO] NO IDENTIFICADO - OCR puede haber fallado
[2026-01-23 19:11:22] [WARNING]    💡 Considera activar debug visual para ver qué captura el OCR
[2026-01-23 19:11:22] [WARNING] ⚠️  OCR detectó '' pero viene de filtered_positions - FORZANDO como SUPPLY
[2026-01-23 19:11:27] [DEBUG] 🔍 Determinando estado del objeto...
[2026-01-23 19:11:27] [DEBUG]    📐 Área botón lanzar: (71, 211, 3)
[2026-01-23 19:11:27] [DEBUG]    📐 Área texto supply: (96, 341, 3)
[2026-01-23 19:11:27] [DEBUG]    📐 Área cooldown: (149, 211, 3)
[2026-01-23 19:11:28] [INFO] 📝 [OCR] Botón: ''
[2026-01-23 19:11:28] [INFO] 📝 [OCR] Texto: ''
[2026-01-23 19:11:28] [INFO] 📝 [OCR] Combinado: ' '
[2026-01-23 19:11:28] [WARNING] ❌ [ESTADO DETECTADO] NO IDENTIFICADO - OCR puede haber fallado
[2026-01-23 19:11:28] [WARNING]    💡 Considera activar debug visual para ver qué captura el OCR
[2026-01-23 19:11:29] [WARNING] ⚠️  OCR detectó '' pero viene de filtered_positions - FORZANDO como SUPPLY
[2026-01-23 19:11:34] [DEBUG] 🔍 Determinando estado del objeto...
[2026-01-23 19:11:34] [DEBUG]    📐 Área botón lanzar: (71, 211, 3)
[2026-01-23 19:11:34] [DEBUG]    📐 Área texto supply: (96, 341, 3)
[2026-01-23 19:11:34] [DEBUG]    📐 Área cooldown: (149, 211, 3)
[2026-01-23 19:11:35] [INFO] 📝 [OCR] Botón: ''
[2026-01-23 19:11:35] [INFO] 📝 [OCR] Texto: ''
[2026-01-23 19:11:35] [INFO] 📝 [OCR] Combinado: ' '
[2026-01-23 19:11:35] [WARNING] ❌ [ESTADO DETECTADO] NO IDENTIFICADO - OCR puede haber fallado
[2026-01-23 19:11:35] [WARNING]    💡 Considera activar debug visual para ver qué captura el OCR
[2026-01-23 19:11:35] [WARNING] ⚠️  OCR detectó '' pero viene de filtered_positions - FORZANDO como SUPPLY
[2026-01-23 19:11:40] [DEBUG] 🔍 Determinando estado del objeto...
[2026-01-23 19:11:40] [DEBUG]    📐 Área botón lanzar: (71, 211, 3)
[2026-01-23 19:11:40] [DEBUG]    📐 Área texto supply: (96, 341, 3)
[2026-01-23 19:11:40] [DEBUG]    📐 Área cooldown: (149, 211, 3)
[2026-01-23 19:11:42] [INFO] 📝 [OCR] Botón: ''
[2026-01-23 19:11:42] [INFO] 📝 [OCR] Texto: ''
[2026-01-23 19:11:42] [INFO] 📝 [OCR] Combinado: ' '
[2026-01-23 19:11:42] [DEBUG] ⏱️  [OCR] Cooldown: 'AS'
[2026-01-23 19:11:42] [WARNING] ❌ [ESTADO DETECTADO] NO IDENTIFICADO - OCR puede haber fallado
[2026-01-23 19:11:42] [WARNING]    💡 Considera activar debug visual para ver qué captura el OCR
[2026-01-23 19:11:42] [WARNING] ⚠️  OCR detectó '' pero viene de filtered_positions - FORZANDO como SUPPLY
[2026-01-23 19:11:47] [DEBUG] 🔍 Determinando estado del objeto...
[2026-01-23 19:11:47] [DEBUG]    📐 Área botón lanzar: (71, 211, 3)
[2026-01-23 19:11:47] [DEBUG]    📐 Área texto supply: (96, 341, 3)
[2026-01-23 19:11:47] [DEBUG]    📐 Área cooldown: (149, 211, 3)
[2026-01-23 19:11:48] [INFO] 📝 [OCR] Botón: ''
[2026-01-23 19:11:48] [INFO] 📝 [OCR] Texto: ''
[2026-01-23 19:11:48] [INFO] 📝 [OCR] Combinado: ' '
[2026-01-23 19:11:48] [WARNING] ❌ [ESTADO DETECTADO] NO IDENTIFICADO - OCR puede haber fallado
[2026-01-23 19:11:48] [WARNING]    💡 Considera activar debug visual para ver qué captura el OCR
[2026-01-23 19:11:48] [WARNING] ⚠️  OCR detectó '' pero viene de filtered_positions - FORZANDO como SUPPLY
[2026-01-23 19:11:54] [DEBUG] 🔍 Determinando estado del objeto...
[2026-01-23 19:11:54] [DEBUG]    📐 Área botón lanzar: (71, 211, 3)
[2026-01-23 19:11:54] [DEBUG]    📐 Área texto supply: (96, 341, 3)
[2026-01-23 19:11:54] [DEBUG]    📐 Área cooldown: (149, 211, 3)
[2026-01-23 19:11:55] [INFO] 📝 [OCR] Botón: ''
[2026-01-23 19:11:55] [INFO] 📝 [OCR] Texto: ''
[2026-01-23 19:11:55] [INFO] 📝 [OCR] Combinado: ' '
[2026-01-23 19:11:55] [WARNING] ❌ [ESTADO DETECTADO] NO IDENTIFICADO - OCR puede haber fallado
[2026-01-23 19:11:55] [WARNING]    💡 Considera activar debug visual para ver qué captura el OCR
[2026-01-23 19:11:55] [WARNING] ⚠️  OCR detectó '' pero viene de filtered_positions - FORZANDO como SUPPLY
[2026-01-23 19:12:00] [DEBUG] 🔍 Determinando estado del objeto...
[2026-01-23 19:12:00] [DEBUG]    📐 Área botón lanzar: (71, 211, 3)
[2026-01-23 19:12:00] [DEBUG]    📐 Área texto supply: (96, 341, 3)
[2026-01-23 19:12:00] [DEBUG]    📐 Área cooldown: (149, 211, 3)
[2026-01-23 19:12:02] [INFO] 📝 [OCR] Botón: ''
[2026-01-23 19:12:02] [INFO] 📝 [OCR] Texto: ''
[2026-01-23 19:12:02] [INFO] 📝 [OCR] Combinado: ' '
[2026-01-23 19:12:02] [WARNING] ❌ [ESTADO DETECTADO] NO IDENTIFICADO - OCR puede haber fallado
[2026-01-23 19:12:02] [WARNING]    💡 Considera activar debug visual para ver qué captura el OCR
[2026-01-23 19:12:02] [WARNING] ⚠️  OCR detectó '' pero viene de filtered_positions - FORZANDO como SUPPLY
[2026-01-23 19:12:07] [DEBUG] 🔍 Determinando estado del objeto...
[2026-01-23 19:12:07] [DEBUG]    📐 Área botón lanzar: (71, 211, 3)
[2026-01-23 19:12:07] [DEBUG]    📐 Área texto supply: (96, 341, 3)
[2026-01-23 19:12:07] [DEBUG]    📐 Área cooldown: (149, 211, 3)
[2026-01-23 19:12:08] [INFO] 📝 [OCR] Botón: ''
[2026-01-23 19:12:08] [INFO] 📝 [OCR] Texto: ''
[2026-01-23 19:12:08] [INFO] 📝 [OCR] Combinado: ' '
[2026-01-23 19:12:08] [DEBUG] ⏱️  [OCR] Cooldown: 'OL~~I'
[2026-01-23 19:12:08] [WARNING] ❌ [ESTADO DETECTADO] NO IDENTIFICADO - OCR puede haber fallado
[2026-01-23 19:12:08] [WARNING]    💡 Considera activar debug visual para ver qué captura el OCR
[2026-01-23 19:12:08] [WARNING] ⚠️  OCR detectó '' pero viene de filtered_positions - FORZANDO como SUPPLY
[2026-01-23 19:12:14] [DEBUG] 🔍 Determinando estado del objeto...
[2026-01-23 19:12:14] [DEBUG]    📐 Área botón lanzar: (71, 211, 3)
[2026-01-23 19:12:14] [DEBUG]    📐 Área texto supply: (96, 341, 3)
[2026-01-23 19:12:14] [DEBUG]    📐 Área cooldown: (149, 211, 3)
[2026-01-23 19:12:15] [INFO] 📝 [OCR] Botón: ''
[2026-01-23 19:12:15] [INFO] 📝 [OCR] Texto: ''
[2026-01-23 19:12:15] [INFO] 📝 [OCR] Combinado: ' '
[2026-01-23 19:12:15] [WARNING] ❌ [ESTADO DETECTADO] NO IDENTIFICADO - OCR puede haber fallado
[2026-01-23 19:12:15] [WARNING]    💡 Considera activar debug visual para ver qué captura el OCR
[2026-01-23 19:12:15] [WARNING] ⚠️  OCR detectó '' pero viene de filtered_positions - FORZANDO como SUPPLY
[2026-01-23 19:12:18] [INFO] ================================================================================
[2026-01-23 19:12:18] [INFO] ⛔ BOT DETENIDO POR USUARIO (Ctrl+C o 'q')
[2026-01-23 19:12:18] [INFO] ================================================================================
[2026-01-23 19:12:18] [INFO] 📊 RESUMEN DE RECURSOS COLECTADOS:
[2026-01-23 19:12:18] [INFO] --------------------------------------------------------------------------------
[2026-01-23 19:12:18] [INFO] 📦 SUMINISTROS: Ninguno
[2026-01-23 19:12:18] [INFO] 🦖 DINOSAURIOS: Ninguno
[2026-01-23 19:12:18] [INFO] ================================================================================
[2026-01-23 19:12:18] [INFO] ✅ Sesión finalizada. Log guardado en carpeta 'logs/'
[2026-01-23 19:12:18] [INFO] ================================================================================
