[2026-01-31 15:53:18] [INFO] ================================================================================
[2026-01-31 15:53:18] [INFO] 🦖 JURASSIC WORLD ALIVE BOT - INICIADO
[2026-01-31 15:53:18] [INFO] ================================================================================
[2026-01-31 15:53:18] [INFO] 📁 Log guardado en: logs/bot_log_20260131_155318.log
[2026-01-31 15:53:18] [INFO] ================================================================================
[2026-01-31 15:53:18] [INFO] 🎮 INSTRUCCIONES DE CALIBRACIÓN
[2026-01-31 15:53:18] [INFO] ================================================================================
[2026-01-31 15:53:18] [INFO] 1️⃣  Abre BlueStacks con Jurassic World Alive en el MAPA
[2026-01-31 15:53:18] [INFO] 2️⃣  Presiona 'a' y haz click en ESQUINA SUPERIOR IZQUIERDA del juego
[2026-01-31 15:53:18] [INFO] 3️⃣  Presiona 'a' otra vez y haz click en ESQUINA INFERIOR DERECHA
[2026-01-31 15:53:18] [INFO] 4️⃣  El bot empezará a funcionar automáticamente
[2026-01-31 15:53:18] [INFO] ❌ Presiona 'q' para detener el bot en cualquier momento
[2026-01-31 15:53:18] [INFO] ================================================================================
[2026-01-31 15:53:18] [INFO] 🔧 Inicializando Bot...
[2026-01-31 15:53:18] [INFO] ⏱️  Tiempo límite configurado: 10 horas
[2026-01-31 15:53:21] [INFO] 🔘 Tecla 'a' presionada
[2026-01-31 15:53:21] [INFO] ✅ Primer punto capturado: (747, 36)
[2026-01-31 15:53:21] [INFO] 👉 Ahora presiona 'a' de nuevo y haz click en la esquina inferior derecha
[2026-01-31 15:53:25] [INFO] 🔘 Tecla 'a' presionada
[2026-01-31 15:53:25] [INFO] ✅ Segundo punto capturado: (1347, 1047)
[2026-01-31 15:53:25] [INFO] ================================================================================
[2026-01-31 15:53:25] [INFO] 📐 CONFIGURACIÓN DE VENTANA BLUESTACKS
[2026-01-31 15:53:25] [INFO] ================================================================================
[2026-01-31 15:53:25] [INFO] 📍 Posición X: 747px
[2026-01-31 15:53:25] [INFO] 📍 Posición Y: 36px
[2026-01-31 15:53:25] [INFO] 📏 Ancho (W): 600px
[2026-01-31 15:53:25] [INFO] 📏 Alto (H): 1011px
[2026-01-31 15:53:25] [INFO] 🎯 Esquina superior izquierda: (747, 36)
[2026-01-31 15:53:25] [INFO] 🎯 Esquina inferior derecha: (1347, 1047)
[2026-01-31 15:53:25] [INFO] ================================================================================
[2026-01-31 15:53:25] [INFO] 🎯 Shooting zone: Y[279-770] X[12-511]
[2026-01-31 15:53:25] [INFO] 🚀 Launch button: Y[790-866] X[164-386]
[2026-01-31 15:53:25] [INFO] ⏱️  Cooldown text area: Y[547-705] X[164-386]
[2026-01-31 15:53:25] [INFO] 📝 Supply text area: Y[50-151] X[120-480]
[2026-01-31 15:53:25] [INFO] 📸 Capturando vista inicial del mapa para análisis...
[2026-01-31 15:53:26] [INFO] ✅ Captura inicial guardada: map_initial_20260131_155325.png
[2026-01-31 15:53:26] [INFO] 🚀 Calibración completa! El bot comenzará a operar...
[2026-01-31 15:53:27] [DEBUG] 🪙 Verificando monedas...
[2026-01-31 15:53:27] [INFO] 🪙 Recolectando 1 monedas válidas...
[2026-01-31 15:53:28] [DEBUG] 🔍 Determinando estado del objeto...
[2026-01-31 15:53:28] [DEBUG]    📐 Área botón lanzar: (76, 222, 3)
[2026-01-31 15:53:28] [DEBUG]    📐 Área texto supply: (101, 360, 3)
[2026-01-31 15:53:28] [DEBUG]    📐 Área cooldown: (158, 222, 3)
[2026-01-31 15:53:30] [INFO] 📝 [OCR] Botón: '(UNETEAHORE'
[2026-01-31 15:53:30] [INFO] 📝 [OCR] Texto: ''
[2026-01-31 15:53:30] [INFO] 📝 [OCR] Combinado: '(UNETEAHORE '
[2026-01-31 15:53:30] [WARNING] ⛔ [EXCLUIDO] Dinosaurio fuera de rango (VIP requerido)
[2026-01-31 15:53:31] [DEBUG] 📦 Verificando supply drops...
[2026-01-31 15:53:31] [DEBUG] 🔍 Buscando supply drops...
[2026-01-31 15:53:31] [DEBUG]    📊 Supply color range: R[160-255] G[60-255] B[0-120]
[2026-01-31 15:53:31] [DEBUG]    📊 Event color range: R[0-180] G[120-255] B[0-180]
[2026-01-31 15:53:31] [DEBUG]    📐 Zona analizada: (491, 499, 3)
[2026-01-31 15:53:31] [DEBUG]    🎨 Píxeles detectados inicialmente: 52177
[2026-01-31 15:53:31] [DEBUG]    🔢 Componentes detectados: 363
[2026-01-31 15:53:31] [DEBUG]    ✅ Supply drop #1: 43 píxeles en posición (282, 14)
[2026-01-31 15:53:31] [DEBUG]    ✅ Supply drop #2: 2269 píxeles en posición (311, 52)
[2026-01-31 15:53:31] [DEBUG]    ✅ Supply drop #3: 422 píxeles en posición (287, 133)
[2026-01-31 15:53:31] [DEBUG]    ✅ Supply drop #4: 39 píxeles en posición (284, 170)
[2026-01-31 15:53:31] [DEBUG]    ✅ Supply drop #5: 47170 píxeles en posición (417, 285)
[2026-01-31 15:53:31] [DEBUG]    ✅ Supply drop #6: 113 píxeles en posición (284, 293)
[2026-01-31 15:53:31] [DEBUG]    ✅ Supply drop #7: 35 píxeles en posición (280, 455)
[2026-01-31 15:53:31] [DEBUG]    ✅ Supply drop #8: 110 píxeles en posición (284, 505)
[2026-01-31 15:53:31] [DEBUG]    ✅ Supply drop #15: 155 píxeles en posición (321, 399)
[2026-01-31 15:53:31] [DEBUG]    ✅ Supply drop #17: 21 píxeles en posición (327, 12)
[2026-01-31 15:53:31] [DEBUG]    ✅ Supply drop #27: 27 píxeles en posición (340, 13)
[2026-01-31 15:53:31] [DEBUG]    ✅ Supply drop #29: 89 píxeles en posición (358, 157)
[2026-01-31 15:53:31] [DEBUG]    ✅ Supply drop #30: 145 píxeles en posición (372, 387)
[2026-01-31 15:53:31] [DEBUG]    ✅ Supply drop #39: 20 píxeles en posición (374, 348)
[2026-01-31 15:53:31] [DEBUG]    ✅ Supply drop #54: 23 píxeles en posición (383, 415)
[2026-01-31 15:53:31] [DEBUG]    ✅ Supply drop #55: 16 píxeles en posición (385, 70)
[2026-01-31 15:53:31] [DEBUG]    ✅ Supply drop #68: 93 píxeles en posición (396, 44)
[2026-01-31 15:53:31] [DEBUG]    ✅ Supply drop #69: 52 píxeles en posición (394, 83)
[2026-01-31 15:53:31] [DEBUG]    ✅ Supply drop #70: 37 píxeles en posición (395, 105)
[2026-01-31 15:53:31] [DEBUG]    ✅ Supply drop #82: 53 píxeles en posición (404, 31)
[2026-01-31 15:53:31] [DEBUG]    ✅ Supply drop #89: 35 píxeles en posición (409, 140)
[2026-01-31 15:53:31] [DEBUG]    ✅ Supply drop #108: 2057 píxeles en posición (467, 78)
[2026-01-31 15:53:31] [DEBUG]    ✅ Supply drop #116: 35 píxeles en posición (454, 501)
[2026-01-31 15:53:31] [DEBUG]    ✅ Supply drop #125: 38 píxeles en posición (466, 494)
[2026-01-31 15:53:31] [DEBUG]    ✅ Supply drop #127: 386 píxeles en posición (498, 457)
[2026-01-31 15:53:31] [DEBUG]    ✅ Supply drop #128: 43 píxeles en posición (478, 485)
[2026-01-31 15:53:31] [DEBUG]    ✅ Supply drop #132: 137 píxeles en posición (487, 19)
[2026-01-31 15:53:31] [DEBUG]    ✅ Supply drop #140: 49 píxeles en posición (494, 474)
[2026-01-31 15:53:31] [DEBUG]    ✅ Supply drop #143: 20 píxeles en posición (496, 120)
[2026-01-31 15:53:31] [DEBUG]    ✅ Supply drop #146: 43 píxeles en posición (499, 174)
[2026-01-31 15:53:31] [DEBUG]    ✅ Supply drop #152: 190 píxeles en posición (509, 212)
[2026-01-31 15:53:31] [DEBUG]    ✅ Supply drop #153: 1739 píxeles en posición (538, 58)
[2026-01-31 15:53:31] [DEBUG]    ✅ Supply drop #156: 145 píxeles en posición (514, 495)
[2026-01-31 15:53:31] [DEBUG]    ✅ Supply drop #157: 77 píxeles en posición (510, 123)
[2026-01-31 15:53:31] [DEBUG]    ✅ Supply drop #179: 61 píxeles en posición (526, 455)
[2026-01-31 15:53:31] [DEBUG]    ✅ Supply drop #211: 73 píxeles en posición (547, 441)
[2026-01-31 15:53:31] [DEBUG]    ✅ Supply drop #217: 574 píxeles en posición (557, 494)
[2026-01-31 15:53:31] [DEBUG]    ✅ Supply drop #228: 301 píxeles en posición (566, 97)
[2026-01-31 15:53:31] [DEBUG]    ✅ Supply drop #236: 81 píxeles en posición (568, 429)
[2026-01-31 15:53:31] [DEBUG]    ✅ Supply drop #240: 43 píxeles en posición (568, 146)
[2026-01-31 15:53:31] [DEBUG]    ✅ Supply drop #243: 2221 píxeles en posición (602, 368)
[2026-01-31 15:53:31] [DEBUG]    ✅ Supply drop #245: 26 píxeles en posición (571, 12)
[2026-01-31 15:53:32] [DEBUG]    ✅ Supply drop #284: 304 píxeles en posición (627, 215)
[2026-01-31 15:53:32] [DEBUG]    ✅ Supply drop #285: 30 píxeles en posición (628, 351)
[2026-01-31 15:53:32] [DEBUG]    ✅ Supply drop #286: 535 píxeles en posición (635, 468)
[2026-01-31 15:53:32] [DEBUG]    ✅ Supply drop #296: 239 píxeles en posición (650, 382)
[2026-01-31 15:53:32] [DEBUG]    ✅ Supply drop #301: 1220 píxeles en posición (671, 50)
[2026-01-31 15:53:32] [DEBUG]    ✅ Supply drop #306: 494 píxeles en posición (682, 489)
[2026-01-31 15:53:32] [DEBUG]    ✅ Supply drop #307: 64 píxeles en posición (702, 26)
[2026-01-31 15:53:32] [DEBUG]    ✅ Supply drop #308: 54 píxeles en posición (693, 43)
[2026-01-31 15:53:32] [DEBUG]    ✅ Supply drop #316: 49 píxeles en posición (706, 40)
[2026-01-31 15:53:32] [DEBUG]    ✅ Supply drop #320: 59 píxeles en posición (725, 339)
[2026-01-31 15:53:32] [DEBUG]    ✅ Supply drop #333: 19 píxeles en posición (727, 58)
[2026-01-31 15:53:32] [DEBUG]    ✅ Supply drop #349: 183 píxeles en posición (760, 318)
[2026-01-31 15:53:32] [DEBUG]    ✅ Supply drop #350: 587 píxeles en posición (761, 28)
[2026-01-31 15:53:32] [DEBUG]    ✅ Supply drop #351: 274 píxeles en posición (759, 90)
[2026-01-31 15:53:32] [INFO] 🟠 [SUPPLY DROP] Detectados 56 supply drops: [[282, 14], [311, 52], [287, 133], [284, 170], [417, 285], [284, 293], [280, 455], [284, 505], [321, 399], [327, 12], [340, 13], [358, 157], [372, 387], [374, 348], [383, 415], [385, 70], [396, 44], [394, 83], [395, 105], [404, 31], [409, 140], [467, 78], [454, 501], [466, 494], [498, 457], [478, 485], [487, 19], [494, 474], [496, 120], [499, 174], [509, 212], [538, 58], [514, 495], [510, 123], [526, 455], [547, 441], [557, 494], [566, 97], [568, 429], [568, 146], [602, 368], [571, 12], [627, 215], [628, 351], [635, 468], [650, 382], [671, 50], [682, 489], [702, 26], [693, 43], [706, 40], [725, 339], [727, 58], [760, 318], [761, 28], [759, 90]]
[2026-01-31 15:53:32] [DEBUG] ⛔ [SUPPLY] Posición (282, 14) en zona excluida: Borde izquierdo
[2026-01-31 15:53:32] [DEBUG] ⛔ [SUPPLY] Posición (327, 12) en zona excluida: Borde izquierdo
[2026-01-31 15:53:32] [DEBUG] ⛔ [SUPPLY] Posición (340, 13) en zona excluida: Borde izquierdo
[2026-01-31 15:53:32] [DEBUG] ⛔ [SUPPLY] Posición (396, 44) en zona excluida: Borde izquierdo
[2026-01-31 15:53:32] [DEBUG] ⛔ [SUPPLY] Posición (404, 31) en zona excluida: Borde izquierdo
[2026-01-31 15:53:32] [DEBUG] ⛔ [SUPPLY] Posición (487, 19) en zona excluida: Borde izquierdo
[2026-01-31 15:53:32] [DEBUG] ⛔ [SUPPLY] Posición (571, 12) en zona excluida: Borde izquierdo
[2026-01-31 15:53:32] [DEBUG] ⛔ [SUPPLY] Posición (635, 468) en zona excluida: Barra inferior completa
[2026-01-31 15:53:32] [DEBUG] ⛔ [SUPPLY] Posición (650, 382) en zona excluida: Barra inferior completa
[2026-01-31 15:53:32] [DEBUG] ⛔ [SUPPLY] Posición (671, 50) en zona excluida: Barra inferior completa
[2026-01-31 15:53:32] [DEBUG] ⛔ [SUPPLY] Posición (682, 489) en zona excluida: Barra inferior completa
[2026-01-31 15:53:32] [DEBUG] ⛔ [SUPPLY] Posición (702, 26) en zona excluida: Barra inferior completa
[2026-01-31 15:53:32] [DEBUG] ⛔ [SUPPLY] Posición (693, 43) en zona excluida: Barra inferior completa
[2026-01-31 15:53:32] [DEBUG] ⛔ [SUPPLY] Posición (706, 40) en zona excluida: Barra inferior completa
[2026-01-31 15:53:32] [DEBUG] ⛔ [SUPPLY] Posición (725, 339) en zona excluida: Barra inferior completa
[2026-01-31 15:53:32] [DEBUG] ⛔ [SUPPLY] Posición (727, 58) en zona excluida: Barra inferior completa
[2026-01-31 15:53:32] [DEBUG] ⛔ [SUPPLY] Posición (760, 318) en zona excluida: Barra inferior completa
[2026-01-31 15:53:32] [DEBUG] ⛔ [SUPPLY] Posición (761, 28) en zona excluida: Barra inferior completa
[2026-01-31 15:53:32] [DEBUG] ⛔ [SUPPLY] Posición (759, 90) en zona excluida: Barra inferior completa
[2026-01-31 15:53:32] [INFO] 📦 Recolectando 37 supply drops válidos...
[2026-01-31 15:53:33] [DEBUG] ⏭️  Click en (311, 52) no abrió nada - Saltando objeto
[2026-01-31 15:53:34] [DEBUG] ⏭️  Click en (287, 133) no abrió nada - Saltando objeto
[2026-01-31 15:53:36] [DEBUG] 🔍 Determinando estado del objeto...
[2026-01-31 15:53:36] [DEBUG]    📐 Área botón lanzar: (76, 222, 3)
[2026-01-31 15:53:36] [DEBUG]    📐 Área texto supply: (101, 360, 3)
[2026-01-31 15:53:36] [DEBUG]    📐 Área cooldown: (158, 222, 3)
[2026-01-31 15:53:38] [INFO] 📝 [OCR] Botón: 'TEMASENELMU'
[2026-01-31 15:53:38] [INFO] 📝 [OCR] Texto: 'EEEVENTODEASALTO'
[2026-01-31 15:53:38] [INFO] 📝 [OCR] Combinado: 'TEMASENELMU EEEVENTODEASALTO'
[2026-01-31 15:53:38] [WARNING] ⛔ [EXCLUIDO] Incubadora o evento de combate detectado
[2026-01-31 15:53:38] [WARNING] ⚠️  Objeto no identificado como supply drop - Saliendo...
[2026-01-31 15:53:40] [DEBUG] ⏭️  Click en (417, 285) no abrió nada - Saltando objeto
[2026-01-31 15:53:41] [DEBUG] ⏭️  Click en (284, 293) no abrió nada - Saltando objeto
[2026-01-31 15:53:42] [DEBUG] ⏭️  Click en (280, 455) no abrió nada - Saltando objeto
[2026-01-31 15:53:44] [DEBUG] 🔍 Determinando estado del objeto...
[2026-01-31 15:53:44] [DEBUG]    📐 Área botón lanzar: (76, 222, 3)
[2026-01-31 15:53:44] [DEBUG]    📐 Área texto supply: (101, 360, 3)
[2026-01-31 15:53:44] [DEBUG]    📐 Área cooldown: (158, 222, 3)
[2026-01-31 15:53:46] [INFO] 📝 [OCR] Botón: ''
[2026-01-31 15:53:46] [INFO] 📝 [OCR] Texto: ''
[2026-01-31 15:53:46] [INFO] 📝 [OCR] Combinado: ' '
[2026-01-31 15:53:46] [WARNING] ❌ [ESTADO DETECTADO] NO IDENTIFICADO - OCR puede haber fallado
[2026-01-31 15:53:46] [WARNING]    💡 Considera activar debug visual para ver qué captura el OCR
[2026-01-31 15:53:46] [WARNING] ⚠️  OCR detectó '' pero viene de filtered_positions - FORZANDO como SUPPLY
[2026-01-31 15:53:46] [INFO] 🎁 Recolectando SUPPLY...
[2026-01-31 15:53:50] [DEBUG]    Click recolección 1/3
[2026-01-31 15:53:52] [DEBUG]    Click recolección 2/3
[2026-01-31 15:53:54] [DEBUG]    Click recolección 3/3
[2026-01-31 15:53:54] [DEBUG]    Supply aún abierto, buscando botón para cerrar...
[2026-01-31 15:53:55] [INFO] ✅ SUPPLY procesado
[2026-01-31 15:53:56] [DEBUG] ⏭️  Click en (321, 399) no abrió nada - Saltando objeto
[2026-01-31 15:53:57] [DEBUG] ⏭️  Click en (358, 157) no abrió nada - Saltando objeto
[2026-01-31 15:53:58] [DEBUG] ⏭️  Click en (372, 387) no abrió nada - Saltando objeto
[2026-01-31 15:53:59] [DEBUG] ⏭️  Click en (374, 348) no abrió nada - Saltando objeto
[2026-01-31 15:54:00] [DEBUG] ⏭️  Click en (383, 415) no abrió nada - Saltando objeto
[2026-01-31 15:54:01] [DEBUG] ⏭️  Click en (385, 70) no abrió nada - Saltando objeto
[2026-01-31 15:54:02] [DEBUG] ⏭️  Click en (394, 83) no abrió nada - Saltando objeto
[2026-01-31 15:54:03] [DEBUG] ⏭️  Click en (395, 105) no abrió nada - Saltando objeto
[2026-01-31 15:54:04] [DEBUG] ⏭️  Click en (409, 140) no abrió nada - Saltando objeto
[2026-01-31 15:54:05] [DEBUG] ⏭️  Click en (467, 78) no abrió nada - Saltando objeto
[2026-01-31 15:54:06] [DEBUG] ⏭️  Click en (454, 501) no abrió nada - Saltando objeto
[2026-01-31 15:54:07] [DEBUG] ⏭️  Click en (466, 494) no abrió nada - Saltando objeto
[2026-01-31 15:54:08] [DEBUG] ⏭️  Click en (498, 457) no abrió nada - Saltando objeto
[2026-01-31 15:54:09] [DEBUG] ⏭️  Click en (478, 485) no abrió nada - Saltando objeto
[2026-01-31 15:54:10] [DEBUG] ⏭️  Click en (494, 474) no abrió nada - Saltando objeto
[2026-01-31 15:54:11] [DEBUG] ⏭️  Click en (496, 120) no abrió nada - Saltando objeto
[2026-01-31 15:54:12] [DEBUG] ⏭️  Click en (499, 174) no abrió nada - Saltando objeto
[2026-01-31 15:54:14] [DEBUG] ⏭️  Click en (509, 212) no abrió nada - Saltando objeto
[2026-01-31 15:54:15] [DEBUG] ⏭️  Click en (538, 58) no abrió nada - Saltando objeto
[2026-01-31 15:54:16] [DEBUG] ⏭️  Click en (514, 495) no abrió nada - Saltando objeto
[2026-01-31 15:54:17] [DEBUG] ⏭️  Click en (510, 123) no abrió nada - Saltando objeto
[2026-01-31 15:54:18] [DEBUG] ⏭️  Click en (526, 455) no abrió nada - Saltando objeto
[2026-01-31 15:54:19] [DEBUG] ⏭️  Click en (547, 441) no abrió nada - Saltando objeto
[2026-01-31 15:54:20] [DEBUG] ⏭️  Click en (557, 494) no abrió nada - Saltando objeto
[2026-01-31 15:54:21] [DEBUG] ⏭️  Click en (566, 97) no abrió nada - Saltando objeto
[2026-01-31 15:54:22] [DEBUG] ⏭️  Click en (568, 429) no abrió nada - Saltando objeto
[2026-01-31 15:54:23] [DEBUG] ⏭️  Click en (568, 146) no abrió nada - Saltando objeto
[2026-01-31 15:54:24] [DEBUG] ⏭️  Click en (602, 368) no abrió nada - Saltando objeto
[2026-01-31 15:54:25] [DEBUG] ⏭️  Click en (627, 215) no abrió nada - Saltando objeto
[2026-01-31 15:54:26] [DEBUG] ⏭️  Click en (628, 351) no abrió nada - Saltando objeto
[2026-01-31 15:54:26] [DEBUG] 🦖 Verificando dinosaurios...
[2026-01-31 15:54:27] [DEBUG] ⛔ [DINO] Posición (279, 12) en zona excluida: Borde izquierdo
[2026-01-31 15:54:27] [DEBUG] ⛔ [DINO] Posición (590, 12) en zona excluida: Borde izquierdo
[2026-01-31 15:54:27] [DEBUG] ⛔ [DINO] Posición (649, 491) en zona excluida: Barra inferior completa
[2026-01-31 15:54:27] [DEBUG] ⛔ [DINO] Posición (688, 30) en zona excluida: Barra inferior completa
[2026-01-31 15:54:27] [DEBUG] ⛔ [DINO] Posición (698, 55) en zona excluida: Barra inferior completa
[2026-01-31 15:54:27] [DEBUG] ⛔ [DINO] Posición (698, 12) en zona excluida: Barra inferior completa
[2026-01-31 15:54:27] [DEBUG] ⛔ [DINO] Posición (709, 55) en zona excluida: Barra inferior completa
[2026-01-31 15:54:27] [DEBUG] ⛔ [DINO] Posición (712, 12) en zona excluida: Barra inferior completa
[2026-01-31 15:54:27] [DEBUG] ⛔ [DINO] Posición (721, 55) en zona excluida: Barra inferior completa
[2026-01-31 15:54:27] [DEBUG] ⛔ [DINO] Posición (746, 90) en zona excluida: Barra inferior completa
[2026-01-31 15:54:27] [DEBUG] ⛔ [DINO] Posición (760, 72) en zona excluida: Barra inferior completa
[2026-01-31 15:54:27] [DEBUG] ⛔ [DINO] Posición (766, 63) en zona excluida: Barra inferior completa
[2026-01-31 15:54:27] [INFO] 🦖 Disparando a 88 dinosaurios válidos...
[2026-01-31 15:54:28] [DEBUG] 🔍 Determinando estado del objeto...
[2026-01-31 15:54:28] [DEBUG]    📐 Área botón lanzar: (76, 222, 3)
[2026-01-31 15:54:28] [DEBUG]    📐 Área texto supply: (101, 360, 3)
[2026-01-31 15:54:28] [DEBUG]    📐 Área cooldown: (158, 222, 3)
[2026-01-31 15:54:30] [INFO] 📝 [OCR] Botón: ''
[2026-01-31 15:54:30] [INFO] 📝 [OCR] Texto: '——G—E—-—EVENTODEASALTO'
[2026-01-31 15:54:30] [INFO] 📝 [OCR] Combinado: ' ——G—E—-—EVENTODEASALTO'
[2026-01-31 15:54:30] [DEBUG] ⏱️  [OCR] Cooldown: 'EEVICTORIAS:0'
[2026-01-31 15:54:30] [WARNING] ⛔ [EXCLUIDO] Incubadora o evento de combate detectado
[2026-01-31 15:54:32] [DEBUG] 🔍 Determinando estado del objeto...
[2026-01-31 15:54:32] [DEBUG]    📐 Área botón lanzar: (76, 222, 3)
[2026-01-31 15:54:32] [DEBUG]    📐 Área texto supply: (101, 360, 3)
[2026-01-31 15:54:32] [DEBUG]    📐 Área cooldown: (158, 222, 3)
[2026-01-31 15:54:33] [INFO] 📝 [OCR] Botón: ''
[2026-01-31 15:54:33] [INFO] 📝 [OCR] Texto: 'ALIZACIONDESUMINISTRO'
[2026-01-31 15:54:33] [INFO] 📝 [OCR] Combinado: ' ALIZACIONDESUMINISTRO'
[2026-01-31 15:54:33] [DEBUG]    📦 Palabras clave de SUPPLY detectadas
[2026-01-31 15:54:33] [INFO] ✅ [ESTADO DETECTADO] SUPPLY
[2026-01-31 15:54:36] [DEBUG] 🔍 Determinando estado del objeto...
[2026-01-31 15:54:36] [DEBUG]    📐 Área botón lanzar: (76, 222, 3)
[2026-01-31 15:54:36] [DEBUG]    📐 Área texto supply: (101, 360, 3)
[2026-01-31 15:54:36] [DEBUG]    📐 Área cooldown: (158, 222, 3)
[2026-01-31 15:54:38] [INFO] 📝 [OCR] Botón: 'PALAGUCGOLDGUIIGILG='
[2026-01-31 15:54:38] [INFO] 📝 [OCR] Texto: 'ALIZACIONDESUMINISTRO'
[2026-01-31 15:54:38] [INFO] 📝 [OCR] Combinado: 'PALAGUCGOLDGUIIGILG= ALIZACIONDESUMINISTRO'
[2026-01-31 15:54:38] [DEBUG]    📦 Palabras clave de SUPPLY detectadas
[2026-01-31 15:54:38] [INFO] ✅ [ESTADO DETECTADO] SUPPLY
[2026-01-31 15:54:40] [DEBUG] 🔍 Determinando estado del objeto...
[2026-01-31 15:54:40] [DEBUG]    📐 Área botón lanzar: (76, 222, 3)
[2026-01-31 15:54:40] [DEBUG]    📐 Área texto supply: (101, 360, 3)
[2026-01-31 15:54:40] [DEBUG]    📐 Área cooldown: (158, 222, 3)
[2026-01-31 15:54:42] [INFO] 📝 [OCR] Botón: 'LANZAR'
[2026-01-31 15:54:42] [INFO] 📝 [OCR] Texto: ''
[2026-01-31 15:54:42] [INFO] 📝 [OCR] Combinado: 'LANZAR '
[2026-01-31 15:54:42] [DEBUG]    🦖 Palabras clave de DINO detectadas
[2026-01-31 15:54:42] [INFO] ✅ [ESTADO DETECTADO] DINO
[2026-01-31 15:54:51] [INFO] 🎯 [FASE 1] Intentando centrar dino (5s)...
[2026-01-31 15:54:56] [WARNING] ⚠️  [FASE 1] No se centró en 5s - Pasando a FASE 2...
[2026-01-31 15:54:56] [INFO] 🎯 [FASE 2] Disparos rápidos en patrón (garantiza dardos para alianza)
[2026-01-31 15:54:57] [DEBUG]    💉 Disparo rápido 1/4...
[2026-01-31 15:54:58] [DEBUG]    💉 Disparo rápido 2/4...
[2026-01-31 15:54:59] [DEBUG]    💉 Disparo rápido 3/4...
[2026-01-31 15:55:00] [DEBUG]    💉 Disparo rápido 4/4...
[2026-01-31 15:55:01] [INFO] ✅ [FASE 2] Disparos completados
[2026-01-31 15:55:28] [DEBUG] 🔍 Determinando estado del objeto...
[2026-01-31 15:55:28] [DEBUG]    📐 Área botón lanzar: (76, 222, 3)
[2026-01-31 15:55:28] [DEBUG]    📐 Área texto supply: (101, 360, 3)
[2026-01-31 15:55:28] [DEBUG]    📐 Área cooldown: (158, 222, 3)
[2026-01-31 15:55:29] [INFO] 📝 [OCR] Botón: ''
[2026-01-31 15:55:29] [INFO] 📝 [OCR] Texto: 'ALIZACIONDESUMINISTRO'
[2026-01-31 15:55:29] [INFO] 📝 [OCR] Combinado: ' ALIZACIONDESUMINISTRO'
[2026-01-31 15:55:29] [DEBUG]    📦 Palabras clave de SUPPLY detectadas
[2026-01-31 15:55:29] [INFO] ✅ [ESTADO DETECTADO] SUPPLY
[2026-01-31 15:55:32] [DEBUG] 🔍 Determinando estado del objeto...
[2026-01-31 15:55:32] [DEBUG]    📐 Área botón lanzar: (76, 222, 3)
[2026-01-31 15:55:32] [DEBUG]    📐 Área texto supply: (101, 360, 3)
[2026-01-31 15:55:32] [DEBUG]    📐 Área cooldown: (158, 222, 3)
[2026-01-31 15:55:34] [INFO] 📝 [OCR] Botón: ''
[2026-01-31 15:55:34] [INFO] 📝 [OCR] Texto: ''
[2026-01-31 15:55:34] [INFO] 📝 [OCR] Combinado: ' '
[2026-01-31 15:55:34] [DEBUG] ⏱️  [OCR] Cooldown: '19M1BE'
[2026-01-31 15:55:34] [WARNING] ⛔ [EXCLUIDO] Supply drop en cooldown - Tiempo: '19M1BE'
[2026-01-31 15:55:37] [DEBUG] 🔍 Determinando estado del objeto...
[2026-01-31 15:55:37] [DEBUG]    📐 Área botón lanzar: (76, 222, 3)
[2026-01-31 15:55:37] [DEBUG]    📐 Área texto supply: (101, 360, 3)
[2026-01-31 15:55:37] [DEBUG]    📐 Área cooldown: (158, 222, 3)
[2026-01-31 15:55:38] [INFO] 📝 [OCR] Botón: ''
[2026-01-31 15:55:38] [INFO] 📝 [OCR] Texto: ''
[2026-01-31 15:55:38] [INFO] 📝 [OCR] Combinado: ' '
[2026-01-31 15:55:38] [WARNING] ❌ [ESTADO DETECTADO] NO IDENTIFICADO - OCR puede haber fallado
[2026-01-31 15:55:38] [WARNING]    💡 Considera activar debug visual para ver qué captura el OCR
[2026-01-31 15:55:40] [DEBUG] 🔍 Determinando estado del objeto...
[2026-01-31 15:55:40] [DEBUG]    📐 Área botón lanzar: (76, 222, 3)
[2026-01-31 15:55:40] [DEBUG]    📐 Área texto supply: (101, 360, 3)
[2026-01-31 15:55:40] [DEBUG]    📐 Área cooldown: (158, 222, 3)
[2026-01-31 15:55:42] [INFO] 📝 [OCR] Botón: ''
[2026-01-31 15:55:42] [INFO] 📝 [OCR] Texto: 'ALIZACIONDESUMINISTRO'
[2026-01-31 15:55:42] [INFO] 📝 [OCR] Combinado: ' ALIZACIONDESUMINISTRO'
[2026-01-31 15:55:42] [DEBUG]    📦 Palabras clave de SUPPLY detectadas
[2026-01-31 15:55:42] [INFO] ✅ [ESTADO DETECTADO] SUPPLY
[2026-01-31 15:55:44] [DEBUG] 🔍 Determinando estado del objeto...
[2026-01-31 15:55:44] [DEBUG]    📐 Área botón lanzar: (76, 222, 3)
[2026-01-31 15:55:44] [DEBUG]    📐 Área texto supply: (101, 360, 3)
[2026-01-31 15:55:44] [DEBUG]    📐 Área cooldown: (158, 222, 3)
[2026-01-31 15:55:46] [INFO] 📝 [OCR] Botón: ''
[2026-01-31 15:55:46] [INFO] 📝 [OCR] Texto: 'ESEVENTODEASALTO'
[2026-01-31 15:55:46] [INFO] 📝 [OCR] Combinado: ' ESEVENTODEASALTO'
[2026-01-31 15:55:46] [DEBUG] ⏱️  [OCR] Cooldown: '————VICTORIAS:0'
[2026-01-31 15:55:46] [WARNING] ⛔ [EXCLUIDO] Incubadora o evento de combate detectado
[2026-01-31 15:55:48] [DEBUG] 🔍 Determinando estado del objeto...
[2026-01-31 15:55:48] [DEBUG]    📐 Área botón lanzar: (76, 222, 3)
[2026-01-31 15:55:48] [DEBUG]    📐 Área texto supply: (101, 360, 3)
[2026-01-31 15:55:48] [DEBUG]    📐 Área cooldown: (158, 222, 3)
[2026-01-31 15:55:52] [INFO] 📝 [OCR] Botón: ''
[2026-01-31 15:55:52] [INFO] 📝 [OCR] Texto: 'EFEVENTODEASALTO'
[2026-01-31 15:55:52] [INFO] 📝 [OCR] Combinado: ' EFEVENTODEASALTO'
[2026-01-31 15:55:52] [DEBUG] ⏱️  [OCR] Cooldown: '——_—_——VICTORIAS:0'
[2026-01-31 15:55:52] [WARNING] ⛔ [EXCLUIDO] Incubadora o evento de combate detectado
[2026-01-31 15:55:55] [DEBUG] 🔍 Determinando estado del objeto...
[2026-01-31 15:55:55] [DEBUG]    📐 Área botón lanzar: (76, 222, 3)
[2026-01-31 15:55:55] [DEBUG]    📐 Área texto supply: (101, 360, 3)
[2026-01-31 15:55:55] [DEBUG]    📐 Área cooldown: (158, 222, 3)
[2026-01-31 15:55:56] [INFO] 📝 [OCR] Botón: '(UNETEAHORE'
[2026-01-31 15:55:56] [INFO] 📝 [OCR] Texto: ''
[2026-01-31 15:55:56] [INFO] 📝 [OCR] Combinado: '(UNETEAHORE '
[2026-01-31 15:55:56] [WARNING] ⛔ [EXCLUIDO] Dinosaurio fuera de rango (VIP requerido)
[2026-01-31 15:56:00] [DEBUG] 🔍 Determinando estado del objeto...
[2026-01-31 15:56:00] [DEBUG]    📐 Área botón lanzar: (76, 222, 3)
[2026-01-31 15:56:00] [DEBUG]    📐 Área texto supply: (101, 360, 3)
[2026-01-31 15:56:00] [DEBUG]    📐 Área cooldown: (158, 222, 3)
[2026-01-31 15:56:02] [INFO] 📝 [OCR] Botón: ''
[2026-01-31 15:56:02] [INFO] 📝 [OCR] Texto: 'GGE-—EVENTODEASALTO'
[2026-01-31 15:56:02] [INFO] 📝 [OCR] Combinado: ' GGE-—EVENTODEASALTO'
[2026-01-31 15:56:02] [DEBUG] ⏱️  [OCR] Cooldown: '——_———VICTORIAS:0'
[2026-01-31 15:56:02] [WARNING] ⛔ [EXCLUIDO] Incubadora o evento de combate detectado
[2026-01-31 15:56:05] [DEBUG] 🔍 Determinando estado del objeto...
[2026-01-31 15:56:05] [DEBUG]    📐 Área botón lanzar: (76, 222, 3)
[2026-01-31 15:56:05] [DEBUG]    📐 Área texto supply: (101, 360, 3)
[2026-01-31 15:56:05] [DEBUG]    📐 Área cooldown: (158, 222, 3)
[2026-01-31 15:56:07] [INFO] 📝 [OCR] Botón: ''
[2026-01-31 15:56:07] [INFO] 📝 [OCR] Texto: 'ALIZACIONDESUMINISTRO'
[2026-01-31 15:56:07] [INFO] 📝 [OCR] Combinado: ' ALIZACIONDESUMINISTRO'
[2026-01-31 15:56:07] [DEBUG]    📦 Palabras clave de SUPPLY detectadas
[2026-01-31 15:56:07] [INFO] ✅ [ESTADO DETECTADO] SUPPLY
[2026-01-31 15:56:10] [DEBUG] 🔍 Determinando estado del objeto...
[2026-01-31 15:56:10] [DEBUG]    📐 Área botón lanzar: (76, 222, 3)
[2026-01-31 15:56:10] [DEBUG]    📐 Área texto supply: (101, 360, 3)
[2026-01-31 15:56:10] [DEBUG]    📐 Área cooldown: (158, 222, 3)
[2026-01-31 15:56:12] [INFO] 📝 [OCR] Botón: 'COMBATE'
[2026-01-31 15:56:12] [INFO] 📝 [OCR] Texto: 'EFEVENTODEASALTO'
[2026-01-31 15:56:12] [INFO] 📝 [OCR] Combinado: 'COMBATE EFEVENTODEASALTO'
[2026-01-31 15:56:12] [DEBUG] ⏱️  [OCR] Cooldown: 'WWW'
[2026-01-31 15:56:12] [WARNING] ⛔ [EXCLUIDO] Incubadora o evento de combate detectado
[2026-01-31 15:56:16] [DEBUG] 🔍 Determinando estado del objeto...
[2026-01-31 15:56:16] [DEBUG]    📐 Área botón lanzar: (76, 222, 3)
[2026-01-31 15:56:16] [DEBUG]    📐 Área texto supply: (101, 360, 3)
[2026-01-31 15:56:16] [DEBUG]    📐 Área cooldown: (158, 222, 3)
[2026-01-31 15:56:19] [INFO] 📝 [OCR] Botón: 'LANZAR'
[2026-01-31 15:56:19] [INFO] 📝 [OCR] Texto: ''
[2026-01-31 15:56:19] [INFO] 📝 [OCR] Combinado: 'LANZAR '
[2026-01-31 15:56:19] [DEBUG]    🦖 Palabras clave de DINO detectadas
[2026-01-31 15:56:19] [INFO] ✅ [ESTADO DETECTADO] DINO
[2026-01-31 15:56:30] [INFO] 🎯 [FASE 1] Intentando centrar dino (5s)...
[2026-01-31 15:56:36] [WARNING] ⚠️  [FASE 1] No se centró en 5s - Pasando a FASE 2...
[2026-01-31 15:56:36] [INFO] 🎯 [FASE 2] Disparos rápidos en patrón (garantiza dardos para alianza)
[2026-01-31 15:56:37] [DEBUG]    💉 Disparo rápido 1/4...
[2026-01-31 15:56:38] [DEBUG]    💉 Disparo rápido 2/4...
[2026-01-31 15:56:39] [DEBUG]    💉 Disparo rápido 3/4...
[2026-01-31 15:56:40] [DEBUG]    💉 Disparo rápido 4/4...
[2026-01-31 15:56:41] [INFO] ✅ [FASE 2] Disparos completados
[2026-01-31 15:57:08] [DEBUG] 🔍 Determinando estado del objeto...
[2026-01-31 15:57:08] [DEBUG]    📐 Área botón lanzar: (76, 222, 3)
[2026-01-31 15:57:08] [DEBUG]    📐 Área texto supply: (101, 360, 3)
[2026-01-31 15:57:08] [DEBUG]    📐 Área cooldown: (158, 222, 3)
[2026-01-31 15:57:09] [INFO] 📝 [OCR] Botón: ''
[2026-01-31 15:57:09] [INFO] 📝 [OCR] Texto: ''
[2026-01-31 15:57:09] [INFO] 📝 [OCR] Combinado: ' '
[2026-01-31 15:57:09] [WARNING] ❌ [ESTADO DETECTADO] NO IDENTIFICADO - OCR puede haber fallado
[2026-01-31 15:57:09] [WARNING]    💡 Considera activar debug visual para ver qué captura el OCR
[2026-01-31 15:57:12] [DEBUG] 🔍 Determinando estado del objeto...
[2026-01-31 15:57:12] [DEBUG]    📐 Área botón lanzar: (76, 222, 3)
[2026-01-31 15:57:12] [DEBUG]    📐 Área texto supply: (101, 360, 3)
[2026-01-31 15:57:12] [DEBUG]    📐 Área cooldown: (158, 222, 3)
[2026-01-31 15:57:13] [INFO] 📝 [OCR] Botón: ''
[2026-01-31 15:57:13] [INFO] 📝 [OCR] Texto: ''
[2026-01-31 15:57:13] [INFO] 📝 [OCR] Combinado: ' '
[2026-01-31 15:57:13] [WARNING] ❌ [ESTADO DETECTADO] NO IDENTIFICADO - OCR puede haber fallado
[2026-01-31 15:57:13] [WARNING]    💡 Considera activar debug visual para ver qué captura el OCR
[2026-01-31 15:57:16] [DEBUG] 🔍 Determinando estado del objeto...
[2026-01-31 15:57:16] [DEBUG]    📐 Área botón lanzar: (76, 222, 3)
[2026-01-31 15:57:16] [DEBUG]    📐 Área texto supply: (101, 360, 3)
[2026-01-31 15:57:16] [DEBUG]    📐 Área cooldown: (158, 222, 3)
[2026-01-31 15:57:17] [INFO] 📝 [OCR] Botón: ''
[2026-01-31 15:57:17] [INFO] 📝 [OCR] Texto: ''
[2026-01-31 15:57:17] [INFO] 📝 [OCR] Combinado: ' '
[2026-01-31 15:57:17] [WARNING] ❌ [ESTADO DETECTADO] NO IDENTIFICADO - OCR puede haber fallado
[2026-01-31 15:57:17] [WARNING]    💡 Considera activar debug visual para ver qué captura el OCR
[2026-01-31 15:57:23] [DEBUG] 🔍 Determinando estado del objeto...
[2026-01-31 15:57:23] [DEBUG]    📐 Área botón lanzar: (76, 222, 3)
[2026-01-31 15:57:23] [DEBUG]    📐 Área texto supply: (101, 360, 3)
[2026-01-31 15:57:23] [DEBUG]    📐 Área cooldown: (158, 222, 3)
[2026-01-31 15:57:25] [INFO] 📝 [OCR] Botón: '~—LANZAR'
[2026-01-31 15:57:25] [INFO] 📝 [OCR] Texto: ''
[2026-01-31 15:57:25] [INFO] 📝 [OCR] Combinado: '~—LANZAR '
[2026-01-31 15:57:25] [DEBUG]    🦖 Palabras clave de DINO detectadas
[2026-01-31 15:57:25] [INFO] ✅ [ESTADO DETECTADO] DINO
[2026-01-31 15:57:35] [INFO] 🎯 [FASE 1] Intentando centrar dino (5s)...
[2026-01-31 15:57:40] [WARNING] ⚠️  [FASE 1] No se centró en 5s - Pasando a FASE 2...
[2026-01-31 15:57:40] [INFO] 🎯 [FASE 2] Disparos rápidos en patrón (garantiza dardos para alianza)
[2026-01-31 15:57:41] [DEBUG]    💉 Disparo rápido 1/4...
[2026-01-31 15:57:42] [DEBUG]    💉 Disparo rápido 2/4...
[2026-01-31 15:57:43] [DEBUG]    💉 Disparo rápido 3/4...
[2026-01-31 15:57:44] [DEBUG]    💉 Disparo rápido 4/4...
[2026-01-31 15:57:45] [INFO] ✅ [FASE 2] Disparos completados
[2026-01-31 15:58:12] [DEBUG] 🔍 Determinando estado del objeto...
[2026-01-31 15:58:12] [DEBUG]    📐 Área botón lanzar: (76, 222, 3)
[2026-01-31 15:58:12] [DEBUG]    📐 Área texto supply: (101, 360, 3)
[2026-01-31 15:58:12] [DEBUG]    📐 Área cooldown: (158, 222, 3)
[2026-01-31 15:58:14] [INFO] 📝 [OCR] Botón: ''
[2026-01-31 15:58:14] [INFO] 📝 [OCR] Texto: ''
[2026-01-31 15:58:14] [INFO] 📝 [OCR] Combinado: ' '
[2026-01-31 15:58:14] [WARNING] ❌ [ESTADO DETECTADO] NO IDENTIFICADO - OCR puede haber fallado
[2026-01-31 15:58:14] [WARNING]    💡 Considera activar debug visual para ver qué captura el OCR
[2026-01-31 15:58:22] [DEBUG] 📸 Captura guardada: map_view_155821.png
[2026-01-31 15:58:24] [DEBUG] 🪙 Verificando monedas...
[2026-01-31 15:58:24] [DEBUG] 📦 Verificando supply drops...
[2026-01-31 15:58:24] [DEBUG] 🔍 Buscando supply drops...
[2026-01-31 15:58:24] [DEBUG]    📊 Supply color range: R[160-255] G[60-255] B[0-120]
[2026-01-31 15:58:24] [DEBUG]    📊 Event color range: R[0-180] G[120-255] B[0-180]
[2026-01-31 15:58:24] [DEBUG]    📐 Zona analizada: (491, 499, 3)
[2026-01-31 15:58:24] [DEBUG]    🎨 Píxeles detectados inicialmente: 41543
[2026-01-31 15:58:24] [DEBUG]    🔢 Componentes detectados: 398
[2026-01-31 15:58:24] [DEBUG]    ✅ Supply drop #1: 31840 píxeles en posición (395, 295)
[2026-01-31 15:58:24] [DEBUG]    ✅ Supply drop #2: 120 píxeles en posición (280, 253)
[2026-01-31 15:58:24] [DEBUG]    ✅ Supply drop #4: 116 píxeles en posición (289, 409)
[2026-01-31 15:58:24] [DEBUG]    ✅ Supply drop #5: 40 píxeles en posición (280, 442)
[2026-01-31 15:58:24] [DEBUG]    ✅ Supply drop #7: 147 píxeles en posición (288, 498)
[2026-01-31 15:58:24] [DEBUG]    ✅ Supply drop #18: 19 píxeles en posición (308, 425)
[2026-01-31 15:58:24] [DEBUG]    ✅ Supply drop #20: 39 píxeles en posición (322, 134)
[2026-01-31 15:58:24] [DEBUG]    ✅ Supply drop #21: 23 píxeles en posición (331, 154)
[2026-01-31 15:58:24] [DEBUG]    ✅ Supply drop #31: 471 píxeles en posición (374, 131)
[2026-01-31 15:58:24] [DEBUG]    ✅ Supply drop #37: 122 píxeles en posición (387, 294)
[2026-01-31 15:58:24] [DEBUG]    ✅ Supply drop #38: 68 píxeles en posición (388, 158)
[2026-01-31 15:58:24] [DEBUG]    ✅ Supply drop #42: 210 píxeles en posición (417, 500)
[2026-01-31 15:58:24] [DEBUG]    ✅ Supply drop #43: 134 píxeles en posición (395, 265)
[2026-01-31 15:58:24] [DEBUG]    ✅ Supply drop #44: 76 píxeles en posición (397, 408)
[2026-01-31 15:58:24] [DEBUG]    ✅ Supply drop #49: 132 píxeles en posición (399, 240)
[2026-01-31 15:58:24] [DEBUG]    ✅ Supply drop #57: 20 píxeles en posición (399, 163)
[2026-01-31 15:58:24] [DEBUG]    ✅ Supply drop #59: 121 píxeles en posición (402, 217)
[2026-01-31 15:58:24] [DEBUG]    ✅ Supply drop #62: 19 píxeles en posición (401, 420)
[2026-01-31 15:58:24] [DEBUG]    ✅ Supply drop #64: 113 píxeles en posición (412, 158)
[2026-01-31 15:58:24] [DEBUG]    ✅ Supply drop #67: 97 píxeles en posición (406, 188)
[2026-01-31 15:58:24] [DEBUG]    ✅ Supply drop #77: 408 píxeles en posición (422, 22)
[2026-01-31 15:58:24] [DEBUG]    ✅ Supply drop #80: 134 píxeles en posición (416, 133)
[2026-01-31 15:58:24] [DEBUG]    ✅ Supply drop #87: 122 píxeles en posición (422, 99)
[2026-01-31 15:58:24] [DEBUG]    ✅ Supply drop #88: 72 píxeles en posición (422, 465)
[2026-01-31 15:58:24] [DEBUG]    ✅ Supply drop #91: 154 píxeles en posición (426, 241)
[2026-01-31 15:58:24] [DEBUG]    ✅ Supply drop #93: 5053 píxeles en posición (473, 262)
[2026-01-31 15:58:24] [DEBUG]    ✅ Supply drop #96: 41 píxeles en posición (430, 453)
[2026-01-31 15:58:24] [DEBUG]    ✅ Supply drop #103: 78 píxeles en posición (439, 112)
[2026-01-31 15:58:24] [DEBUG]    ✅ Supply drop #104: 119 píxeles en posición (440, 54)
[2026-01-31 15:58:24] [DEBUG]    ✅ Supply drop #106: 800 píxeles en posición (449, 231)
[2026-01-31 15:58:24] [DEBUG]    ✅ Supply drop #107: 128 píxeles en posición (441, 493)
[2026-01-31 15:58:24] [DEBUG]    ✅ Supply drop #114: 47 píxeles en posición (450, 396)
[2026-01-31 15:58:24] [DEBUG]    ✅ Supply drop #117: 1938 píxeles en posición (494, 60)
[2026-01-31 15:58:24] [DEBUG]    ✅ Supply drop #118: 19 píxeles en posición (454, 384)
[2026-01-31 15:58:24] [DEBUG]    ✅ Supply drop #134: 89 píxeles en posición (490, 71)
[2026-01-31 15:58:24] [DEBUG]    ✅ Supply drop #140: 1320 píxeles en posición (521, 177)
[2026-01-31 15:58:24] [DEBUG]    ✅ Supply drop #141: 50 píxeles en posición (497, 335)
[2026-01-31 15:58:24] [DEBUG]    ✅ Supply drop #148: 17 píxeles en posición (505, 376)
[2026-01-31 15:58:24] [DEBUG]    ✅ Supply drop #155: 21 píxeles en posición (514, 12)
[2026-01-31 15:58:24] [DEBUG]    ✅ Supply drop #161: 294 píxeles en posición (519, 138)
[2026-01-31 15:58:25] [DEBUG]    ✅ Supply drop #191: 255 píxeles en posición (539, 284)
[2026-01-31 15:58:25] [DEBUG]    ✅ Supply drop #193: 204 píxeles en posición (536, 25)
[2026-01-31 15:58:25] [DEBUG]    ✅ Supply drop #196: 82 píxeles en posición (539, 499)
[2026-01-31 15:58:25] [DEBUG]    ✅ Supply drop #202: 1216 píxeles en posición (557, 103)
[2026-01-31 15:58:25] [DEBUG]    ✅ Supply drop #206: 74 píxeles en posición (544, 486)
[2026-01-31 15:58:25] [DEBUG]    ✅ Supply drop #244: 466 píxeles en posición (572, 25)
[2026-01-31 15:58:25] [DEBUG]    ✅ Supply drop #252: 823 píxeles en posición (601, 170)
[2026-01-31 15:58:25] [DEBUG]    ✅ Supply drop #261: 93 píxeles en posición (581, 59)
[2026-01-31 15:58:25] [DEBUG]    ✅ Supply drop #273: 55 píxeles en posición (593, 18)
[2026-01-31 15:58:25] [DEBUG]    ✅ Supply drop #289: 40 píxeles en posición (619, 338)
[2026-01-31 15:58:25] [DEBUG]    ✅ Supply drop #290: 1095 píxeles en posición (643, 481)
[2026-01-31 15:58:25] [DEBUG]    ✅ Supply drop #291: 990 píxeles en posición (653, 95)
[2026-01-31 15:58:25] [DEBUG]    ✅ Supply drop #304: 64 píxeles en posición (702, 26)
[2026-01-31 15:58:25] [DEBUG]    ✅ Supply drop #305: 16 píxeles en posición (684, 61)
[2026-01-31 15:58:25] [DEBUG]    ✅ Supply drop #312: 54 píxeles en posición (693, 43)
[2026-01-31 15:58:25] [DEBUG]    ✅ Supply drop #322: 171 píxeles en posición (704, 499)
[2026-01-31 15:58:25] [DEBUG]    ✅ Supply drop #327: 49 píxeles en posición (706, 40)
[2026-01-31 15:58:25] [DEBUG]    ✅ Supply drop #333: 40 píxeles en posición (717, 13)
[2026-01-31 15:58:25] [DEBUG]    ✅ Supply drop #345: 208 píxeles en posición (727, 458)
[2026-01-31 15:58:25] [DEBUG]    ✅ Supply drop #349: 19 píxeles en posición (727, 58)
[2026-01-31 15:58:25] [DEBUG]    ✅ Supply drop #379: 246 píxeles en posición (757, 403)
[2026-01-31 15:58:25] [DEBUG]    ✅ Supply drop #382: 1411 píxeles en posición (760, 56)
[2026-01-31 15:58:25] [INFO] 🟠 [SUPPLY DROP] Detectados 62 supply drops: [[395, 295], [280, 253], [289, 409], [280, 442], [288, 498], [308, 425], [322, 134], [331, 154], [374, 131], [387, 294], [388, 158], [417, 500], [395, 265], [397, 408], [399, 240], [399, 163], [402, 217], [401, 420], [412, 158], [406, 188], [422, 22], [416, 133], [422, 99], [422, 465], [426, 241], [473, 262], [430, 453], [439, 112], [440, 54], [449, 231], [441, 493], [450, 396], [494, 60], [454, 384], [490, 71], [521, 177], [497, 335], [505, 376], [514, 12], [519, 138], [539, 284], [536, 25], [539, 499], [557, 103], [544, 486], [572, 25], [601, 170], [581, 59], [593, 18], [619, 338], [643, 481], [653, 95], [702, 26], [684, 61], [693, 43], [704, 499], [706, 40], [717, 13], [727, 458], [727, 58], [757, 403], [760, 56]]
[2026-01-31 15:58:25] [DEBUG] ⛔ [SUPPLY] Posición (422, 22) en zona excluida: Borde izquierdo
[2026-01-31 15:58:25] [DEBUG] ⛔ [SUPPLY] Posición (514, 12) en zona excluida: Borde izquierdo
[2026-01-31 15:58:25] [DEBUG] ⛔ [SUPPLY] Posición (536, 25) en zona excluida: Borde izquierdo
[2026-01-31 15:58:25] [DEBUG] ⛔ [SUPPLY] Posición (572, 25) en zona excluida: Borde izquierdo
[2026-01-31 15:58:25] [DEBUG] ⛔ [SUPPLY] Posición (593, 18) en zona excluida: Borde izquierdo
[2026-01-31 15:58:25] [DEBUG] ⛔ [SUPPLY] Posición (643, 481) en zona excluida: Barra inferior completa
[2026-01-31 15:58:25] [DEBUG] ⛔ [SUPPLY] Posición (653, 95) en zona excluida: Barra inferior completa
[2026-01-31 15:58:25] [DEBUG] ⛔ [SUPPLY] Posición (702, 26) en zona excluida: Barra inferior completa
[2026-01-31 15:58:25] [DEBUG] ⛔ [SUPPLY] Posición (684, 61) en zona excluida: Barra inferior completa
[2026-01-31 15:58:25] [DEBUG] ⛔ [SUPPLY] Posición (693, 43) en zona excluida: Barra inferior completa
[2026-01-31 15:58:25] [DEBUG] ⛔ [SUPPLY] Posición (704, 499) en zona excluida: Barra inferior completa
[2026-01-31 15:58:25] [DEBUG] ⛔ [SUPPLY] Posición (706, 40) en zona excluida: Barra inferior completa
[2026-01-31 15:58:25] [DEBUG] ⛔ [SUPPLY] Posición (717, 13) en zona excluida: Barra inferior completa
[2026-01-31 15:58:25] [DEBUG] ⛔ [SUPPLY] Posición (727, 458) en zona excluida: Barra inferior completa
[2026-01-31 15:58:25] [DEBUG] ⛔ [SUPPLY] Posición (727, 58) en zona excluida: Barra inferior completa
[2026-01-31 15:58:25] [DEBUG] ⛔ [SUPPLY] Posición (757, 403) en zona excluida: Barra inferior completa
[2026-01-31 15:58:25] [DEBUG] ⛔ [SUPPLY] Posición (760, 56) en zona excluida: Barra inferior completa
[2026-01-31 15:58:25] [INFO] 📦 Recolectando 45 supply drops válidos...
[2026-01-31 15:58:26] [DEBUG] ⏭️  Click en (395, 295) no abrió nada - Saltando objeto
[2026-01-31 15:58:27] [DEBUG] ⏭️  Click en (280, 253) no abrió nada - Saltando objeto
[2026-01-31 15:58:29] [DEBUG] 🔍 Determinando estado del objeto...
[2026-01-31 15:58:29] [DEBUG]    📐 Área botón lanzar: (76, 222, 3)
[2026-01-31 15:58:29] [DEBUG]    📐 Área texto supply: (101, 360, 3)
[2026-01-31 15:58:29] [DEBUG]    📐 Área cooldown: (158, 222, 3)
[2026-01-31 15:58:31] [INFO] 📝 [OCR] Botón: 'COMBATE'
[2026-01-31 15:58:31] [INFO] 📝 [OCR] Texto: 'EEEVENTODEASALTO'
[2026-01-31 15:58:31] [INFO] 📝 [OCR] Combinado: 'COMBATE EEEVENTODEASALTO'
[2026-01-31 15:58:31] [WARNING] ⛔ [EXCLUIDO] Incubadora o evento de combate detectado
[2026-01-31 15:58:31] [WARNING] ⚠️  Objeto no identificado como supply drop - Saliendo...
[2026-01-31 15:58:33] [DEBUG] ⏭️  Click en (280, 442) no abrió nada - Saltando objeto
[2026-01-31 15:58:35] [DEBUG] 🔍 Determinando estado del objeto...
[2026-01-31 15:58:35] [DEBUG]    📐 Área botón lanzar: (76, 222, 3)
[2026-01-31 15:58:35] [DEBUG]    📐 Área texto supply: (101, 360, 3)
[2026-01-31 15:58:35] [DEBUG]    📐 Área cooldown: (158, 222, 3)
[2026-01-31 15:58:37] [INFO] 📝 [OCR] Botón: 'TEMASENELMU'
[2026-01-31 15:58:37] [INFO] 📝 [OCR] Texto: 'EEEVENTODEASALTO'
[2026-01-31 15:58:37] [INFO] 📝 [OCR] Combinado: 'TEMASENELMU EEEVENTODEASALTO'
[2026-01-31 15:58:37] [WARNING] ⛔ [EXCLUIDO] Incubadora o evento de combate detectado
[2026-01-31 15:58:37] [WARNING] ⚠️  Objeto no identificado como supply drop - Saliendo...
[2026-01-31 15:58:40] [DEBUG] 🔍 Determinando estado del objeto...
[2026-01-31 15:58:40] [DEBUG]    📐 Área botón lanzar: (76, 222, 3)
[2026-01-31 15:58:40] [DEBUG]    📐 Área texto supply: (101, 360, 3)
[2026-01-31 15:58:40] [DEBUG]    📐 Área cooldown: (158, 222, 3)
[2026-01-31 15:58:42] [INFO] 📝 [OCR] Botón: 'COMBATE'
[2026-01-31 15:58:42] [INFO] 📝 [OCR] Texto: 'EEEVENTODEASALTO'
[2026-01-31 15:58:42] [INFO] 📝 [OCR] Combinado: 'COMBATE EEEVENTODEASALTO'
[2026-01-31 15:58:42] [WARNING] ⛔ [EXCLUIDO] Incubadora o evento de combate detectado
[2026-01-31 15:58:42] [WARNING] ⚠️  Objeto no identificado como supply drop - Saliendo...
[2026-01-31 15:58:44] [DEBUG] ⏭️  Click en (322, 134) no abrió nada - Saltando objeto
[2026-01-31 15:58:45] [DEBUG] ⏭️  Click en (331, 154) no abrió nada - Saltando objeto
[2026-01-31 15:58:46] [DEBUG] ⏭️  Click en (374, 131) no abrió nada - Saltando objeto
[2026-01-31 15:58:47] [DEBUG] ⏭️  Click en (387, 294) no abrió nada - Saltando objeto
[2026-01-31 15:58:48] [DEBUG] ⏭️  Click en (388, 158) no abrió nada - Saltando objeto
[2026-01-31 15:58:51] [DEBUG] 🔍 Determinando estado del objeto...
[2026-01-31 15:58:51] [DEBUG]    📐 Área botón lanzar: (76, 222, 3)
[2026-01-31 15:58:51] [DEBUG]    📐 Área texto supply: (101, 360, 3)
[2026-01-31 15:58:51] [DEBUG]    📐 Área cooldown: (158, 222, 3)
[2026-01-31 15:58:52] [INFO] 📝 [OCR] Botón: ''
[2026-01-31 15:58:52] [INFO] 📝 [OCR] Texto: ''
[2026-01-31 15:58:52] [INFO] 📝 [OCR] Combinado: ' '
[2026-01-31 15:58:52] [WARNING] ❌ [ESTADO DETECTADO] NO IDENTIFICADO - OCR puede haber fallado
[2026-01-31 15:58:52] [WARNING]    💡 Considera activar debug visual para ver qué captura el OCR
[2026-01-31 15:58:52] [WARNING] ⚠️  OCR detectó '' pero viene de filtered_positions - FORZANDO como SUPPLY
[2026-01-31 15:58:52] [INFO] 🎁 Recolectando SUPPLY...
[2026-01-31 15:58:56] [DEBUG]    Click recolección 1/3
[2026-01-31 15:58:58] [DEBUG]    Click recolección 2/3
[2026-01-31 15:59:00] [DEBUG]    Click recolección 3/3
[2026-01-31 15:59:00] [DEBUG]    Supply aún abierto, buscando botón para cerrar...
[2026-01-31 15:59:01] [INFO] ✅ SUPPLY procesado
[2026-01-31 15:59:03] [DEBUG] 🔍 Determinando estado del objeto...
[2026-01-31 15:59:03] [DEBUG]    📐 Área botón lanzar: (76, 222, 3)
[2026-01-31 15:59:03] [DEBUG]    📐 Área texto supply: (101, 360, 3)
[2026-01-31 15:59:03] [DEBUG]    📐 Área cooldown: (158, 222, 3)
[2026-01-31 15:59:05] [INFO] 📝 [OCR] Botón: ''
[2026-01-31 15:59:05] [INFO] 📝 [OCR] Texto: ''
[2026-01-31 15:59:05] [INFO] 📝 [OCR] Combinado: ' '
[2026-01-31 15:59:05] [WARNING] ❌ [ESTADO DETECTADO] NO IDENTIFICADO - OCR puede haber fallado
[2026-01-31 15:59:05] [WARNING]    💡 Considera activar debug visual para ver qué captura el OCR
[2026-01-31 15:59:05] [WARNING] ⚠️  OCR detectó '' pero viene de filtered_positions - FORZANDO como SUPPLY
[2026-01-31 15:59:05] [INFO] 🎁 Recolectando SUPPLY...
[2026-01-31 15:59:09] [DEBUG]    Click recolección 1/3
[2026-01-31 15:59:11] [DEBUG]    Click recolección 2/3
[2026-01-31 15:59:12] [DEBUG]    Click recolección 3/3
[2026-01-31 15:59:12] [INFO] ✅ SUPPLY procesado
[2026-01-31 15:59:13] [DEBUG] ⏭️  Click en (397, 408) no abrió nada - Saltando objeto
[2026-01-31 15:59:15] [DEBUG] ⏭️  Click en (399, 240) no abrió nada - Saltando objeto
[2026-01-31 15:59:16] [DEBUG] ⏭️  Click en (399, 163) no abrió nada - Saltando objeto
[2026-01-31 15:59:17] [DEBUG] ⏭️  Click en (402, 217) no abrió nada - Saltando objeto
[2026-01-31 15:59:18] [DEBUG] ⏭️  Click en (401, 420) no abrió nada - Saltando objeto
[2026-01-31 15:59:19] [DEBUG] ⏭️  Click en (412, 158) no abrió nada - Saltando objeto
[2026-01-31 15:59:20] [DEBUG] ⏭️  Click en (406, 188) no abrió nada - Saltando objeto
[2026-01-31 15:59:21] [DEBUG] ⏭️  Click en (416, 133) no abrió nada - Saltando objeto
[2026-01-31 15:59:21] [INFO] ================================================================================
[2026-01-31 15:59:21] [INFO] ⛔ BOT DETENIDO POR USUARIO (Ctrl+C o 'q')
[2026-01-31 15:59:21] [INFO] ================================================================================
[2026-01-31 15:59:21] [INFO] 📊 RESUMEN DE RECURSOS COLECTADOS:
[2026-01-31 15:59:21] [INFO] --------------------------------------------------------------------------------
[2026-01-31 15:59:21] [INFO] 📦 SUMINISTROS: Ninguno
[2026-01-31 15:59:21] [INFO] 🦖 DINOSAURIOS: Ninguno
[2026-01-31 15:59:21] [INFO] ================================================================================
[2026-01-31 15:59:21] [INFO] ✅ Sesión finalizada. Log guardado en carpeta 'logs/'
[2026-01-31 15:59:21] [INFO] ================================================================================
