[2026-01-31 15:33:25] [INFO] ================================================================================
[2026-01-31 15:33:25] [INFO] 🦖 JURASSIC WORLD ALIVE BOT - INICIADO
[2026-01-31 15:33:25] [INFO] ================================================================================
[2026-01-31 15:33:25] [INFO] 📁 Log guardado en: logs/bot_log_20260131_153325.log
[2026-01-31 15:33:25] [INFO] ================================================================================
[2026-01-31 15:33:25] [INFO] 🎮 INSTRUCCIONES DE CALIBRACIÓN
[2026-01-31 15:33:25] [INFO] ================================================================================
[2026-01-31 15:33:25] [INFO] 1️⃣  Abre BlueStacks con Jurassic World Alive en el MAPA
[2026-01-31 15:33:25] [INFO] 2️⃣  Presiona 'a' y haz click en ESQUINA SUPERIOR IZQUIERDA del juego
[2026-01-31 15:33:25] [INFO] 3️⃣  Presiona 'a' otra vez y haz click en ESQUINA INFERIOR DERECHA
[2026-01-31 15:33:25] [INFO] 4️⃣  El bot empezará a funcionar automáticamente
[2026-01-31 15:33:25] [INFO] ❌ Presiona 'q' para detener el bot en cualquier momento
[2026-01-31 15:33:25] [INFO] ================================================================================
[2026-01-31 15:33:25] [INFO] 🔧 Inicializando Bot...
[2026-01-31 15:33:25] [INFO] ⏱️  Tiempo límite configurado: 10 horas
[2026-01-31 15:33:29] [INFO] 🔘 Tecla 'a' presionada
[2026-01-31 15:33:29] [INFO] ✅ Primer punto capturado: (746, 35)
[2026-01-31 15:33:29] [INFO] 👉 Ahora presiona 'a' de nuevo y haz click en la esquina inferior derecha
[2026-01-31 15:33:32] [INFO] 🔘 Tecla 'a' presionada
[2026-01-31 15:33:32] [INFO] ✅ Segundo punto capturado: (1347, 1048)
[2026-01-31 15:33:32] [INFO] ================================================================================
[2026-01-31 15:33:32] [INFO] 📐 CONFIGURACIÓN DE VENTANA BLUESTACKS
[2026-01-31 15:33:32] [INFO] ================================================================================
[2026-01-31 15:33:32] [INFO] 📍 Posición X: 746px
[2026-01-31 15:33:32] [INFO] 📍 Posición Y: 35px
[2026-01-31 15:33:32] [INFO] 📏 Ancho (W): 601px
[2026-01-31 15:33:32] [INFO] 📏 Alto (H): 1013px
[2026-01-31 15:33:32] [INFO] 🎯 Esquina superior izquierda: (746, 35)
[2026-01-31 15:33:32] [INFO] 🎯 Esquina inferior derecha: (1347, 1048)
[2026-01-31 15:33:32] [INFO] ================================================================================
[2026-01-31 15:33:32] [INFO] 🎯 Shooting zone: Y[280-772] X[12-512]
[2026-01-31 15:33:32] [INFO] 🚀 Launch button: Y[792-867] X[164-387]
[2026-01-31 15:33:32] [INFO] ⏱️  Cooldown text area: Y[548-707] X[164-387]
[2026-01-31 15:33:32] [INFO] 📝 Supply text area: Y[50-151] X[120-480]
[2026-01-31 15:33:32] [INFO] 📸 Capturando vista inicial del mapa para análisis...
[2026-01-31 15:33:33] [INFO] ✅ Captura inicial guardada: map_initial_20260131_153333.png
[2026-01-31 15:33:33] [INFO] 🚀 Calibración completa! El bot comenzará a operar...
[2026-01-31 15:33:34] [DEBUG] 🪙 Verificando monedas...
[2026-01-31 15:33:34] [DEBUG] 📦 Verificando supply drops...
[2026-01-31 15:33:34] [DEBUG] 🔍 Buscando supply drops...
[2026-01-31 15:33:34] [DEBUG]    📊 Supply color range: R[160-255] G[60-255] B[0-120]
[2026-01-31 15:33:34] [DEBUG]    📊 Event color range: R[0-180] G[120-255] B[0-180]
[2026-01-31 15:33:34] [DEBUG]    📐 Zona analizada: (492, 500, 3)
[2026-01-31 15:33:34] [DEBUG]    🎨 Píxeles detectados inicialmente: 42888
[2026-01-31 15:33:34] [DEBUG]    🔢 Componentes detectados: 363
[2026-01-31 15:33:34] [DEBUG]    ✅ Supply drop #1: 16958 píxeles en posición (338, 186)
[2026-01-31 15:33:34] [DEBUG]    ✅ Supply drop #2: 306 píxeles en posición (284, 62)
[2026-01-31 15:33:34] [DEBUG]    ✅ Supply drop #3: 402 píxeles en posición (288, 132)
[2026-01-31 15:33:34] [DEBUG]    ✅ Supply drop #5: 6760 píxeles en posición (324, 431)
[2026-01-31 15:33:34] [DEBUG]    ✅ Supply drop #6: 35 píxeles en posición (281, 456)
[2026-01-31 15:33:34] [DEBUG]    ✅ Supply drop #7: 133 píxeles en posición (285, 504)
[2026-01-31 15:33:34] [DEBUG]    ✅ Supply drop #8: 41 píxeles en posición (287, 287)
[2026-01-31 15:33:34] [DEBUG]    ✅ Supply drop #10: 91 píxeles en posición (322, 14)
[2026-01-31 15:33:34] [DEBUG]    ✅ Supply drop #12: 155 píxeles en posición (322, 400)
[2026-01-31 15:33:34] [DEBUG]    ✅ Supply drop #18: 34 píxeles en posición (341, 14)
[2026-01-31 15:33:34] [DEBUG]    ✅ Supply drop #24: 122 píxeles en posición (411, 509)
[2026-01-31 15:33:34] [DEBUG]    ✅ Supply drop #25: 47 píxeles en posición (397, 14)
[2026-01-31 15:33:34] [DEBUG]    ✅ Supply drop #26: 70 píxeles en posición (395, 252)
[2026-01-31 15:33:34] [DEBUG]    ✅ Supply drop #27: 75 píxeles en posición (401, 128)
[2026-01-31 15:33:34] [DEBUG]    ✅ Supply drop #28: 139 píxeles en posición (403, 30)
[2026-01-31 15:33:34] [DEBUG]    ✅ Supply drop #31: 55 píxeles en posición (406, 233)
[2026-01-31 15:33:34] [DEBUG]    ✅ Supply drop #32: 26 píxeles en posición (403, 145)
[2026-01-31 15:33:34] [DEBUG]    ✅ Supply drop #36: 191 píxeles en posición (416, 103)
[2026-01-31 15:33:34] [DEBUG]    ✅ Supply drop #50: 867 píxeles en posición (438, 256)
[2026-01-31 15:33:34] [DEBUG]    ✅ Supply drop #52: 329 píxeles en posición (436, 309)
[2026-01-31 15:33:34] [DEBUG]    ✅ Supply drop #54: 2899 píxeles en posición (457, 402)
[2026-01-31 15:33:34] [DEBUG]    ✅ Supply drop #56: 26 píxeles en posición (429, 385)
[2026-01-31 15:33:34] [DEBUG]    ✅ Supply drop #57: 3708 píxeles en posición (477, 218)
[2026-01-31 15:33:34] [DEBUG]    ✅ Supply drop #59: 367 píxeles en posición (436, 144)
[2026-01-31 15:33:34] [DEBUG]    ✅ Supply drop #61: 24 píxeles en posición (436, 68)
[2026-01-31 15:33:34] [DEBUG]    ✅ Supply drop #69: 2057 píxeles en posición (468, 79)
[2026-01-31 15:33:34] [DEBUG]    ✅ Supply drop #77: 36 píxeles en posición (455, 502)
[2026-01-31 15:33:34] [DEBUG]    ✅ Supply drop #86: 38 píxeles en posición (467, 495)
[2026-01-31 15:33:34] [DEBUG]    ✅ Supply drop #88: 387 píxeles en posición (500, 458)
[2026-01-31 15:33:34] [DEBUG]    ✅ Supply drop #90: 43 píxeles en posición (479, 486)
[2026-01-31 15:33:34] [DEBUG]    ✅ Supply drop #94: 144 píxeles en posición (488, 19)
[2026-01-31 15:33:34] [DEBUG]    ✅ Supply drop #97: 945 píxeles en posición (505, 329)
[2026-01-31 15:33:34] [DEBUG]    ✅ Supply drop #101: 51 píxeles en posición (495, 475)
[2026-01-31 15:33:34] [DEBUG]    ✅ Supply drop #104: 20 píxeles en posición (497, 121)
[2026-01-31 15:33:34] [DEBUG]    ✅ Supply drop #105: 19 píxeles en posición (500, 268)
[2026-01-31 15:33:34] [DEBUG]    ✅ Supply drop #108: 43 píxeles en posición (500, 175)
[2026-01-31 15:33:34] [DEBUG]    ✅ Supply drop #115: 52 píxeles en posición (506, 207)
[2026-01-31 15:33:34] [DEBUG]    ✅ Supply drop #116: 1772 píxeles en posición (539, 58)
[2026-01-31 15:33:34] [DEBUG]    ✅ Supply drop #119: 143 píxeles en posición (515, 496)
[2026-01-31 15:33:34] [DEBUG]    ✅ Supply drop #120: 56 píxeles en posición (511, 123)
[2026-01-31 15:33:34] [DEBUG]    ✅ Supply drop #138: 1203 píxeles en posición (527, 400)
[2026-01-31 15:33:34] [DEBUG]    ✅ Supply drop #148: 61 píxeles en posición (527, 456)
[2026-01-31 15:33:34] [DEBUG]    ✅ Supply drop #163: 4446 píxeles en posición (593, 188)
[2026-01-31 15:33:34] [DEBUG]    ✅ Supply drop #188: 73 píxeles en posición (548, 442)
[2026-01-31 15:33:34] [DEBUG]    ✅ Supply drop #194: 574 píxeles en posición (558, 495)
[2026-01-31 15:33:34] [DEBUG]    ✅ Supply drop #205: 301 píxeles en posición (567, 98)
[2026-01-31 15:33:34] [DEBUG]    ✅ Supply drop #213: 81 píxeles en posición (569, 430)
[2026-01-31 15:33:34] [DEBUG]    ✅ Supply drop #215: 41 píxeles en posición (571, 13)
[2026-01-31 15:33:34] [DEBUG]    ✅ Supply drop #220: 2205 píxeles en posición (603, 367)
[2026-01-31 15:33:34] [DEBUG]    ✅ Supply drop #260: 276 píxeles en posición (628, 216)
[2026-01-31 15:33:34] [DEBUG]    ✅ Supply drop #261: 29 píxeles en posición (628, 352)
[2026-01-31 15:33:34] [DEBUG]    ✅ Supply drop #262: 535 píxeles en posición (636, 469)
[2026-01-31 15:33:34] [DEBUG]    ✅ Supply drop #272: 133 píxeles en posición (648, 384)
[2026-01-31 15:33:34] [DEBUG]    ✅ Supply drop #280: 1214 píxeles en posición (672, 50)
[2026-01-31 15:33:34] [DEBUG]    ✅ Supply drop #292: 165 píxeles en posición (679, 366)
[2026-01-31 15:33:34] [DEBUG]    ✅ Supply drop #294: 451 píxeles en posición (683, 491)
[2026-01-31 15:33:34] [DEBUG]    ✅ Supply drop #302: 64 píxeles en posición (703, 27)
[2026-01-31 15:33:34] [DEBUG]    ✅ Supply drop #309: 54 píxeles en posición (694, 44)
[2026-01-31 15:33:34] [DEBUG]    ✅ Supply drop #324: 49 píxeles en posición (707, 41)
[2026-01-31 15:33:35] [DEBUG]    ✅ Supply drop #331: 27 píxeles en posición (713, 347)
[2026-01-31 15:33:35] [DEBUG]    ✅ Supply drop #341: 21 píxeles en posición (728, 12)
[2026-01-31 15:33:35] [DEBUG]    ✅ Supply drop #343: 19 píxeles en posición (728, 59)
[2026-01-31 15:33:35] [DEBUG]    ✅ Supply drop #352: 1506 píxeles en posición (761, 57)
[2026-01-31 15:33:35] [DEBUG]    ✅ Supply drop #359: 17 píxeles en posición (766, 312)
[2026-01-31 15:33:35] [DEBUG]    ✅ Supply drop #360: 18 píxeles en posición (766, 321)
[2026-01-31 15:33:35] [INFO] 🟠 [SUPPLY DROP] Detectados 65 supply drops: [[338, 186], [284, 62], [288, 132], [324, 431], [281, 456], [285, 504], [287, 287], [322, 14], [322, 400], [341, 14], [411, 509], [397, 14], [395, 252], [401, 128], [403, 30], [406, 233], [403, 145], [416, 103], [438, 256], [436, 309], [457, 402], [429, 385], [477, 218], [436, 144], [436, 68], [468, 79], [455, 502], [467, 495], [500, 458], [479, 486], [488, 19], [505, 329], [495, 475], [497, 121], [500, 268], [500, 175], [506, 207], [539, 58], [515, 496], [511, 123], [527, 400], [527, 456], [593, 188], [548, 442], [558, 495], [567, 98], [569, 430], [571, 13], [603, 367], [628, 216], [628, 352], [636, 469], [648, 384], [672, 50], [679, 366], [683, 491], [703, 27], [694, 44], [707, 41], [713, 347], [728, 12], [728, 59], [761, 57], [766, 312], [766, 321]]
[2026-01-31 15:33:35] [DEBUG] ⛔ [SUPPLY] Posición (322, 14) en zona excluida: Borde izquierdo
[2026-01-31 15:33:35] [DEBUG] ⛔ [SUPPLY] Posición (341, 14) en zona excluida: Borde izquierdo
[2026-01-31 15:33:35] [DEBUG] ⛔ [SUPPLY] Posición (397, 14) en zona excluida: Borde izquierdo
[2026-01-31 15:33:35] [DEBUG] ⛔ [SUPPLY] Posición (403, 30) en zona excluida: Borde izquierdo
[2026-01-31 15:33:35] [DEBUG] ⛔ [SUPPLY] Posición (488, 19) en zona excluida: Borde izquierdo
[2026-01-31 15:33:35] [DEBUG] ⛔ [SUPPLY] Posición (571, 13) en zona excluida: Borde izquierdo
[2026-01-31 15:33:35] [DEBUG] ⛔ [SUPPLY] Posición (636, 469) en zona excluida: Barra inferior completa
[2026-01-31 15:33:35] [DEBUG] ⛔ [SUPPLY] Posición (648, 384) en zona excluida: Barra inferior completa
[2026-01-31 15:33:35] [DEBUG] ⛔ [SUPPLY] Posición (672, 50) en zona excluida: Barra inferior completa
[2026-01-31 15:33:35] [DEBUG] ⛔ [SUPPLY] Posición (679, 366) en zona excluida: Barra inferior completa
[2026-01-31 15:33:35] [DEBUG] ⛔ [SUPPLY] Posición (683, 491) en zona excluida: Barra inferior completa
[2026-01-31 15:33:35] [DEBUG] ⛔ [SUPPLY] Posición (703, 27) en zona excluida: Barra inferior completa
[2026-01-31 15:33:35] [DEBUG] ⛔ [SUPPLY] Posición (694, 44) en zona excluida: Barra inferior completa
[2026-01-31 15:33:35] [DEBUG] ⛔ [SUPPLY] Posición (707, 41) en zona excluida: Barra inferior completa
[2026-01-31 15:33:35] [DEBUG] ⛔ [SUPPLY] Posición (713, 347) en zona excluida: Barra inferior completa
[2026-01-31 15:33:35] [DEBUG] ⛔ [SUPPLY] Posición (728, 12) en zona excluida: Barra inferior completa
[2026-01-31 15:33:35] [DEBUG] ⛔ [SUPPLY] Posición (728, 59) en zona excluida: Barra inferior completa
[2026-01-31 15:33:35] [DEBUG] ⛔ [SUPPLY] Posición (761, 57) en zona excluida: Barra inferior completa
[2026-01-31 15:33:35] [DEBUG] ⛔ [SUPPLY] Posición (766, 312) en zona excluida: Barra inferior completa
[2026-01-31 15:33:35] [DEBUG] ⛔ [SUPPLY] Posición (766, 321) en zona excluida: Barra inferior completa
[2026-01-31 15:33:35] [INFO] 📦 Recolectando 45 supply drops válidos...
[2026-01-31 15:33:36] [DEBUG] ⏭️  Click en (338, 186) no abrió nada - Saltando objeto
[2026-01-31 15:33:37] [DEBUG] ⏭️  Click en (284, 62) no abrió nada - Saltando objeto
[2026-01-31 15:33:38] [DEBUG] ⏭️  Click en (288, 132) no abrió nada - Saltando objeto
[2026-01-31 15:33:39] [DEBUG] ⏭️  Click en (324, 431) no abrió nada - Saltando objeto
[2026-01-31 15:33:40] [DEBUG] ⏭️  Click en (281, 456) no abrió nada - Saltando objeto
[2026-01-31 15:33:42] [DEBUG] 🔍 Determinando estado del objeto...
[2026-01-31 15:33:42] [DEBUG]    📐 Área botón lanzar: (75, 223, 3)
[2026-01-31 15:33:42] [DEBUG]    📐 Área texto supply: (101, 360, 3)
[2026-01-31 15:33:42] [DEBUG]    📐 Área cooldown: (159, 223, 3)
[2026-01-31 15:33:44] [INFO] 📝 [OCR] Botón: ''
[2026-01-31 15:33:44] [INFO] 📝 [OCR] Texto: ''
[2026-01-31 15:33:44] [INFO] 📝 [OCR] Combinado: ' '
[2026-01-31 15:33:44] [WARNING] ❌ [ESTADO DETECTADO] NO IDENTIFICADO - OCR puede haber fallado
[2026-01-31 15:33:44] [WARNING]    💡 Considera activar debug visual para ver qué captura el OCR
[2026-01-31 15:33:44] [WARNING] ⚠️  OCR detectó '' pero viene de filtered_positions - FORZANDO como SUPPLY
[2026-01-31 15:33:52] [DEBUG] ⏭️  Click en (287, 287) no abrió nada - Saltando objeto
[2026-01-31 15:33:53] [DEBUG] ⏭️  Click en (322, 400) no abrió nada - Saltando objeto
[2026-01-31 15:33:54] [DEBUG] ⏭️  Click en (411, 509) no abrió nada - Saltando objeto
[2026-01-31 15:33:55] [DEBUG] ⏭️  Click en (395, 252) no abrió nada - Saltando objeto
[2026-01-31 15:33:56] [DEBUG] ⏭️  Click en (401, 128) no abrió nada - Saltando objeto
[2026-01-31 15:33:57] [DEBUG] ⏭️  Click en (406, 233) no abrió nada - Saltando objeto
[2026-01-31 15:33:58] [DEBUG] ⏭️  Click en (403, 145) no abrió nada - Saltando objeto
[2026-01-31 15:34:00] [DEBUG] 🔍 Determinando estado del objeto...
[2026-01-31 15:34:00] [DEBUG]    📐 Área botón lanzar: (75, 223, 3)
[2026-01-31 15:34:00] [DEBUG]    📐 Área texto supply: (101, 360, 3)
[2026-01-31 15:34:00] [DEBUG]    📐 Área cooldown: (159, 223, 3)
[2026-01-31 15:34:02] [INFO] 📝 [OCR] Botón: '~—_LANZAR'
[2026-01-31 15:34:02] [INFO] 📝 [OCR] Texto: ''
[2026-01-31 15:34:02] [INFO] 📝 [OCR] Combinado: '~—_LANZAR '
[2026-01-31 15:34:02] [DEBUG]    🦖 Palabras clave de DINO detectadas
[2026-01-31 15:34:02] [INFO] ✅ [ESTADO DETECTADO] DINO
[2026-01-31 15:34:02] [WARNING] ⚠️  Objeto no identificado como supply drop - Saliendo...
[2026-01-31 15:34:04] [DEBUG] ⏭️  Click en (438, 256) no abrió nada - Saltando objeto
[2026-01-31 15:34:05] [DEBUG] ⏭️  Click en (436, 309) no abrió nada - Saltando objeto
[2026-01-31 15:34:06] [DEBUG] ⏭️  Click en (457, 402) no abrió nada - Saltando objeto
[2026-01-31 15:34:07] [DEBUG] ⏭️  Click en (429, 385) no abrió nada - Saltando objeto
[2026-01-31 15:34:10] [DEBUG] 🔍 Determinando estado del objeto...
[2026-01-31 15:34:10] [DEBUG]    📐 Área botón lanzar: (75, 223, 3)
[2026-01-31 15:34:10] [DEBUG]    📐 Área texto supply: (101, 360, 3)
[2026-01-31 15:34:10] [DEBUG]    📐 Área cooldown: (159, 223, 3)
[2026-01-31 15:34:11] [INFO] 📝 [OCR] Botón: '~—LANZAR'
[2026-01-31 15:34:11] [INFO] 📝 [OCR] Texto: ''
[2026-01-31 15:34:11] [INFO] 📝 [OCR] Combinado: '~—LANZAR '
[2026-01-31 15:34:11] [DEBUG]    🦖 Palabras clave de DINO detectadas
[2026-01-31 15:34:11] [INFO] ✅ [ESTADO DETECTADO] DINO
[2026-01-31 15:34:11] [WARNING] ⚠️  Objeto no identificado como supply drop - Saliendo...
[2026-01-31 15:34:13] [DEBUG] ⏭️  Click en (436, 144) no abrió nada - Saltando objeto
[2026-01-31 15:34:14] [DEBUG] ⏭️  Click en (436, 68) no abrió nada - Saltando objeto
[2026-01-31 15:34:15] [DEBUG] ⏭️  Click en (468, 79) no abrió nada - Saltando objeto
[2026-01-31 15:34:16] [DEBUG] ⏭️  Click en (455, 502) no abrió nada - Saltando objeto
[2026-01-31 15:34:17] [DEBUG] ⏭️  Click en (467, 495) no abrió nada - Saltando objeto
[2026-01-31 15:34:19] [DEBUG] ⏭️  Click en (500, 458) no abrió nada - Saltando objeto
[2026-01-31 15:34:20] [DEBUG] ⏭️  Click en (479, 486) no abrió nada - Saltando objeto
[2026-01-31 15:34:21] [DEBUG] ⏭️  Click en (505, 329) no abrió nada - Saltando objeto
[2026-01-31 15:34:22] [DEBUG] ⏭️  Click en (495, 475) no abrió nada - Saltando objeto
[2026-01-31 15:34:23] [DEBUG] ⏭️  Click en (497, 121) no abrió nada - Saltando objeto
[2026-01-31 15:34:24] [DEBUG] ⏭️  Click en (500, 268) no abrió nada - Saltando objeto
[2026-01-31 15:34:25] [DEBUG] ⏭️  Click en (500, 175) no abrió nada - Saltando objeto
[2026-01-31 15:34:26] [DEBUG] ⏭️  Click en (506, 207) no abrió nada - Saltando objeto
[2026-01-31 15:34:27] [DEBUG] ⏭️  Click en (539, 58) no abrió nada - Saltando objeto
[2026-01-31 15:34:28] [DEBUG] ⏭️  Click en (515, 496) no abrió nada - Saltando objeto
[2026-01-31 15:34:29] [DEBUG] ⏭️  Click en (511, 123) no abrió nada - Saltando objeto
[2026-01-31 15:34:30] [DEBUG] ⏭️  Click en (527, 400) no abrió nada - Saltando objeto
[2026-01-31 15:34:31] [DEBUG] ⏭️  Click en (527, 456) no abrió nada - Saltando objeto
[2026-01-31 15:34:33] [DEBUG] ⏭️  Click en (593, 188) no abrió nada - Saltando objeto
[2026-01-31 15:34:34] [DEBUG] ⏭️  Click en (548, 442) no abrió nada - Saltando objeto
[2026-01-31 15:34:35] [DEBUG] ⏭️  Click en (558, 495) no abrió nada - Saltando objeto
[2026-01-31 15:34:36] [DEBUG] ⏭️  Click en (567, 98) no abrió nada - Saltando objeto
[2026-01-31 15:34:37] [DEBUG] ⏭️  Click en (569, 430) no abrió nada - Saltando objeto
[2026-01-31 15:34:38] [DEBUG] ⏭️  Click en (603, 367) no abrió nada - Saltando objeto
[2026-01-31 15:34:39] [DEBUG] ⏭️  Click en (628, 216) no abrió nada - Saltando objeto
[2026-01-31 15:34:40] [DEBUG] ⏭️  Click en (628, 352) no abrió nada - Saltando objeto
[2026-01-31 15:34:40] [DEBUG] 🦖 Verificando dinosaurios...
[2026-01-31 15:34:40] [DEBUG] ⛔ [DINO] Posición (280, 31) en zona excluida: Borde izquierdo
[2026-01-31 15:34:40] [DEBUG] ⛔ [DINO] Posición (290, 12) en zona excluida: Borde izquierdo
[2026-01-31 15:34:40] [DEBUG] ⛔ [DINO] Posición (300, 40) en zona excluida: Borde izquierdo
[2026-01-31 15:34:40] [DEBUG] ⛔ [DINO] Posición (592, 12) en zona excluida: Borde izquierdo
[2026-01-31 15:34:40] [DEBUG] ⛔ [DINO] Posición (630, 491) en zona excluida: Barra inferior completa
[2026-01-31 15:34:40] [DEBUG] ⛔ [DINO] Posición (650, 492) en zona excluida: Barra inferior completa
[2026-01-31 15:34:40] [DEBUG] ⛔ [DINO] Posición (689, 31) en zona excluida: Barra inferior completa
[2026-01-31 15:34:40] [DEBUG] ⛔ [DINO] Posición (699, 56) en zona excluida: Barra inferior completa
[2026-01-31 15:34:40] [DEBUG] ⛔ [DINO] Posición (700, 12) en zona excluida: Barra inferior completa
[2026-01-31 15:34:40] [DEBUG] ⛔ [DINO] Posición (710, 56) en zona excluida: Barra inferior completa
[2026-01-31 15:34:40] [DEBUG] ⛔ [DINO] Posición (722, 56) en zona excluida: Barra inferior completa
[2026-01-31 15:34:40] [DEBUG] ⛔ [DINO] Posición (756, 12) en zona excluida: Barra inferior completa
[2026-01-31 15:34:40] [DEBUG] ⛔ [DINO] Posición (762, 73) en zona excluida: Barra inferior completa
[2026-01-31 15:34:40] [INFO] 🦖 Disparando a 67 dinosaurios válidos...
[2026-01-31 15:34:42] [DEBUG] 🔍 Determinando estado del objeto...
[2026-01-31 15:34:42] [DEBUG]    📐 Área botón lanzar: (75, 223, 3)
[2026-01-31 15:34:42] [DEBUG]    📐 Área texto supply: (101, 360, 3)
[2026-01-31 15:34:42] [DEBUG]    📐 Área cooldown: (159, 223, 3)
[2026-01-31 15:34:44] [INFO] 📝 [OCR] Botón: ''
[2026-01-31 15:34:44] [INFO] 📝 [OCR] Texto: 'ALIZACIONDESUMINISTRO'
[2026-01-31 15:34:44] [INFO] 📝 [OCR] Combinado: ' ALIZACIONDESUMINISTRO'
[2026-01-31 15:34:44] [DEBUG]    📦 Palabras clave de SUPPLY detectadas
[2026-01-31 15:34:44] [INFO] ✅ [ESTADO DETECTADO] SUPPLY
[2026-01-31 15:34:46] [DEBUG] 🔍 Determinando estado del objeto...
[2026-01-31 15:34:46] [DEBUG]    📐 Área botón lanzar: (75, 223, 3)
[2026-01-31 15:34:46] [DEBUG]    📐 Área texto supply: (101, 360, 3)
[2026-01-31 15:34:46] [DEBUG]    📐 Área cooldown: (159, 223, 3)
[2026-01-31 15:34:47] [INFO] 📝 [OCR] Botón: ''
[2026-01-31 15:34:47] [INFO] 📝 [OCR] Texto: '——G—AEE_—EVENTODEASALTO'
[2026-01-31 15:34:47] [INFO] 📝 [OCR] Combinado: ' ——G—AEE_—EVENTODEASALTO'
[2026-01-31 15:34:47] [WARNING] ⛔ [EXCLUIDO] Incubadora o evento de combate detectado
[2026-01-31 15:34:50] [DEBUG] 🔍 Determinando estado del objeto...
[2026-01-31 15:34:50] [DEBUG]    📐 Área botón lanzar: (75, 223, 3)
[2026-01-31 15:34:50] [DEBUG]    📐 Área texto supply: (101, 360, 3)
[2026-01-31 15:34:50] [DEBUG]    📐 Área cooldown: (159, 223, 3)
[2026-01-31 15:34:52] [INFO] 📝 [OCR] Botón: 'POLEYEEVOLEAULEE'
[2026-01-31 15:34:52] [INFO] 📝 [OCR] Texto: 'ALIZACIONDESUMINISTRO'
[2026-01-31 15:34:52] [INFO] 📝 [OCR] Combinado: 'POLEYEEVOLEAULEE ALIZACIONDESUMINISTRO'
[2026-01-31 15:34:52] [DEBUG]    📦 Palabras clave de SUPPLY detectadas
[2026-01-31 15:34:52] [INFO] ✅ [ESTADO DETECTADO] SUPPLY
[2026-01-31 15:34:54] [DEBUG] 🔍 Determinando estado del objeto...
[2026-01-31 15:34:54] [DEBUG]    📐 Área botón lanzar: (75, 223, 3)
[2026-01-31 15:34:54] [DEBUG]    📐 Área texto supply: (101, 360, 3)
[2026-01-31 15:34:54] [DEBUG]    📐 Área cooldown: (159, 223, 3)
[2026-01-31 15:34:55] [INFO] 📝 [OCR] Botón: 'PELEYEEVOLEAU='
[2026-01-31 15:34:55] [INFO] 📝 [OCR] Texto: 'ALIZACIONDESUMINISTRO'
[2026-01-31 15:34:55] [INFO] 📝 [OCR] Combinado: 'PELEYEEVOLEAU= ALIZACIONDESUMINISTRO'
[2026-01-31 15:34:55] [DEBUG]    📦 Palabras clave de SUPPLY detectadas
[2026-01-31 15:34:55] [INFO] ✅ [ESTADO DETECTADO] SUPPLY
[2026-01-31 15:34:58] [DEBUG] 🔍 Determinando estado del objeto...
[2026-01-31 15:34:58] [DEBUG]    📐 Área botón lanzar: (75, 223, 3)
[2026-01-31 15:34:58] [DEBUG]    📐 Área texto supply: (101, 360, 3)
[2026-01-31 15:34:58] [DEBUG]    📐 Área cooldown: (159, 223, 3)
[2026-01-31 15:35:00] [INFO] 📝 [OCR] Botón: ''
[2026-01-31 15:35:00] [INFO] 📝 [OCR] Texto: 'ALIZACIONDESUMINISTRO'
[2026-01-31 15:35:00] [INFO] 📝 [OCR] Combinado: ' ALIZACIONDESUMINISTRO'
[2026-01-31 15:35:00] [DEBUG]    📦 Palabras clave de SUPPLY detectadas
[2026-01-31 15:35:00] [INFO] ✅ [ESTADO DETECTADO] SUPPLY
[2026-01-31 15:35:02] [DEBUG] 🔍 Determinando estado del objeto...
[2026-01-31 15:35:02] [DEBUG]    📐 Área botón lanzar: (75, 223, 3)
[2026-01-31 15:35:02] [DEBUG]    📐 Área texto supply: (101, 360, 3)
[2026-01-31 15:35:02] [DEBUG]    📐 Área cooldown: (159, 223, 3)
[2026-01-31 15:35:03] [INFO] 📝 [OCR] Botón: ''
[2026-01-31 15:35:03] [INFO] 📝 [OCR] Texto: 'A—X_EVENTODEASALTO'
[2026-01-31 15:35:03] [INFO] 📝 [OCR] Combinado: ' A—X_EVENTODEASALTO'
[2026-01-31 15:35:03] [DEBUG] ⏱️  [OCR] Cooldown: '—_—_——VICTORIAS:0'
[2026-01-31 15:35:03] [WARNING] ⛔ [EXCLUIDO] Incubadora o evento de combate detectado
[2026-01-31 15:35:06] [DEBUG] 🔍 Determinando estado del objeto...
[2026-01-31 15:35:06] [DEBUG]    📐 Área botón lanzar: (75, 223, 3)
[2026-01-31 15:35:06] [DEBUG]    📐 Área texto supply: (101, 360, 3)
[2026-01-31 15:35:06] [DEBUG]    📐 Área cooldown: (159, 223, 3)
[2026-01-31 15:35:07] [INFO] 📝 [OCR] Botón: ''
[2026-01-31 15:35:07] [INFO] 📝 [OCR] Texto: 'ALIZACIONDESUMINISTRO'
[2026-01-31 15:35:07] [INFO] 📝 [OCR] Combinado: ' ALIZACIONDESUMINISTRO'
[2026-01-31 15:35:07] [DEBUG] ⏱️  [OCR] Cooldown: 'A'
[2026-01-31 15:35:07] [DEBUG]    📦 Palabras clave de SUPPLY detectadas
[2026-01-31 15:35:07] [INFO] ✅ [ESTADO DETECTADO] SUPPLY
[2026-01-31 15:35:09] [DEBUG] 🔍 Determinando estado del objeto...
[2026-01-31 15:35:09] [DEBUG]    📐 Área botón lanzar: (75, 223, 3)
[2026-01-31 15:35:09] [DEBUG]    📐 Área texto supply: (101, 360, 3)
[2026-01-31 15:35:09] [DEBUG]    📐 Área cooldown: (159, 223, 3)
[2026-01-31 15:35:11] [INFO] 📝 [OCR] Botón: '(UNETEAHORE'
[2026-01-31 15:35:11] [INFO] 📝 [OCR] Texto: ''
[2026-01-31 15:35:11] [INFO] 📝 [OCR] Combinado: '(UNETEAHORE '
[2026-01-31 15:35:11] [WARNING] ⛔ [EXCLUIDO] Dinosaurio fuera de rango (VIP requerido)
[2026-01-31 15:35:13] [DEBUG] 🔍 Determinando estado del objeto...
[2026-01-31 15:35:13] [DEBUG]    📐 Área botón lanzar: (75, 223, 3)
[2026-01-31 15:35:13] [DEBUG]    📐 Área texto supply: (101, 360, 3)
[2026-01-31 15:35:13] [DEBUG]    📐 Área cooldown: (159, 223, 3)
[2026-01-31 15:35:14] [INFO] 📝 [OCR] Botón: ''
[2026-01-31 15:35:14] [INFO] 📝 [OCR] Texto: '—G—EAEEE—EVENTODEASALTO'
[2026-01-31 15:35:14] [INFO] 📝 [OCR] Combinado: ' —G—EAEEE—EVENTODEASALTO'
[2026-01-31 15:35:14] [DEBUG] ⏱️  [OCR] Cooldown: '————VICTORIAS:0'
[2026-01-31 15:35:14] [WARNING] ⛔ [EXCLUIDO] Incubadora o evento de combate detectado
[2026-01-31 15:35:17] [DEBUG] 🔍 Determinando estado del objeto...
[2026-01-31 15:35:17] [DEBUG]    📐 Área botón lanzar: (75, 223, 3)
[2026-01-31 15:35:17] [DEBUG]    📐 Área texto supply: (101, 360, 3)
[2026-01-31 15:35:17] [DEBUG]    📐 Área cooldown: (159, 223, 3)
[2026-01-31 15:35:18] [INFO] 📝 [OCR] Botón: ''
[2026-01-31 15:35:18] [INFO] 📝 [OCR] Texto: 'ALIZACIONDESUMINISTRO'
[2026-01-31 15:35:18] [INFO] 📝 [OCR] Combinado: ' ALIZACIONDESUMINISTRO'
[2026-01-31 15:35:18] [DEBUG]    📦 Palabras clave de SUPPLY detectadas
[2026-01-31 15:35:18] [INFO] ✅ [ESTADO DETECTADO] SUPPLY
[2026-01-31 15:35:22] [DEBUG] 🔍 Determinando estado del objeto...
[2026-01-31 15:35:22] [DEBUG]    📐 Área botón lanzar: (75, 223, 3)
[2026-01-31 15:35:22] [DEBUG]    📐 Área texto supply: (101, 360, 3)
[2026-01-31 15:35:22] [DEBUG]    📐 Área cooldown: (159, 223, 3)
[2026-01-31 15:35:23] [INFO] 📝 [OCR] Botón: ''
[2026-01-31 15:35:23] [INFO] 📝 [OCR] Texto: '——G—AEE_—EVENTODEASALTO'
[2026-01-31 15:35:23] [INFO] 📝 [OCR] Combinado: ' ——G—AEE_—EVENTODEASALTO'
[2026-01-31 15:35:23] [DEBUG] ⏱️  [OCR] Cooldown: '————VICTORIAS:0'
[2026-01-31 15:35:23] [WARNING] ⛔ [EXCLUIDO] Incubadora o evento de combate detectado
[2026-01-31 15:35:25] [DEBUG] 🔍 Determinando estado del objeto...
[2026-01-31 15:35:25] [DEBUG]    📐 Área botón lanzar: (75, 223, 3)
[2026-01-31 15:35:25] [DEBUG]    📐 Área texto supply: (101, 360, 3)
[2026-01-31 15:35:25] [DEBUG]    📐 Área cooldown: (159, 223, 3)
[2026-01-31 15:35:27] [INFO] 📝 [OCR] Botón: ''
[2026-01-31 15:35:27] [INFO] 📝 [OCR] Texto: '——G—EE_EVENTODEASALTO'
[2026-01-31 15:35:27] [INFO] 📝 [OCR] Combinado: ' ——G—EE_EVENTODEASALTO'
[2026-01-31 15:35:27] [DEBUG] ⏱️  [OCR] Cooldown: '————VICTORIAS:0'
[2026-01-31 15:35:27] [WARNING] ⛔ [EXCLUIDO] Incubadora o evento de combate detectado
[2026-01-31 15:35:29] [DEBUG] 🔍 Determinando estado del objeto...
[2026-01-31 15:35:29] [DEBUG]    📐 Área botón lanzar: (75, 223, 3)
[2026-01-31 15:35:29] [DEBUG]    📐 Área texto supply: (101, 360, 3)
[2026-01-31 15:35:29] [DEBUG]    📐 Área cooldown: (159, 223, 3)
[2026-01-31 15:35:30] [INFO] 📝 [OCR] Botón: ''
[2026-01-31 15:35:30] [INFO] 📝 [OCR] Texto: 'ALIZACIONDESUMINISTRO'
[2026-01-31 15:35:30] [INFO] 📝 [OCR] Combinado: ' ALIZACIONDESUMINISTRO'
[2026-01-31 15:35:30] [DEBUG]    📦 Palabras clave de SUPPLY detectadas
[2026-01-31 15:35:30] [INFO] ✅ [ESTADO DETECTADO] SUPPLY
[2026-01-31 15:35:33] [DEBUG] 🔍 Determinando estado del objeto...
[2026-01-31 15:35:33] [DEBUG]    📐 Área botón lanzar: (75, 223, 3)
[2026-01-31 15:35:33] [DEBUG]    📐 Área texto supply: (101, 360, 3)
[2026-01-31 15:35:33] [DEBUG]    📐 Área cooldown: (159, 223, 3)
[2026-01-31 15:35:34] [INFO] 📝 [OCR] Botón: ''
[2026-01-31 15:35:34] [INFO] 📝 [OCR] Texto: 'ALIZACIONDESUMINISTRO'
[2026-01-31 15:35:34] [INFO] 📝 [OCR] Combinado: ' ALIZACIONDESUMINISTRO'
[2026-01-31 15:35:34] [DEBUG]    📦 Palabras clave de SUPPLY detectadas
[2026-01-31 15:35:34] [INFO] ✅ [ESTADO DETECTADO] SUPPLY
[2026-01-31 15:35:37] [DEBUG] 🔍 Determinando estado del objeto...
[2026-01-31 15:35:37] [DEBUG]    📐 Área botón lanzar: (75, 223, 3)
[2026-01-31 15:35:37] [DEBUG]    📐 Área texto supply: (101, 360, 3)
[2026-01-31 15:35:37] [DEBUG]    📐 Área cooldown: (159, 223, 3)
[2026-01-31 15:35:38] [INFO] 📝 [OCR] Botón: ''
[2026-01-31 15:35:38] [INFO] 📝 [OCR] Texto: '——EAEEE—EVENTODEASALTO'
[2026-01-31 15:35:38] [INFO] 📝 [OCR] Combinado: ' ——EAEEE—EVENTODEASALTO'
[2026-01-31 15:35:38] [DEBUG] ⏱️  [OCR] Cooldown: '————VICTORIAS:0'
[2026-01-31 15:35:38] [WARNING] ⛔ [EXCLUIDO] Incubadora o evento de combate detectado
[2026-01-31 15:35:40] [DEBUG] 🔍 Determinando estado del objeto...
[2026-01-31 15:35:40] [DEBUG]    📐 Área botón lanzar: (75, 223, 3)
[2026-01-31 15:35:40] [DEBUG]    📐 Área texto supply: (101, 360, 3)
[2026-01-31 15:35:40] [DEBUG]    📐 Área cooldown: (159, 223, 3)
[2026-01-31 15:35:42] [INFO] 📝 [OCR] Botón: '~—LANZAR'
[2026-01-31 15:35:42] [INFO] 📝 [OCR] Texto: ''
[2026-01-31 15:35:42] [INFO] 📝 [OCR] Combinado: '~—LANZAR '
[2026-01-31 15:35:42] [DEBUG]    🦖 Palabras clave de DINO detectadas
[2026-01-31 15:35:42] [INFO] ✅ [ESTADO DETECTADO] DINO
[2026-01-31 15:35:57] [WARNING] ⚠️  Forzando disparo #1 (timeout 6s)
[2026-01-31 15:36:03] [WARNING] ⚠️  Forzando disparo #2 (timeout 6s)
[2026-01-31 15:37:02] [DEBUG] 🔍 Determinando estado del objeto...
[2026-01-31 15:37:02] [DEBUG]    📐 Área botón lanzar: (75, 223, 3)
[2026-01-31 15:37:02] [DEBUG]    📐 Área texto supply: (101, 360, 3)
[2026-01-31 15:37:02] [DEBUG]    📐 Área cooldown: (159, 223, 3)
[2026-01-31 15:37:03] [INFO] 📝 [OCR] Botón: ''
[2026-01-31 15:37:03] [INFO] 📝 [OCR] Texto: ''
[2026-01-31 15:37:03] [INFO] 📝 [OCR] Combinado: ' '
[2026-01-31 15:37:03] [WARNING] ❌ [ESTADO DETECTADO] NO IDENTIFICADO - OCR puede haber fallado
[2026-01-31 15:37:03] [WARNING]    💡 Considera activar debug visual para ver qué captura el OCR
[2026-01-31 15:37:06] [DEBUG] 🔍 Determinando estado del objeto...
[2026-01-31 15:37:06] [DEBUG]    📐 Área botón lanzar: (75, 223, 3)
[2026-01-31 15:37:06] [DEBUG]    📐 Área texto supply: (101, 360, 3)
[2026-01-31 15:37:06] [DEBUG]    📐 Área cooldown: (159, 223, 3)
[2026-01-31 15:37:08] [INFO] 📝 [OCR] Botón: '~—_LANZAR'
[2026-01-31 15:37:08] [INFO] 📝 [OCR] Texto: ''
[2026-01-31 15:37:08] [INFO] 📝 [OCR] Combinado: '~—_LANZAR '
[2026-01-31 15:37:08] [DEBUG]    🦖 Palabras clave de DINO detectadas
[2026-01-31 15:37:08] [INFO] ✅ [ESTADO DETECTADO] DINO
[2026-01-31 15:37:48] [INFO] ================================================================================
[2026-01-31 15:37:48] [INFO] ⛔ BOT DETENIDO POR USUARIO (Ctrl+C o 'q')
[2026-01-31 15:37:48] [INFO] ================================================================================
[2026-01-31 15:37:48] [INFO] 📊 RESUMEN DE RECURSOS COLECTADOS:
[2026-01-31 15:37:48] [INFO] --------------------------------------------------------------------------------
[2026-01-31 15:37:48] [INFO] 📦 SUMINISTROS: Ninguno
[2026-01-31 15:37:48] [INFO] 🦖 DINOSAURIOS: Ninguno
[2026-01-31 15:37:48] [INFO] ================================================================================
[2026-01-31 15:37:48] [INFO] ✅ Sesión finalizada. Log guardado en carpeta 'logs/'
[2026-01-31 15:37:48] [INFO] ================================================================================
