[2026-01-23 18:52:00] [INFO] ================================================================================
[2026-01-23 18:52:00] [INFO] 🦖 JURASSIC WORLD ALIVE BOT - INICIADO
[2026-01-23 18:52:00] [INFO] ================================================================================
[2026-01-23 18:52:00] [INFO] 📁 Log guardado en: logs/bot_log_20260123_185200.log
[2026-01-23 18:52:00] [INFO] ================================================================================
[2026-01-23 18:52:00] [INFO] 🎮 INSTRUCCIONES DE CALIBRACIÓN
[2026-01-23 18:52:00] [INFO] ================================================================================
[2026-01-23 18:52:00] [INFO] 1️⃣  Abre BlueStacks con Jurassic World Alive en el MAPA
[2026-01-23 18:52:00] [INFO] 2️⃣  Presiona 'a' y haz click en ESQUINA SUPERIOR IZQUIERDA del juego
[2026-01-23 18:52:00] [INFO] 3️⃣  Presiona 'a' otra vez y haz click en ESQUINA INFERIOR DERECHA
[2026-01-23 18:52:00] [INFO] 4️⃣  El bot empezará a funcionar automáticamente
[2026-01-23 18:52:00] [INFO] ❌ Presiona 'q' para detener el bot en cualquier momento
[2026-01-23 18:52:00] [INFO] ================================================================================
[2026-01-23 18:52:00] [INFO] 🔧 Inicializando Bot...
[2026-01-23 18:52:00] [INFO] ⏱️  Tiempo límite configurado: 4 horas
[2026-01-23 18:53:08] [INFO] 🔘 Tecla 'a' presionada
[2026-01-23 18:53:08] [INFO] ✅ Primer punto capturado: (770, 50)
[2026-01-23 18:53:08] [INFO] 👉 Ahora presiona 'a' de nuevo y haz click en la esquina inferior derecha
[2026-01-23 18:53:11] [INFO] 🔘 Tecla 'a' presionada
[2026-01-23 18:53:11] [INFO] ✅ Segundo punto capturado: (1339, 1003)
[2026-01-23 18:53:11] [INFO] ================================================================================
[2026-01-23 18:53:11] [INFO] 📐 CONFIGURACIÓN DE VENTANA BLUESTACKS
[2026-01-23 18:53:11] [INFO] ================================================================================
[2026-01-23 18:53:11] [INFO] 📍 Posición X: 770px
[2026-01-23 18:53:11] [INFO] 📍 Posición Y: 50px
[2026-01-23 18:53:11] [INFO] 📏 Ancho (W): 569px
[2026-01-23 18:53:11] [INFO] 📏 Alto (H): 953px
[2026-01-23 18:53:11] [INFO] 🎯 Esquina superior izquierda: (770, 50)
[2026-01-23 18:53:11] [INFO] 🎯 Esquina inferior derecha: (1339, 1003)
[2026-01-23 18:53:11] [INFO] ================================================================================
[2026-01-23 18:53:11] [INFO] 🎯 Shooting zone: Y[263-726] X[11-485]
[2026-01-23 18:53:11] [INFO] 🚀 Launch button: Y[745-816] X[156-366]
[2026-01-23 18:53:11] [INFO] ⏱️  Cooldown text area: Y[516-665] X[156-366]
[2026-01-23 18:53:11] [INFO] 📝 Supply text area: Y[47-142] X[113-455]
[2026-01-23 18:53:11] [INFO] 📸 Capturando vista inicial del mapa para análisis...
[2026-01-23 18:53:12] [INFO] ✅ Captura inicial guardada: map_initial_20260123_185312.png
[2026-01-23 18:53:12] [INFO] 🚀 Calibración completa! El bot comenzará a operar...
[2026-01-23 18:53:13] [DEBUG] 🪙 Verificando monedas...
[2026-01-23 18:53:13] [INFO] 🪙 Recolectando 1 monedas válidas...
[2026-01-23 18:53:14] [DEBUG] 📦 Verificando supply drops...
[2026-01-23 18:53:14] [DEBUG] 🔍 Buscando supply drops...
[2026-01-23 18:53:14] [DEBUG]    📊 Supply color range: R[160-255] G[60-255] B[0-120]
[2026-01-23 18:53:14] [DEBUG]    📊 Event color range: R[0-180] G[120-255] B[0-180]
[2026-01-23 18:53:14] [DEBUG]    📐 Zona analizada: (463, 474, 3)
[2026-01-23 18:53:14] [DEBUG]    🎨 Píxeles detectados inicialmente: 128452
[2026-01-23 18:53:14] [DEBUG]    🔢 Componentes detectados: 38
[2026-01-23 18:53:14] [DEBUG]    ✅ Supply drop #1: 132336 píxeles en posición (475, 239)
[2026-01-23 18:53:14] [DEBUG]    ✅ Supply drop #2: 49 píxeles en posición (264, 270)
[2026-01-23 18:53:14] [DEBUG]    ✅ Supply drop #6: 27 píxeles en posición (300, 71)
[2026-01-23 18:53:14] [DEBUG]    ✅ Supply drop #8: 21 píxeles en posición (310, 12)
[2026-01-23 18:53:14] [DEBUG]    ✅ Supply drop #13: 12304 píxeles en posición (451, 365)
[2026-01-23 18:53:14] [DEBUG]    ✅ Supply drop #15: 40 píxeles en posición (442, 274)
[2026-01-23 18:53:14] [DEBUG]    ✅ Supply drop #16: 39 píxeles en posición (450, 244)
[2026-01-23 18:53:14] [DEBUG]    ✅ Supply drop #18: 46 píxeles en posición (457, 222)
[2026-01-23 18:53:14] [DEBUG]    ✅ Supply drop #19: 52 píxeles en posición (466, 189)
[2026-01-23 18:53:14] [DEBUG]    ✅ Supply drop #20: 56 píxeles en posición (476, 153)
[2026-01-23 18:53:14] [DEBUG]    ✅ Supply drop #22: 59 píxeles en posición (482, 452)
[2026-01-23 18:53:14] [DEBUG]    ✅ Supply drop #28: 1629 píxeles en posición (715, 266)
[2026-01-23 18:53:14] [DEBUG]    ✅ Supply drop #29: 47 píxeles en posición (703, 308)
[2026-01-23 18:53:14] [DEBUG]    ✅ Supply drop #36: 49 píxeles en posición (719, 403)
[2026-01-23 18:53:14] [DEBUG]    ✅ Supply drop #37: 65 píxeles en posición (722, 425)
[2026-01-23 18:53:14] [DEBUG]    ✅ Supply drop #38: 115 píxeles en posición (722, 147)
[2026-01-23 18:53:14] [INFO] 🟠 [SUPPLY DROP] Detectados 16 supply drops: [[475, 239], [264, 270], [300, 71], [310, 12], [451, 365], [442, 274], [450, 244], [457, 222], [466, 189], [476, 153], [482, 452], [715, 266], [703, 308], [719, 403], [722, 425], [722, 147]]
[2026-01-23 18:53:14] [DEBUG] ⛔ [SUPPLY] Posición (719, 403) en zona excluida: Inferior derecha (Nuevo/Mochila)
[2026-01-23 18:53:14] [DEBUG] ⛔ [SUPPLY] Posición (722, 425) en zona excluida: Inferior derecha (Nuevo/Mochila)
[2026-01-23 18:53:14] [DEBUG] ⛔ [SUPPLY] Posición (722, 147) en zona excluida: Inferior izquierda (Especial/Extra)
[2026-01-23 18:53:14] [INFO] 📦 Recolectando 13 supply drops válidos...
[2026-01-23 18:53:16] [DEBUG] 🔍 Determinando estado del objeto...
[2026-01-23 18:53:16] [DEBUG]    📐 Área botón lanzar: (71, 210, 3)
[2026-01-23 18:53:16] [DEBUG]    📐 Área texto supply: (95, 342, 3)
[2026-01-23 18:53:16] [DEBUG]    📐 Área cooldown: (149, 210, 3)
[2026-01-23 18:53:17] [INFO] 📝 [OCR] Botón: '\UNETEAHORA'
[2026-01-23 18:53:17] [INFO] 📝 [OCR] Texto: 'AE,SAEESEPICO'
[2026-01-23 18:53:17] [INFO] 📝 [OCR] Combinado: '\UNETEAHORA AE,SAEESEPICO'
[2026-01-23 18:53:17] [WARNING] ⛔ [EXCLUIDO] Dinosaurio fuera de rango (VIP requerido)
[2026-01-23 18:53:17] [WARNING] ⚠️  Objeto no identificado como supply drop - Saliendo...
[2026-01-23 18:53:22] [DEBUG] 🔍 Determinando estado del objeto...
[2026-01-23 18:53:22] [DEBUG]    📐 Área botón lanzar: (71, 210, 3)
[2026-01-23 18:53:22] [DEBUG]    📐 Área texto supply: (95, 342, 3)
[2026-01-23 18:53:22] [DEBUG]    📐 Área cooldown: (149, 210, 3)
[2026-01-23 18:53:23] [INFO] 📝 [OCR] Botón: 'LANZAR'
[2026-01-23 18:53:23] [INFO] 📝 [OCR] Texto: '~"RARO'
[2026-01-23 18:53:23] [INFO] 📝 [OCR] Combinado: 'LANZAR ~"RARO'
[2026-01-23 18:53:23] [DEBUG]    🦖 Palabras clave de DINO detectadas
[2026-01-23 18:53:23] [INFO] ✅ [ESTADO DETECTADO] DINO
[2026-01-23 18:53:23] [WARNING] ⚠️  OCR detectó 'dino' pero viene de filtered_positions - FORZANDO como SUPPLY
[2026-01-23 18:53:39] [INFO] ================================================================================
[2026-01-23 18:53:39] [INFO] ⛔ BOT DETENIDO POR USUARIO (Ctrl+C o 'q')
[2026-01-23 18:53:39] [INFO] ================================================================================
[2026-01-23 18:53:39] [INFO] 📊 RESUMEN DE RECURSOS COLECTADOS:
[2026-01-23 18:53:39] [INFO] --------------------------------------------------------------------------------
[2026-01-23 18:53:39] [INFO] 📦 SUMINISTROS: Ninguno
[2026-01-23 18:53:39] [INFO] 🦖 DINOSAURIOS: Ninguno
[2026-01-23 18:53:39] [INFO] ================================================================================
[2026-01-23 18:53:39] [INFO] ✅ Sesión finalizada. Log guardado en carpeta 'logs/'
[2026-01-23 18:53:39] [INFO] ================================================================================
