[2026-01-23 18:56:45] [INFO] ================================================================================
[2026-01-23 18:56:45] [INFO] 🦖 JURASSIC WORLD ALIVE BOT - INICIADO
[2026-01-23 18:56:45] [INFO] ================================================================================
[2026-01-23 18:56:45] [INFO] 📁 Log guardado en: logs/bot_log_20260123_185645.log
[2026-01-23 18:56:45] [INFO] ================================================================================
[2026-01-23 18:56:45] [INFO] 🎮 INSTRUCCIONES DE CALIBRACIÓN
[2026-01-23 18:56:45] [INFO] ================================================================================
[2026-01-23 18:56:45] [INFO] 1️⃣  Abre BlueStacks con Jurassic World Alive en el MAPA
[2026-01-23 18:56:45] [INFO] 2️⃣  Presiona 'a' y haz click en ESQUINA SUPERIOR IZQUIERDA del juego
[2026-01-23 18:56:45] [INFO] 3️⃣  Presiona 'a' otra vez y haz click en ESQUINA INFERIOR DERECHA
[2026-01-23 18:56:45] [INFO] 4️⃣  El bot empezará a funcionar automáticamente
[2026-01-23 18:56:45] [INFO] ❌ Presiona 'q' para detener el bot en cualquier momento
[2026-01-23 18:56:45] [INFO] ================================================================================
[2026-01-23 18:56:45] [INFO] 🔧 Inicializando Bot...
[2026-01-23 18:56:45] [INFO] ⏱️  Tiempo límite configurado: 4 horas
[2026-01-23 18:56:56] [INFO] 🔘 Tecla 'a' presionada
[2026-01-23 18:56:56] [INFO] ✅ Primer punto capturado: (768, 49)
[2026-01-23 18:56:56] [INFO] 👉 Ahora presiona 'a' de nuevo y haz click en la esquina inferior derecha
[2026-01-23 18:57:00] [INFO] 🔘 Tecla 'a' presionada
[2026-01-23 18:57:00] [INFO] ✅ Segundo punto capturado: (1339, 1000)
[2026-01-23 18:57:00] [INFO] ================================================================================
[2026-01-23 18:57:00] [INFO] 📐 CONFIGURACIÓN DE VENTANA BLUESTACKS
[2026-01-23 18:57:00] [INFO] ================================================================================
[2026-01-23 18:57:00] [INFO] 📍 Posición X: 768px
[2026-01-23 18:57:00] [INFO] 📍 Posición Y: 49px
[2026-01-23 18:57:00] [INFO] 📏 Ancho (W): 571px
[2026-01-23 18:57:00] [INFO] 📏 Alto (H): 951px
[2026-01-23 18:57:00] [INFO] 🎯 Esquina superior izquierda: (768, 49)
[2026-01-23 18:57:00] [INFO] 🎯 Esquina inferior derecha: (1339, 1000)
[2026-01-23 18:57:00] [INFO] ================================================================================
[2026-01-23 18:57:00] [INFO] 🎯 Shooting zone: Y[263-724] X[11-486]
[2026-01-23 18:57:00] [INFO] 🚀 Launch button: Y[743-814] X[156-368]
[2026-01-23 18:57:00] [INFO] ⏱️  Cooldown text area: Y[514-663] X[156-368]
[2026-01-23 18:57:00] [INFO] 📝 Supply text area: Y[47-142] X[114-456]
[2026-01-23 18:57:00] [INFO] 📸 Capturando vista inicial del mapa para análisis...
[2026-01-23 18:57:00] [INFO] ✅ Captura inicial guardada: map_initial_20260123_185700.png
[2026-01-23 18:57:00] [INFO] 🚀 Calibración completa! El bot comenzará a operar...
[2026-01-23 18:57:01] [DEBUG] 🪙 Verificando monedas...
[2026-01-23 18:57:01] [INFO] 🪙 Recolectando 3 monedas válidas...
[2026-01-23 18:57:04] [WARNING] ⚠️  [FALLBACK] Detectada X de salida - Clickeando para salir de pantalla problemática
[2026-01-23 18:57:06] [DEBUG] 📦 Verificando supply drops...
[2026-01-23 18:57:06] [DEBUG] 🔍 Buscando supply drops...
[2026-01-23 18:57:06] [DEBUG]    📊 Supply color range: R[160-255] G[60-255] B[0-120]
[2026-01-23 18:57:06] [DEBUG]    📊 Event color range: R[0-180] G[120-255] B[0-180]
[2026-01-23 18:57:06] [DEBUG]    📐 Zona analizada: (461, 475, 3)
[2026-01-23 18:57:06] [DEBUG]    🎨 Píxeles detectados inicialmente: 107021
[2026-01-23 18:57:06] [DEBUG]    🔢 Componentes detectados: 181
[2026-01-23 18:57:06] [DEBUG]    ✅ Supply drop #1: 121925 píxeles en posición (465, 221)
[2026-01-23 18:57:06] [DEBUG]    ✅ Supply drop #2: 40 píxeles en posición (266, 139)
[2026-01-23 18:57:06] [DEBUG]    ✅ Supply drop #5: 55 píxeles en posición (289, 108)
[2026-01-23 18:57:06] [DEBUG]    ✅ Supply drop #12: 37 píxeles en posición (303, 114)
[2026-01-23 18:57:06] [DEBUG]    ✅ Supply drop #23: 21 píxeles en posición (370, 386)
[2026-01-23 18:57:06] [DEBUG]    ✅ Supply drop #33: 53 píxeles en posición (390, 174)
[2026-01-23 18:57:06] [DEBUG]    ✅ Supply drop #34: 25 píxeles en posición (393, 484)
[2026-01-23 18:57:06] [DEBUG]    ✅ Supply drop #41: 25 píxeles en posición (405, 479)
[2026-01-23 18:57:06] [DEBUG]    ✅ Supply drop #45: 26 píxeles en posición (416, 475)
[2026-01-23 18:57:06] [DEBUG]    ✅ Supply drop #46: 27 píxeles en posición (427, 470)
[2026-01-23 18:57:06] [DEBUG]    ✅ Supply drop #50: 29 píxeles en posición (438, 121)
[2026-01-23 18:57:06] [DEBUG]    ✅ Supply drop #53: 30 píxeles en posición (441, 465)
[2026-01-23 18:57:06] [DEBUG]    ✅ Supply drop #54: 3453 píxeles en posición (542, 464)
[2026-01-23 18:57:06] [DEBUG]    ✅ Supply drop #55: 28 píxeles en posición (449, 105)
[2026-01-23 18:57:06] [DEBUG]    ✅ Supply drop #56: 29 píxeles en posición (450, 32)
[2026-01-23 18:57:06] [DEBUG]    ✅ Supply drop #57: 32 píxeles en posición (453, 460)
[2026-01-23 18:57:06] [DEBUG]    ✅ Supply drop #58: 35 píxeles en posición (466, 455)
[2026-01-23 18:57:06] [DEBUG]    ✅ Supply drop #62: 39 píxeles en posición (483, 449)
[2026-01-23 18:57:06] [DEBUG]    ✅ Supply drop #63: 42 píxeles en posición (498, 443)
[2026-01-23 18:57:06] [DEBUG]    ✅ Supply drop #65: 17 píxeles en posición (502, 338)
[2026-01-23 18:57:06] [DEBUG]    ✅ Supply drop #68: 35 píxeles en posición (512, 455)
[2026-01-23 18:57:06] [DEBUG]    ✅ Supply drop #69: 43 píxeles en posición (515, 436)
[2026-01-23 18:57:06] [DEBUG]    ✅ Supply drop #70: 54 píxeles en posición (536, 428)
[2026-01-23 18:57:06] [DEBUG]    ✅ Supply drop #72: 59 píxeles en posición (555, 420)
[2026-01-23 18:57:06] [DEBUG]    ✅ Supply drop #75: 66 píxeles en posición (575, 412)
[2026-01-23 18:57:06] [DEBUG]    ✅ Supply drop #79: 23 píxeles en posición (583, 444)
[2026-01-23 18:57:06] [DEBUG]    ✅ Supply drop #82: 42 píxeles en posición (591, 452)
[2026-01-23 18:57:06] [DEBUG]    ✅ Supply drop #87: 208 píxeles en posición (617, 400)
[2026-01-23 18:57:06] [DEBUG]    ✅ Supply drop #88: 324 píxeles en posición (617, 431)
[2026-01-23 18:57:06] [DEBUG]    ✅ Supply drop #91: 47 píxeles en posición (619, 457)
[2026-01-23 18:57:06] [DEBUG]    ✅ Supply drop #99: 1098 píxeles en posición (657, 442)
[2026-01-23 18:57:06] [DEBUG]    ✅ Supply drop #100: 30 píxeles en posición (638, 482)
[2026-01-23 18:57:06] [DEBUG]    ✅ Supply drop #108: 33 píxeles en posición (639, 470)
[2026-01-23 18:57:06] [DEBUG]    ✅ Supply drop #109: 120 píxeles en posición (648, 384)
[2026-01-23 18:57:06] [DEBUG]    ✅ Supply drop #122: 113 píxeles en posición (680, 371)
[2026-01-23 18:57:06] [DEBUG]    ✅ Supply drop #124: 945 píxeles en posición (704, 76)
[2026-01-23 18:57:06] [DEBUG]    ✅ Supply drop #138: 116 píxeles en posición (694, 128)
[2026-01-23 18:57:06] [DEBUG]    ✅ Supply drop #147: 528 píxeles en posición (713, 468)
[2026-01-23 18:57:06] [DEBUG]    ✅ Supply drop #152: 149 píxeles en posición (712, 358)
[2026-01-23 18:57:06] [DEBUG]    ✅ Supply drop #161: 128 píxeles en posición (710, 164)
[2026-01-23 18:57:06] [DEBUG]    ✅ Supply drop #176: 17 píxeles en posición (721, 137)
[2026-01-23 18:57:06] [INFO] 🟠 [SUPPLY DROP] Detectados 41 supply drops: [[465, 221], [266, 139], [289, 108], [303, 114], [370, 386], [390, 174], [393, 484], [405, 479], [416, 475], [427, 470], [438, 121], [441, 465], [542, 464], [449, 105], [450, 32], [453, 460], [466, 455], [483, 449], [498, 443], [502, 338], [512, 455], [515, 436], [536, 428], [555, 420], [575, 412], [583, 444], [591, 452], [617, 400], [617, 431], [619, 457], [657, 442], [638, 482], [639, 470], [648, 384], [680, 371], [704, 76], [694, 128], [713, 468], [712, 358], [710, 164], [721, 137]]
[2026-01-23 18:57:06] [DEBUG] ⛔ [SUPPLY] Posición (617, 400) en zona excluida: Inferior derecha (Nuevo/Mochila)
[2026-01-23 18:57:06] [DEBUG] ⛔ [SUPPLY] Posición (617, 431) en zona excluida: Inferior derecha (Nuevo/Mochila)
[2026-01-23 18:57:06] [DEBUG] ⛔ [SUPPLY] Posición (619, 457) en zona excluida: Inferior derecha (Nuevo/Mochila)
[2026-01-23 18:57:06] [DEBUG] ⛔ [SUPPLY] Posición (657, 442) en zona excluida: Inferior derecha (Nuevo/Mochila)
[2026-01-23 18:57:06] [DEBUG] ⛔ [SUPPLY] Posición (638, 482) en zona excluida: Inferior derecha (Nuevo/Mochila)
[2026-01-23 18:57:06] [DEBUG] ⛔ [SUPPLY] Posición (639, 470) en zona excluida: Inferior derecha (Nuevo/Mochila)
[2026-01-23 18:57:06] [DEBUG] ⛔ [SUPPLY] Posición (704, 76) en zona excluida: Inferior izquierda (Especial/Extra)
[2026-01-23 18:57:06] [DEBUG] ⛔ [SUPPLY] Posición (694, 128) en zona excluida: Inferior izquierda (Especial/Extra)
[2026-01-23 18:57:06] [DEBUG] ⛔ [SUPPLY] Posición (713, 468) en zona excluida: Inferior derecha (Nuevo/Mochila)
[2026-01-23 18:57:06] [DEBUG] ⛔ [SUPPLY] Posición (710, 164) en zona excluida: Inferior izquierda (Especial/Extra)
[2026-01-23 18:57:06] [DEBUG] ⛔ [SUPPLY] Posición (721, 137) en zona excluida: Inferior izquierda (Especial/Extra)
[2026-01-23 18:57:06] [INFO] 📦 Recolectando 30 supply drops válidos...
[2026-01-23 18:57:23] [DEBUG] 🦖 Verificando dinosaurios...
[2026-01-23 18:57:24] [DEBUG] ⛔ [DINO] Posición (602, 449) en zona excluida: Inferior derecha (Nuevo/Mochila)
[2026-01-23 18:57:24] [DEBUG] ⛔ [DINO] Posición (628, 42) en zona excluida: Inferior izquierda (Especial/Extra)
[2026-01-23 18:57:24] [DEBUG] ⛔ [DINO] Posición (649, 54) en zona excluida: Inferior izquierda (Especial/Extra)
[2026-01-23 18:57:24] [DEBUG] ⛔ [DINO] Posición (663, 482) en zona excluida: Inferior derecha (Nuevo/Mochila)
[2026-01-23 18:57:24] [DEBUG] ⛔ [DINO] Posición (668, 54) en zona excluida: Inferior izquierda (Especial/Extra)
[2026-01-23 18:57:24] [DEBUG] ⛔ [DINO] Posición (676, 467) en zona excluida: Inferior derecha (Nuevo/Mochila)
[2026-01-23 18:57:24] [DEBUG] ⛔ [DINO] Posición (679, 73) en zona excluida: Inferior izquierda (Especial/Extra)
[2026-01-23 18:57:24] [DEBUG] ⛔ [DINO] Posición (680, 53) en zona excluida: Inferior izquierda (Especial/Extra)
[2026-01-23 18:57:24] [DEBUG] ⛔ [DINO] Posición (723, 11) en zona excluida: Inferior izquierda (Especial/Extra)
[2026-01-23 18:57:24] [DEBUG] ⛔ [DINO] Posición (690, 485) en zona excluida: Inferior derecha (Nuevo/Mochila)
[2026-01-23 18:57:24] [DEBUG] ⛔ [DINO] Posición (704, 485) en zona excluida: Inferior derecha (Nuevo/Mochila)
[2026-01-23 18:57:24] [INFO] 🦖 Disparando a 44 dinosaurios válidos...
[2026-01-23 18:57:25] [DEBUG] 🔍 Determinando estado del objeto...
[2026-01-23 18:57:25] [DEBUG]    📐 Área botón lanzar: (71, 212, 3)
[2026-01-23 18:57:25] [DEBUG]    📐 Área texto supply: (95, 342, 3)
[2026-01-23 18:57:25] [DEBUG]    📐 Área cooldown: (149, 212, 3)
[2026-01-23 18:57:26] [INFO] 📝 [OCR] Botón: '—<IRSE(__—ER'
[2026-01-23 18:57:26] [INFO] 📝 [OCR] Texto: 'NIVEL9'
[2026-01-23 18:57:26] [INFO] 📝 [OCR] Combinado: '—<IRSE(__—ER NIVEL9'
[2026-01-23 18:57:26] [WARNING] ⛔ [EXCLUIDO] Raid con jefe detectado
[2026-01-23 18:57:30] [DEBUG] 🔍 Determinando estado del objeto...
[2026-01-23 18:57:30] [DEBUG]    📐 Área botón lanzar: (71, 212, 3)
[2026-01-23 18:57:30] [DEBUG]    📐 Área texto supply: (95, 342, 3)
[2026-01-23 18:57:30] [DEBUG]    📐 Área cooldown: (149, 212, 3)
[2026-01-23 18:57:31] [INFO] 📝 [OCR] Botón: 'LANZAR'
[2026-01-23 18:57:31] [INFO] 📝 [OCR] Texto: 'IHEEE|COMUN'
[2026-01-23 18:57:31] [INFO] 📝 [OCR] Combinado: 'LANZAR IHEEE|COMUN'
[2026-01-23 18:57:31] [DEBUG] ⏱️  [OCR] Cooldown: '=)'
[2026-01-23 18:57:31] [DEBUG]    🦖 Palabras clave de DINO detectadas
[2026-01-23 18:57:31] [INFO] ✅ [ESTADO DETECTADO] DINO
[2026-01-23 18:57:46] [WARNING] ⚠️  Forzando disparo #1 (timeout 6s)
[2026-01-23 18:57:52] [WARNING] ⚠️  Forzando disparo #2 (timeout 6s)
[2026-01-23 18:58:32] [DEBUG] 🔍 Determinando estado del objeto...
[2026-01-23 18:58:32] [DEBUG]    📐 Área botón lanzar: (71, 212, 3)
[2026-01-23 18:58:32] [DEBUG]    📐 Área texto supply: (95, 342, 3)
[2026-01-23 18:58:32] [DEBUG]    📐 Área cooldown: (149, 212, 3)
[2026-01-23 18:58:33] [INFO] 📝 [OCR] Botón: ''
[2026-01-23 18:58:33] [INFO] 📝 [OCR] Texto: ''
[2026-01-23 18:58:33] [INFO] 📝 [OCR] Combinado: ' '
[2026-01-23 18:58:33] [WARNING] ❌ [ESTADO DETECTADO] NO IDENTIFICADO - OCR puede haber fallado
[2026-01-23 18:58:33] [WARNING]    💡 Considera activar debug visual para ver qué captura el OCR
[2026-01-23 18:58:36] [DEBUG] 🔍 Determinando estado del objeto...
[2026-01-23 18:58:36] [DEBUG]    📐 Área botón lanzar: (71, 212, 3)
[2026-01-23 18:58:36] [DEBUG]    📐 Área texto supply: (95, 342, 3)
[2026-01-23 18:58:36] [DEBUG]    📐 Área cooldown: (149, 212, 3)
[2026-01-23 18:58:37] [INFO] 📝 [OCR] Botón: 'LANZAR'
[2026-01-23 18:58:37] [INFO] 📝 [OCR] Texto: 'BLEHCIATEDDUETIEANDE'
[2026-01-23 18:58:37] [INFO] 📝 [OCR] Combinado: 'LANZAR BLEHCIATEDDUETIEANDE'
[2026-01-23 18:58:37] [DEBUG] ⏱️  [OCR] Cooldown: 'IM'
[2026-01-23 18:58:37] [DEBUG]    🦖 Palabras clave de DINO detectadas
[2026-01-23 18:58:37] [INFO] ✅ [ESTADO DETECTADO] DINO
[2026-01-23 18:58:52] [WARNING] ⚠️  Forzando disparo #1 (timeout 6s)
[2026-01-23 18:58:59] [WARNING] ⚠️  Forzando disparo #2 (timeout 6s)
[2026-01-23 18:59:36] [DEBUG] 🔍 Determinando estado del objeto...
[2026-01-23 18:59:36] [DEBUG]    📐 Área botón lanzar: (71, 212, 3)
[2026-01-23 18:59:36] [DEBUG]    📐 Área texto supply: (95, 342, 3)
[2026-01-23 18:59:36] [DEBUG]    📐 Área cooldown: (149, 212, 3)
[2026-01-23 18:59:37] [INFO] 📝 [OCR] Botón: ''
[2026-01-23 18:59:37] [INFO] 📝 [OCR] Texto: ''
[2026-01-23 18:59:37] [INFO] 📝 [OCR] Combinado: ' '
[2026-01-23 18:59:37] [WARNING] ❌ [ESTADO DETECTADO] NO IDENTIFICADO - OCR puede haber fallado
[2026-01-23 18:59:37] [WARNING]    💡 Considera activar debug visual para ver qué captura el OCR
[2026-01-23 18:59:40] [DEBUG] 🔍 Determinando estado del objeto...
[2026-01-23 18:59:40] [DEBUG]    📐 Área botón lanzar: (71, 212, 3)
[2026-01-23 18:59:40] [DEBUG]    📐 Área texto supply: (95, 342, 3)
[2026-01-23 18:59:40] [DEBUG]    📐 Área cooldown: (149, 212, 3)
[2026-01-23 18:59:41] [INFO] 📝 [OCR] Botón: 'LANZAR'
[2026-01-23 18:59:41] [INFO] 📝 [OCR] Texto: 'IEEE|VV——'
[2026-01-23 18:59:41] [INFO] 📝 [OCR] Combinado: 'LANZAR IEEE|VV——'
[2026-01-23 18:59:41] [DEBUG] ⏱️  [OCR] Cooldown: 'TH'
[2026-01-23 18:59:41] [DEBUG]    🦖 Palabras clave de DINO detectadas
[2026-01-23 18:59:41] [INFO] ✅ [ESTADO DETECTADO] DINO
[2026-01-23 18:59:56] [WARNING] ⚠️  Forzando disparo #1 (timeout 6s)
[2026-01-23 19:00:02] [WARNING] ⚠️  Forzando disparo #2 (timeout 6s)
[2026-01-23 19:00:38] [DEBUG] 🔍 Determinando estado del objeto...
[2026-01-23 19:00:38] [DEBUG]    📐 Área botón lanzar: (71, 212, 3)
[2026-01-23 19:00:38] [DEBUG]    📐 Área texto supply: (95, 342, 3)
[2026-01-23 19:00:38] [DEBUG]    📐 Área cooldown: (149, 212, 3)
[2026-01-23 19:00:40] [INFO] 📝 [OCR] Botón: 'LANZAR'
[2026-01-23 19:00:40] [INFO] 📝 [OCR] Texto: 'BELDITARADERHEINEIEIINADA©|VVOO—'
[2026-01-23 19:00:40] [INFO] 📝 [OCR] Combinado: 'LANZAR BELDITARADERHEINEIEIINADA©|VVOO—'
[2026-01-23 19:00:40] [DEBUG] ⏱️  [OCR] Cooldown: 'RTD'
[2026-01-23 19:00:40] [DEBUG]    🦖 Palabras clave de DINO detectadas
[2026-01-23 19:00:40] [INFO] ✅ [ESTADO DETECTADO] DINO
[2026-01-23 19:00:55] [WARNING] ⚠️  Forzando disparo #1 (timeout 6s)
[2026-01-23 19:01:01] [WARNING] ⚠️  Forzando disparo #2 (timeout 6s)
[2026-01-23 19:01:44] [WARNING] ⚠️  [FALLBACK] Detectada X de salida - Clickeando para salir de pantalla problemática
[2026-01-23 19:01:46] [INFO] ================================================================================
[2026-01-23 19:01:46] [INFO] ⛔ BOT DETENIDO POR USUARIO (Ctrl+C o 'q')
[2026-01-23 19:01:46] [INFO] ================================================================================
[2026-01-23 19:01:46] [INFO] 📊 RESUMEN DE RECURSOS COLECTADOS:
[2026-01-23 19:01:46] [INFO] --------------------------------------------------------------------------------
[2026-01-23 19:01:46] [INFO] 📦 SUMINISTROS: Ninguno
[2026-01-23 19:01:46] [INFO] 🦖 DINOSAURIOS: Ninguno
[2026-01-23 19:01:46] [INFO] ================================================================================
[2026-01-23 19:01:46] [INFO] ✅ Sesión finalizada. Log guardado en carpeta 'logs/'
[2026-01-23 19:01:46] [INFO] ================================================================================
