[2026-01-31 16:42:54] [INFO] ================================================================================
[2026-01-31 16:42:54] [INFO] 🦖 JURASSIC WORLD ALIVE BOT - INICIADO
[2026-01-31 16:42:54] [INFO] ================================================================================
[2026-01-31 16:42:54] [INFO] 📁 Log guardado en: logs/bot_log_20260131_164254.log
[2026-01-31 16:42:54] [INFO] ================================================================================
[2026-01-31 16:42:54] [INFO] 🎮 INSTRUCCIONES DE CALIBRACIÓN
[2026-01-31 16:42:54] [INFO] ================================================================================
[2026-01-31 16:42:54] [INFO] 1️⃣  Abre BlueStacks con Jurassic World Alive en el MAPA
[2026-01-31 16:42:54] [INFO] 2️⃣  Presiona 'a' y haz click en ESQUINA SUPERIOR IZQUIERDA del juego
[2026-01-31 16:42:54] [INFO] 3️⃣  Presiona 'a' otra vez y haz click en ESQUINA INFERIOR DERECHA
[2026-01-31 16:42:54] [INFO] 4️⃣  El bot empezará a funcionar automáticamente
[2026-01-31 16:42:54] [INFO] ❌ Presiona 'q' para detener el bot en cualquier momento
[2026-01-31 16:42:54] [INFO] ================================================================================
[2026-01-31 16:42:54] [INFO] 🔧 Inicializando Bot...
[2026-01-31 16:42:54] [INFO] ⏱️  Tiempo límite configurado: 10 horas
[2026-01-31 16:42:57] [INFO] 🔘 Tecla 'a' presionada
[2026-01-31 16:42:57] [INFO] ✅ Primer punto capturado: (681, 39)
[2026-01-31 16:42:57] [INFO] 👉 Ahora presiona 'a' de nuevo y haz click en la esquina inferior derecha
[2026-01-31 16:43:03] [INFO] 🔘 Tecla 'a' presionada
[2026-01-31 16:43:03] [INFO] ✅ Segundo punto capturado: (1284, 1048)
[2026-01-31 16:43:03] [INFO] ================================================================================
[2026-01-31 16:43:03] [INFO] 📐 CONFIGURACIÓN DE VENTANA BLUESTACKS
[2026-01-31 16:43:03] [INFO] ================================================================================
[2026-01-31 16:43:03] [INFO] 📍 Posición X: 681px
[2026-01-31 16:43:03] [INFO] 📍 Posición Y: 39px
[2026-01-31 16:43:03] [INFO] 📏 Ancho (W): 603px
[2026-01-31 16:43:03] [INFO] 📏 Alto (H): 1009px
[2026-01-31 16:43:03] [INFO] 🎯 Esquina superior izquierda: (681, 39)
[2026-01-31 16:43:03] [INFO] 🎯 Esquina inferior derecha: (1284, 1048)
[2026-01-31 16:43:03] [INFO] ================================================================================
[2026-01-31 16:43:03] [INFO] 🎯 Shooting zone: Y[279-768] X[12-513]
[2026-01-31 16:43:03] [INFO] 🚀 Launch button: Y[789-864] X[165-388]
[2026-01-31 16:43:03] [INFO] ⏱️  Cooldown text area: Y[546-704] X[165-388]
[2026-01-31 16:43:03] [INFO] 📝 Supply text area: Y[50-151] X[120-482]
[2026-01-31 16:43:03] [INFO] 📸 Capturando vista inicial del mapa para análisis...
[2026-01-31 16:43:04] [INFO] ✅ Captura inicial guardada: map_initial_20260131_164303.png
[2026-01-31 16:43:04] [INFO] 🚀 Calibración completa! El bot comenzará a operar...
[2026-01-31 16:43:05] [DEBUG] 🪙 Verificando monedas...
[2026-01-31 16:43:05] [INFO] 🪙 Recolectando 1 monedas válidas...
[2026-01-31 16:43:06] [DEBUG] 🔍 Determinando estado del objeto...
[2026-01-31 16:43:06] [DEBUG]    📐 Área botón lanzar: (75, 223, 3)
[2026-01-31 16:43:06] [DEBUG]    📐 Área texto supply: (101, 362, 3)
[2026-01-31 16:43:06] [DEBUG]    📐 Área cooldown: (158, 223, 3)
[2026-01-31 16:43:08] [INFO] 📝 [OCR] Botón: '~—LANZAR'
[2026-01-31 16:43:08] [INFO] 📝 [OCR] Texto: ''
[2026-01-31 16:43:08] [INFO] 📝 [OCR] Combinado: '~—LANZAR '
[2026-01-31 16:43:08] [DEBUG]    🦖 Palabras clave de DINO detectadas
[2026-01-31 16:43:08] [INFO] ✅ [ESTADO DETECTADO] DINO
[2026-01-31 16:43:09] [DEBUG] 📦 Verificando supply drops...
[2026-01-31 16:43:09] [DEBUG] 🔍 Buscando supply drops...
[2026-01-31 16:43:09] [DEBUG]    📊 Supply color range: R[160-255] G[60-255] B[0-120]
[2026-01-31 16:43:09] [DEBUG]    📊 Event color range: R[0-180] G[120-255] B[0-180]
[2026-01-31 16:43:09] [DEBUG]    📐 Zona analizada: (489, 501, 3)
[2026-01-31 16:43:09] [DEBUG]    🎨 Píxeles detectados inicialmente: 31221
[2026-01-31 16:43:09] [DEBUG]    🔢 Componentes detectados: 189
[2026-01-31 16:43:09] [DEBUG]    ✅ Supply drop #1: 11103 píxeles en posición (328, 157)
[2026-01-31 16:43:09] [DEBUG]    ✅ Supply drop #3: 704 píxeles en posición (286, 377)
[2026-01-31 16:43:09] [DEBUG]    ✅ Supply drop #5: 40 píxeles en posición (281, 456)
[2026-01-31 16:43:09] [DEBUG]    ✅ Supply drop #6: 5761 píxeles en posición (349, 429)
[2026-01-31 16:43:09] [DEBUG]    ✅ Supply drop #7: 112 píxeles en posición (290, 503)
[2026-01-31 16:43:09] [DEBUG]    ✅ Supply drop #9: 22 píxeles en posición (293, 342)
[2026-01-31 16:43:09] [DEBUG]    ✅ Supply drop #13: 60 píxeles en posición (304, 299)
[2026-01-31 16:43:09] [DEBUG]    ✅ Supply drop #14: 65 píxeles en posición (302, 339)
[2026-01-31 16:43:09] [DEBUG]    ✅ Supply drop #17: 30 píxeles en posición (313, 328)
[2026-01-31 16:43:09] [DEBUG]    ✅ Supply drop #29: 1689 píxeles en posición (419, 331)
[2026-01-31 16:43:09] [DEBUG]    ✅ Supply drop #30: 5538 píxeles en posición (479, 49)
[2026-01-31 16:43:09] [DEBUG]    ✅ Supply drop #52: 31 píxeles en posición (444, 371)
[2026-01-31 16:43:09] [DEBUG]    ✅ Supply drop #56: 7554 píxeles en posición (524, 330)
[2026-01-31 16:43:09] [DEBUG]    ✅ Supply drop #57: 31 píxeles en posición (457, 369)
[2026-01-31 16:43:09] [DEBUG]    ✅ Supply drop #58: 227 píxeles en posición (462, 456)
[2026-01-31 16:43:09] [DEBUG]    ✅ Supply drop #60: 148 píxeles en posición (468, 85)
[2026-01-31 16:43:09] [DEBUG]    ✅ Supply drop #62: 1542 píxeles en posición (519, 222)
[2026-01-31 16:43:09] [DEBUG]    ✅ Supply drop #68: 164 píxeles en posición (520, 201)
[2026-01-31 16:43:09] [DEBUG]    ✅ Supply drop #69: 221 píxeles en posición (528, 422)
[2026-01-31 16:43:09] [DEBUG]    ✅ Supply drop #72: 31 píxeles en posición (542, 399)
[2026-01-31 16:43:09] [DEBUG]    ✅ Supply drop #76: 324 píxeles en posición (566, 23)
[2026-01-31 16:43:09] [DEBUG]    ✅ Supply drop #86: 44 píxeles en posición (576, 327)
[2026-01-31 16:43:09] [DEBUG]    ✅ Supply drop #96: 405 píxeles en posición (630, 145)
[2026-01-31 16:43:09] [DEBUG]    ✅ Supply drop #112: 65 píxeles en posición (618, 248)
[2026-01-31 16:43:09] [DEBUG]    ✅ Supply drop #118: 93 píxeles en posición (627, 341)
[2026-01-31 16:43:09] [DEBUG]    ✅ Supply drop #119: 28 píxeles en posición (632, 190)
[2026-01-31 16:43:09] [DEBUG]    ✅ Supply drop #122: 73 píxeles en posición (638, 172)
[2026-01-31 16:43:09] [DEBUG]    ✅ Supply drop #123: 252 píxeles en posición (648, 26)
[2026-01-31 16:43:09] [DEBUG]    ✅ Supply drop #124: 41 píxeles en posición (660, 434)
[2026-01-31 16:43:09] [DEBUG]    ✅ Supply drop #126: 249 píxeles en posición (684, 79)
[2026-01-31 16:43:09] [DEBUG]    ✅ Supply drop #133: 64 píxeles en posición (702, 27)
[2026-01-31 16:43:09] [DEBUG]    ✅ Supply drop #134: 16 píxeles en posición (684, 62)
[2026-01-31 16:43:09] [DEBUG]    ✅ Supply drop #135: 105 píxeles en posición (690, 329)
[2026-01-31 16:43:09] [DEBUG]    ✅ Supply drop #136: 54 píxeles en posición (693, 44)
[2026-01-31 16:43:09] [DEBUG]    ✅ Supply drop #143: 49 píxeles en posición (706, 41)
[2026-01-31 16:43:09] [DEBUG]    ✅ Supply drop #146: 48 píxeles en posición (714, 74)
[2026-01-31 16:43:09] [DEBUG]    ✅ Supply drop #147: 25 píxeles en posición (717, 15)
[2026-01-31 16:43:09] [DEBUG]    ✅ Supply drop #148: 439 píxeles en posición (736, 317)
[2026-01-31 16:43:09] [DEBUG]    ✅ Supply drop #154: 1808 píxeles en posición (754, 52)
[2026-01-31 16:43:09] [DEBUG]    ✅ Supply drop #177: 68 píxeles en posición (764, 316)
[2026-01-31 16:43:09] [DEBUG]    ✅ Supply drop #180: 17 píxeles en posición (762, 133)
[2026-01-31 16:43:09] [DEBUG]    ✅ Supply drop #189: 16 píxeles en posición (766, 170)
[2026-01-31 16:43:09] [INFO] 🟠 [SUPPLY DROP] Detectados 42 supply drops: [[328, 157], [286, 377], [281, 456], [349, 429], [290, 503], [293, 342], [304, 299], [302, 339], [313, 328], [419, 331], [479, 49], [444, 371], [524, 330], [457, 369], [462, 456], [468, 85], [519, 222], [520, 201], [528, 422], [542, 399], [566, 23], [576, 327], [630, 145], [618, 248], [627, 341], [632, 190], [638, 172], [648, 26], [660, 434], [684, 79], [702, 27], [684, 62], [690, 329], [693, 44], [706, 41], [714, 74], [717, 15], [736, 317], [754, 52], [764, 316], [762, 133], [766, 170]]
[2026-01-31 16:43:09] [DEBUG] ⛔ [SUPPLY] Posición (479, 49) en zona excluida: Borde izquierdo
[2026-01-31 16:43:09] [DEBUG] ⛔ [SUPPLY] Posición (566, 23) en zona excluida: Borde izquierdo
[2026-01-31 16:43:09] [DEBUG] ⛔ [SUPPLY] Posición (630, 145) en zona excluida: Barra inferior completa
[2026-01-31 16:43:09] [DEBUG] ⛔ [SUPPLY] Posición (632, 190) en zona excluida: Barra inferior completa
[2026-01-31 16:43:09] [DEBUG] ⛔ [SUPPLY] Posición (638, 172) en zona excluida: Barra inferior completa
[2026-01-31 16:43:09] [DEBUG] ⛔ [SUPPLY] Posición (648, 26) en zona excluida: Barra inferior completa
[2026-01-31 16:43:09] [DEBUG] ⛔ [SUPPLY] Posición (660, 434) en zona excluida: Barra inferior completa
[2026-01-31 16:43:09] [DEBUG] ⛔ [SUPPLY] Posición (684, 79) en zona excluida: Barra inferior completa
[2026-01-31 16:43:09] [DEBUG] ⛔ [SUPPLY] Posición (702, 27) en zona excluida: Barra inferior completa
[2026-01-31 16:43:09] [DEBUG] ⛔ [SUPPLY] Posición (684, 62) en zona excluida: Barra inferior completa
[2026-01-31 16:43:09] [DEBUG] ⛔ [SUPPLY] Posición (690, 329) en zona excluida: Barra inferior completa
[2026-01-31 16:43:09] [DEBUG] ⛔ [SUPPLY] Posición (693, 44) en zona excluida: Barra inferior completa
[2026-01-31 16:43:09] [DEBUG] ⛔ [SUPPLY] Posición (706, 41) en zona excluida: Barra inferior completa
[2026-01-31 16:43:09] [DEBUG] ⛔ [SUPPLY] Posición (714, 74) en zona excluida: Barra inferior completa
[2026-01-31 16:43:09] [DEBUG] ⛔ [SUPPLY] Posición (717, 15) en zona excluida: Barra inferior completa
[2026-01-31 16:43:09] [DEBUG] ⛔ [SUPPLY] Posición (736, 317) en zona excluida: Barra inferior completa
[2026-01-31 16:43:09] [DEBUG] ⛔ [SUPPLY] Posición (754, 52) en zona excluida: Barra inferior completa
[2026-01-31 16:43:09] [DEBUG] ⛔ [SUPPLY] Posición (764, 316) en zona excluida: Barra inferior completa
[2026-01-31 16:43:09] [DEBUG] ⛔ [SUPPLY] Posición (762, 133) en zona excluida: Barra inferior completa
[2026-01-31 16:43:09] [DEBUG] ⛔ [SUPPLY] Posición (766, 170) en zona excluida: Barra inferior completa
[2026-01-31 16:43:09] [INFO] 📦 Recolectando 22 supply drops válidos...
[2026-01-31 16:43:10] [DEBUG] ⏭️  Click en (328, 157) no abrió nada - Saltando objeto
[2026-01-31 16:43:11] [DEBUG] ⏭️  Click en (286, 377) no abrió nada - Saltando objeto
[2026-01-31 16:43:12] [DEBUG] ⏭️  Click en (281, 456) no abrió nada - Saltando objeto
[2026-01-31 16:43:13] [DEBUG] ⏭️  Click en (349, 429) no abrió nada - Saltando objeto
[2026-01-31 16:43:14] [DEBUG] ⏭️  Click en (290, 503) no abrió nada - Saltando objeto
[2026-01-31 16:43:16] [DEBUG] ⏭️  Click en (293, 342) no abrió nada - Saltando objeto
[2026-01-31 16:43:17] [DEBUG] ⏭️  Click en (304, 299) no abrió nada - Saltando objeto
[2026-01-31 16:43:18] [DEBUG] ⏭️  Click en (302, 339) no abrió nada - Saltando objeto
[2026-01-31 16:43:19] [DEBUG] ⏭️  Click en (313, 328) no abrió nada - Saltando objeto
[2026-01-31 16:43:21] [DEBUG] 🔍 Determinando estado del objeto...
[2026-01-31 16:43:21] [DEBUG]    📐 Área botón lanzar: (75, 223, 3)
[2026-01-31 16:43:21] [DEBUG]    📐 Área texto supply: (101, 362, 3)
[2026-01-31 16:43:21] [DEBUG]    📐 Área cooldown: (158, 223, 3)
[2026-01-31 16:43:22] [INFO] 📝 [OCR] Botón: ''
[2026-01-31 16:43:22] [INFO] 📝 [OCR] Texto: ''
[2026-01-31 16:43:22] [INFO] 📝 [OCR] Combinado: ' '
[2026-01-31 16:43:22] [WARNING] ❌ [ESTADO DETECTADO] NO IDENTIFICADO - OCR puede haber fallado
[2026-01-31 16:43:22] [WARNING]    💡 Considera activar debug visual para ver qué captura el OCR
[2026-01-31 16:43:23] [DEBUG] 🔍 Evaluando force-supply: filtered_positions=True, state=''
[2026-01-31 16:43:23] [WARNING] ⚠️  OCR detectó '' pero viene de filtered_positions - FORZANDO como SUPPLY
[2026-01-31 16:43:23] [DEBUG] 🔍 Valor de state antes del if: 'supply' (type: <class 'str'>)
[2026-01-31 16:43:23] [DEBUG] 🔍 Evaluando: state == 'supply' → True
[2026-01-31 16:43:23] [DEBUG] 🔍 Evaluando: state == 'event' → False
[2026-01-31 16:43:23] [INFO] 🎁 Recolectando SUPPLY...
[2026-01-31 16:43:27] [DEBUG]    Click recolección 1/3
[2026-01-31 16:43:29] [DEBUG]    Click recolección 2/3
[2026-01-31 16:43:30] [DEBUG]    Click recolección 3/3
[2026-01-31 16:43:30] [DEBUG]    Supply aún abierto, buscando botón para cerrar...
[2026-01-31 16:43:31] [INFO] ✅ SUPPLY procesado
[2026-01-31 16:43:32] [DEBUG] ⏭️  Click en (444, 371) no abrió nada - Saltando objeto
[2026-01-31 16:43:33] [DEBUG] ⏭️  Click en (524, 330) no abrió nada - Saltando objeto
[2026-01-31 16:43:36] [DEBUG] 🔍 Determinando estado del objeto...
[2026-01-31 16:43:36] [DEBUG]    📐 Área botón lanzar: (75, 223, 3)
[2026-01-31 16:43:36] [DEBUG]    📐 Área texto supply: (101, 362, 3)
[2026-01-31 16:43:36] [DEBUG]    📐 Área cooldown: (158, 223, 3)
[2026-01-31 16:43:37] [INFO] 📝 [OCR] Botón: ''
[2026-01-31 16:43:37] [INFO] 📝 [OCR] Texto: ''
[2026-01-31 16:43:37] [INFO] 📝 [OCR] Combinado: ' '
[2026-01-31 16:43:37] [WARNING] ❌ [ESTADO DETECTADO] NO IDENTIFICADO - OCR puede haber fallado
[2026-01-31 16:43:37] [WARNING]    💡 Considera activar debug visual para ver qué captura el OCR
[2026-01-31 16:43:38] [DEBUG] 🔍 Evaluando force-supply: filtered_positions=True, state=''
[2026-01-31 16:43:38] [WARNING] ⚠️  OCR detectó '' pero viene de filtered_positions - FORZANDO como SUPPLY
[2026-01-31 16:43:38] [DEBUG] 🔍 Valor de state antes del if: 'supply' (type: <class 'str'>)
[2026-01-31 16:43:38] [DEBUG] 🔍 Evaluando: state == 'supply' → True
[2026-01-31 16:43:38] [DEBUG] 🔍 Evaluando: state == 'event' → False
[2026-01-31 16:43:38] [INFO] 🎁 Recolectando SUPPLY...
[2026-01-31 16:43:42] [DEBUG]    Click recolección 1/3
[2026-01-31 16:43:43] [DEBUG]    Click recolección 2/3
[2026-01-31 16:43:45] [DEBUG]    Click recolección 3/3
[2026-01-31 16:43:45] [INFO] ✅ SUPPLY procesado
[2026-01-31 16:43:46] [DEBUG] ⏭️  Click en (462, 456) no abrió nada - Saltando objeto
[2026-01-31 16:43:47] [DEBUG] ⏭️  Click en (468, 85) no abrió nada - Saltando objeto
[2026-01-31 16:43:48] [DEBUG] ⏭️  Click en (519, 222) no abrió nada - Saltando objeto
[2026-01-31 16:43:49] [DEBUG] ⏭️  Click en (520, 201) no abrió nada - Saltando objeto
[2026-01-31 16:43:51] [DEBUG] ⏭️  Click en (528, 422) no abrió nada - Saltando objeto
[2026-01-31 16:43:52] [DEBUG] ⏭️  Click en (542, 399) no abrió nada - Saltando objeto
[2026-01-31 16:43:53] [DEBUG] ⏭️  Click en (576, 327) no abrió nada - Saltando objeto
[2026-01-31 16:43:54] [DEBUG] ⏭️  Click en (618, 248) no abrió nada - Saltando objeto
[2026-01-31 16:43:55] [DEBUG] ⏭️  Click en (627, 341) no abrió nada - Saltando objeto
[2026-01-31 16:43:55] [DEBUG] 🦖 Verificando dinosaurios...
[2026-01-31 16:43:55] [DEBUG] ⛔ [DINO] Posición (320, 34) en zona excluida: Borde izquierdo
[2026-01-31 16:43:55] [DEBUG] ⛔ [DINO] Posición (320, 50) en zona excluida: Borde izquierdo
[2026-01-31 16:43:55] [DEBUG] ⛔ [DINO] Posición (488, 12) en zona excluida: Borde izquierdo
[2026-01-31 16:43:55] [DEBUG] ⛔ [DINO] Posición (611, 12) en zona excluida: Borde izquierdo
[2026-01-31 16:43:55] [DEBUG] ⛔ [DINO] Posición (552, 28) en zona excluida: Borde izquierdo
[2026-01-31 16:43:55] [DEBUG] ⛔ [DINO] Posición (634, 173) en zona excluida: Barra inferior completa
[2026-01-31 16:43:55] [DEBUG] ⛔ [DINO] Posición (648, 429) en zona excluida: Barra inferior completa
[2026-01-31 16:43:55] [DEBUG] ⛔ [DINO] Posición (638, 27) en zona excluida: Barra inferior completa
[2026-01-31 16:43:55] [DEBUG] ⛔ [DINO] Posición (654, 165) en zona excluida: Barra inferior completa
[2026-01-31 16:43:55] [DEBUG] ⛔ [DINO] Posición (652, 110) en zona excluida: Barra inferior completa
[2026-01-31 16:43:55] [DEBUG] ⛔ [DINO] Posición (650, 366) en zona excluida: Barra inferior completa
[2026-01-31 16:43:55] [DEBUG] ⛔ [DINO] Posición (660, 145) en zona excluida: Barra inferior completa
[2026-01-31 16:43:55] [DEBUG] ⛔ [DINO] Posición (665, 294) en zona excluida: Barra inferior completa
[2026-01-31 16:43:55] [DEBUG] ⛔ [DINO] Posición (665, 399) en zona excluida: Barra inferior completa
[2026-01-31 16:43:55] [DEBUG] ⛔ [DINO] Posición (666, 425) en zona excluida: Barra inferior completa
[2026-01-31 16:43:55] [DEBUG] ⛔ [DINO] Posición (673, 95) en zona excluida: Barra inferior completa
[2026-01-31 16:43:55] [DEBUG] ⛔ [DINO] Posición (676, 69) en zona excluida: Barra inferior completa
[2026-01-31 16:43:55] [DEBUG] ⛔ [DINO] Posición (680, 196) en zona excluida: Barra inferior completa
[2026-01-31 16:43:55] [DEBUG] ⛔ [DINO] Posición (688, 31) en zona excluida: Barra inferior completa
[2026-01-31 16:43:55] [DEBUG] ⛔ [DINO] Posición (698, 56) en zona excluida: Barra inferior completa
[2026-01-31 16:43:55] [DEBUG] ⛔ [DINO] Posición (701, 12) en zona excluida: Barra inferior completa
[2026-01-31 16:43:55] [DEBUG] ⛔ [DINO] Posición (709, 56) en zona excluida: Barra inferior completa
[2026-01-31 16:43:55] [DEBUG] ⛔ [DINO] Posición (721, 56) en zona excluida: Barra inferior completa
[2026-01-31 16:43:55] [DEBUG] ⛔ [DINO] Posición (745, 109) en zona excluida: Barra inferior completa
[2026-01-31 16:43:55] [DEBUG] ⛔ [DINO] Posición (746, 368) en zona excluida: Barra inferior completa
[2026-01-31 16:43:55] [DEBUG] ⛔ [DINO] Posición (749, 22) en zona excluida: Barra inferior completa
[2026-01-31 16:43:55] [DEBUG] ⛔ [DINO] Posición (754, 12) en zona excluida: Barra inferior completa
[2026-01-31 16:43:55] [DEBUG] ⛔ [DINO] Posición (761, 73) en zona excluida: Barra inferior completa
[2026-01-31 16:43:55] [INFO] 🦖 Disparando a 67 dinosaurios válidos...
[2026-01-31 16:43:57] [DEBUG] 🔍 Determinando estado del objeto...
[2026-01-31 16:43:57] [DEBUG]    📐 Área botón lanzar: (75, 223, 3)
[2026-01-31 16:43:57] [DEBUG]    📐 Área texto supply: (101, 362, 3)
[2026-01-31 16:43:57] [DEBUG]    📐 Área cooldown: (158, 223, 3)
[2026-01-31 16:43:58] [INFO] 📝 [OCR] Botón: ''
[2026-01-31 16:43:58] [INFO] 📝 [OCR] Texto: ''
[2026-01-31 16:43:58] [INFO] 📝 [OCR] Combinado: ' '
[2026-01-31 16:43:58] [WARNING] ❌ [ESTADO DETECTADO] NO IDENTIFICADO - OCR puede haber fallado
[2026-01-31 16:43:58] [WARNING]    💡 Considera activar debug visual para ver qué captura el OCR
[2026-01-31 16:44:01] [DEBUG] 🔍 Determinando estado del objeto...
[2026-01-31 16:44:01] [DEBUG]    📐 Área botón lanzar: (75, 223, 3)
[2026-01-31 16:44:01] [DEBUG]    📐 Área texto supply: (101, 362, 3)
[2026-01-31 16:44:01] [DEBUG]    📐 Área cooldown: (158, 223, 3)
[2026-01-31 16:44:02] [INFO] 📝 [OCR] Botón: 'ENTRAR'
[2026-01-31 16:44:02] [INFO] 📝 [OCR] Texto: 'SANTUARIO'
[2026-01-31 16:44:02] [INFO] 📝 [OCR] Combinado: 'ENTRAR SANTUARIO'
[2026-01-31 16:44:02] [DEBUG] ⏱️  [OCR] Cooldown: 'YMEJORESCRIATURAS:FETECANTUARIOESTAVAC'
[2026-01-31 16:44:02] [WARNING] ⛔ [EXCLUIDO] Santuario detectado
[2026-01-31 16:44:05] [DEBUG] 🔍 Determinando estado del objeto...
[2026-01-31 16:44:05] [DEBUG]    📐 Área botón lanzar: (75, 223, 3)
[2026-01-31 16:44:05] [DEBUG]    📐 Área texto supply: (101, 362, 3)
[2026-01-31 16:44:05] [DEBUG]    📐 Área cooldown: (158, 223, 3)
[2026-01-31 16:44:06] [INFO] 📝 [OCR] Botón: '(6A(7;"'
[2026-01-31 16:44:06] [INFO] 📝 [OCR] Texto: ''
[2026-01-31 16:44:06] [INFO] 📝 [OCR] Combinado: '(6A(7;" '
[2026-01-31 16:44:06] [DEBUG] ⏱️  [OCR] Cooldown: '7PYRRITATOR/8N'
[2026-01-31 16:44:06] [WARNING] ❌ [ESTADO DETECTADO] NO IDENTIFICADO - OCR puede haber fallado
[2026-01-31 16:44:06] [WARNING]    💡 Considera activar debug visual para ver qué captura el OCR
[2026-01-31 16:44:07] [INFO] ================================================================================
[2026-01-31 16:44:07] [INFO] ⛔ BOT DETENIDO POR USUARIO (Ctrl+C o 'q')
[2026-01-31 16:44:07] [INFO] ================================================================================
[2026-01-31 16:44:07] [INFO] 📊 RESUMEN DE RECURSOS COLECTADOS:
[2026-01-31 16:44:07] [INFO] --------------------------------------------------------------------------------
[2026-01-31 16:44:07] [INFO] 📦 SUMINISTROS: Ninguno
[2026-01-31 16:44:07] [INFO] 🦖 DINOSAURIOS: Ninguno
[2026-01-31 16:44:07] [INFO] ================================================================================
[2026-01-31 16:44:07] [INFO] ✅ Sesión finalizada. Log guardado en carpeta 'logs/'
[2026-01-31 16:44:07] [INFO] ================================================================================
